
          -------------------------------------------------------
          Amber 18 PMEMD                              2018
          -------------------------------------------------------

| PMEMD implementation of SANDER, Release 18

| Run on 09/12/2020 at 22:21:37

|   Executable path: /opt/software/Amber/18-foss-2018b-AmberTools-19/bin/pmemd.cuda
| Working directory: /mnt/gs18/scratch/users/songlin3/run/1264_optimization/PO4/step1_sol/0.11505
|          Hostname: lac-345

  [-O]verwriting output

File Assignments:
|   MDIN: heat.in                                                               
|  MDOUT: heat.out                                                              
| INPCRD: min.rst                                                               
|   PARM: step1.prmtop                                                          
| RESTRT: heat.rst                                                              
|   REFC: min.rst                                                               
|  MDVEL: mdvel                                                                 
|   MDEN: mden                                                                  
|  MDCRD: heat.netcdf                                                           
| MDINFO: heat.mdinfo                                                           
|  MDFRC: mdfrc                                                                 


 Here is the input file:

nvt for free MD                                                                
 &cntrl                                                                        
  imin=0,                                                                      
  irest=0,                                                                     
  ntx=1,                                                                       
  ig=-1,                                                                       
  nstlim=100000,                                                               
  dt=0.002,                                                                    
  cut=10.0,                                                                    
  ntc=2,                                                                       
  ntf=2,                                                                       
  ntb=1,                                                                       
  ntt=3,                                                                       
  gamma_ln=2.0,                                                                
  tempi=0.0,                                                                   
  temp0=300.0,                                                                 
  ntpr=5000,                                                                   
  ntwr=5000,                                                                   
  ntwx=10000,                                                                  
  ntwv=0,                                                                      
  ioutfm=1,                                                                    
  iwrap=0,                                                                     
  nmropt=1,                                                                    
  ifsc = 0, icfe=1,                                                            
  clambda=0.11505,                                                             
  timask1=':1',                                                                
  timask2=':2', crgmask = ':2',                                                
/                                                                              
&wt TYPE='TEMP0', istep1=0, istep2=90000, value1=0.0, value2=300.0 /           
&wt TYPE='TEMP0', istep1=90001, istep2=100000, value1=300.0, value2=300.0 /    
&wt TYPE='DUMPFREQ', istep1=10000, /                                           
&wt TYPE='END', /                                                              


Note: ig = -1. Setting random seed to   255126 based on wallclock time in 
      microseconds.
| irandom = 1, using AMBER's internal random number generator (default).
 
|--------------------- INFORMATION ----------------------
| GPU (CUDA) Version of PMEMD in use: NVIDIA GPU IN USE.
|                    Version 18.0.0
| 
|                      03/25/2018
| 
| Implementation by:
|                    Ross C. Walker     (SDSC)
|                    Scott Le Grand     (nVIDIA)
| 
| Version 18 performance extensions by:
|                    David Cerutti     (Rutgers)
| 
| Precision model in use:
|      [SPFP] - Single Precision Forces, 64-bit Fixed Point
|               Accumulation. (Default)
| 
|--------------------------------------------------------
 
|----------------- CITATION INFORMATION -----------------
|
|    When publishing work that utilized the CUDA version
|    of AMBER, please cite the following in addition to
|    the regular AMBER citations:
|
|  - Romelia Salomon-Ferrer; Andreas W. Goetz; Duncan
|    Poole; Scott Le Grand; Ross C. Walker "Routine
|    microsecond molecular dynamics simulations with
|    AMBER - Part II: Particle Mesh Ewald", J. Chem.
|    Theory Comput., 2013, 9 (9), pp3878-3888,
|    DOI: 10.1021/ct400314y.
|
|  - Andreas W. Goetz; Mark J. Williamson; Dong Xu;
|    Duncan Poole; Scott Le Grand; Ross C. Walker
|    "Routine microsecond molecular dynamics simulations
|    with AMBER - Part I: Generalized Born", J. Chem.
|    Theory Comput., 2012, 8 (5), pp1542-1555.
|
|  - Scott Le Grand; Andreas W. Goetz; Ross C. Walker
|    "SPFP: Speed without compromise - a mixed precision
|    model for GPU accelerated molecular dynamics
|    simulations.", Comp. Phys. Comm., 2013, 184
|    pp374-380, DOI: 10.1016/j.cpc.2012.09.022
|
|    When publishing work that utilized the CUDA version
|    of TI, BAR, MBAR or FEP please cite the following 
|    three publications in addition to the regular AMBER 
|    GPU citations:
|
|  - Daniel J. Mermelstein; Charles Lin; Gard Nelson; 
|    Rachael Kretsch; J. Andrew McCammon; Ross C. Walker
|    "Fast and Flexible GPU Accelerated Binding 
|    Free Energy Calculations within the AMBER Molecular
|    Dynamics Package" J. Comp. Chem., 2018,
|    DOI: 10.1002/jcc.25187
|
|  - Tai-Sung Lee; Yuan Hu; Brad Sherborne; Zhuyan Guo;
|    Darrin M. York
|    "Toward Fast and Accurate Binding Affinity Prediction with
|    pmemdGTI: An Efficient Implementation of GPU-Accelerated
|    Thermodynamic Integration"
|    J. Chem. Theory Comput., 2017, 13 (7), 3077
|
|
|--------------------------------------------------------
 
|------------------- GPU DEVICE INFO --------------------
|
|            CUDA_VISIBLE_DEVICES: 0
|   CUDA Capable Devices Detected:      1
|           CUDA Device ID in use:      0
|                CUDA Device Name: Tesla K80
|     CUDA Device Global Mem Size:  12206 MB
| CUDA Device Num Multiprocessors:     13
|           CUDA Device Core Freq:   0.82 GHz
|
|--------------------------------------------------------
 
 
| Conditional Compilation Defines Used:
| PUBFFT
| BINTRAJ
| CUDA
| EMIL

| Largest sphere to fit in unit cell has radius =    22.455

| New format PARM file being parsed.
| Version =    1.000 Date = 09/12/20 Time = 21:53:15

| Note: 1-4 EEL scale factors are being read from the topology file.

| Note: 1-4 VDW scale factors are being read from the topology file.
| Duplicated    0 dihedrals

| Duplicated    0 dihedrals

--------------------------------------------------------------------------------
   1.  RESOURCE   USE: 
--------------------------------------------------------------------------------

 getting box info from netcdf restart file
 NATOM  =   11419 NTYPES =       4 NBONH =   11409 MBONA  =       8
 NTHETH =       0 MTHETA =      12 NPHIH =       0 MPHIA  =       0
 NHPARM =       0 NPARM  =       0 NNB   =   15234 NRES   =    3805
 NBONA  =       8 NTHETA =      12 NPHIA =       0 NUMBND =       3
 NUMANG =       1 NPTRA  =       0 NATYP =       4 NPHB   =       1
 IFBOX  =       2 NMXRS  =       5 IFCAP =       0 NEXTRA =       0
 NCOPY  =       0

| Coordinate Index Table dimensions:     8    8    8
| Direct force subcell size =     6.8755    6.8755    6.8755

     BOX TYPE: TRUNCATED OCTAHEDRON

--------------------------------------------------------------------------------
   2.  CONTROL  DATA  FOR  THE  RUN
--------------------------------------------------------------------------------

default_name                                                                    

General flags:
     imin    =       0, nmropt  =       1

Nature and format of input:
     ntx     =       1, irest   =       0, ntrx    =       1

Nature and format of output:
     ntxo    =       2, ntpr    =    5000, ntrx    =       1, ntwr    =    5000
     iwrap   =       0, ntwx    =   10000, ntwv    =       0, ntwe    =       0
     ioutfm  =       1, ntwprt  =       0, idecomp =       0, rbornstat=      0

Potential function:
     ntf     =       2, ntb     =       1, igb     =       0, nsnb    =      25
     ipol    =       0, gbsa    =       0, iesp    =       0
     dielc   =   1.00000, cut     =  10.00000, intdiel =   1.00000

Frozen or restrained atoms:
     ibelly  =       0, ntr     =       0

Molecular dynamics:
     nstlim  =    100000, nscm    =      1000, nrespa  =         1
     t       =   0.00000, dt      =   0.00200, vlimit  =  -1.00000

Langevin dynamics temperature regulation:
     ig      =  255126
     temp0   = 300.00000, tempi   =   0.00000, gamma_ln=   2.00000

SHAKE:
     ntc     =       2, jfastw  =       0
     tol     =   0.00001

NMR refinement options:
     iscale  =       0, noeskp  =       1, ipnlty  =       1, mxsub   =       1
     scalm   = 100.00000, pencut  =   0.10000, tausw   =   0.10000

Free energy options:
     icfe    =       1, ifsc    =       0, klambda =       1
     clambda =  0.1150, scalpha =  0.5000, scbeta  = 12.0000
     sceeorder =       2
     dynlmb =  0.0000 logdvdl =       0

| Intermolecular bonds treatment:
|     no_intermolecular_bonds =       1

| Energy averages sample interval:
|     ene_avg_sampling =    5000

Ewald parameters:
     verbose =       0, ew_type =       0, nbflag  =       1, use_pme =       1
     vdwmeth =       1, eedmeth =       1, netfrc  =       1
     Box X =   55.004   Box Y =   55.004   Box Z =   55.004
     Alpha =  109.471   Beta  =  109.471   Gamma =  109.471
     NFFT1 =   56       NFFT2 =   56       NFFT3 =   56
     Cutoff=   10.000   Tol   =0.100E-04
     Ewald Coefficient =  0.27511
     Interpolation order =    4
     TI Mask 1 :1; matches      5 atoms
     TI Mask 2 :2; matches      5 atoms
     TI region 1:   11414 atoms
     TI region 2:   11414 atoms
Removing charge of       1.2430 from atom       6
Removing charge of      -1.0605 from atom       7
Removing charge of      -1.0605 from atom       8
Removing charge of      -1.0605 from atom       9
Removing charge of      -1.0605 from atom      10
Total charge of  -2.99900001 removed from       5 atoms
     Checking for mismatched coordinates.

--------------------------------------------------------------------------------
   3.  ATOMIC COORDINATES AND VELOCITIES
--------------------------------------------------------------------------------

default_name                                                                    
 begin time read from input coords =     0.000 ps



           Begin reading energy term weight changes/NMR restraints
 WEIGHT CHANGES:
 TEMP0         0  90000    0.000000  300.000000      0      0
 TEMP0     90001 100000  300.000000  300.000000      0      0
 DUMPFREQ  10000      0    0.000000    0.000000      0      0

 RESTRAINTS:
                          ** No restraint defined **

                  Done reading weight changes/NMR restraints


 
 Number of triangulated 3-point waters found:     3803

     Sum of charges for TI region  1 =  -2.99900001
     Assuming uniform neutralizing plasma


     Sum of charges for TI region  2 =   0.00000000
     Forcing neutrality...

| Dynamic Memory, Types Used:
| Reals              565971
| Integers           434073

| Nonbonded Pairs Initial Allocation:     3453962

| GPU memory information (estimate):
| KB of GPU memory in use:         0
| KB of CPU memory in use:         0

--------------------------------------------------------------------------------
   4.  RESULTS
--------------------------------------------------------------------------------


| TI region  1


 NSTEP =        0   TIME(PS) =       0.000  TEMP(K) =     0.00  PRESS =     0.0
 Etot   =    -34837.5481  EKtot   =         0.0000  EPtot      =    -34837.5481
 BOND   =         0.0449  ANGLE   =         6.4756  DIHED      =         0.0000
 1-4 NB =         0.0000  1-4 EEL =         0.0000  VDWAALS    =      2558.9905
 EELEC  =    -37403.0590  EHBOND  =         0.0000  RESTRAINT  =         0.0000
 DV/DL  =       259.3388
 ------------------------------------------------------------------------------


| TI region  2


 NSTEP =        0   TIME(PS) =       0.000  TEMP(K) =     0.00  PRESS =     0.0
 Etot   =    -34837.5481  EKtot   =         0.0000  EPtot      =    -34837.5481
 BOND   =         0.0449  ANGLE   =         6.4756  DIHED      =         0.0000
 1-4 NB =         0.0000  1-4 EEL =         0.0000  VDWAALS    =      2558.9905
 EELEC  =    -37403.0590  EHBOND  =         0.0000  RESTRAINT  =         0.0000
 DV/DL  =       259.3388
 ------------------------------------------------------------------------------

 NMR restraints: Bond =    0.000   Angle =     0.000   Torsion =     0.000
===============================================================================

| TI region  1


 NSTEP =     5000   TIME(PS) =      10.000  TEMP(K) =    15.83  PRESS =     0.0
 Etot   =    -45178.3483  EKtot   =       359.0539  EPtot      =    -45537.4022
 BOND   =         0.8213  ANGLE   =         6.5189  DIHED      =         0.0000
 1-4 NB =         0.0000  1-4 EEL =         0.0000  VDWAALS    =      8201.4590
 EELEC  =    -53746.2013  EHBOND  =         0.0000  RESTRAINT  =         0.0000
 DV/DL  =      1073.5665
 ------------------------------------------------------------------------------


| TI region  2


 NSTEP =     5000   TIME(PS) =      10.000  TEMP(K) =    15.83  PRESS =     0.0
 Etot   =    -45178.3483  EKtot   =       359.0539  EPtot      =    -45537.4022
 BOND   =         0.8213  ANGLE   =         6.5189  DIHED      =         0.0000
 1-4 NB =         0.0000  1-4 EEL =         0.0000  VDWAALS    =      8201.4590
 EELEC  =    -53746.2013  EHBOND  =         0.0000  RESTRAINT  =         0.0000
 DV/DL  =      1073.5665
 ------------------------------------------------------------------------------

 NMR restraints: Bond =    0.000   Angle =     0.000   Torsion =     0.000
===============================================================================

| TI region  1


 NSTEP =    10000   TIME(PS) =      20.000  TEMP(K) =    32.80  PRESS =     0.0
 Etot   =    -44540.4789  EKtot   =       744.0485  EPtot      =    -45284.5274
 BOND   =         1.0496  ANGLE   =         6.6532  DIHED      =         0.0000
 1-4 NB =         0.0000  1-4 EEL =         0.0000  VDWAALS    =      8242.6254
 EELEC  =    -53534.8557  EHBOND  =         0.0000  RESTRAINT  =         0.0000
 DV/DL  =      1052.2771
 ------------------------------------------------------------------------------


| TI region  2


 NSTEP =    10000   TIME(PS) =      20.000  TEMP(K) =    32.80  PRESS =     0.0
 Etot   =    -44540.4789  EKtot   =       744.0485  EPtot      =    -45284.5274
 BOND   =         1.0496  ANGLE   =         6.6532  DIHED      =         0.0000
 1-4 NB =         0.0000  1-4 EEL =         0.0000  VDWAALS    =      8242.6254
 EELEC  =    -53534.8557  EHBOND  =         0.0000  RESTRAINT  =         0.0000
 DV/DL  =      1052.2771
 ------------------------------------------------------------------------------

 NMR restraints: Bond =    0.000   Angle =     0.000   Torsion =     0.000
===============================================================================

| TI region  1


 NSTEP =    15000   TIME(PS) =      30.000  TEMP(K) =    49.02  PRESS =     0.0
 Etot   =    -43965.7705  EKtot   =      1112.0057  EPtot      =    -45077.7761
 BOND   =         1.0419  ANGLE   =         6.3900  DIHED      =         0.0000
 1-4 NB =         0.0000  1-4 EEL =         0.0000  VDWAALS    =      8299.6632
 EELEC  =    -53384.8712  EHBOND  =         0.0000  RESTRAINT  =         0.0000
 DV/DL  =      1061.2753
 ------------------------------------------------------------------------------


| TI region  2


 NSTEP =    15000   TIME(PS) =      30.000  TEMP(K) =    49.02  PRESS =     0.0
 Etot   =    -43965.7705  EKtot   =      1112.0057  EPtot      =    -45077.7761
 BOND   =         1.0419  ANGLE   =         6.3900  DIHED      =         0.0000
 1-4 NB =         0.0000  1-4 EEL =         0.0000  VDWAALS    =      8299.6632
 EELEC  =    -53384.8712  EHBOND  =         0.0000  RESTRAINT  =         0.0000
 DV/DL  =      1061.2753
 ------------------------------------------------------------------------------

 NMR restraints: Bond =    0.000   Angle =     0.000   Torsion =     0.000
===============================================================================

| TI region  1


 NSTEP =    20000   TIME(PS) =      40.000  TEMP(K) =    65.76  PRESS =     0.0
 Etot   =    -43369.3825  EKtot   =      1491.8145  EPtot      =    -44861.1970
 BOND   =         1.6055  ANGLE   =         6.5035  DIHED      =         0.0000
 1-4 NB =         0.0000  1-4 EEL =         0.0000  VDWAALS    =      8187.2208
 EELEC  =    -53056.5268  EHBOND  =         0.0000  RESTRAINT  =         0.0000
 DV/DL  =      1066.6938
 ------------------------------------------------------------------------------


| TI region  2


 NSTEP =    20000   TIME(PS) =      40.000  TEMP(K) =    65.76  PRESS =     0.0
 Etot   =    -43369.3825  EKtot   =      1491.8145  EPtot      =    -44861.1970
 BOND   =         1.6055  ANGLE   =         6.5035  DIHED      =         0.0000
 1-4 NB =         0.0000  1-4 EEL =         0.0000  VDWAALS    =      8187.2208
 EELEC  =    -53056.5268  EHBOND  =         0.0000  RESTRAINT  =         0.0000
 DV/DL  =      1066.6938
 ------------------------------------------------------------------------------

 NMR restraints: Bond =    0.000   Angle =     0.000   Torsion =     0.000
===============================================================================

| TI region  1


 NSTEP =    25000   TIME(PS) =      50.000  TEMP(K) =    84.71  PRESS =     0.0
 Etot   =    -42593.5420  EKtot   =      1921.9084  EPtot      =    -44515.4504
 BOND   =         1.7365  ANGLE   =         6.4333  DIHED      =         0.0000
 1-4 NB =         0.0000  1-4 EEL =         0.0000  VDWAALS    =      8147.2680
 EELEC  =    -52670.8882  EHBOND  =         0.0000  RESTRAINT  =         0.0000
 DV/DL  =      1065.5183
 ------------------------------------------------------------------------------


| TI region  2


 NSTEP =    25000   TIME(PS) =      50.000  TEMP(K) =    84.71  PRESS =     0.0
 Etot   =    -42593.5420  EKtot   =      1921.9084  EPtot      =    -44515.4504
 BOND   =         1.7365  ANGLE   =         6.4333  DIHED      =         0.0000
 1-4 NB =         0.0000  1-4 EEL =         0.0000  VDWAALS    =      8147.2680
 EELEC  =    -52670.8882  EHBOND  =         0.0000  RESTRAINT  =         0.0000
 DV/DL  =      1065.5183
 ------------------------------------------------------------------------------

 NMR restraints: Bond =    0.000   Angle =     0.000   Torsion =     0.000
===============================================================================

| TI region  1


 NSTEP =    30000   TIME(PS) =      60.000  TEMP(K) =    99.41  PRESS =     0.0
 Etot   =    -41982.0557  EKtot   =      2255.3272  EPtot      =    -44237.3829
 BOND   =         2.5401  ANGLE   =         6.9836  DIHED      =         0.0000
 1-4 NB =         0.0000  1-4 EEL =         0.0000  VDWAALS    =      8103.8568
 EELEC  =    -52350.7633  EHBOND  =         0.0000  RESTRAINT  =         0.0000
 DV/DL  =      1072.1181
 ------------------------------------------------------------------------------


| TI region  2


 NSTEP =    30000   TIME(PS) =      60.000  TEMP(K) =    99.41  PRESS =     0.0
 Etot   =    -41982.0557  EKtot   =      2255.3272  EPtot      =    -44237.3829
 BOND   =         2.5401  ANGLE   =         6.9836  DIHED      =         0.0000
 1-4 NB =         0.0000  1-4 EEL =         0.0000  VDWAALS    =      8103.8568
 EELEC  =    -52350.7633  EHBOND  =         0.0000  RESTRAINT  =         0.0000
 DV/DL  =      1072.1181
 ------------------------------------------------------------------------------

 NMR restraints: Bond =    0.000   Angle =     0.000   Torsion =     0.000
===============================================================================

| TI region  1


 NSTEP =    35000   TIME(PS) =      70.000  TEMP(K) =   116.25  PRESS =     0.0
 Etot   =    -41254.8073  EKtot   =      2637.3822  EPtot      =    -43892.1895
 BOND   =         2.0212  ANGLE   =         7.5136  DIHED      =         0.0000
 1-4 NB =         0.0000  1-4 EEL =         0.0000  VDWAALS    =      7940.2482
 EELEC  =    -51841.9725  EHBOND  =         0.0000  RESTRAINT  =         0.0000
 DV/DL  =      1105.5300
 ------------------------------------------------------------------------------


| TI region  2


 NSTEP =    35000   TIME(PS) =      70.000  TEMP(K) =   116.25  PRESS =     0.0
 Etot   =    -41254.8073  EKtot   =      2637.3822  EPtot      =    -43892.1895
 BOND   =         2.0212  ANGLE   =         7.5136  DIHED      =         0.0000
 1-4 NB =         0.0000  1-4 EEL =         0.0000  VDWAALS    =      7940.2482
 EELEC  =    -51841.9725  EHBOND  =         0.0000  RESTRAINT  =         0.0000
 DV/DL  =      1105.5300
 ------------------------------------------------------------------------------

 NMR restraints: Bond =    0.000   Angle =     0.000   Torsion =     0.000
===============================================================================

| TI region  1


 NSTEP =    40000   TIME(PS) =      80.000  TEMP(K) =   132.58  PRESS =     0.0
 Etot   =    -40570.0349  EKtot   =      3007.8743  EPtot      =    -43577.9092
 BOND   =         1.7664  ANGLE   =         6.9809  DIHED      =         0.0000
 1-4 NB =         0.0000  1-4 EEL =         0.0000  VDWAALS    =      7892.0529
 EELEC  =    -51478.7094  EHBOND  =         0.0000  RESTRAINT  =         0.0000
 DV/DL  =      1072.6263
 ------------------------------------------------------------------------------


| TI region  2


 NSTEP =    40000   TIME(PS) =      80.000  TEMP(K) =   132.58  PRESS =     0.0
 Etot   =    -40570.0349  EKtot   =      3007.8743  EPtot      =    -43577.9092
 BOND   =         1.7664  ANGLE   =         6.9809  DIHED      =         0.0000
 1-4 NB =         0.0000  1-4 EEL =         0.0000  VDWAALS    =      7892.0529
 EELEC  =    -51478.7094  EHBOND  =         0.0000  RESTRAINT  =         0.0000
 DV/DL  =      1072.6263
 ------------------------------------------------------------------------------

 NMR restraints: Bond =    0.000   Angle =     0.000   Torsion =     0.000
===============================================================================

| TI region  1


 NSTEP =    45000   TIME(PS) =      90.000  TEMP(K) =   148.97  PRESS =     0.0
 Etot   =    -39852.7038  EKtot   =      3379.5874  EPtot      =    -43232.2913
 BOND   =         1.4434  ANGLE   =         7.6650  DIHED      =         0.0000
 1-4 NB =         0.0000  1-4 EEL =         0.0000  VDWAALS    =      7876.6535
 EELEC  =    -51118.0531  EHBOND  =         0.0000  RESTRAINT  =         0.0000
 DV/DL  =      1112.8266
 ------------------------------------------------------------------------------


| TI region  2


 NSTEP =    45000   TIME(PS) =      90.000  TEMP(K) =   148.97  PRESS =     0.0
 Etot   =    -39852.7038  EKtot   =      3379.5874  EPtot      =    -43232.2913
 BOND   =         1.4434  ANGLE   =         7.6650  DIHED      =         0.0000
 1-4 NB =         0.0000  1-4 EEL =         0.0000  VDWAALS    =      7876.6535
 EELEC  =    -51118.0531  EHBOND  =         0.0000  RESTRAINT  =         0.0000
 DV/DL  =      1112.8266
 ------------------------------------------------------------------------------

 NMR restraints: Bond =    0.000   Angle =     0.000   Torsion =     0.000
===============================================================================

| TI region  1


 NSTEP =    50000   TIME(PS) =     100.000  TEMP(K) =   164.51  PRESS =     0.0
 Etot   =    -39161.8337  EKtot   =      3732.2515  EPtot      =    -42894.0852
 BOND   =         1.8171  ANGLE   =         8.0513  DIHED      =         0.0000
 1-4 NB =         0.0000  1-4 EEL =         0.0000  VDWAALS    =      7776.2841
 EELEC  =    -50680.2377  EHBOND  =         0.0000  RESTRAINT  =         0.0000
 DV/DL  =      1093.1918
 ------------------------------------------------------------------------------


| TI region  2


 NSTEP =    50000   TIME(PS) =     100.000  TEMP(K) =   164.51  PRESS =     0.0
 Etot   =    -39161.8337  EKtot   =      3732.2515  EPtot      =    -42894.0852
 BOND   =         1.8171  ANGLE   =         8.0513  DIHED      =         0.0000
 1-4 NB =         0.0000  1-4 EEL =         0.0000  VDWAALS    =      7776.2841
 EELEC  =    -50680.2377  EHBOND  =         0.0000  RESTRAINT  =         0.0000
 DV/DL  =      1093.1918
 ------------------------------------------------------------------------------

 NMR restraints: Bond =    0.000   Angle =     0.000   Torsion =     0.000
===============================================================================

| TI region  1


 NSTEP =    55000   TIME(PS) =     110.000  TEMP(K) =   182.44  PRESS =     0.0
 Etot   =    -38228.1198  EKtot   =      4139.0757  EPtot      =    -42367.1954
 BOND   =         5.3341  ANGLE   =         7.0838  DIHED      =         0.0000
 1-4 NB =         0.0000  1-4 EEL =         0.0000  VDWAALS    =      7520.0983
 EELEC  =    -49899.7117  EHBOND  =         0.0000  RESTRAINT  =         0.0000
 DV/DL  =      1068.1814
 ------------------------------------------------------------------------------


| TI region  2


 NSTEP =    55000   TIME(PS) =     110.000  TEMP(K) =   182.44  PRESS =     0.0
 Etot   =    -38228.1198  EKtot   =      4139.0757  EPtot      =    -42367.1954
 BOND   =         5.3341  ANGLE   =         7.0838  DIHED      =         0.0000
 1-4 NB =         0.0000  1-4 EEL =         0.0000  VDWAALS    =      7520.0983
 EELEC  =    -49899.7117  EHBOND  =         0.0000  RESTRAINT  =         0.0000
 DV/DL  =      1068.1814
 ------------------------------------------------------------------------------

 NMR restraints: Bond =    0.000   Angle =     0.000   Torsion =     0.000
===============================================================================

| TI region  1


 NSTEP =    60000   TIME(PS) =     120.000  TEMP(K) =   194.55  PRESS =     0.0
 Etot   =    -37439.6745  EKtot   =      4413.7453  EPtot      =    -41853.4198
 BOND   =         2.5029  ANGLE   =         6.4932  DIHED      =         0.0000
 1-4 NB =         0.0000  1-4 EEL =         0.0000  VDWAALS    =      7164.7150
 EELEC  =    -49027.1309  EHBOND  =         0.0000  RESTRAINT  =         0.0000
 DV/DL  =      1118.8450
 ------------------------------------------------------------------------------


| TI region  2


 NSTEP =    60000   TIME(PS) =     120.000  TEMP(K) =   194.55  PRESS =     0.0
 Etot   =    -37439.6745  EKtot   =      4413.7453  EPtot      =    -41853.4198
 BOND   =         2.5029  ANGLE   =         6.4932  DIHED      =         0.0000
 1-4 NB =         0.0000  1-4 EEL =         0.0000  VDWAALS    =      7164.7150
 EELEC  =    -49027.1309  EHBOND  =         0.0000  RESTRAINT  =         0.0000
 DV/DL  =      1118.8450
 ------------------------------------------------------------------------------

 NMR restraints: Bond =    0.000   Angle =     0.000   Torsion =     0.000
===============================================================================

| TI region  1


 NSTEP =    65000   TIME(PS) =     130.000  TEMP(K) =   214.32  PRESS =     0.0
 Etot   =    -36225.9003  EKtot   =      4862.3089  EPtot      =    -41088.2092
 BOND   =         4.2296  ANGLE   =         7.2286  DIHED      =         0.0000
 1-4 NB =         0.0000  1-4 EEL =         0.0000  VDWAALS    =      6947.7902
 EELEC  =    -48047.4577  EHBOND  =         0.0000  RESTRAINT  =         0.0000
 DV/DL  =      1095.4156
 ------------------------------------------------------------------------------


| TI region  2


 NSTEP =    65000   TIME(PS) =     130.000  TEMP(K) =   214.32  PRESS =     0.0
 Etot   =    -36225.9003  EKtot   =      4862.3089  EPtot      =    -41088.2092
 BOND   =         4.2296  ANGLE   =         7.2286  DIHED      =         0.0000
 1-4 NB =         0.0000  1-4 EEL =         0.0000  VDWAALS    =      6947.7902
 EELEC  =    -48047.4577  EHBOND  =         0.0000  RESTRAINT  =         0.0000
 DV/DL  =      1095.4156
 ------------------------------------------------------------------------------

 NMR restraints: Bond =    0.000   Angle =     0.000   Torsion =     0.000
===============================================================================

| TI region  1


 NSTEP =    70000   TIME(PS) =     140.000  TEMP(K) =   230.28  PRESS =     0.0
 Etot   =    -34642.5867  EKtot   =      5224.4156  EPtot      =    -39867.0023
 BOND   =         1.8378  ANGLE   =         7.6324  DIHED      =         0.0000
 1-4 NB =         0.0000  1-4 EEL =         0.0000  VDWAALS    =      6549.9167
 EELEC  =    -46426.3892  EHBOND  =         0.0000  RESTRAINT  =         0.0000
 DV/DL  =      1062.8299
 ------------------------------------------------------------------------------


| TI region  2


 NSTEP =    70000   TIME(PS) =     140.000  TEMP(K) =   230.28  PRESS =     0.0
 Etot   =    -34642.5867  EKtot   =      5224.4156  EPtot      =    -39867.0023
 BOND   =         1.8378  ANGLE   =         7.6324  DIHED      =         0.0000
 1-4 NB =         0.0000  1-4 EEL =         0.0000  VDWAALS    =      6549.9167
 EELEC  =    -46426.3892  EHBOND  =         0.0000  RESTRAINT  =         0.0000
 DV/DL  =      1062.8299
 ------------------------------------------------------------------------------

 NMR restraints: Bond =    0.000   Angle =     0.000   Torsion =     0.000
===============================================================================

| TI region  1


 NSTEP =    75000   TIME(PS) =     150.000  TEMP(K) =   248.49  PRESS =     0.0
 Etot   =    -33192.4226  EKtot   =      5637.4482  EPtot      =    -38829.8708
 BOND   =         1.0621  ANGLE   =         7.4864  DIHED      =         0.0000
 1-4 NB =         0.0000  1-4 EEL =         0.0000  VDWAALS    =      6160.4604
 EELEC  =    -44998.8797  EHBOND  =         0.0000  RESTRAINT  =         0.0000
 DV/DL  =      1048.7850
 ------------------------------------------------------------------------------


| TI region  2


 NSTEP =    75000   TIME(PS) =     150.000  TEMP(K) =   248.49  PRESS =     0.0
 Etot   =    -33192.4226  EKtot   =      5637.4482  EPtot      =    -38829.8708
 BOND   =         1.0621  ANGLE   =         7.4864  DIHED      =         0.0000
 1-4 NB =         0.0000  1-4 EEL =         0.0000  VDWAALS    =      6160.4604
 EELEC  =    -44998.8797  EHBOND  =         0.0000  RESTRAINT  =         0.0000
 DV/DL  =      1048.7850
 ------------------------------------------------------------------------------

 NMR restraints: Bond =    0.000   Angle =     0.000   Torsion =     0.000
===============================================================================

| TI region  1


 NSTEP =    80000   TIME(PS) =     160.000  TEMP(K) =   264.67  PRESS =     0.0
 Etot   =    -31987.2505  EKtot   =      6004.4709  EPtot      =    -37991.7214
 BOND   =         5.1709  ANGLE   =         6.5646  DIHED      =         0.0000
 1-4 NB =         0.0000  1-4 EEL =         0.0000  VDWAALS    =      5849.9919
 EELEC  =    -43853.4488  EHBOND  =         0.0000  RESTRAINT  =         0.0000
 DV/DL  =      1098.6998
 ------------------------------------------------------------------------------


| TI region  2


 NSTEP =    80000   TIME(PS) =     160.000  TEMP(K) =   264.67  PRESS =     0.0
 Etot   =    -31987.2505  EKtot   =      6004.4709  EPtot      =    -37991.7214
 BOND   =         5.1709  ANGLE   =         6.5646  DIHED      =         0.0000
 1-4 NB =         0.0000  1-4 EEL =         0.0000  VDWAALS    =      5849.9919
 EELEC  =    -43853.4488  EHBOND  =         0.0000  RESTRAINT  =         0.0000
 DV/DL  =      1098.6998
 ------------------------------------------------------------------------------

 NMR restraints: Bond =    0.000   Angle =     0.000   Torsion =     0.000
===============================================================================

| TI region  1


 NSTEP =    85000   TIME(PS) =     170.000  TEMP(K) =   283.79  PRESS =     0.0
 Etot   =    -30480.6594  EKtot   =      6438.3192  EPtot      =    -36918.9786
 BOND   =         1.2914  ANGLE   =         7.9078  DIHED      =         0.0000
 1-4 NB =         0.0000  1-4 EEL =         0.0000  VDWAALS    =      5485.2336
 EELEC  =    -42413.4114  EHBOND  =         0.0000  RESTRAINT  =         0.0000
 DV/DL  =      1054.6922
 ------------------------------------------------------------------------------


| TI region  2


 NSTEP =    85000   TIME(PS) =     170.000  TEMP(K) =   283.79  PRESS =     0.0
 Etot   =    -30480.6594  EKtot   =      6438.3192  EPtot      =    -36918.9786
 BOND   =         1.2914  ANGLE   =         7.9078  DIHED      =         0.0000
 1-4 NB =         0.0000  1-4 EEL =         0.0000  VDWAALS    =      5485.2336
 EELEC  =    -42413.4114  EHBOND  =         0.0000  RESTRAINT  =         0.0000
 DV/DL  =      1054.6922
 ------------------------------------------------------------------------------

 NMR restraints: Bond =    0.000   Angle =     0.000   Torsion =     0.000
===============================================================================

| TI region  1


 NSTEP =    90000   TIME(PS) =     180.000  TEMP(K) =   298.84  PRESS =     0.0
 Etot   =    -29310.4424  EKtot   =      6779.7471  EPtot      =    -36090.1895
 BOND   =         0.9496  ANGLE   =         6.8473  DIHED      =         0.0000
 1-4 NB =         0.0000  1-4 EEL =         0.0000  VDWAALS    =      5302.6514
 EELEC  =    -41400.6379  EHBOND  =         0.0000  RESTRAINT  =         0.0000
 DV/DL  =      1047.6949
 ------------------------------------------------------------------------------


| TI region  2


 NSTEP =    90000   TIME(PS) =     180.000  TEMP(K) =   298.84  PRESS =     0.0
 Etot   =    -29310.4424  EKtot   =      6779.7471  EPtot      =    -36090.1895
 BOND   =         0.9496  ANGLE   =         6.8473  DIHED      =         0.0000
 1-4 NB =         0.0000  1-4 EEL =         0.0000  VDWAALS    =      5302.6514
 EELEC  =    -41400.6379  EHBOND  =         0.0000  RESTRAINT  =         0.0000
 DV/DL  =      1047.6949
 ------------------------------------------------------------------------------

 NMR restraints: Bond =    0.000   Angle =     0.000   Torsion =     0.000
===============================================================================

| TI region  1


 NSTEP =    95000   TIME(PS) =     190.000  TEMP(K) =   296.44  PRESS =     0.0
 Etot   =    -29462.0853  EKtot   =      6725.2345  EPtot      =    -36187.3198
 BOND   =         0.5342  ANGLE   =         6.7251  DIHED      =         0.0000
 1-4 NB =         0.0000  1-4 EEL =         0.0000  VDWAALS    =      5346.9383
 EELEC  =    -41541.5174  EHBOND  =         0.0000  RESTRAINT  =         0.0000
 DV/DL  =      1055.8019
 ------------------------------------------------------------------------------


| TI region  2


 NSTEP =    95000   TIME(PS) =     190.000  TEMP(K) =   296.44  PRESS =     0.0
 Etot   =    -29462.0853  EKtot   =      6725.2345  EPtot      =    -36187.3198
 BOND   =         0.5342  ANGLE   =         6.7251  DIHED      =         0.0000
 1-4 NB =         0.0000  1-4 EEL =         0.0000  VDWAALS    =      5346.9383
 EELEC  =    -41541.5174  EHBOND  =         0.0000  RESTRAINT  =         0.0000
 DV/DL  =      1055.8019
 ------------------------------------------------------------------------------

 NMR restraints: Bond =    0.000   Angle =     0.000   Torsion =     0.000
===============================================================================

| TI region  1


 NSTEP =   100000   TIME(PS) =     200.000  TEMP(K) =   299.05  PRESS =     0.0
 Etot   =    -29387.5920  EKtot   =      6784.5260  EPtot      =    -36172.1180
 BOND   =         1.5709  ANGLE   =         7.6219  DIHED      =         0.0000
 1-4 NB =         0.0000  1-4 EEL =         0.0000  VDWAALS    =      5030.8891
 EELEC  =    -41212.1999  EHBOND  =         0.0000  RESTRAINT  =         0.0000
 DV/DL  =      1060.6128
 ------------------------------------------------------------------------------


| TI region  2


 NSTEP =   100000   TIME(PS) =     200.000  TEMP(K) =   299.05  PRESS =     0.0
 Etot   =    -29387.5920  EKtot   =      6784.5260  EPtot      =    -36172.1180
 BOND   =         1.5709  ANGLE   =         7.6219  DIHED      =         0.0000
 1-4 NB =         0.0000  1-4 EEL =         0.0000  VDWAALS    =      5030.8891
 EELEC  =    -41212.1999  EHBOND  =         0.0000  RESTRAINT  =         0.0000
 DV/DL  =      1060.6128
 ------------------------------------------------------------------------------

 NMR restraints: Bond =    0.000   Angle =     0.000   Torsion =     0.000
===============================================================================

| TI region  1


      A V E R A G E S   O V E R      20 S T E P S


 NSTEP =   100000   TIME(PS) =     200.000  TEMP(K) =   171.14  PRESS =     0.0
 Etot   =    -37641.2846  EKtot   =      3882.5273  EPtot      =    -41523.8118
 BOND   =         2.0163  ANGLE   =         7.0642  DIHED      =         0.0000
 1-4 NB =         0.0000  1-4 EEL =         0.0000  VDWAALS    =      7101.3008
 EELEC  =    -48634.1932  EHBOND  =         0.0000  RESTRAINT  =         0.0000
 DV/DL  =      1074.3591
 ------------------------------------------------------------------------------

 NMR restraints: Bond =    0.000   Angle =     0.000   Torsion =     0.000
===============================================================================

      R M S  F L U C T U A T I O N S


 NSTEP =   100000   TIME(PS) =     200.000  TEMP(K) =    91.86  PRESS =     0.0
 Etot   =      5330.3958  EKtot   =      2083.9689  EPtot      =      3288.5737
 BOND   =         1.3296  ANGLE   =         0.5231  DIHED      =         0.0000
 1-4 NB =         0.0000  1-4 EEL =         0.0000  VDWAALS    =      1135.3962
 EELEC  =      4419.1627  EHBOND  =         0.0000  RESTRAINT  =         0.0000
 DV/DL  =        21.3090
 ------------------------------------------------------------------------------


| TI region  2


      A V E R A G E S   O V E R      20 S T E P S


 NSTEP =   100000   TIME(PS) =     200.000  TEMP(K) =   171.14  PRESS =     0.0
 Etot   =    -37641.2846  EKtot   =      3882.5273  EPtot      =    -41523.8118
 BOND   =         2.0163  ANGLE   =         7.0642  DIHED      =         0.0000
 1-4 NB =         0.0000  1-4 EEL =         0.0000  VDWAALS    =      7101.3008
 EELEC  =    -48634.1932  EHBOND  =         0.0000  RESTRAINT  =         0.0000
 DV/DL  =      1074.3591
 ------------------------------------------------------------------------------

 NMR restraints: Bond =    0.000   Angle =     0.000   Torsion =     0.000
===============================================================================

      R M S  F L U C T U A T I O N S


 NSTEP =   100000   TIME(PS) =     200.000  TEMP(K) =    91.86  PRESS =     0.0
 Etot   =      5330.3958  EKtot   =      2083.9689  EPtot      =      3288.5737
 BOND   =         1.3296  ANGLE   =         0.5231  DIHED      =         0.0000
 1-4 NB =         0.0000  1-4 EEL =         0.0000  VDWAALS    =      1135.3962
 EELEC  =      4419.1627  EHBOND  =         0.0000  RESTRAINT  =         0.0000
 DV/DL  =        21.3090
 ------------------------------------------------------------------------------


      DV/DL, AVERAGES OVER      20 STEPS


 NSTEP =   100000   TIME(PS) =     200.000  TEMP(K) =    91.86  PRESS =     0.0
 Etot   =         0.0000  EKtot   =         0.0000  EPtot      =      1074.3591
 BOND   =         0.0000  ANGLE   =         0.0000  DIHED      =         0.0000
 1-4 NB =         0.0000  1-4 EEL =         0.0000  VDWAALS    =         0.0000
 EELEC  =      1074.3591  EHBOND  =         0.0000  RESTRAINT  =         0.0000
 DV/DL  =      1074.3591
 ------------------------------------------------------------------------------


 NMR restraints on final step:

--------------------------------------------------------------------------------
   5.  TIMINGS
--------------------------------------------------------------------------------

|  NonSetup CPU Time in Major Routines:
|
|     Routine           Sec        %
|     ------------------------------
|     Nonbond          47.29   32.97
|     Bond              0.00    0.00
|     Angle             0.00    0.00
|     Dihedral          0.00    0.00
|     Shake             0.68    0.48
|     RunMD            95.08   66.30
|     Other             0.36    0.25
|     ------------------------------
|     Total           143.41

|  PME Nonbond Pairlist CPU Time:
|
|     Routine              Sec        %
|     ---------------------------------
|     Set Up Cit           0.00    0.00
|     Build List           0.00    0.00
|     ---------------------------------
|     Total                0.00    0.00

|  PME Direct Force CPU Time:
|
|     Routine              Sec        %
|     ---------------------------------
|     NonBonded Calc       0.00    0.00
|     Exclude Masked       0.00    0.00
|     Other                0.25    0.17
|     ---------------------------------
|     Total                0.25    0.17

|  PME Reciprocal Force CPU Time:
|
|     Routine              Sec        %
|     ---------------------------------
|     1D bspline           0.00    0.00
|     Grid Charges         0.00    0.00
|     Scalar Sum           0.00    0.00
|     Gradient Sum         0.00    0.00
|     FFT                  0.00    0.00
|     ---------------------------------
|     Total                0.00    0.00

|  Final Performance Info:
|     -----------------------------------------------------
|     Average timings for last   10000 steps:
|     Elapsed(s) =      14.77 Per Step(ms) =       1.48
|         ns/day =     116.97   seconds/ns =     738.64
|
|     Average timings for all steps:
|     Elapsed(s) =     143.44 Per Step(ms) =       1.43
|         ns/day =     120.47   seconds/ns =     717.19
|     -----------------------------------------------------

|  Setup CPU time:            0.43 seconds
|  NonSetup CPU time:       143.41 seconds
|  Total CPU time:          143.84 seconds     0.04 hours

|  Setup wall time:           1    seconds
|  NonSetup wall time:      143    seconds
|  Total wall time:         144    seconds     0.04 hours
