
          -------------------------------------------------------
          Amber 18 PMEMD                              2018
          -------------------------------------------------------

| PMEMD implementation of SANDER, Release 18

| Run on 09/12/2020 at 22:25:07

|   Executable path: /opt/software/Amber/18-foss-2018b-AmberTools-19/bin/pmemd.cuda
| Working directory: /mnt/gs18/scratch/users/songlin3/run/1264_optimization/PO4/step1_sol/0.31608
|          Hostname: lac-193

  [-O]verwriting output

File Assignments:
|   MDIN: heat.in                                                               
|  MDOUT: heat.out                                                              
| INPCRD: min.rst                                                               
|   PARM: step1.prmtop                                                          
| RESTRT: heat.rst                                                              
|   REFC: min.rst                                                               
|  MDVEL: mdvel                                                                 
|   MDEN: mden                                                                  
|  MDCRD: heat.netcdf                                                           
| MDINFO: heat.mdinfo                                                           
|  MDFRC: mdfrc                                                                 


 Here is the input file:

nvt for free MD                                                                
 &cntrl                                                                        
  imin=0,                                                                      
  irest=0,                                                                     
  ntx=1,                                                                       
  ig=-1,                                                                       
  nstlim=100000,                                                               
  dt=0.002,                                                                    
  cut=10.0,                                                                    
  ntc=2,                                                                       
  ntf=2,                                                                       
  ntb=1,                                                                       
  ntt=3,                                                                       
  gamma_ln=2.0,                                                                
  tempi=0.0,                                                                   
  temp0=300.0,                                                                 
  ntpr=5000,                                                                   
  ntwr=5000,                                                                   
  ntwx=10000,                                                                  
  ntwv=0,                                                                      
  ioutfm=1,                                                                    
  iwrap=0,                                                                     
  nmropt=1,                                                                    
  ifsc = 0, icfe=1,                                                            
  clambda=0.31608,                                                             
  timask1=':1',                                                                
  timask2=':2', crgmask = ':2',                                                
/                                                                              
&wt TYPE='TEMP0', istep1=0, istep2=90000, value1=0.0, value2=300.0 /           
&wt TYPE='TEMP0', istep1=90001, istep2=100000, value1=300.0, value2=300.0 /    
&wt TYPE='DUMPFREQ', istep1=10000, /                                           
&wt TYPE='END', /                                                              


Note: ig = -1. Setting random seed to   317392 based on wallclock time in 
      microseconds.
| irandom = 1, using AMBER's internal random number generator (default).
 
|--------------------- INFORMATION ----------------------
| GPU (CUDA) Version of PMEMD in use: NVIDIA GPU IN USE.
|                    Version 18.0.0
| 
|                      03/25/2018
| 
| Implementation by:
|                    Ross C. Walker     (SDSC)
|                    Scott Le Grand     (nVIDIA)
| 
| Version 18 performance extensions by:
|                    David Cerutti     (Rutgers)
| 
| Precision model in use:
|      [SPFP] - Single Precision Forces, 64-bit Fixed Point
|               Accumulation. (Default)
| 
|--------------------------------------------------------
 
|----------------- CITATION INFORMATION -----------------
|
|    When publishing work that utilized the CUDA version
|    of AMBER, please cite the following in addition to
|    the regular AMBER citations:
|
|  - Romelia Salomon-Ferrer; Andreas W. Goetz; Duncan
|    Poole; Scott Le Grand; Ross C. Walker "Routine
|    microsecond molecular dynamics simulations with
|    AMBER - Part II: Particle Mesh Ewald", J. Chem.
|    Theory Comput., 2013, 9 (9), pp3878-3888,
|    DOI: 10.1021/ct400314y.
|
|  - Andreas W. Goetz; Mark J. Williamson; Dong Xu;
|    Duncan Poole; Scott Le Grand; Ross C. Walker
|    "Routine microsecond molecular dynamics simulations
|    with AMBER - Part I: Generalized Born", J. Chem.
|    Theory Comput., 2012, 8 (5), pp1542-1555.
|
|  - Scott Le Grand; Andreas W. Goetz; Ross C. Walker
|    "SPFP: Speed without compromise - a mixed precision
|    model for GPU accelerated molecular dynamics
|    simulations.", Comp. Phys. Comm., 2013, 184
|    pp374-380, DOI: 10.1016/j.cpc.2012.09.022
|
|    When publishing work that utilized the CUDA version
|    of TI, BAR, MBAR or FEP please cite the following 
|    three publications in addition to the regular AMBER 
|    GPU citations:
|
|  - Daniel J. Mermelstein; Charles Lin; Gard Nelson; 
|    Rachael Kretsch; J. Andrew McCammon; Ross C. Walker
|    "Fast and Flexible GPU Accelerated Binding 
|    Free Energy Calculations within the AMBER Molecular
|    Dynamics Package" J. Comp. Chem., 2018,
|    DOI: 10.1002/jcc.25187
|
|  - Tai-Sung Lee; Yuan Hu; Brad Sherborne; Zhuyan Guo;
|    Darrin M. York
|    "Toward Fast and Accurate Binding Affinity Prediction with
|    pmemdGTI: An Efficient Implementation of GPU-Accelerated
|    Thermodynamic Integration"
|    J. Chem. Theory Comput., 2017, 13 (7), 3077
|
|
|--------------------------------------------------------
 
|------------------- GPU DEVICE INFO --------------------
|
|            CUDA_VISIBLE_DEVICES: 0
|   CUDA Capable Devices Detected:      1
|           CUDA Device ID in use:      0
|                CUDA Device Name: Tesla K80
|     CUDA Device Global Mem Size:  11441 MB
| CUDA Device Num Multiprocessors:     13
|           CUDA Device Core Freq:   0.82 GHz
|
|--------------------------------------------------------
 
 
| Conditional Compilation Defines Used:
| PUBFFT
| BINTRAJ
| CUDA
| EMIL

| Largest sphere to fit in unit cell has radius =    22.455

| New format PARM file being parsed.
| Version =    1.000 Date = 09/12/20 Time = 21:53:15

| Note: 1-4 EEL scale factors are being read from the topology file.

| Note: 1-4 VDW scale factors are being read from the topology file.
| Duplicated    0 dihedrals

| Duplicated    0 dihedrals

--------------------------------------------------------------------------------
   1.  RESOURCE   USE: 
--------------------------------------------------------------------------------

 getting box info from netcdf restart file
 NATOM  =   11419 NTYPES =       4 NBONH =   11409 MBONA  =       8
 NTHETH =       0 MTHETA =      12 NPHIH =       0 MPHIA  =       0
 NHPARM =       0 NPARM  =       0 NNB   =   15234 NRES   =    3805
 NBONA  =       8 NTHETA =      12 NPHIA =       0 NUMBND =       3
 NUMANG =       1 NPTRA  =       0 NATYP =       4 NPHB   =       1
 IFBOX  =       2 NMXRS  =       5 IFCAP =       0 NEXTRA =       0
 NCOPY  =       0

| Coordinate Index Table dimensions:     8    8    8
| Direct force subcell size =     6.8755    6.8755    6.8755

     BOX TYPE: TRUNCATED OCTAHEDRON

--------------------------------------------------------------------------------
   2.  CONTROL  DATA  FOR  THE  RUN
--------------------------------------------------------------------------------

default_name                                                                    

General flags:
     imin    =       0, nmropt  =       1

Nature and format of input:
     ntx     =       1, irest   =       0, ntrx    =       1

Nature and format of output:
     ntxo    =       2, ntpr    =    5000, ntrx    =       1, ntwr    =    5000
     iwrap   =       0, ntwx    =   10000, ntwv    =       0, ntwe    =       0
     ioutfm  =       1, ntwprt  =       0, idecomp =       0, rbornstat=      0

Potential function:
     ntf     =       2, ntb     =       1, igb     =       0, nsnb    =      25
     ipol    =       0, gbsa    =       0, iesp    =       0
     dielc   =   1.00000, cut     =  10.00000, intdiel =   1.00000

Frozen or restrained atoms:
     ibelly  =       0, ntr     =       0

Molecular dynamics:
     nstlim  =    100000, nscm    =      1000, nrespa  =         1
     t       =   0.00000, dt      =   0.00200, vlimit  =  -1.00000

Langevin dynamics temperature regulation:
     ig      =  317392
     temp0   = 300.00000, tempi   =   0.00000, gamma_ln=   2.00000

SHAKE:
     ntc     =       2, jfastw  =       0
     tol     =   0.00001

NMR refinement options:
     iscale  =       0, noeskp  =       1, ipnlty  =       1, mxsub   =       1
     scalm   = 100.00000, pencut  =   0.10000, tausw   =   0.10000

Free energy options:
     icfe    =       1, ifsc    =       0, klambda =       1
     clambda =  0.3161, scalpha =  0.5000, scbeta  = 12.0000
     sceeorder =       2
     dynlmb =  0.0000 logdvdl =       0

| Intermolecular bonds treatment:
|     no_intermolecular_bonds =       1

| Energy averages sample interval:
|     ene_avg_sampling =    5000

Ewald parameters:
     verbose =       0, ew_type =       0, nbflag  =       1, use_pme =       1
     vdwmeth =       1, eedmeth =       1, netfrc  =       1
     Box X =   55.004   Box Y =   55.004   Box Z =   55.004
     Alpha =  109.471   Beta  =  109.471   Gamma =  109.471
     NFFT1 =   56       NFFT2 =   56       NFFT3 =   56
     Cutoff=   10.000   Tol   =0.100E-04
     Ewald Coefficient =  0.27511
     Interpolation order =    4
     TI Mask 1 :1; matches      5 atoms
     TI Mask 2 :2; matches      5 atoms
     TI region 1:   11414 atoms
     TI region 2:   11414 atoms
Removing charge of       1.2430 from atom       6
Removing charge of      -1.0605 from atom       7
Removing charge of      -1.0605 from atom       8
Removing charge of      -1.0605 from atom       9
Removing charge of      -1.0605 from atom      10
Total charge of  -2.99900001 removed from       5 atoms
     Checking for mismatched coordinates.

--------------------------------------------------------------------------------
   3.  ATOMIC COORDINATES AND VELOCITIES
--------------------------------------------------------------------------------

default_name                                                                    
 begin time read from input coords =     0.000 ps



           Begin reading energy term weight changes/NMR restraints
 WEIGHT CHANGES:
 TEMP0         0  90000    0.000000  300.000000      0      0
 TEMP0     90001 100000  300.000000  300.000000      0      0
 DUMPFREQ  10000      0    0.000000    0.000000      0      0

 RESTRAINTS:
                          ** No restraint defined **

                  Done reading weight changes/NMR restraints


 
 Number of triangulated 3-point waters found:     3803

     Sum of charges for TI region  1 =  -2.99900001
     Assuming uniform neutralizing plasma


     Sum of charges for TI region  2 =   0.00000000
     Forcing neutrality...

| Dynamic Memory, Types Used:
| Reals              565971
| Integers           434073

| Nonbonded Pairs Initial Allocation:     3453962

| GPU memory information (estimate):
| KB of GPU memory in use:         0
| KB of CPU memory in use:         0

--------------------------------------------------------------------------------
   4.  RESULTS
--------------------------------------------------------------------------------


| TI region  1


 NSTEP =        0   TIME(PS) =       0.000  TEMP(K) =     0.00  PRESS =     0.0
 Etot   =    -34779.1623  EKtot   =         0.0000  EPtot      =    -34779.1623
 BOND   =         0.0285  ANGLE   =         6.4001  DIHED      =         0.0000
 1-4 NB =         0.0000  1-4 EEL =         0.0000  VDWAALS    =      2553.6152
 EELEC  =    -37339.2061  EHBOND  =         0.0000  RESTRAINT  =         0.0000
 DV/DL  =       221.6894
 ------------------------------------------------------------------------------


| TI region  2


 NSTEP =        0   TIME(PS) =       0.000  TEMP(K) =     0.00  PRESS =     0.0
 Etot   =    -34779.1623  EKtot   =         0.0000  EPtot      =    -34779.1623
 BOND   =         0.0285  ANGLE   =         6.4001  DIHED      =         0.0000
 1-4 NB =         0.0000  1-4 EEL =         0.0000  VDWAALS    =      2553.6152
 EELEC  =    -37339.2061  EHBOND  =         0.0000  RESTRAINT  =         0.0000
 DV/DL  =       221.6894
 ------------------------------------------------------------------------------

 NMR restraints: Bond =    0.000   Angle =     0.000   Torsion =     0.000
===============================================================================

| TI region  1


 NSTEP =     5000   TIME(PS) =      10.000  TEMP(K) =    16.12  PRESS =     0.0
 Etot   =    -44968.5068  EKtot   =       365.6864  EPtot      =    -45334.1932
 BOND   =         0.3972  ANGLE   =         6.4281  DIHED      =         0.0000
 1-4 NB =         0.0000  1-4 EEL =         0.0000  VDWAALS    =      8172.2680
 EELEC  =    -53513.2865  EHBOND  =         0.0000  RESTRAINT  =         0.0000
 DV/DL  =       810.8163
 ------------------------------------------------------------------------------


| TI region  2


 NSTEP =     5000   TIME(PS) =      10.000  TEMP(K) =    16.12  PRESS =     0.0
 Etot   =    -44968.5068  EKtot   =       365.6864  EPtot      =    -45334.1932
 BOND   =         0.3972  ANGLE   =         6.4281  DIHED      =         0.0000
 1-4 NB =         0.0000  1-4 EEL =         0.0000  VDWAALS    =      8172.2680
 EELEC  =    -53513.2865  EHBOND  =         0.0000  RESTRAINT  =         0.0000
 DV/DL  =       810.8163
 ------------------------------------------------------------------------------

 NMR restraints: Bond =    0.000   Angle =     0.000   Torsion =     0.000
===============================================================================

| TI region  1


 NSTEP =    10000   TIME(PS) =      20.000  TEMP(K) =    32.98  PRESS =     0.0
 Etot   =    -44324.5592  EKtot   =       748.1864  EPtot      =    -45072.7456
 BOND   =         0.5688  ANGLE   =         6.7157  DIHED      =         0.0000
 1-4 NB =         0.0000  1-4 EEL =         0.0000  VDWAALS    =      8259.1659
 EELEC  =    -53339.1961  EHBOND  =         0.0000  RESTRAINT  =         0.0000
 DV/DL  =       825.0723
 ------------------------------------------------------------------------------


| TI region  2


 NSTEP =    10000   TIME(PS) =      20.000  TEMP(K) =    32.98  PRESS =     0.0
 Etot   =    -44324.5592  EKtot   =       748.1864  EPtot      =    -45072.7456
 BOND   =         0.5688  ANGLE   =         6.7157  DIHED      =         0.0000
 1-4 NB =         0.0000  1-4 EEL =         0.0000  VDWAALS    =      8259.1659
 EELEC  =    -53339.1961  EHBOND  =         0.0000  RESTRAINT  =         0.0000
 DV/DL  =       825.0723
 ------------------------------------------------------------------------------

 NMR restraints: Bond =    0.000   Angle =     0.000   Torsion =     0.000
===============================================================================

| TI region  1


 NSTEP =    15000   TIME(PS) =      30.000  TEMP(K) =    49.42  PRESS =     0.0
 Etot   =    -43669.3043  EKtot   =      1121.1852  EPtot      =    -44790.4895
 BOND   =         0.7583  ANGLE   =         6.6579  DIHED      =         0.0000
 1-4 NB =         0.0000  1-4 EEL =         0.0000  VDWAALS    =      8286.5957
 EELEC  =    -53084.5014  EHBOND  =         0.0000  RESTRAINT  =         0.0000
 DV/DL  =       811.7110
 ------------------------------------------------------------------------------


| TI region  2


 NSTEP =    15000   TIME(PS) =      30.000  TEMP(K) =    49.42  PRESS =     0.0
 Etot   =    -43669.3043  EKtot   =      1121.1852  EPtot      =    -44790.4895
 BOND   =         0.7583  ANGLE   =         6.6579  DIHED      =         0.0000
 1-4 NB =         0.0000  1-4 EEL =         0.0000  VDWAALS    =      8286.5957
 EELEC  =    -53084.5014  EHBOND  =         0.0000  RESTRAINT  =         0.0000
 DV/DL  =       811.7110
 ------------------------------------------------------------------------------

 NMR restraints: Bond =    0.000   Angle =     0.000   Torsion =     0.000
===============================================================================

| TI region  1


 NSTEP =    20000   TIME(PS) =      40.000  TEMP(K) =    65.98  PRESS =     0.0
 Etot   =    -43051.0970  EKtot   =      1496.7884  EPtot      =    -44547.8854
 BOND   =         1.2881  ANGLE   =         6.7223  DIHED      =         0.0000
 1-4 NB =         0.0000  1-4 EEL =         0.0000  VDWAALS    =      8183.4630
 EELEC  =    -52739.3587  EHBOND  =         0.0000  RESTRAINT  =         0.0000
 DV/DL  =       812.5198
 ------------------------------------------------------------------------------


| TI region  2


 NSTEP =    20000   TIME(PS) =      40.000  TEMP(K) =    65.98  PRESS =     0.0
 Etot   =    -43051.0970  EKtot   =      1496.7884  EPtot      =    -44547.8854
 BOND   =         1.2881  ANGLE   =         6.7223  DIHED      =         0.0000
 1-4 NB =         0.0000  1-4 EEL =         0.0000  VDWAALS    =      8183.4630
 EELEC  =    -52739.3587  EHBOND  =         0.0000  RESTRAINT  =         0.0000
 DV/DL  =       812.5198
 ------------------------------------------------------------------------------

 NMR restraints: Bond =    0.000   Angle =     0.000   Torsion =     0.000
===============================================================================

| TI region  1


 NSTEP =    25000   TIME(PS) =      50.000  TEMP(K) =    80.91  PRESS =     0.0
 Etot   =    -42408.4457  EKtot   =      1835.6523  EPtot      =    -44244.0980
 BOND   =         0.2859  ANGLE   =         6.4150  DIHED      =         0.0000
 1-4 NB =         0.0000  1-4 EEL =         0.0000  VDWAALS    =      8068.9094
 EELEC  =    -52319.7082  EHBOND  =         0.0000  RESTRAINT  =         0.0000
 DV/DL  =       832.2916
 ------------------------------------------------------------------------------


| TI region  2


 NSTEP =    25000   TIME(PS) =      50.000  TEMP(K) =    80.91  PRESS =     0.0
 Etot   =    -42408.4457  EKtot   =      1835.6523  EPtot      =    -44244.0980
 BOND   =         0.2859  ANGLE   =         6.4150  DIHED      =         0.0000
 1-4 NB =         0.0000  1-4 EEL =         0.0000  VDWAALS    =      8068.9094
 EELEC  =    -52319.7082  EHBOND  =         0.0000  RESTRAINT  =         0.0000
 DV/DL  =       832.2916
 ------------------------------------------------------------------------------

 NMR restraints: Bond =    0.000   Angle =     0.000   Torsion =     0.000
===============================================================================

| TI region  1


 NSTEP =    30000   TIME(PS) =      60.000  TEMP(K) =    99.83  PRESS =     0.0
 Etot   =    -41702.0895  EKtot   =      2264.8888  EPtot      =    -43966.9783
 BOND   =         1.1671  ANGLE   =         7.2189  DIHED      =         0.0000
 1-4 NB =         0.0000  1-4 EEL =         0.0000  VDWAALS    =      8017.2835
 EELEC  =    -51992.6478  EHBOND  =         0.0000  RESTRAINT  =         0.0000
 DV/DL  =       818.5838
 ------------------------------------------------------------------------------


| TI region  2


 NSTEP =    30000   TIME(PS) =      60.000  TEMP(K) =    99.83  PRESS =     0.0
 Etot   =    -41702.0895  EKtot   =      2264.8888  EPtot      =    -43966.9783
 BOND   =         1.1671  ANGLE   =         7.2189  DIHED      =         0.0000
 1-4 NB =         0.0000  1-4 EEL =         0.0000  VDWAALS    =      8017.2835
 EELEC  =    -51992.6478  EHBOND  =         0.0000  RESTRAINT  =         0.0000
 DV/DL  =       818.5838
 ------------------------------------------------------------------------------

 NMR restraints: Bond =    0.000   Angle =     0.000   Torsion =     0.000
===============================================================================

| TI region  1


 NSTEP =    35000   TIME(PS) =      70.000  TEMP(K) =   116.63  PRESS =     0.0
 Etot   =    -40987.5685  EKtot   =      2646.0707  EPtot      =    -43633.6392
 BOND   =         0.6846  ANGLE   =         6.5600  DIHED      =         0.0000
 1-4 NB =         0.0000  1-4 EEL =         0.0000  VDWAALS    =      7981.5981
 EELEC  =    -51622.4819  EHBOND  =         0.0000  RESTRAINT  =         0.0000
 DV/DL  =       840.1487
 ------------------------------------------------------------------------------


| TI region  2


 NSTEP =    35000   TIME(PS) =      70.000  TEMP(K) =   116.63  PRESS =     0.0
 Etot   =    -40987.5685  EKtot   =      2646.0707  EPtot      =    -43633.6392
 BOND   =         0.6846  ANGLE   =         6.5600  DIHED      =         0.0000
 1-4 NB =         0.0000  1-4 EEL =         0.0000  VDWAALS    =      7981.5981
 EELEC  =    -51622.4819  EHBOND  =         0.0000  RESTRAINT  =         0.0000
 DV/DL  =       840.1487
 ------------------------------------------------------------------------------

 NMR restraints: Bond =    0.000   Angle =     0.000   Torsion =     0.000
===============================================================================

| TI region  1


 NSTEP =    40000   TIME(PS) =      80.000  TEMP(K) =   132.38  PRESS =     0.0
 Etot   =    -40248.6872  EKtot   =      3003.2315  EPtot      =    -43251.9187
 BOND   =         1.9168  ANGLE   =         6.4022  DIHED      =         0.0000
 1-4 NB =         0.0000  1-4 EEL =         0.0000  VDWAALS    =      7940.6320
 EELEC  =    -51200.8696  EHBOND  =         0.0000  RESTRAINT  =         0.0000
 DV/DL  =       875.8194
 ------------------------------------------------------------------------------


| TI region  2


 NSTEP =    40000   TIME(PS) =      80.000  TEMP(K) =   132.38  PRESS =     0.0
 Etot   =    -40248.6872  EKtot   =      3003.2315  EPtot      =    -43251.9187
 BOND   =         1.9168  ANGLE   =         6.4022  DIHED      =         0.0000
 1-4 NB =         0.0000  1-4 EEL =         0.0000  VDWAALS    =      7940.6320
 EELEC  =    -51200.8696  EHBOND  =         0.0000  RESTRAINT  =         0.0000
 DV/DL  =       875.8194
 ------------------------------------------------------------------------------

 NMR restraints: Bond =    0.000   Angle =     0.000   Torsion =     0.000
===============================================================================

| TI region  1


 NSTEP =    45000   TIME(PS) =      90.000  TEMP(K) =   148.75  PRESS =     0.0
 Etot   =    -39549.5112  EKtot   =      3374.6852  EPtot      =    -42924.1964
 BOND   =         1.4664  ANGLE   =         7.5255  DIHED      =         0.0000
 1-4 NB =         0.0000  1-4 EEL =         0.0000  VDWAALS    =      7782.3445
 EELEC  =    -50715.5329  EHBOND  =         0.0000  RESTRAINT  =         0.0000
 DV/DL  =       827.2098
 ------------------------------------------------------------------------------


| TI region  2


 NSTEP =    45000   TIME(PS) =      90.000  TEMP(K) =   148.75  PRESS =     0.0
 Etot   =    -39549.5112  EKtot   =      3374.6852  EPtot      =    -42924.1964
 BOND   =         1.4664  ANGLE   =         7.5255  DIHED      =         0.0000
 1-4 NB =         0.0000  1-4 EEL =         0.0000  VDWAALS    =      7782.3445
 EELEC  =    -50715.5329  EHBOND  =         0.0000  RESTRAINT  =         0.0000
 DV/DL  =       827.2098
 ------------------------------------------------------------------------------

 NMR restraints: Bond =    0.000   Angle =     0.000   Torsion =     0.000
===============================================================================

| TI region  1


 NSTEP =    50000   TIME(PS) =     100.000  TEMP(K) =   166.10  PRESS =     0.0
 Etot   =    -38816.5570  EKtot   =      3768.3058  EPtot      =    -42584.8627
 BOND   =         0.5827  ANGLE   =         6.6898  DIHED      =         0.0000
 1-4 NB =         0.0000  1-4 EEL =         0.0000  VDWAALS    =      7776.6207
 EELEC  =    -50368.7559  EHBOND  =         0.0000  RESTRAINT  =         0.0000
 DV/DL  =       844.7833
 ------------------------------------------------------------------------------


| TI region  2


 NSTEP =    50000   TIME(PS) =     100.000  TEMP(K) =   166.10  PRESS =     0.0
 Etot   =    -38816.5570  EKtot   =      3768.3058  EPtot      =    -42584.8627
 BOND   =         0.5827  ANGLE   =         6.6898  DIHED      =         0.0000
 1-4 NB =         0.0000  1-4 EEL =         0.0000  VDWAALS    =      7776.6207
 EELEC  =    -50368.7559  EHBOND  =         0.0000  RESTRAINT  =         0.0000
 DV/DL  =       844.7833
 ------------------------------------------------------------------------------

 NMR restraints: Bond =    0.000   Angle =     0.000   Torsion =     0.000
===============================================================================

| TI region  1


 NSTEP =    55000   TIME(PS) =     110.000  TEMP(K) =   183.76  PRESS =     0.0
 Etot   =    -37831.6314  EKtot   =      4168.8341  EPtot      =    -42000.4655
 BOND   =         0.3420  ANGLE   =         6.8183  DIHED      =         0.0000
 1-4 NB =         0.0000  1-4 EEL =         0.0000  VDWAALS    =      7423.9454
 EELEC  =    -49431.5711  EHBOND  =         0.0000  RESTRAINT  =         0.0000
 DV/DL  =       875.2589
 ------------------------------------------------------------------------------


| TI region  2


 NSTEP =    55000   TIME(PS) =     110.000  TEMP(K) =   183.76  PRESS =     0.0
 Etot   =    -37831.6314  EKtot   =      4168.8341  EPtot      =    -42000.4655
 BOND   =         0.3420  ANGLE   =         6.8183  DIHED      =         0.0000
 1-4 NB =         0.0000  1-4 EEL =         0.0000  VDWAALS    =      7423.9454
 EELEC  =    -49431.5711  EHBOND  =         0.0000  RESTRAINT  =         0.0000
 DV/DL  =       875.2589
 ------------------------------------------------------------------------------

 NMR restraints: Bond =    0.000   Angle =     0.000   Torsion =     0.000
===============================================================================

| TI region  1


 NSTEP =    60000   TIME(PS) =     120.000  TEMP(K) =   198.91  PRESS =     0.0
 Etot   =    -37036.6574  EKtot   =      4512.6918  EPtot      =    -41549.3492
 BOND   =         0.7907  ANGLE   =         6.8869  DIHED      =         0.0000
 1-4 NB =         0.0000  1-4 EEL =         0.0000  VDWAALS    =      7366.6567
 EELEC  =    -48923.6834  EHBOND  =         0.0000  RESTRAINT  =         0.0000
 DV/DL  =       829.1360
 ------------------------------------------------------------------------------


| TI region  2


 NSTEP =    60000   TIME(PS) =     120.000  TEMP(K) =   198.91  PRESS =     0.0
 Etot   =    -37036.6574  EKtot   =      4512.6918  EPtot      =    -41549.3492
 BOND   =         0.7907  ANGLE   =         6.8869  DIHED      =         0.0000
 1-4 NB =         0.0000  1-4 EEL =         0.0000  VDWAALS    =      7366.6567
 EELEC  =    -48923.6834  EHBOND  =         0.0000  RESTRAINT  =         0.0000
 DV/DL  =       829.1360
 ------------------------------------------------------------------------------

 NMR restraints: Bond =    0.000   Angle =     0.000   Torsion =     0.000
===============================================================================

| TI region  1


 NSTEP =    65000   TIME(PS) =     130.000  TEMP(K) =   215.66  PRESS =     0.0
 Etot   =    -35780.0605  EKtot   =      4892.5932  EPtot      =    -40672.6537
 BOND   =         0.7143  ANGLE   =         8.3455  DIHED      =         0.0000
 1-4 NB =         0.0000  1-4 EEL =         0.0000  VDWAALS    =      6935.6573
 EELEC  =    -47617.3708  EHBOND  =         0.0000  RESTRAINT  =         0.0000
 DV/DL  =       837.7631
 ------------------------------------------------------------------------------


| TI region  2


 NSTEP =    65000   TIME(PS) =     130.000  TEMP(K) =   215.66  PRESS =     0.0
 Etot   =    -35780.0605  EKtot   =      4892.5932  EPtot      =    -40672.6537
 BOND   =         0.7143  ANGLE   =         8.3455  DIHED      =         0.0000
 1-4 NB =         0.0000  1-4 EEL =         0.0000  VDWAALS    =      6935.6573
 EELEC  =    -47617.3708  EHBOND  =         0.0000  RESTRAINT  =         0.0000
 DV/DL  =       837.7631
 ------------------------------------------------------------------------------

 NMR restraints: Bond =    0.000   Angle =     0.000   Torsion =     0.000
===============================================================================

| TI region  1


 NSTEP =    70000   TIME(PS) =     140.000  TEMP(K) =   230.35  PRESS =     0.0
 Etot   =    -34414.7676  EKtot   =      5225.8476  EPtot      =    -39640.6151
 BOND   =         1.2550  ANGLE   =         8.2284  DIHED      =         0.0000
 1-4 NB =         0.0000  1-4 EEL =         0.0000  VDWAALS    =      6564.2807
 EELEC  =    -46214.3792  EHBOND  =         0.0000  RESTRAINT  =         0.0000
 DV/DL  =       893.3160
 ------------------------------------------------------------------------------


| TI region  2


 NSTEP =    70000   TIME(PS) =     140.000  TEMP(K) =   230.35  PRESS =     0.0
 Etot   =    -34414.7676  EKtot   =      5225.8476  EPtot      =    -39640.6151
 BOND   =         1.2550  ANGLE   =         8.2284  DIHED      =         0.0000
 1-4 NB =         0.0000  1-4 EEL =         0.0000  VDWAALS    =      6564.2807
 EELEC  =    -46214.3792  EHBOND  =         0.0000  RESTRAINT  =         0.0000
 DV/DL  =       893.3160
 ------------------------------------------------------------------------------

 NMR restraints: Bond =    0.000   Angle =     0.000   Torsion =     0.000
===============================================================================

| TI region  1


 NSTEP =    75000   TIME(PS) =     150.000  TEMP(K) =   246.39  PRESS =     0.0
 Etot   =    -32946.6365  EKtot   =      5589.7202  EPtot      =    -38536.3566
 BOND   =         0.9494  ANGLE   =         8.3530  DIHED      =         0.0000
 1-4 NB =         0.0000  1-4 EEL =         0.0000  VDWAALS    =      6098.7106
 EELEC  =    -44644.3697  EHBOND  =         0.0000  RESTRAINT  =         0.0000
 DV/DL  =       857.1995
 ------------------------------------------------------------------------------


| TI region  2


 NSTEP =    75000   TIME(PS) =     150.000  TEMP(K) =   246.39  PRESS =     0.0
 Etot   =    -32946.6365  EKtot   =      5589.7202  EPtot      =    -38536.3566
 BOND   =         0.9494  ANGLE   =         8.3530  DIHED      =         0.0000
 1-4 NB =         0.0000  1-4 EEL =         0.0000  VDWAALS    =      6098.7106
 EELEC  =    -44644.3697  EHBOND  =         0.0000  RESTRAINT  =         0.0000
 DV/DL  =       857.1995
 ------------------------------------------------------------------------------

 NMR restraints: Bond =    0.000   Angle =     0.000   Torsion =     0.000
===============================================================================

| TI region  1


 NSTEP =    80000   TIME(PS) =     160.000  TEMP(K) =   261.71  PRESS =     0.0
 Etot   =    -31854.4251  EKtot   =      5937.3917  EPtot      =    -37791.8168
 BOND   =         1.2847  ANGLE   =         6.9892  DIHED      =         0.0000
 1-4 NB =         0.0000  1-4 EEL =         0.0000  VDWAALS    =      5682.3717
 EELEC  =    -43482.4625  EHBOND  =         0.0000  RESTRAINT  =         0.0000
 DV/DL  =       883.9331
 ------------------------------------------------------------------------------


| TI region  2


 NSTEP =    80000   TIME(PS) =     160.000  TEMP(K) =   261.71  PRESS =     0.0
 Etot   =    -31854.4251  EKtot   =      5937.3917  EPtot      =    -37791.8168
 BOND   =         1.2847  ANGLE   =         6.9892  DIHED      =         0.0000
 1-4 NB =         0.0000  1-4 EEL =         0.0000  VDWAALS    =      5682.3717
 EELEC  =    -43482.4625  EHBOND  =         0.0000  RESTRAINT  =         0.0000
 DV/DL  =       883.9331
 ------------------------------------------------------------------------------

 NMR restraints: Bond =    0.000   Angle =     0.000   Torsion =     0.000
===============================================================================

| TI region  1


 NSTEP =    85000   TIME(PS) =     170.000  TEMP(K) =   283.96  PRESS =     0.0
 Etot   =    -30457.7782  EKtot   =      6442.2175  EPtot      =    -36899.9957
 BOND   =         1.3836  ANGLE   =         7.7892  DIHED      =         0.0000
 1-4 NB =         0.0000  1-4 EEL =         0.0000  VDWAALS    =      5430.2295
 EELEC  =    -42339.3980  EHBOND  =         0.0000  RESTRAINT  =         0.0000
 DV/DL  =       827.9449
 ------------------------------------------------------------------------------


| TI region  2


 NSTEP =    85000   TIME(PS) =     170.000  TEMP(K) =   283.96  PRESS =     0.0
 Etot   =    -30457.7782  EKtot   =      6442.2175  EPtot      =    -36899.9957
 BOND   =         1.3836  ANGLE   =         7.7892  DIHED      =         0.0000
 1-4 NB =         0.0000  1-4 EEL =         0.0000  VDWAALS    =      5430.2295
 EELEC  =    -42339.3980  EHBOND  =         0.0000  RESTRAINT  =         0.0000
 DV/DL  =       827.9449
 ------------------------------------------------------------------------------

 NMR restraints: Bond =    0.000   Angle =     0.000   Torsion =     0.000
===============================================================================

| TI region  1


 NSTEP =    90000   TIME(PS) =     180.000  TEMP(K) =   298.35  PRESS =     0.0
 Etot   =    -29115.0124  EKtot   =      6768.6459  EPtot      =    -35883.6583
 BOND   =         3.4739  ANGLE   =         8.6197  DIHED      =         0.0000
 1-4 NB =         0.0000  1-4 EEL =         0.0000  VDWAALS    =      5085.1607
 EELEC  =    -40980.9126  EHBOND  =         0.0000  RESTRAINT  =         0.0000
 DV/DL  =       844.0002
 ------------------------------------------------------------------------------


| TI region  2


 NSTEP =    90000   TIME(PS) =     180.000  TEMP(K) =   298.35  PRESS =     0.0
 Etot   =    -29115.0124  EKtot   =      6768.6459  EPtot      =    -35883.6583
 BOND   =         3.4739  ANGLE   =         8.6197  DIHED      =         0.0000
 1-4 NB =         0.0000  1-4 EEL =         0.0000  VDWAALS    =      5085.1607
 EELEC  =    -40980.9126  EHBOND  =         0.0000  RESTRAINT  =         0.0000
 DV/DL  =       844.0002
 ------------------------------------------------------------------------------

 NMR restraints: Bond =    0.000   Angle =     0.000   Torsion =     0.000
===============================================================================

| TI region  1


 NSTEP =    95000   TIME(PS) =     190.000  TEMP(K) =   298.83  PRESS =     0.0
 Etot   =    -29098.5230  EKtot   =      6779.4910  EPtot      =    -35878.0140
 BOND   =         2.7609  ANGLE   =         7.3130  DIHED      =         0.0000
 1-4 NB =         0.0000  1-4 EEL =         0.0000  VDWAALS    =      5330.5563
 EELEC  =    -41218.6442  EHBOND  =         0.0000  RESTRAINT  =         0.0000
 DV/DL  =       847.9826
 ------------------------------------------------------------------------------


| TI region  2


 NSTEP =    95000   TIME(PS) =     190.000  TEMP(K) =   298.83  PRESS =     0.0
 Etot   =    -29098.5230  EKtot   =      6779.4910  EPtot      =    -35878.0140
 BOND   =         2.7609  ANGLE   =         7.3130  DIHED      =         0.0000
 1-4 NB =         0.0000  1-4 EEL =         0.0000  VDWAALS    =      5330.5563
 EELEC  =    -41218.6442  EHBOND  =         0.0000  RESTRAINT  =         0.0000
 DV/DL  =       847.9826
 ------------------------------------------------------------------------------

 NMR restraints: Bond =    0.000   Angle =     0.000   Torsion =     0.000
===============================================================================

| TI region  1


 NSTEP =   100000   TIME(PS) =     200.000  TEMP(K) =   301.76  PRESS =     0.0
 Etot   =    -28855.4561  EKtot   =      6845.8690  EPtot      =    -35701.3251
 BOND   =         2.8242  ANGLE   =         7.1292  DIHED      =         0.0000
 1-4 NB =         0.0000  1-4 EEL =         0.0000  VDWAALS    =      5182.0523
 EELEC  =    -40893.3309  EHBOND  =         0.0000  RESTRAINT  =         0.0000
 DV/DL  =       830.4551
 ------------------------------------------------------------------------------


| TI region  2


 NSTEP =   100000   TIME(PS) =     200.000  TEMP(K) =   301.76  PRESS =     0.0
 Etot   =    -28855.4561  EKtot   =      6845.8690  EPtot      =    -35701.3251
 BOND   =         2.8242  ANGLE   =         7.1292  DIHED      =         0.0000
 1-4 NB =         0.0000  1-4 EEL =         0.0000  VDWAALS    =      5182.0523
 EELEC  =    -40893.3309  EHBOND  =         0.0000  RESTRAINT  =         0.0000
 DV/DL  =       830.4551
 ------------------------------------------------------------------------------

 NMR restraints: Bond =    0.000   Angle =     0.000   Torsion =     0.000
===============================================================================

| TI region  1


      A V E R A G E S   O V E R      20 S T E P S


 NSTEP =   100000   TIME(PS) =     200.000  TEMP(K) =   171.44  PRESS =     0.0
 Etot   =    -37355.8637  EKtot   =      3889.3991  EPtot      =    -41245.2629
 BOND   =         1.2447  ANGLE   =         7.1904  DIHED      =         0.0000
 1-4 NB =         0.0000  1-4 EEL =         0.0000  VDWAALS    =      7078.4251
 EELEC  =    -48332.1231  EHBOND  =         0.0000  RESTRAINT  =         0.0000
 DV/DL  =       841.2973
 ------------------------------------------------------------------------------

 NMR restraints: Bond =    0.000   Angle =     0.000   Torsion =     0.000
===============================================================================

      R M S  F L U C T U A T I O N S


 NSTEP =   100000   TIME(PS) =     200.000  TEMP(K) =    92.14  PRESS =     0.0
 Etot   =      5333.0870  EKtot   =      2090.2601  EPtot      =      3283.2211
 BOND   =         0.8592  ANGLE   =         0.6981  DIHED      =         0.0000
 1-4 NB =         0.0000  1-4 EEL =         0.0000  VDWAALS    =      1149.1946
 EELEC  =      4425.3387  EHBOND  =         0.0000  RESTRAINT  =         0.0000
 DV/DL  =        23.8063
 ------------------------------------------------------------------------------


| TI region  2


      A V E R A G E S   O V E R      20 S T E P S


 NSTEP =   100000   TIME(PS) =     200.000  TEMP(K) =   171.44  PRESS =     0.0
 Etot   =    -37355.8637  EKtot   =      3889.3991  EPtot      =    -41245.2629
 BOND   =         1.2447  ANGLE   =         7.1904  DIHED      =         0.0000
 1-4 NB =         0.0000  1-4 EEL =         0.0000  VDWAALS    =      7078.4251
 EELEC  =    -48332.1231  EHBOND  =         0.0000  RESTRAINT  =         0.0000
 DV/DL  =       841.2973
 ------------------------------------------------------------------------------

 NMR restraints: Bond =    0.000   Angle =     0.000   Torsion =     0.000
===============================================================================

      R M S  F L U C T U A T I O N S


 NSTEP =   100000   TIME(PS) =     200.000  TEMP(K) =    92.14  PRESS =     0.0
 Etot   =      5333.0870  EKtot   =      2090.2601  EPtot      =      3283.2211
 BOND   =         0.8592  ANGLE   =         0.6981  DIHED      =         0.0000
 1-4 NB =         0.0000  1-4 EEL =         0.0000  VDWAALS    =      1149.1946
 EELEC  =      4425.3387  EHBOND  =         0.0000  RESTRAINT  =         0.0000
 DV/DL  =        23.8063
 ------------------------------------------------------------------------------


      DV/DL, AVERAGES OVER      20 STEPS


 NSTEP =   100000   TIME(PS) =     200.000  TEMP(K) =    92.14  PRESS =     0.0
 Etot   =         0.0000  EKtot   =         0.0000  EPtot      =       841.2973
 BOND   =         0.0000  ANGLE   =         0.0000  DIHED      =         0.0000
 1-4 NB =         0.0000  1-4 EEL =         0.0000  VDWAALS    =         0.0000
 EELEC  =       841.2973  EHBOND  =         0.0000  RESTRAINT  =         0.0000
 DV/DL  =       841.2973
 ------------------------------------------------------------------------------


 NMR restraints on final step:

--------------------------------------------------------------------------------
   5.  TIMINGS
--------------------------------------------------------------------------------

|  NonSetup CPU Time in Major Routines:
|
|     Routine           Sec        %
|     ------------------------------
|     Nonbond          42.56   29.71
|     Bond              0.00    0.00
|     Angle             0.00    0.00
|     Dihedral          0.00    0.00
|     Shake             0.64    0.44
|     RunMD            99.71   69.62
|     Other             0.32    0.22
|     ------------------------------
|     Total           143.23

|  PME Nonbond Pairlist CPU Time:
|
|     Routine              Sec        %
|     ---------------------------------
|     Set Up Cit           0.00    0.00
|     Build List           0.00    0.00
|     ---------------------------------
|     Total                0.00    0.00

|  PME Direct Force CPU Time:
|
|     Routine              Sec        %
|     ---------------------------------
|     NonBonded Calc       0.00    0.00
|     Exclude Masked       0.00    0.00
|     Other                0.21    0.15
|     ---------------------------------
|     Total                0.21    0.15

|  PME Reciprocal Force CPU Time:
|
|     Routine              Sec        %
|     ---------------------------------
|     1D bspline           0.00    0.00
|     Grid Charges         0.00    0.00
|     Scalar Sum           0.00    0.00
|     Gradient Sum         0.00    0.00
|     FFT                  0.00    0.00
|     ---------------------------------
|     Total                0.00    0.00

|  Final Performance Info:
|     -----------------------------------------------------
|     Average timings for last   10000 steps:
|     Elapsed(s) =      14.77 Per Step(ms) =       1.48
|         ns/day =     116.99   seconds/ns =     738.53
|
|     Average timings for all steps:
|     Elapsed(s) =     143.35 Per Step(ms) =       1.43
|         ns/day =     120.54   seconds/ns =     716.75
|     -----------------------------------------------------

|  Setup CPU time:            0.40 seconds
|  NonSetup CPU time:       143.23 seconds
|  Total CPU time:          143.63 seconds     0.04 hours

|  Setup wall time:           1    seconds
|  NonSetup wall time:      143    seconds
|  Total wall time:         144    seconds     0.04 hours
