
          -------------------------------------------------------
          Amber 18 PMEMD                              2018
          -------------------------------------------------------

| PMEMD implementation of SANDER, Release 18

| Run on 09/12/2020 at 22:32:09

|   Executable path: /opt/software/Amber/18-foss-2018b-AmberTools-19/bin/pmemd.cuda
| Working directory: /mnt/gs18/scratch/users/songlin3/run/1264_optimization/PO4/step1_sol/0.99078
|          Hostname: lac-345

  [-O]verwriting output

File Assignments:
|   MDIN: heat.in                                                               
|  MDOUT: heat.out                                                              
| INPCRD: min.rst                                                               
|   PARM: step1.prmtop                                                          
| RESTRT: heat.rst                                                              
|   REFC: min.rst                                                               
|  MDVEL: mdvel                                                                 
|   MDEN: mden                                                                  
|  MDCRD: heat.netcdf                                                           
| MDINFO: heat.mdinfo                                                           
|  MDFRC: mdfrc                                                                 


 Here is the input file:

nvt for free MD                                                                
 &cntrl                                                                        
  imin=0,                                                                      
  irest=0,                                                                     
  ntx=1,                                                                       
  ig=-1,                                                                       
  nstlim=100000,                                                               
  dt=0.002,                                                                    
  cut=10.0,                                                                    
  ntc=2,                                                                       
  ntf=2,                                                                       
  ntb=1,                                                                       
  ntt=3,                                                                       
  gamma_ln=2.0,                                                                
  tempi=0.0,                                                                   
  temp0=300.0,                                                                 
  ntpr=5000,                                                                   
  ntwr=5000,                                                                   
  ntwx=10000,                                                                  
  ntwv=0,                                                                      
  ioutfm=1,                                                                    
  iwrap=0,                                                                     
  nmropt=1,                                                                    
  ifsc = 0, icfe=1,                                                            
  clambda=0.99078,                                                             
  timask1=':1',                                                                
  timask2=':2', crgmask = ':2',                                                
/                                                                              
&wt TYPE='TEMP0', istep1=0, istep2=90000, value1=0.0, value2=300.0 /           
&wt TYPE='TEMP0', istep1=90001, istep2=100000, value1=300.0, value2=300.0 /    
&wt TYPE='DUMPFREQ', istep1=10000, /                                           
&wt TYPE='END', /                                                              


Note: ig = -1. Setting random seed to   256012 based on wallclock time in 
      microseconds.
| irandom = 1, using AMBER's internal random number generator (default).
 
|--------------------- INFORMATION ----------------------
| GPU (CUDA) Version of PMEMD in use: NVIDIA GPU IN USE.
|                    Version 18.0.0
| 
|                      03/25/2018
| 
| Implementation by:
|                    Ross C. Walker     (SDSC)
|                    Scott Le Grand     (nVIDIA)
| 
| Version 18 performance extensions by:
|                    David Cerutti     (Rutgers)
| 
| Precision model in use:
|      [SPFP] - Single Precision Forces, 64-bit Fixed Point
|               Accumulation. (Default)
| 
|--------------------------------------------------------
 
|----------------- CITATION INFORMATION -----------------
|
|    When publishing work that utilized the CUDA version
|    of AMBER, please cite the following in addition to
|    the regular AMBER citations:
|
|  - Romelia Salomon-Ferrer; Andreas W. Goetz; Duncan
|    Poole; Scott Le Grand; Ross C. Walker "Routine
|    microsecond molecular dynamics simulations with
|    AMBER - Part II: Particle Mesh Ewald", J. Chem.
|    Theory Comput., 2013, 9 (9), pp3878-3888,
|    DOI: 10.1021/ct400314y.
|
|  - Andreas W. Goetz; Mark J. Williamson; Dong Xu;
|    Duncan Poole; Scott Le Grand; Ross C. Walker
|    "Routine microsecond molecular dynamics simulations
|    with AMBER - Part I: Generalized Born", J. Chem.
|    Theory Comput., 2012, 8 (5), pp1542-1555.
|
|  - Scott Le Grand; Andreas W. Goetz; Ross C. Walker
|    "SPFP: Speed without compromise - a mixed precision
|    model for GPU accelerated molecular dynamics
|    simulations.", Comp. Phys. Comm., 2013, 184
|    pp374-380, DOI: 10.1016/j.cpc.2012.09.022
|
|    When publishing work that utilized the CUDA version
|    of TI, BAR, MBAR or FEP please cite the following 
|    three publications in addition to the regular AMBER 
|    GPU citations:
|
|  - Daniel J. Mermelstein; Charles Lin; Gard Nelson; 
|    Rachael Kretsch; J. Andrew McCammon; Ross C. Walker
|    "Fast and Flexible GPU Accelerated Binding 
|    Free Energy Calculations within the AMBER Molecular
|    Dynamics Package" J. Comp. Chem., 2018,
|    DOI: 10.1002/jcc.25187
|
|  - Tai-Sung Lee; Yuan Hu; Brad Sherborne; Zhuyan Guo;
|    Darrin M. York
|    "Toward Fast and Accurate Binding Affinity Prediction with
|    pmemdGTI: An Efficient Implementation of GPU-Accelerated
|    Thermodynamic Integration"
|    J. Chem. Theory Comput., 2017, 13 (7), 3077
|
|
|--------------------------------------------------------
 
|------------------- GPU DEVICE INFO --------------------
|
|            CUDA_VISIBLE_DEVICES: 0
|   CUDA Capable Devices Detected:      1
|           CUDA Device ID in use:      0
|                CUDA Device Name: Tesla K80
|     CUDA Device Global Mem Size:  12206 MB
| CUDA Device Num Multiprocessors:     13
|           CUDA Device Core Freq:   0.82 GHz
|
|--------------------------------------------------------
 
 
| Conditional Compilation Defines Used:
| PUBFFT
| BINTRAJ
| CUDA
| EMIL

| Largest sphere to fit in unit cell has radius =    22.455

| New format PARM file being parsed.
| Version =    1.000 Date = 09/12/20 Time = 21:53:15

| Note: 1-4 EEL scale factors are being read from the topology file.

| Note: 1-4 VDW scale factors are being read from the topology file.
| Duplicated    0 dihedrals

| Duplicated    0 dihedrals

--------------------------------------------------------------------------------
   1.  RESOURCE   USE: 
--------------------------------------------------------------------------------

 getting box info from netcdf restart file
 NATOM  =   11419 NTYPES =       4 NBONH =   11409 MBONA  =       8
 NTHETH =       0 MTHETA =      12 NPHIH =       0 MPHIA  =       0
 NHPARM =       0 NPARM  =       0 NNB   =   15234 NRES   =    3805
 NBONA  =       8 NTHETA =      12 NPHIA =       0 NUMBND =       3
 NUMANG =       1 NPTRA  =       0 NATYP =       4 NPHB   =       1
 IFBOX  =       2 NMXRS  =       5 IFCAP =       0 NEXTRA =       0
 NCOPY  =       0

| Coordinate Index Table dimensions:     8    8    8
| Direct force subcell size =     6.8755    6.8755    6.8755

     BOX TYPE: TRUNCATED OCTAHEDRON

--------------------------------------------------------------------------------
   2.  CONTROL  DATA  FOR  THE  RUN
--------------------------------------------------------------------------------

default_name                                                                    

General flags:
     imin    =       0, nmropt  =       1

Nature and format of input:
     ntx     =       1, irest   =       0, ntrx    =       1

Nature and format of output:
     ntxo    =       2, ntpr    =    5000, ntrx    =       1, ntwr    =    5000
     iwrap   =       0, ntwx    =   10000, ntwv    =       0, ntwe    =       0
     ioutfm  =       1, ntwprt  =       0, idecomp =       0, rbornstat=      0

Potential function:
     ntf     =       2, ntb     =       1, igb     =       0, nsnb    =      25
     ipol    =       0, gbsa    =       0, iesp    =       0
     dielc   =   1.00000, cut     =  10.00000, intdiel =   1.00000

Frozen or restrained atoms:
     ibelly  =       0, ntr     =       0

Molecular dynamics:
     nstlim  =    100000, nscm    =      1000, nrespa  =         1
     t       =   0.00000, dt      =   0.00200, vlimit  =  -1.00000

Langevin dynamics temperature regulation:
     ig      =  256012
     temp0   = 300.00000, tempi   =   0.00000, gamma_ln=   2.00000

SHAKE:
     ntc     =       2, jfastw  =       0
     tol     =   0.00001

NMR refinement options:
     iscale  =       0, noeskp  =       1, ipnlty  =       1, mxsub   =       1
     scalm   = 100.00000, pencut  =   0.10000, tausw   =   0.10000

Free energy options:
     icfe    =       1, ifsc    =       0, klambda =       1
     clambda =  0.9908, scalpha =  0.5000, scbeta  = 12.0000
     sceeorder =       2
     dynlmb =  0.0000 logdvdl =       0

| Intermolecular bonds treatment:
|     no_intermolecular_bonds =       1

| Energy averages sample interval:
|     ene_avg_sampling =    5000

Ewald parameters:
     verbose =       0, ew_type =       0, nbflag  =       1, use_pme =       1
     vdwmeth =       1, eedmeth =       1, netfrc  =       1
     Box X =   55.004   Box Y =   55.004   Box Z =   55.004
     Alpha =  109.471   Beta  =  109.471   Gamma =  109.471
     NFFT1 =   56       NFFT2 =   56       NFFT3 =   56
     Cutoff=   10.000   Tol   =0.100E-04
     Ewald Coefficient =  0.27511
     Interpolation order =    4
     TI Mask 1 :1; matches      5 atoms
     TI Mask 2 :2; matches      5 atoms
     TI region 1:   11414 atoms
     TI region 2:   11414 atoms
Removing charge of       1.2430 from atom       6
Removing charge of      -1.0605 from atom       7
Removing charge of      -1.0605 from atom       8
Removing charge of      -1.0605 from atom       9
Removing charge of      -1.0605 from atom      10
Total charge of  -2.99900001 removed from       5 atoms
     Checking for mismatched coordinates.

--------------------------------------------------------------------------------
   3.  ATOMIC COORDINATES AND VELOCITIES
--------------------------------------------------------------------------------

default_name                                                                    
 begin time read from input coords =     0.000 ps



           Begin reading energy term weight changes/NMR restraints
 WEIGHT CHANGES:
 TEMP0         0  90000    0.000000  300.000000      0      0
 TEMP0     90001 100000  300.000000  300.000000      0      0
 DUMPFREQ  10000      0    0.000000    0.000000      0      0

 RESTRAINTS:
                          ** No restraint defined **

                  Done reading weight changes/NMR restraints


 
 Number of triangulated 3-point waters found:     3803

     Sum of charges for TI region  1 =  -2.99900001
     Assuming uniform neutralizing plasma


     Sum of charges for TI region  2 =   0.00000000
     Forcing neutrality...

| Dynamic Memory, Types Used:
| Reals              565971
| Integers           434073

| Nonbonded Pairs Initial Allocation:     3453962

| GPU memory information (estimate):
| KB of GPU memory in use:         0
| KB of CPU memory in use:         0

--------------------------------------------------------------------------------
   4.  RESULTS
--------------------------------------------------------------------------------


| TI region  1


 NSTEP =        0   TIME(PS) =       0.000  TEMP(K) =     0.00  PRESS =     0.0
 Etot   =    -34654.5407  EKtot   =         0.0000  EPtot      =    -34654.5407
 BOND   =         0.0001  ANGLE   =         6.2592  DIHED      =         0.0000
 1-4 NB =         0.0000  1-4 EEL =         0.0000  VDWAALS    =      2538.6342
 EELEC  =    -37199.4342  EHBOND  =         0.0000  RESTRAINT  =         0.0000
 DV/DL  =        91.5444
 ------------------------------------------------------------------------------


| TI region  2


 NSTEP =        0   TIME(PS) =       0.000  TEMP(K) =     0.00  PRESS =     0.0
 Etot   =    -34654.5407  EKtot   =         0.0000  EPtot      =    -34654.5407
 BOND   =         0.0001  ANGLE   =         6.2592  DIHED      =         0.0000
 1-4 NB =         0.0000  1-4 EEL =         0.0000  VDWAALS    =      2538.6342
 EELEC  =    -37199.4342  EHBOND  =         0.0000  RESTRAINT  =         0.0000
 DV/DL  =        91.5444
 ------------------------------------------------------------------------------

 NMR restraints: Bond =    0.000   Angle =     0.000   Torsion =     0.000
===============================================================================

| TI region  1


 NSTEP =     5000   TIME(PS) =      10.000  TEMP(K) =    15.95  PRESS =     0.0
 Etot   =    -44603.5669  EKtot   =       361.7425  EPtot      =    -44965.3094
 BOND   =         0.1501  ANGLE   =         6.3738  DIHED      =         0.0000
 1-4 NB =         0.0000  1-4 EEL =         0.0000  VDWAALS    =      8075.1565
 EELEC  =    -53046.9898  EHBOND  =         0.0000  RESTRAINT  =         0.0000
 DV/DL  =        91.5459
 ------------------------------------------------------------------------------


| TI region  2


 NSTEP =     5000   TIME(PS) =      10.000  TEMP(K) =    15.95  PRESS =     0.0
 Etot   =    -44603.5669  EKtot   =       361.7425  EPtot      =    -44965.3094
 BOND   =         0.1501  ANGLE   =         6.3738  DIHED      =         0.0000
 1-4 NB =         0.0000  1-4 EEL =         0.0000  VDWAALS    =      8075.1565
 EELEC  =    -53046.9898  EHBOND  =         0.0000  RESTRAINT  =         0.0000
 DV/DL  =        91.5459
 ------------------------------------------------------------------------------

 NMR restraints: Bond =    0.000   Angle =     0.000   Torsion =     0.000
===============================================================================

| TI region  1


 NSTEP =    10000   TIME(PS) =      20.000  TEMP(K) =    32.47  PRESS =     0.0
 Etot   =    -43971.2077  EKtot   =       736.7253  EPtot      =    -44707.9329
 BOND   =         0.0441  ANGLE   =         6.5448  DIHED      =         0.0000
 1-4 NB =         0.0000  1-4 EEL =         0.0000  VDWAALS    =      8067.0527
 EELEC  =    -52781.5746  EHBOND  =         0.0000  RESTRAINT  =         0.0000
 DV/DL  =       110.4664
 ------------------------------------------------------------------------------


| TI region  2


 NSTEP =    10000   TIME(PS) =      20.000  TEMP(K) =    32.47  PRESS =     0.0
 Etot   =    -43971.2077  EKtot   =       736.7253  EPtot      =    -44707.9329
 BOND   =         0.0441  ANGLE   =         6.5448  DIHED      =         0.0000
 1-4 NB =         0.0000  1-4 EEL =         0.0000  VDWAALS    =      8067.0527
 EELEC  =    -52781.5746  EHBOND  =         0.0000  RESTRAINT  =         0.0000
 DV/DL  =       110.4664
 ------------------------------------------------------------------------------

 NMR restraints: Bond =    0.000   Angle =     0.000   Torsion =     0.000
===============================================================================

| TI region  1


 NSTEP =    15000   TIME(PS) =      30.000  TEMP(K) =    48.97  PRESS =     0.0
 Etot   =    -43365.3764  EKtot   =      1110.9956  EPtot      =    -44476.3720
 BOND   =         0.1841  ANGLE   =         6.4633  DIHED      =         0.0000
 1-4 NB =         0.0000  1-4 EEL =         0.0000  VDWAALS    =      8069.0209
 EELEC  =    -52552.0403  EHBOND  =         0.0000  RESTRAINT  =         0.0000
 DV/DL  =        98.2737
 ------------------------------------------------------------------------------


| TI region  2


 NSTEP =    15000   TIME(PS) =      30.000  TEMP(K) =    48.97  PRESS =     0.0
 Etot   =    -43365.3764  EKtot   =      1110.9956  EPtot      =    -44476.3720
 BOND   =         0.1841  ANGLE   =         6.4633  DIHED      =         0.0000
 1-4 NB =         0.0000  1-4 EEL =         0.0000  VDWAALS    =      8069.0209
 EELEC  =    -52552.0403  EHBOND  =         0.0000  RESTRAINT  =         0.0000
 DV/DL  =        98.2737
 ------------------------------------------------------------------------------

 NMR restraints: Bond =    0.000   Angle =     0.000   Torsion =     0.000
===============================================================================

| TI region  1


 NSTEP =    20000   TIME(PS) =      40.000  TEMP(K) =    66.28  PRESS =     0.0
 Etot   =    -42740.2792  EKtot   =      1503.7906  EPtot      =    -44244.0698
 BOND   =         0.1435  ANGLE   =         6.8278  DIHED      =         0.0000
 1-4 NB =         0.0000  1-4 EEL =         0.0000  VDWAALS    =      8166.3013
 EELEC  =    -52417.3424  EHBOND  =         0.0000  RESTRAINT  =         0.0000
 DV/DL  =       121.0915
 ------------------------------------------------------------------------------


| TI region  2


 NSTEP =    20000   TIME(PS) =      40.000  TEMP(K) =    66.28  PRESS =     0.0
 Etot   =    -42740.2792  EKtot   =      1503.7906  EPtot      =    -44244.0698
 BOND   =         0.1435  ANGLE   =         6.8278  DIHED      =         0.0000
 1-4 NB =         0.0000  1-4 EEL =         0.0000  VDWAALS    =      8166.3013
 EELEC  =    -52417.3424  EHBOND  =         0.0000  RESTRAINT  =         0.0000
 DV/DL  =       121.0915
 ------------------------------------------------------------------------------

 NMR restraints: Bond =    0.000   Angle =     0.000   Torsion =     0.000
===============================================================================

| TI region  1


 NSTEP =    25000   TIME(PS) =      50.000  TEMP(K) =    82.29  PRESS =     0.0
 Etot   =    -42071.3691  EKtot   =      1866.9287  EPtot      =    -43938.2978
 BOND   =         0.4534  ANGLE   =         6.7468  DIHED      =         0.0000
 1-4 NB =         0.0000  1-4 EEL =         0.0000  VDWAALS    =      7905.4113
 EELEC  =    -51850.9094  EHBOND  =         0.0000  RESTRAINT  =         0.0000
 DV/DL  =       104.1237
 ------------------------------------------------------------------------------


| TI region  2


 NSTEP =    25000   TIME(PS) =      50.000  TEMP(K) =    82.29  PRESS =     0.0
 Etot   =    -42071.3691  EKtot   =      1866.9287  EPtot      =    -43938.2978
 BOND   =         0.4534  ANGLE   =         6.7468  DIHED      =         0.0000
 1-4 NB =         0.0000  1-4 EEL =         0.0000  VDWAALS    =      7905.4113
 EELEC  =    -51850.9094  EHBOND  =         0.0000  RESTRAINT  =         0.0000
 DV/DL  =       104.1237
 ------------------------------------------------------------------------------

 NMR restraints: Bond =    0.000   Angle =     0.000   Torsion =     0.000
===============================================================================

| TI region  1


 NSTEP =    30000   TIME(PS) =      60.000  TEMP(K) =    98.62  PRESS =     0.0
 Etot   =    -41441.7245  EKtot   =      2237.3177  EPtot      =    -43679.0423
 BOND   =         0.8588  ANGLE   =         6.4510  DIHED      =         0.0000
 1-4 NB =         0.0000  1-4 EEL =         0.0000  VDWAALS    =      8035.8736
 EELEC  =    -51722.2257  EHBOND  =         0.0000  RESTRAINT  =         0.0000
 DV/DL  =        97.9511
 ------------------------------------------------------------------------------


| TI region  2


 NSTEP =    30000   TIME(PS) =      60.000  TEMP(K) =    98.62  PRESS =     0.0
 Etot   =    -41441.7245  EKtot   =      2237.3177  EPtot      =    -43679.0423
 BOND   =         0.8588  ANGLE   =         6.4510  DIHED      =         0.0000
 1-4 NB =         0.0000  1-4 EEL =         0.0000  VDWAALS    =      8035.8736
 EELEC  =    -51722.2257  EHBOND  =         0.0000  RESTRAINT  =         0.0000
 DV/DL  =        97.9511
 ------------------------------------------------------------------------------

 NMR restraints: Bond =    0.000   Angle =     0.000   Torsion =     0.000
===============================================================================

| TI region  1


 NSTEP =    35000   TIME(PS) =      70.000  TEMP(K) =   116.18  PRESS =     0.0
 Etot   =    -40736.5264  EKtot   =      2635.6528  EPtot      =    -43372.1792
 BOND   =         0.3144  ANGLE   =         6.8060  DIHED      =         0.0000
 1-4 NB =         0.0000  1-4 EEL =         0.0000  VDWAALS    =      7917.8641
 EELEC  =    -51297.1637  EHBOND  =         0.0000  RESTRAINT  =         0.0000
 DV/DL  =        82.2029
 ------------------------------------------------------------------------------


| TI region  2


 NSTEP =    35000   TIME(PS) =      70.000  TEMP(K) =   116.18  PRESS =     0.0
 Etot   =    -40736.5264  EKtot   =      2635.6528  EPtot      =    -43372.1792
 BOND   =         0.3144  ANGLE   =         6.8060  DIHED      =         0.0000
 1-4 NB =         0.0000  1-4 EEL =         0.0000  VDWAALS    =      7917.8641
 EELEC  =    -51297.1637  EHBOND  =         0.0000  RESTRAINT  =         0.0000
 DV/DL  =        82.2029
 ------------------------------------------------------------------------------

 NMR restraints: Bond =    0.000   Angle =     0.000   Torsion =     0.000
===============================================================================

| TI region  1


 NSTEP =    40000   TIME(PS) =      80.000  TEMP(K) =   133.08  PRESS =     0.0
 Etot   =    -40047.9942  EKtot   =      3019.0620  EPtot      =    -43067.0562
 BOND   =         0.2611  ANGLE   =         6.8084  DIHED      =         0.0000
 1-4 NB =         0.0000  1-4 EEL =         0.0000  VDWAALS    =      7866.0042
 EELEC  =    -50940.1299  EHBOND  =         0.0000  RESTRAINT  =         0.0000
 DV/DL  =        76.6569
 ------------------------------------------------------------------------------


| TI region  2


 NSTEP =    40000   TIME(PS) =      80.000  TEMP(K) =   133.08  PRESS =     0.0
 Etot   =    -40047.9942  EKtot   =      3019.0620  EPtot      =    -43067.0562
 BOND   =         0.2611  ANGLE   =         6.8084  DIHED      =         0.0000
 1-4 NB =         0.0000  1-4 EEL =         0.0000  VDWAALS    =      7866.0042
 EELEC  =    -50940.1299  EHBOND  =         0.0000  RESTRAINT  =         0.0000
 DV/DL  =        76.6569
 ------------------------------------------------------------------------------

 NMR restraints: Bond =    0.000   Angle =     0.000   Torsion =     0.000
===============================================================================

| TI region  1


 NSTEP =    45000   TIME(PS) =      90.000  TEMP(K) =   151.96  PRESS =     0.0
 Etot   =    -39229.9047  EKtot   =      3447.5898  EPtot      =    -42677.4945
 BOND   =         0.2744  ANGLE   =         7.4173  DIHED      =         0.0000
 1-4 NB =         0.0000  1-4 EEL =         0.0000  VDWAALS    =      7725.1588
 EELEC  =    -50410.3449  EHBOND  =         0.0000  RESTRAINT  =         0.0000
 DV/DL  =       100.3875
 ------------------------------------------------------------------------------


| TI region  2


 NSTEP =    45000   TIME(PS) =      90.000  TEMP(K) =   151.96  PRESS =     0.0
 Etot   =    -39229.9047  EKtot   =      3447.5898  EPtot      =    -42677.4945
 BOND   =         0.2744  ANGLE   =         7.4173  DIHED      =         0.0000
 1-4 NB =         0.0000  1-4 EEL =         0.0000  VDWAALS    =      7725.1588
 EELEC  =    -50410.3449  EHBOND  =         0.0000  RESTRAINT  =         0.0000
 DV/DL  =       100.3875
 ------------------------------------------------------------------------------

 NMR restraints: Bond =    0.000   Angle =     0.000   Torsion =     0.000
===============================================================================

| TI region  1


 NSTEP =    50000   TIME(PS) =     100.000  TEMP(K) =   166.45  PRESS =     0.0
 Etot   =    -38544.0035  EKtot   =      3776.1763  EPtot      =    -42320.1798
 BOND   =         0.3805  ANGLE   =         7.3311  DIHED      =         0.0000
 1-4 NB =         0.0000  1-4 EEL =         0.0000  VDWAALS    =      7586.0562
 EELEC  =    -49913.9477  EHBOND  =         0.0000  RESTRAINT  =         0.0000
 DV/DL  =       110.9043
 ------------------------------------------------------------------------------


| TI region  2


 NSTEP =    50000   TIME(PS) =     100.000  TEMP(K) =   166.45  PRESS =     0.0
 Etot   =    -38544.0035  EKtot   =      3776.1763  EPtot      =    -42320.1798
 BOND   =         0.3805  ANGLE   =         7.3311  DIHED      =         0.0000
 1-4 NB =         0.0000  1-4 EEL =         0.0000  VDWAALS    =      7586.0562
 EELEC  =    -49913.9477  EHBOND  =         0.0000  RESTRAINT  =         0.0000
 DV/DL  =       110.9043
 ------------------------------------------------------------------------------

 NMR restraints: Bond =    0.000   Angle =     0.000   Torsion =     0.000
===============================================================================

| TI region  1


 NSTEP =    55000   TIME(PS) =     110.000  TEMP(K) =   183.41  PRESS =     0.0
 Etot   =    -37677.8354  EKtot   =      4160.9674  EPtot      =    -41838.8028
 BOND   =         1.3622  ANGLE   =         6.3272  DIHED      =         0.0000
 1-4 NB =         0.0000  1-4 EEL =         0.0000  VDWAALS    =      7412.4248
 EELEC  =    -49258.9170  EHBOND  =         0.0000  RESTRAINT  =         0.0000
 DV/DL  =       118.9529
 ------------------------------------------------------------------------------


| TI region  2


 NSTEP =    55000   TIME(PS) =     110.000  TEMP(K) =   183.41  PRESS =     0.0
 Etot   =    -37677.8354  EKtot   =      4160.9674  EPtot      =    -41838.8028
 BOND   =         1.3622  ANGLE   =         6.3272  DIHED      =         0.0000
 1-4 NB =         0.0000  1-4 EEL =         0.0000  VDWAALS    =      7412.4248
 EELEC  =    -49258.9170  EHBOND  =         0.0000  RESTRAINT  =         0.0000
 DV/DL  =       118.9529
 ------------------------------------------------------------------------------

 NMR restraints: Bond =    0.000   Angle =     0.000   Torsion =     0.000
===============================================================================

| TI region  1


 NSTEP =    60000   TIME(PS) =     120.000  TEMP(K) =   197.79  PRESS =     0.0
 Etot   =    -36729.8737  EKtot   =      4487.2443  EPtot      =    -41217.1180
 BOND   =         0.2478  ANGLE   =         7.2017  DIHED      =         0.0000
 1-4 NB =         0.0000  1-4 EEL =         0.0000  VDWAALS    =      7365.5667
 EELEC  =    -48590.1341  EHBOND  =         0.0000  RESTRAINT  =         0.0000
 DV/DL  =       106.5783
 ------------------------------------------------------------------------------


| TI region  2


 NSTEP =    60000   TIME(PS) =     120.000  TEMP(K) =   197.79  PRESS =     0.0
 Etot   =    -36729.8737  EKtot   =      4487.2443  EPtot      =    -41217.1180
 BOND   =         0.2478  ANGLE   =         7.2017  DIHED      =         0.0000
 1-4 NB =         0.0000  1-4 EEL =         0.0000  VDWAALS    =      7365.5667
 EELEC  =    -48590.1341  EHBOND  =         0.0000  RESTRAINT  =         0.0000
 DV/DL  =       106.5783
 ------------------------------------------------------------------------------

 NMR restraints: Bond =    0.000   Angle =     0.000   Torsion =     0.000
===============================================================================

| TI region  1


 NSTEP =    65000   TIME(PS) =     130.000  TEMP(K) =   215.62  PRESS =     0.0
 Etot   =    -35543.4616  EKtot   =      4891.6219  EPtot      =    -40435.0834
 BOND   =         1.1438  ANGLE   =         6.8947  DIHED      =         0.0000
 1-4 NB =         0.0000  1-4 EEL =         0.0000  VDWAALS    =      6816.5879
 EELEC  =    -47259.7098  EHBOND  =         0.0000  RESTRAINT  =         0.0000
 DV/DL  =       125.5997
 ------------------------------------------------------------------------------


| TI region  2


 NSTEP =    65000   TIME(PS) =     130.000  TEMP(K) =   215.62  PRESS =     0.0
 Etot   =    -35543.4616  EKtot   =      4891.6219  EPtot      =    -40435.0834
 BOND   =         1.1438  ANGLE   =         6.8947  DIHED      =         0.0000
 1-4 NB =         0.0000  1-4 EEL =         0.0000  VDWAALS    =      6816.5879
 EELEC  =    -47259.7098  EHBOND  =         0.0000  RESTRAINT  =         0.0000
 DV/DL  =       125.5997
 ------------------------------------------------------------------------------

 NMR restraints: Bond =    0.000   Angle =     0.000   Torsion =     0.000
===============================================================================

| TI region  1


 NSTEP =    70000   TIME(PS) =     140.000  TEMP(K) =   230.56  PRESS =     0.0
 Etot   =    -34173.9977  EKtot   =      5230.6001  EPtot      =    -39404.5978
 BOND   =         2.4914  ANGLE   =         6.6972  DIHED      =         0.0000
 1-4 NB =         0.0000  1-4 EEL =         0.0000  VDWAALS    =      6580.1798
 EELEC  =    -45993.9662  EHBOND  =         0.0000  RESTRAINT  =         0.0000
 DV/DL  =       109.3234
 ------------------------------------------------------------------------------


| TI region  2


 NSTEP =    70000   TIME(PS) =     140.000  TEMP(K) =   230.56  PRESS =     0.0
 Etot   =    -34173.9977  EKtot   =      5230.6001  EPtot      =    -39404.5978
 BOND   =         2.4914  ANGLE   =         6.6972  DIHED      =         0.0000
 1-4 NB =         0.0000  1-4 EEL =         0.0000  VDWAALS    =      6580.1798
 EELEC  =    -45993.9662  EHBOND  =         0.0000  RESTRAINT  =         0.0000
 DV/DL  =       109.3234
 ------------------------------------------------------------------------------

 NMR restraints: Bond =    0.000   Angle =     0.000   Torsion =     0.000
===============================================================================

| TI region  1


 NSTEP =    75000   TIME(PS) =     150.000  TEMP(K) =   253.21  PRESS =     0.0
 Etot   =    -32436.1603  EKtot   =      5744.6150  EPtot      =    -38180.7753
 BOND   =         0.7007  ANGLE   =         7.3229  DIHED      =         0.0000
 1-4 NB =         0.0000  1-4 EEL =         0.0000  VDWAALS    =      6018.4820
 EELEC  =    -44207.2808  EHBOND  =         0.0000  RESTRAINT  =         0.0000
 DV/DL  =       122.7589
 ------------------------------------------------------------------------------


| TI region  2


 NSTEP =    75000   TIME(PS) =     150.000  TEMP(K) =   253.21  PRESS =     0.0
 Etot   =    -32436.1603  EKtot   =      5744.6150  EPtot      =    -38180.7753
 BOND   =         0.7007  ANGLE   =         7.3229  DIHED      =         0.0000
 1-4 NB =         0.0000  1-4 EEL =         0.0000  VDWAALS    =      6018.4820
 EELEC  =    -44207.2808  EHBOND  =         0.0000  RESTRAINT  =         0.0000
 DV/DL  =       122.7589
 ------------------------------------------------------------------------------

 NMR restraints: Bond =    0.000   Angle =     0.000   Torsion =     0.000
===============================================================================

| TI region  1


 NSTEP =    80000   TIME(PS) =     160.000  TEMP(K) =   262.48  PRESS =     0.0
 Etot   =    -31429.3624  EKtot   =      5954.7918  EPtot      =    -37384.1542
 BOND   =         0.9921  ANGLE   =         7.7501  DIHED      =         0.0000
 1-4 NB =         0.0000  1-4 EEL =         0.0000  VDWAALS    =      5825.6290
 EELEC  =    -43218.5254  EHBOND  =         0.0000  RESTRAINT  =         0.0000
 DV/DL  =       111.5085
 ------------------------------------------------------------------------------


| TI region  2


 NSTEP =    80000   TIME(PS) =     160.000  TEMP(K) =   262.48  PRESS =     0.0
 Etot   =    -31429.3624  EKtot   =      5954.7918  EPtot      =    -37384.1542
 BOND   =         0.9921  ANGLE   =         7.7501  DIHED      =         0.0000
 1-4 NB =         0.0000  1-4 EEL =         0.0000  VDWAALS    =      5825.6290
 EELEC  =    -43218.5254  EHBOND  =         0.0000  RESTRAINT  =         0.0000
 DV/DL  =       111.5085
 ------------------------------------------------------------------------------

 NMR restraints: Bond =    0.000   Angle =     0.000   Torsion =     0.000
===============================================================================

| TI region  1


 NSTEP =    85000   TIME(PS) =     170.000  TEMP(K) =   285.99  PRESS =     0.0
 Etot   =    -29912.5158  EKtot   =      6488.1992  EPtot      =    -36400.7151
 BOND   =         1.5326  ANGLE   =         6.8700  DIHED      =         0.0000
 1-4 NB =         0.0000  1-4 EEL =         0.0000  VDWAALS    =      5510.7637
 EELEC  =    -41919.8814  EHBOND  =         0.0000  RESTRAINT  =         0.0000
 DV/DL  =        90.0669
 ------------------------------------------------------------------------------


| TI region  2


 NSTEP =    85000   TIME(PS) =     170.000  TEMP(K) =   285.99  PRESS =     0.0
 Etot   =    -29912.5158  EKtot   =      6488.1992  EPtot      =    -36400.7151
 BOND   =         1.5326  ANGLE   =         6.8700  DIHED      =         0.0000
 1-4 NB =         0.0000  1-4 EEL =         0.0000  VDWAALS    =      5510.7637
 EELEC  =    -41919.8814  EHBOND  =         0.0000  RESTRAINT  =         0.0000
 DV/DL  =        90.0669
 ------------------------------------------------------------------------------

 NMR restraints: Bond =    0.000   Angle =     0.000   Torsion =     0.000
===============================================================================

| TI region  1


 NSTEP =    90000   TIME(PS) =     180.000  TEMP(K) =   298.61  PRESS =     0.0
 Etot   =    -28827.6368  EKtot   =      6774.5826  EPtot      =    -35602.2194
 BOND   =         1.7143  ANGLE   =         6.4539  DIHED      =         0.0000
 1-4 NB =         0.0000  1-4 EEL =         0.0000  VDWAALS    =      5235.2228
 EELEC  =    -40845.6103  EHBOND  =         0.0000  RESTRAINT  =         0.0000
 DV/DL  =        91.8506
 ------------------------------------------------------------------------------


| TI region  2


 NSTEP =    90000   TIME(PS) =     180.000  TEMP(K) =   298.61  PRESS =     0.0
 Etot   =    -28827.6368  EKtot   =      6774.5826  EPtot      =    -35602.2194
 BOND   =         1.7143  ANGLE   =         6.4539  DIHED      =         0.0000
 1-4 NB =         0.0000  1-4 EEL =         0.0000  VDWAALS    =      5235.2228
 EELEC  =    -40845.6103  EHBOND  =         0.0000  RESTRAINT  =         0.0000
 DV/DL  =        91.8506
 ------------------------------------------------------------------------------

 NMR restraints: Bond =    0.000   Angle =     0.000   Torsion =     0.000
===============================================================================

| TI region  1


 NSTEP =    95000   TIME(PS) =     190.000  TEMP(K) =   298.77  PRESS =     0.0
 Etot   =    -28709.1925  EKtot   =      6778.1588  EPtot      =    -35487.3513
 BOND   =         0.7906  ANGLE   =         7.3784  DIHED      =         0.0000
 1-4 NB =         0.0000  1-4 EEL =         0.0000  VDWAALS    =      5263.4624
 EELEC  =    -40758.9827  EHBOND  =         0.0000  RESTRAINT  =         0.0000
 DV/DL  =       108.2400
 ------------------------------------------------------------------------------


| TI region  2


 NSTEP =    95000   TIME(PS) =     190.000  TEMP(K) =   298.77  PRESS =     0.0
 Etot   =    -28709.1925  EKtot   =      6778.1588  EPtot      =    -35487.3513
 BOND   =         0.7906  ANGLE   =         7.3784  DIHED      =         0.0000
 1-4 NB =         0.0000  1-4 EEL =         0.0000  VDWAALS    =      5263.4624
 EELEC  =    -40758.9827  EHBOND  =         0.0000  RESTRAINT  =         0.0000
 DV/DL  =       108.2400
 ------------------------------------------------------------------------------

 NMR restraints: Bond =    0.000   Angle =     0.000   Torsion =     0.000
===============================================================================

| TI region  1


 NSTEP =   100000   TIME(PS) =     200.000  TEMP(K) =   298.53  PRESS =     0.0
 Etot   =    -28814.2486  EKtot   =      6772.7587  EPtot      =    -35587.0074
 BOND   =         0.4374  ANGLE   =         6.5840  DIHED      =         0.0000
 1-4 NB =         0.0000  1-4 EEL =         0.0000  VDWAALS    =      5413.2462
 EELEC  =    -41007.2750  EHBOND  =         0.0000  RESTRAINT  =         0.0000
 DV/DL  =       166.8881
 ------------------------------------------------------------------------------


| TI region  2


 NSTEP =   100000   TIME(PS) =     200.000  TEMP(K) =   298.53  PRESS =     0.0
 Etot   =    -28814.2486  EKtot   =      6772.7587  EPtot      =    -35587.0074
 BOND   =         0.4374  ANGLE   =         6.5840  DIHED      =         0.0000
 1-4 NB =         0.0000  1-4 EEL =         0.0000  VDWAALS    =      5413.2462
 EELEC  =    -41007.2750  EHBOND  =         0.0000  RESTRAINT  =         0.0000
 DV/DL  =       166.8881
 ------------------------------------------------------------------------------

 NMR restraints: Bond =    0.000   Angle =     0.000   Torsion =     0.000
===============================================================================

| TI region  1


      A V E R A G E S   O V E R      20 S T E P S


 NSTEP =   100000   TIME(PS) =     200.000  TEMP(K) =   171.86  PRESS =     0.0
 Etot   =    -37050.3119  EKtot   =      3898.9761  EPtot      =    -40949.2879
 BOND   =         0.7239  ANGLE   =         6.8625  DIHED      =         0.0000
 1-4 NB =         0.0000  1-4 EEL =         0.0000  VDWAALS    =      7042.7732
 EELEC  =    -47999.6476  EHBOND  =         0.0000  RESTRAINT  =         0.0000
 DV/DL  =       107.2686
 ------------------------------------------------------------------------------

 NMR restraints: Bond =    0.000   Angle =     0.000   Torsion =     0.000
===============================================================================

      R M S  F L U C T U A T I O N S


 NSTEP =   100000   TIME(PS) =     200.000  TEMP(K) =    92.37  PRESS =     0.0
 Etot   =      5343.9265  EKtot   =      2095.5730  EPtot      =      3293.2858
 BOND   =         0.6301  ANGLE   =         0.3973  DIHED      =         0.0000
 1-4 NB =         0.0000  1-4 EEL =         0.0000  VDWAALS    =      1068.5821
 EELEC  =      4355.9089  EHBOND  =         0.0000  RESTRAINT  =         0.0000
 DV/DL  =        18.8099
 ------------------------------------------------------------------------------


| TI region  2


      A V E R A G E S   O V E R      20 S T E P S


 NSTEP =   100000   TIME(PS) =     200.000  TEMP(K) =   171.86  PRESS =     0.0
 Etot   =    -37050.3119  EKtot   =      3898.9761  EPtot      =    -40949.2879
 BOND   =         0.7239  ANGLE   =         6.8625  DIHED      =         0.0000
 1-4 NB =         0.0000  1-4 EEL =         0.0000  VDWAALS    =      7042.7732
 EELEC  =    -47999.6476  EHBOND  =         0.0000  RESTRAINT  =         0.0000
 DV/DL  =       107.2686
 ------------------------------------------------------------------------------

 NMR restraints: Bond =    0.000   Angle =     0.000   Torsion =     0.000
===============================================================================

      R M S  F L U C T U A T I O N S


 NSTEP =   100000   TIME(PS) =     200.000  TEMP(K) =    92.37  PRESS =     0.0
 Etot   =      5343.9265  EKtot   =      2095.5730  EPtot      =      3293.2858
 BOND   =         0.6301  ANGLE   =         0.3973  DIHED      =         0.0000
 1-4 NB =         0.0000  1-4 EEL =         0.0000  VDWAALS    =      1068.5821
 EELEC  =      4355.9089  EHBOND  =         0.0000  RESTRAINT  =         0.0000
 DV/DL  =        18.8099
 ------------------------------------------------------------------------------


      DV/DL, AVERAGES OVER      20 STEPS


 NSTEP =   100000   TIME(PS) =     200.000  TEMP(K) =    92.37  PRESS =     0.0
 Etot   =         0.0000  EKtot   =         0.0000  EPtot      =       107.2686
 BOND   =         0.0000  ANGLE   =         0.0000  DIHED      =         0.0000
 1-4 NB =         0.0000  1-4 EEL =         0.0000  VDWAALS    =         0.0000
 EELEC  =       107.2686  EHBOND  =         0.0000  RESTRAINT  =         0.0000
 DV/DL  =       107.2686
 ------------------------------------------------------------------------------


 NMR restraints on final step:

--------------------------------------------------------------------------------
   5.  TIMINGS
--------------------------------------------------------------------------------

|  NonSetup CPU Time in Major Routines:
|
|     Routine           Sec        %
|     ------------------------------
|     Nonbond          46.55   32.49
|     Bond              0.00    0.00
|     Angle             0.00    0.00
|     Dihedral          0.00    0.00
|     Shake             0.69    0.48
|     RunMD            95.67   66.78
|     Other             0.36    0.25
|     ------------------------------
|     Total           143.27

|  PME Nonbond Pairlist CPU Time:
|
|     Routine              Sec        %
|     ---------------------------------
|     Set Up Cit           0.00    0.00
|     Build List           0.00    0.00
|     ---------------------------------
|     Total                0.00    0.00

|  PME Direct Force CPU Time:
|
|     Routine              Sec        %
|     ---------------------------------
|     NonBonded Calc       0.00    0.00
|     Exclude Masked       0.00    0.00
|     Other                0.25    0.17
|     ---------------------------------
|     Total                0.25    0.17

|  PME Reciprocal Force CPU Time:
|
|     Routine              Sec        %
|     ---------------------------------
|     1D bspline           0.00    0.00
|     Grid Charges         0.00    0.00
|     Scalar Sum           0.00    0.00
|     Gradient Sum         0.00    0.00
|     FFT                  0.00    0.00
|     ---------------------------------
|     Total                0.00    0.00

|  Final Performance Info:
|     -----------------------------------------------------
|     Average timings for last   10000 steps:
|     Elapsed(s) =      14.80 Per Step(ms) =       1.48
|         ns/day =     116.77   seconds/ns =     739.91
|
|     Average timings for all steps:
|     Elapsed(s) =     143.29 Per Step(ms) =       1.43
|         ns/day =     120.59   seconds/ns =     716.47
|     -----------------------------------------------------

|  Setup CPU time:            0.43 seconds
|  NonSetup CPU time:       143.27 seconds
|  Total CPU time:          143.70 seconds     0.04 hours

|  Setup wall time:           1    seconds
|  NonSetup wall time:      143    seconds
|  Total wall time:         144    seconds     0.04 hours
