
          -------------------------------------------------------
          Amber 18 PMEMD                              2018
          -------------------------------------------------------

| PMEMD implementation of SANDER, Release 18

| Run on 09/12/2020 at 22:21:24

|   Executable path: /opt/software/Amber/18-foss-2018b-AmberTools-19/bin/pmemd.cuda
| Working directory: /mnt/gs18/scratch/users/songlin3/run/1264_optimization/PO4/step1_sol/0.04794
|          Hostname: lac-193

  [-O]verwriting output

File Assignments:
|   MDIN: heat.in                                                               
|  MDOUT: heat.out                                                              
| INPCRD: min.rst                                                               
|   PARM: step1.prmtop                                                          
| RESTRT: heat.rst                                                              
|   REFC: min.rst                                                               
|  MDVEL: mdvel                                                                 
|   MDEN: mden                                                                  
|  MDCRD: heat.netcdf                                                           
| MDINFO: heat.mdinfo                                                           
|  MDFRC: mdfrc                                                                 


 Here is the input file:

nvt for free MD                                                                
 &cntrl                                                                        
  imin=0,                                                                      
  irest=0,                                                                     
  ntx=1,                                                                       
  ig=-1,                                                                       
  nstlim=100000,                                                               
  dt=0.002,                                                                    
  cut=10.0,                                                                    
  ntc=2,                                                                       
  ntf=2,                                                                       
  ntb=1,                                                                       
  ntt=3,                                                                       
  gamma_ln=2.0,                                                                
  tempi=0.0,                                                                   
  temp0=300.0,                                                                 
  ntpr=5000,                                                                   
  ntwr=5000,                                                                   
  ntwx=10000,                                                                  
  ntwv=0,                                                                      
  ioutfm=1,                                                                    
  iwrap=0,                                                                     
  nmropt=1,                                                                    
  ifsc = 0, icfe=1,                                                            
  clambda=0.04794,                                                             
  timask1=':1',                                                                
  timask2=':2', crgmask = ':2',                                                
/                                                                              
&wt TYPE='TEMP0', istep1=0, istep2=90000, value1=0.0, value2=300.0 /           
&wt TYPE='TEMP0', istep1=90001, istep2=100000, value1=300.0, value2=300.0 /    
&wt TYPE='DUMPFREQ', istep1=10000, /                                           
&wt TYPE='END', /                                                              


Note: ig = -1. Setting random seed to   876525 based on wallclock time in 
      microseconds.
| irandom = 1, using AMBER's internal random number generator (default).
 
|--------------------- INFORMATION ----------------------
| GPU (CUDA) Version of PMEMD in use: NVIDIA GPU IN USE.
|                    Version 18.0.0
| 
|                      03/25/2018
| 
| Implementation by:
|                    Ross C. Walker     (SDSC)
|                    Scott Le Grand     (nVIDIA)
| 
| Version 18 performance extensions by:
|                    David Cerutti     (Rutgers)
| 
| Precision model in use:
|      [SPFP] - Single Precision Forces, 64-bit Fixed Point
|               Accumulation. (Default)
| 
|--------------------------------------------------------
 
|----------------- CITATION INFORMATION -----------------
|
|    When publishing work that utilized the CUDA version
|    of AMBER, please cite the following in addition to
|    the regular AMBER citations:
|
|  - Romelia Salomon-Ferrer; Andreas W. Goetz; Duncan
|    Poole; Scott Le Grand; Ross C. Walker "Routine
|    microsecond molecular dynamics simulations with
|    AMBER - Part II: Particle Mesh Ewald", J. Chem.
|    Theory Comput., 2013, 9 (9), pp3878-3888,
|    DOI: 10.1021/ct400314y.
|
|  - Andreas W. Goetz; Mark J. Williamson; Dong Xu;
|    Duncan Poole; Scott Le Grand; Ross C. Walker
|    "Routine microsecond molecular dynamics simulations
|    with AMBER - Part I: Generalized Born", J. Chem.
|    Theory Comput., 2012, 8 (5), pp1542-1555.
|
|  - Scott Le Grand; Andreas W. Goetz; Ross C. Walker
|    "SPFP: Speed without compromise - a mixed precision
|    model for GPU accelerated molecular dynamics
|    simulations.", Comp. Phys. Comm., 2013, 184
|    pp374-380, DOI: 10.1016/j.cpc.2012.09.022
|
|    When publishing work that utilized the CUDA version
|    of TI, BAR, MBAR or FEP please cite the following 
|    three publications in addition to the regular AMBER 
|    GPU citations:
|
|  - Daniel J. Mermelstein; Charles Lin; Gard Nelson; 
|    Rachael Kretsch; J. Andrew McCammon; Ross C. Walker
|    "Fast and Flexible GPU Accelerated Binding 
|    Free Energy Calculations within the AMBER Molecular
|    Dynamics Package" J. Comp. Chem., 2018,
|    DOI: 10.1002/jcc.25187
|
|  - Tai-Sung Lee; Yuan Hu; Brad Sherborne; Zhuyan Guo;
|    Darrin M. York
|    "Toward Fast and Accurate Binding Affinity Prediction with
|    pmemdGTI: An Efficient Implementation of GPU-Accelerated
|    Thermodynamic Integration"
|    J. Chem. Theory Comput., 2017, 13 (7), 3077
|
|
|--------------------------------------------------------
 
|------------------- GPU DEVICE INFO --------------------
|
|            CUDA_VISIBLE_DEVICES: 0
|   CUDA Capable Devices Detected:      1
|           CUDA Device ID in use:      0
|                CUDA Device Name: Tesla K80
|     CUDA Device Global Mem Size:  11441 MB
| CUDA Device Num Multiprocessors:     13
|           CUDA Device Core Freq:   0.82 GHz
|
|--------------------------------------------------------
 
 
| Conditional Compilation Defines Used:
| PUBFFT
| BINTRAJ
| CUDA
| EMIL

| Largest sphere to fit in unit cell has radius =    22.455

| New format PARM file being parsed.
| Version =    1.000 Date = 09/12/20 Time = 21:53:15

| Note: 1-4 EEL scale factors are being read from the topology file.

| Note: 1-4 VDW scale factors are being read from the topology file.
| Duplicated    0 dihedrals

| Duplicated    0 dihedrals

--------------------------------------------------------------------------------
   1.  RESOURCE   USE: 
--------------------------------------------------------------------------------

 getting box info from netcdf restart file
 NATOM  =   11419 NTYPES =       4 NBONH =   11409 MBONA  =       8
 NTHETH =       0 MTHETA =      12 NPHIH =       0 MPHIA  =       0
 NHPARM =       0 NPARM  =       0 NNB   =   15234 NRES   =    3805
 NBONA  =       8 NTHETA =      12 NPHIA =       0 NUMBND =       3
 NUMANG =       1 NPTRA  =       0 NATYP =       4 NPHB   =       1
 IFBOX  =       2 NMXRS  =       5 IFCAP =       0 NEXTRA =       0
 NCOPY  =       0

| Coordinate Index Table dimensions:     8    8    8
| Direct force subcell size =     6.8755    6.8755    6.8755

     BOX TYPE: TRUNCATED OCTAHEDRON

--------------------------------------------------------------------------------
   2.  CONTROL  DATA  FOR  THE  RUN
--------------------------------------------------------------------------------

default_name                                                                    

General flags:
     imin    =       0, nmropt  =       1

Nature and format of input:
     ntx     =       1, irest   =       0, ntrx    =       1

Nature and format of output:
     ntxo    =       2, ntpr    =    5000, ntrx    =       1, ntwr    =    5000
     iwrap   =       0, ntwx    =   10000, ntwv    =       0, ntwe    =       0
     ioutfm  =       1, ntwprt  =       0, idecomp =       0, rbornstat=      0

Potential function:
     ntf     =       2, ntb     =       1, igb     =       0, nsnb    =      25
     ipol    =       0, gbsa    =       0, iesp    =       0
     dielc   =   1.00000, cut     =  10.00000, intdiel =   1.00000

Frozen or restrained atoms:
     ibelly  =       0, ntr     =       0

Molecular dynamics:
     nstlim  =    100000, nscm    =      1000, nrespa  =         1
     t       =   0.00000, dt      =   0.00200, vlimit  =  -1.00000

Langevin dynamics temperature regulation:
     ig      =  876525
     temp0   = 300.00000, tempi   =   0.00000, gamma_ln=   2.00000

SHAKE:
     ntc     =       2, jfastw  =       0
     tol     =   0.00001

NMR refinement options:
     iscale  =       0, noeskp  =       1, ipnlty  =       1, mxsub   =       1
     scalm   = 100.00000, pencut  =   0.10000, tausw   =   0.10000

Free energy options:
     icfe    =       1, ifsc    =       0, klambda =       1
     clambda =  0.0479, scalpha =  0.5000, scbeta  = 12.0000
     sceeorder =       2
     dynlmb =  0.0000 logdvdl =       0

| Intermolecular bonds treatment:
|     no_intermolecular_bonds =       1

| Energy averages sample interval:
|     ene_avg_sampling =    5000

Ewald parameters:
     verbose =       0, ew_type =       0, nbflag  =       1, use_pme =       1
     vdwmeth =       1, eedmeth =       1, netfrc  =       1
     Box X =   55.004   Box Y =   55.004   Box Z =   55.004
     Alpha =  109.471   Beta  =  109.471   Gamma =  109.471
     NFFT1 =   56       NFFT2 =   56       NFFT3 =   56
     Cutoff=   10.000   Tol   =0.100E-04
     Ewald Coefficient =  0.27511
     Interpolation order =    4
     TI Mask 1 :1; matches      5 atoms
     TI Mask 2 :2; matches      5 atoms
     TI region 1:   11414 atoms
     TI region 2:   11414 atoms
Removing charge of       1.2430 from atom       6
Removing charge of      -1.0605 from atom       7
Removing charge of      -1.0605 from atom       8
Removing charge of      -1.0605 from atom       9
Removing charge of      -1.0605 from atom      10
Total charge of  -2.99900001 removed from       5 atoms
     Checking for mismatched coordinates.

--------------------------------------------------------------------------------
   3.  ATOMIC COORDINATES AND VELOCITIES
--------------------------------------------------------------------------------

default_name                                                                    
 begin time read from input coords =     0.000 ps



           Begin reading energy term weight changes/NMR restraints
 WEIGHT CHANGES:
 TEMP0         0  90000    0.000000  300.000000      0      0
 TEMP0     90001 100000  300.000000  300.000000      0      0
 DUMPFREQ  10000      0    0.000000    0.000000      0      0

 RESTRAINTS:
                          ** No restraint defined **

                  Done reading weight changes/NMR restraints


 
 Number of triangulated 3-point waters found:     3803

     Sum of charges for TI region  1 =  -2.99900001
     Assuming uniform neutralizing plasma


     Sum of charges for TI region  2 =   0.00000000
     Forcing neutrality...

| Dynamic Memory, Types Used:
| Reals              565971
| Integers           434073

| Nonbonded Pairs Initial Allocation:     3453962

| GPU memory information (estimate):
| KB of GPU memory in use:         0
| KB of CPU memory in use:         0

--------------------------------------------------------------------------------
   4.  RESULTS
--------------------------------------------------------------------------------


| TI region  1


 NSTEP =        0   TIME(PS) =       0.000  TEMP(K) =     0.00  PRESS =     0.0
 Etot   =    -34859.1264  EKtot   =         0.0000  EPtot      =    -34859.1264
 BOND   =         0.0510  ANGLE   =         6.5021  DIHED      =         0.0000
 1-4 NB =         0.0000  1-4 EEL =         0.0000  VDWAALS    =      2560.8128
 EELEC  =    -37426.4924  EHBOND  =         0.0000  RESTRAINT  =         0.0000
 DV/DL  =       271.8269
 ------------------------------------------------------------------------------


| TI region  2


 NSTEP =        0   TIME(PS) =       0.000  TEMP(K) =     0.00  PRESS =     0.0
 Etot   =    -34859.1264  EKtot   =         0.0000  EPtot      =    -34859.1264
 BOND   =         0.0510  ANGLE   =         6.5021  DIHED      =         0.0000
 1-4 NB =         0.0000  1-4 EEL =         0.0000  VDWAALS    =      2560.8128
 EELEC  =    -37426.4924  EHBOND  =         0.0000  RESTRAINT  =         0.0000
 DV/DL  =       271.8269
 ------------------------------------------------------------------------------

 NMR restraints: Bond =    0.000   Angle =     0.000   Torsion =     0.000
===============================================================================

| TI region  1


 NSTEP =     5000   TIME(PS) =      10.000  TEMP(K) =    16.11  PRESS =     0.0
 Etot   =    -45261.8482  EKtot   =       365.4456  EPtot      =    -45627.2939
 BOND   =         1.4113  ANGLE   =         6.9540  DIHED      =         0.0000
 1-4 NB =         0.0000  1-4 EEL =         0.0000  VDWAALS    =      8238.7435
 EELEC  =    -53874.4026  EHBOND  =         0.0000  RESTRAINT  =         0.0000
 DV/DL  =      1122.0620
 ------------------------------------------------------------------------------


| TI region  2


 NSTEP =     5000   TIME(PS) =      10.000  TEMP(K) =    16.11  PRESS =     0.0
 Etot   =    -45261.8482  EKtot   =       365.4456  EPtot      =    -45627.2939
 BOND   =         1.4113  ANGLE   =         6.9540  DIHED      =         0.0000
 1-4 NB =         0.0000  1-4 EEL =         0.0000  VDWAALS    =      8238.7435
 EELEC  =    -53874.4026  EHBOND  =         0.0000  RESTRAINT  =         0.0000
 DV/DL  =      1122.0620
 ------------------------------------------------------------------------------

 NMR restraints: Bond =    0.000   Angle =     0.000   Torsion =     0.000
===============================================================================

| TI region  1


 NSTEP =    10000   TIME(PS) =      20.000  TEMP(K) =    32.94  PRESS =     0.0
 Etot   =    -44590.1079  EKtot   =       747.4043  EPtot      =    -45337.5122
 BOND   =         1.9068  ANGLE   =         6.7898  DIHED      =         0.0000
 1-4 NB =         0.0000  1-4 EEL =         0.0000  VDWAALS    =      8189.0391
 EELEC  =    -53535.2479  EHBOND  =         0.0000  RESTRAINT  =         0.0000
 DV/DL  =      1118.9192
 ------------------------------------------------------------------------------


| TI region  2


 NSTEP =    10000   TIME(PS) =      20.000  TEMP(K) =    32.94  PRESS =     0.0
 Etot   =    -44590.1079  EKtot   =       747.4043  EPtot      =    -45337.5122
 BOND   =         1.9068  ANGLE   =         6.7898  DIHED      =         0.0000
 1-4 NB =         0.0000  1-4 EEL =         0.0000  VDWAALS    =      8189.0391
 EELEC  =    -53535.2479  EHBOND  =         0.0000  RESTRAINT  =         0.0000
 DV/DL  =      1118.9192
 ------------------------------------------------------------------------------

 NMR restraints: Bond =    0.000   Angle =     0.000   Torsion =     0.000
===============================================================================

| TI region  1


 NSTEP =    15000   TIME(PS) =      30.000  TEMP(K) =    49.26  PRESS =     0.0
 Etot   =    -43952.1088  EKtot   =      1117.4402  EPtot      =    -45069.5490
 BOND   =         2.0012  ANGLE   =         6.5451  DIHED      =         0.0000
 1-4 NB =         0.0000  1-4 EEL =         0.0000  VDWAALS    =      8124.1359
 EELEC  =    -53202.2311  EHBOND  =         0.0000  RESTRAINT  =         0.0000
 DV/DL  =      1106.3624
 ------------------------------------------------------------------------------


| TI region  2


 NSTEP =    15000   TIME(PS) =      30.000  TEMP(K) =    49.26  PRESS =     0.0
 Etot   =    -43952.1088  EKtot   =      1117.4402  EPtot      =    -45069.5490
 BOND   =         2.0012  ANGLE   =         6.5451  DIHED      =         0.0000
 1-4 NB =         0.0000  1-4 EEL =         0.0000  VDWAALS    =      8124.1359
 EELEC  =    -53202.2311  EHBOND  =         0.0000  RESTRAINT  =         0.0000
 DV/DL  =      1106.3624
 ------------------------------------------------------------------------------

 NMR restraints: Bond =    0.000   Angle =     0.000   Torsion =     0.000
===============================================================================

| TI region  1


 NSTEP =    20000   TIME(PS) =      40.000  TEMP(K) =    66.15  PRESS =     0.0
 Etot   =    -43336.1096  EKtot   =      1500.6191  EPtot      =    -44836.7287
 BOND   =         3.3157  ANGLE   =         6.6077  DIHED      =         0.0000
 1-4 NB =         0.0000  1-4 EEL =         0.0000  VDWAALS    =      8105.3497
 EELEC  =    -52952.0017  EHBOND  =         0.0000  RESTRAINT  =         0.0000
 DV/DL  =      1134.2367
 ------------------------------------------------------------------------------


| TI region  2


 NSTEP =    20000   TIME(PS) =      40.000  TEMP(K) =    66.15  PRESS =     0.0
 Etot   =    -43336.1096  EKtot   =      1500.6191  EPtot      =    -44836.7287
 BOND   =         3.3157  ANGLE   =         6.6077  DIHED      =         0.0000
 1-4 NB =         0.0000  1-4 EEL =         0.0000  VDWAALS    =      8105.3497
 EELEC  =    -52952.0017  EHBOND  =         0.0000  RESTRAINT  =         0.0000
 DV/DL  =      1134.2367
 ------------------------------------------------------------------------------

 NMR restraints: Bond =    0.000   Angle =     0.000   Torsion =     0.000
===============================================================================

| TI region  1


 NSTEP =    25000   TIME(PS) =      50.000  TEMP(K) =    82.48  PRESS =     0.0
 Etot   =    -42703.5201  EKtot   =      1871.2382  EPtot      =    -44574.7582
 BOND   =         1.3561  ANGLE   =         7.0808  DIHED      =         0.0000
 1-4 NB =         0.0000  1-4 EEL =         0.0000  VDWAALS    =      8155.5192
 EELEC  =    -52738.7143  EHBOND  =         0.0000  RESTRAINT  =         0.0000
 DV/DL  =      1142.3497
 ------------------------------------------------------------------------------


| TI region  2


 NSTEP =    25000   TIME(PS) =      50.000  TEMP(K) =    82.48  PRESS =     0.0
 Etot   =    -42703.5201  EKtot   =      1871.2382  EPtot      =    -44574.7582
 BOND   =         1.3561  ANGLE   =         7.0808  DIHED      =         0.0000
 1-4 NB =         0.0000  1-4 EEL =         0.0000  VDWAALS    =      8155.5192
 EELEC  =    -52738.7143  EHBOND  =         0.0000  RESTRAINT  =         0.0000
 DV/DL  =      1142.3497
 ------------------------------------------------------------------------------

 NMR restraints: Bond =    0.000   Angle =     0.000   Torsion =     0.000
===============================================================================

| TI region  1


 NSTEP =    30000   TIME(PS) =      60.000  TEMP(K) =   100.08  PRESS =     0.0
 Etot   =    -42012.8987  EKtot   =      2270.4376  EPtot      =    -44283.3363
 BOND   =         3.1624  ANGLE   =         6.7259  DIHED      =         0.0000
 1-4 NB =         0.0000  1-4 EEL =         0.0000  VDWAALS    =      8091.8231
 EELEC  =    -52385.0477  EHBOND  =         0.0000  RESTRAINT  =         0.0000
 DV/DL  =      1151.9255
 ------------------------------------------------------------------------------


| TI region  2


 NSTEP =    30000   TIME(PS) =      60.000  TEMP(K) =   100.08  PRESS =     0.0
 Etot   =    -42012.8987  EKtot   =      2270.4376  EPtot      =    -44283.3363
 BOND   =         3.1624  ANGLE   =         6.7259  DIHED      =         0.0000
 1-4 NB =         0.0000  1-4 EEL =         0.0000  VDWAALS    =      8091.8231
 EELEC  =    -52385.0477  EHBOND  =         0.0000  RESTRAINT  =         0.0000
 DV/DL  =      1151.9255
 ------------------------------------------------------------------------------

 NMR restraints: Bond =    0.000   Angle =     0.000   Torsion =     0.000
===============================================================================

| TI region  1


 NSTEP =    35000   TIME(PS) =      70.000  TEMP(K) =   117.35  PRESS =     0.0
 Etot   =    -41359.6212  EKtot   =      2662.3911  EPtot      =    -44022.0123
 BOND   =         1.3325  ANGLE   =         7.5009  DIHED      =         0.0000
 1-4 NB =         0.0000  1-4 EEL =         0.0000  VDWAALS    =      7980.2041
 EELEC  =    -52011.0498  EHBOND  =         0.0000  RESTRAINT  =         0.0000
 DV/DL  =      1139.6044
 ------------------------------------------------------------------------------


| TI region  2


 NSTEP =    35000   TIME(PS) =      70.000  TEMP(K) =   117.35  PRESS =     0.0
 Etot   =    -41359.6212  EKtot   =      2662.3911  EPtot      =    -44022.0123
 BOND   =         1.3325  ANGLE   =         7.5009  DIHED      =         0.0000
 1-4 NB =         0.0000  1-4 EEL =         0.0000  VDWAALS    =      7980.2041
 EELEC  =    -52011.0498  EHBOND  =         0.0000  RESTRAINT  =         0.0000
 DV/DL  =      1139.6044
 ------------------------------------------------------------------------------

 NMR restraints: Bond =    0.000   Angle =     0.000   Torsion =     0.000
===============================================================================

| TI region  1


 NSTEP =    40000   TIME(PS) =      80.000  TEMP(K) =   132.16  PRESS =     0.0
 Etot   =    -40664.1592  EKtot   =      2998.2800  EPtot      =    -43662.4393
 BOND   =         2.9349  ANGLE   =         7.1234  DIHED      =         0.0000
 1-4 NB =         0.0000  1-4 EEL =         0.0000  VDWAALS    =      7909.0607
 EELEC  =    -51581.5582  EHBOND  =         0.0000  RESTRAINT  =         0.0000
 DV/DL  =      1156.3253
 ------------------------------------------------------------------------------


| TI region  2


 NSTEP =    40000   TIME(PS) =      80.000  TEMP(K) =   132.16  PRESS =     0.0
 Etot   =    -40664.1592  EKtot   =      2998.2800  EPtot      =    -43662.4393
 BOND   =         2.9349  ANGLE   =         7.1234  DIHED      =         0.0000
 1-4 NB =         0.0000  1-4 EEL =         0.0000  VDWAALS    =      7909.0607
 EELEC  =    -51581.5582  EHBOND  =         0.0000  RESTRAINT  =         0.0000
 DV/DL  =      1156.3253
 ------------------------------------------------------------------------------

 NMR restraints: Bond =    0.000   Angle =     0.000   Torsion =     0.000
===============================================================================

| TI region  1


 NSTEP =    45000   TIME(PS) =      90.000  TEMP(K) =   151.97  PRESS =     0.0
 Etot   =    -39913.3668  EKtot   =      3447.6798  EPtot      =    -43361.0467
 BOND   =         1.9239  ANGLE   =         7.8847  DIHED      =         0.0000
 1-4 NB =         0.0000  1-4 EEL =         0.0000  VDWAALS    =      7861.8953
 EELEC  =    -51232.7505  EHBOND  =         0.0000  RESTRAINT  =         0.0000
 DV/DL  =      1124.9592
 ------------------------------------------------------------------------------


| TI region  2


 NSTEP =    45000   TIME(PS) =      90.000  TEMP(K) =   151.97  PRESS =     0.0
 Etot   =    -39913.3668  EKtot   =      3447.6798  EPtot      =    -43361.0467
 BOND   =         1.9239  ANGLE   =         7.8847  DIHED      =         0.0000
 1-4 NB =         0.0000  1-4 EEL =         0.0000  VDWAALS    =      7861.8953
 EELEC  =    -51232.7505  EHBOND  =         0.0000  RESTRAINT  =         0.0000
 DV/DL  =      1124.9592
 ------------------------------------------------------------------------------

 NMR restraints: Bond =    0.000   Angle =     0.000   Torsion =     0.000
===============================================================================

| TI region  1


 NSTEP =    50000   TIME(PS) =     100.000  TEMP(K) =   164.49  PRESS =     0.0
 Etot   =    -39240.4741  EKtot   =      3731.8333  EPtot      =    -42972.3074
 BOND   =         0.7419  ANGLE   =         7.1131  DIHED      =         0.0000
 1-4 NB =         0.0000  1-4 EEL =         0.0000  VDWAALS    =      7752.0912
 EELEC  =    -50732.2536  EHBOND  =         0.0000  RESTRAINT  =         0.0000
 DV/DL  =      1130.1871
 ------------------------------------------------------------------------------


| TI region  2


 NSTEP =    50000   TIME(PS) =     100.000  TEMP(K) =   164.49  PRESS =     0.0
 Etot   =    -39240.4741  EKtot   =      3731.8333  EPtot      =    -42972.3074
 BOND   =         0.7419  ANGLE   =         7.1131  DIHED      =         0.0000
 1-4 NB =         0.0000  1-4 EEL =         0.0000  VDWAALS    =      7752.0912
 EELEC  =    -50732.2536  EHBOND  =         0.0000  RESTRAINT  =         0.0000
 DV/DL  =      1130.1871
 ------------------------------------------------------------------------------

 NMR restraints: Bond =    0.000   Angle =     0.000   Torsion =     0.000
===============================================================================

| TI region  1


 NSTEP =    55000   TIME(PS) =     110.000  TEMP(K) =   182.62  PRESS =     0.0
 Etot   =    -38244.5029  EKtot   =      4143.0607  EPtot      =    -42387.5636
 BOND   =         1.7945  ANGLE   =         6.8576  DIHED      =         0.0000
 1-4 NB =         0.0000  1-4 EEL =         0.0000  VDWAALS    =      7438.3938
 EELEC  =    -49834.6094  EHBOND  =         0.0000  RESTRAINT  =         0.0000
 DV/DL  =      1149.6373
 ------------------------------------------------------------------------------


| TI region  2


 NSTEP =    55000   TIME(PS) =     110.000  TEMP(K) =   182.62  PRESS =     0.0
 Etot   =    -38244.5029  EKtot   =      4143.0607  EPtot      =    -42387.5636
 BOND   =         1.7945  ANGLE   =         6.8576  DIHED      =         0.0000
 1-4 NB =         0.0000  1-4 EEL =         0.0000  VDWAALS    =      7438.3938
 EELEC  =    -49834.6094  EHBOND  =         0.0000  RESTRAINT  =         0.0000
 DV/DL  =      1149.6373
 ------------------------------------------------------------------------------

 NMR restraints: Bond =    0.000   Angle =     0.000   Torsion =     0.000
===============================================================================

| TI region  1


 NSTEP =    60000   TIME(PS) =     120.000  TEMP(K) =   200.96  PRESS =     0.0
 Etot   =    -37318.1088  EKtot   =      4559.1863  EPtot      =    -41877.2951
 BOND   =         2.6891  ANGLE   =         9.7816  DIHED      =         0.0000
 1-4 NB =         0.0000  1-4 EEL =         0.0000  VDWAALS    =      7339.5475
 EELEC  =    -49229.3134  EHBOND  =         0.0000  RESTRAINT  =         0.0000
 DV/DL  =      1181.9586
 ------------------------------------------------------------------------------


| TI region  2


 NSTEP =    60000   TIME(PS) =     120.000  TEMP(K) =   200.96  PRESS =     0.0
 Etot   =    -37318.1088  EKtot   =      4559.1863  EPtot      =    -41877.2951
 BOND   =         2.6891  ANGLE   =         9.7816  DIHED      =         0.0000
 1-4 NB =         0.0000  1-4 EEL =         0.0000  VDWAALS    =      7339.5475
 EELEC  =    -49229.3134  EHBOND  =         0.0000  RESTRAINT  =         0.0000
 DV/DL  =      1181.9586
 ------------------------------------------------------------------------------

 NMR restraints: Bond =    0.000   Angle =     0.000   Torsion =     0.000
===============================================================================

| TI region  1


 NSTEP =    65000   TIME(PS) =     130.000  TEMP(K) =   215.63  PRESS =     0.0
 Etot   =    -36092.9045  EKtot   =      4891.8357  EPtot      =    -40984.7402
 BOND   =         1.4931  ANGLE   =         7.0599  DIHED      =         0.0000
 1-4 NB =         0.0000  1-4 EEL =         0.0000  VDWAALS    =      7053.8637
 EELEC  =    -48047.1568  EHBOND  =         0.0000  RESTRAINT  =         0.0000
 DV/DL  =      1119.8383
 ------------------------------------------------------------------------------


| TI region  2


 NSTEP =    65000   TIME(PS) =     130.000  TEMP(K) =   215.63  PRESS =     0.0
 Etot   =    -36092.9045  EKtot   =      4891.8357  EPtot      =    -40984.7402
 BOND   =         1.4931  ANGLE   =         7.0599  DIHED      =         0.0000
 1-4 NB =         0.0000  1-4 EEL =         0.0000  VDWAALS    =      7053.8637
 EELEC  =    -48047.1568  EHBOND  =         0.0000  RESTRAINT  =         0.0000
 DV/DL  =      1119.8383
 ------------------------------------------------------------------------------

 NMR restraints: Bond =    0.000   Angle =     0.000   Torsion =     0.000
===============================================================================

| TI region  1


 NSTEP =    70000   TIME(PS) =     140.000  TEMP(K) =   235.18  PRESS =     0.0
 Etot   =    -34618.6161  EKtot   =      5335.3748  EPtot      =    -39953.9909
 BOND   =         1.0254  ANGLE   =         7.9345  DIHED      =         0.0000
 1-4 NB =         0.0000  1-4 EEL =         0.0000  VDWAALS    =      6445.2947
 EELEC  =    -46408.2456  EHBOND  =         0.0000  RESTRAINT  =         0.0000
 DV/DL  =      1133.9524
 ------------------------------------------------------------------------------


| TI region  2


 NSTEP =    70000   TIME(PS) =     140.000  TEMP(K) =   235.18  PRESS =     0.0
 Etot   =    -34618.6161  EKtot   =      5335.3748  EPtot      =    -39953.9909
 BOND   =         1.0254  ANGLE   =         7.9345  DIHED      =         0.0000
 1-4 NB =         0.0000  1-4 EEL =         0.0000  VDWAALS    =      6445.2947
 EELEC  =    -46408.2456  EHBOND  =         0.0000  RESTRAINT  =         0.0000
 DV/DL  =      1133.9524
 ------------------------------------------------------------------------------

 NMR restraints: Bond =    0.000   Angle =     0.000   Torsion =     0.000
===============================================================================

| TI region  1


 NSTEP =    75000   TIME(PS) =     150.000  TEMP(K) =   251.15  PRESS =     0.0
 Etot   =    -33063.8483  EKtot   =      5697.7351  EPtot      =    -38761.5834
 BOND   =         5.0370  ANGLE   =         7.5143  DIHED      =         0.0000
 1-4 NB =         0.0000  1-4 EEL =         0.0000  VDWAALS    =      5925.0067
 EELEC  =    -44699.1415  EHBOND  =         0.0000  RESTRAINT  =         0.0000
 DV/DL  =      1107.9451
 ------------------------------------------------------------------------------


| TI region  2


 NSTEP =    75000   TIME(PS) =     150.000  TEMP(K) =   251.15  PRESS =     0.0
 Etot   =    -33063.8483  EKtot   =      5697.7351  EPtot      =    -38761.5834
 BOND   =         5.0370  ANGLE   =         7.5143  DIHED      =         0.0000
 1-4 NB =         0.0000  1-4 EEL =         0.0000  VDWAALS    =      5925.0067
 EELEC  =    -44699.1415  EHBOND  =         0.0000  RESTRAINT  =         0.0000
 DV/DL  =      1107.9451
 ------------------------------------------------------------------------------

 NMR restraints: Bond =    0.000   Angle =     0.000   Torsion =     0.000
===============================================================================

| TI region  1


 NSTEP =    80000   TIME(PS) =     160.000  TEMP(K) =   268.15  PRESS =     0.0
 Etot   =    -31718.8611  EKtot   =      6083.3575  EPtot      =    -37802.2186
 BOND   =         2.4085  ANGLE   =         6.5217  DIHED      =         0.0000
 1-4 NB =         0.0000  1-4 EEL =         0.0000  VDWAALS    =      5799.4673
 EELEC  =    -43610.6162  EHBOND  =         0.0000  RESTRAINT  =         0.0000
 DV/DL  =      1136.8425
 ------------------------------------------------------------------------------


| TI region  2


 NSTEP =    80000   TIME(PS) =     160.000  TEMP(K) =   268.15  PRESS =     0.0
 Etot   =    -31718.8611  EKtot   =      6083.3575  EPtot      =    -37802.2186
 BOND   =         2.4085  ANGLE   =         6.5217  DIHED      =         0.0000
 1-4 NB =         0.0000  1-4 EEL =         0.0000  VDWAALS    =      5799.4673
 EELEC  =    -43610.6162  EHBOND  =         0.0000  RESTRAINT  =         0.0000
 DV/DL  =      1136.8425
 ------------------------------------------------------------------------------

 NMR restraints: Bond =    0.000   Angle =     0.000   Torsion =     0.000
===============================================================================

| TI region  1


 NSTEP =    85000   TIME(PS) =     170.000  TEMP(K) =   283.06  PRESS =     0.0
 Etot   =    -30632.2862  EKtot   =      6421.6280  EPtot      =    -37053.9141
 BOND   =         1.9980  ANGLE   =         7.3480  DIHED      =         0.0000
 1-4 NB =         0.0000  1-4 EEL =         0.0000  VDWAALS    =      5540.7944
 EELEC  =    -42604.0545  EHBOND  =         0.0000  RESTRAINT  =         0.0000
 DV/DL  =      1068.2464
 ------------------------------------------------------------------------------


| TI region  2


 NSTEP =    85000   TIME(PS) =     170.000  TEMP(K) =   283.06  PRESS =     0.0
 Etot   =    -30632.2862  EKtot   =      6421.6280  EPtot      =    -37053.9141
 BOND   =         1.9980  ANGLE   =         7.3480  DIHED      =         0.0000
 1-4 NB =         0.0000  1-4 EEL =         0.0000  VDWAALS    =      5540.7944
 EELEC  =    -42604.0545  EHBOND  =         0.0000  RESTRAINT  =         0.0000
 DV/DL  =      1068.2464
 ------------------------------------------------------------------------------

 NMR restraints: Bond =    0.000   Angle =     0.000   Torsion =     0.000
===============================================================================

| TI region  1


 NSTEP =    90000   TIME(PS) =     180.000  TEMP(K) =   300.59  PRESS =     0.0
 Etot   =    -29512.3191  EKtot   =      6819.4355  EPtot      =    -36331.7546
 BOND   =         1.5289  ANGLE   =         6.6076  DIHED      =         0.0000
 1-4 NB =         0.0000  1-4 EEL =         0.0000  VDWAALS    =      5349.4017
 EELEC  =    -41689.2928  EHBOND  =         0.0000  RESTRAINT  =         0.0000
 DV/DL  =      1145.2849
 ------------------------------------------------------------------------------


| TI region  2


 NSTEP =    90000   TIME(PS) =     180.000  TEMP(K) =   300.59  PRESS =     0.0
 Etot   =    -29512.3191  EKtot   =      6819.4355  EPtot      =    -36331.7546
 BOND   =         1.5289  ANGLE   =         6.6076  DIHED      =         0.0000
 1-4 NB =         0.0000  1-4 EEL =         0.0000  VDWAALS    =      5349.4017
 EELEC  =    -41689.2928  EHBOND  =         0.0000  RESTRAINT  =         0.0000
 DV/DL  =      1145.2849
 ------------------------------------------------------------------------------

 NMR restraints: Bond =    0.000   Angle =     0.000   Torsion =     0.000
===============================================================================

| TI region  1


 NSTEP =    95000   TIME(PS) =     190.000  TEMP(K) =   302.80  PRESS =     0.0
 Etot   =    -29273.0403  EKtot   =      6869.6095  EPtot      =    -36142.6498
 BOND   =         3.4443  ANGLE   =         8.5595  DIHED      =         0.0000
 1-4 NB =         0.0000  1-4 EEL =         0.0000  VDWAALS    =      5214.4792
 EELEC  =    -41369.1328  EHBOND  =         0.0000  RESTRAINT  =         0.0000
 DV/DL  =      1130.8565
 ------------------------------------------------------------------------------


| TI region  2


 NSTEP =    95000   TIME(PS) =     190.000  TEMP(K) =   302.80  PRESS =     0.0
 Etot   =    -29273.0403  EKtot   =      6869.6095  EPtot      =    -36142.6498
 BOND   =         3.4443  ANGLE   =         8.5595  DIHED      =         0.0000
 1-4 NB =         0.0000  1-4 EEL =         0.0000  VDWAALS    =      5214.4792
 EELEC  =    -41369.1328  EHBOND  =         0.0000  RESTRAINT  =         0.0000
 DV/DL  =      1130.8565
 ------------------------------------------------------------------------------

 NMR restraints: Bond =    0.000   Angle =     0.000   Torsion =     0.000
===============================================================================

| TI region  1


 NSTEP =   100000   TIME(PS) =     200.000  TEMP(K) =   298.97  PRESS =     0.0
 Etot   =    -29276.4161  EKtot   =      6782.6649  EPtot      =    -36059.0810
 BOND   =         0.8002  ANGLE   =         8.0930  DIHED      =         0.0000
 1-4 NB =         0.0000  1-4 EEL =         0.0000  VDWAALS    =      5284.5057
 EELEC  =    -41352.4799  EHBOND  =         0.0000  RESTRAINT  =         0.0000
 DV/DL  =      1126.1882
 ------------------------------------------------------------------------------


| TI region  2


 NSTEP =   100000   TIME(PS) =     200.000  TEMP(K) =   298.97  PRESS =     0.0
 Etot   =    -29276.4161  EKtot   =      6782.6649  EPtot      =    -36059.0810
 BOND   =         0.8002  ANGLE   =         8.0930  DIHED      =         0.0000
 1-4 NB =         0.0000  1-4 EEL =         0.0000  VDWAALS    =      5284.5057
 EELEC  =    -41352.4799  EHBOND  =         0.0000  RESTRAINT  =         0.0000
 DV/DL  =      1126.1882
 ------------------------------------------------------------------------------

 NMR restraints: Bond =    0.000   Angle =     0.000   Torsion =     0.000
===============================================================================

| TI region  1


      A V E R A G E S   O V E R      20 S T E P S


 NSTEP =   100000   TIME(PS) =     200.000  TEMP(K) =   172.60  PRESS =     0.0
 Etot   =    -37639.2559  EKtot   =      3915.8329  EPtot      =    -41555.0888
 BOND   =         2.1153  ANGLE   =         7.3302  DIHED      =         0.0000
 1-4 NB =         0.0000  1-4 EEL =         0.0000  VDWAALS    =      7089.9308
 EELEC  =    -48654.4650  EHBOND  =         0.0000  RESTRAINT  =         0.0000
 DV/DL  =      1131.3841
 ------------------------------------------------------------------------------

 NMR restraints: Bond =    0.000   Angle =     0.000   Torsion =     0.000
===============================================================================

      R M S  F L U C T U A T I O N S


 NSTEP =   100000   TIME(PS) =     200.000  TEMP(K) =    92.89  PRESS =     0.0
 Etot   =      5372.4874  EKtot   =      2107.3939  EPtot      =      3308.9748
 BOND   =         1.0333  ANGLE   =         0.7874  DIHED      =         0.0000
 1-4 NB =         0.0000  1-4 EEL =         0.0000  VDWAALS    =      1120.1508
 EELEC  =      4423.5567  EHBOND  =         0.0000  RESTRAINT  =         0.0000
 DV/DL  =        22.3248
 ------------------------------------------------------------------------------


| TI region  2


      A V E R A G E S   O V E R      20 S T E P S


 NSTEP =   100000   TIME(PS) =     200.000  TEMP(K) =   172.60  PRESS =     0.0
 Etot   =    -37639.2559  EKtot   =      3915.8329  EPtot      =    -41555.0888
 BOND   =         2.1153  ANGLE   =         7.3302  DIHED      =         0.0000
 1-4 NB =         0.0000  1-4 EEL =         0.0000  VDWAALS    =      7089.9308
 EELEC  =    -48654.4650  EHBOND  =         0.0000  RESTRAINT  =         0.0000
 DV/DL  =      1131.3841
 ------------------------------------------------------------------------------

 NMR restraints: Bond =    0.000   Angle =     0.000   Torsion =     0.000
===============================================================================

      R M S  F L U C T U A T I O N S


 NSTEP =   100000   TIME(PS) =     200.000  TEMP(K) =    92.89  PRESS =     0.0
 Etot   =      5372.4874  EKtot   =      2107.3939  EPtot      =      3308.9748
 BOND   =         1.0333  ANGLE   =         0.7874  DIHED      =         0.0000
 1-4 NB =         0.0000  1-4 EEL =         0.0000  VDWAALS    =      1120.1508
 EELEC  =      4423.5567  EHBOND  =         0.0000  RESTRAINT  =         0.0000
 DV/DL  =        22.3248
 ------------------------------------------------------------------------------


      DV/DL, AVERAGES OVER      20 STEPS


 NSTEP =   100000   TIME(PS) =     200.000  TEMP(K) =    92.89  PRESS =     0.0
 Etot   =         0.0000  EKtot   =         0.0000  EPtot      =      1131.3841
 BOND   =         0.0000  ANGLE   =         0.0000  DIHED      =         0.0000
 1-4 NB =         0.0000  1-4 EEL =         0.0000  VDWAALS    =         0.0000
 EELEC  =      1131.3841  EHBOND  =         0.0000  RESTRAINT  =         0.0000
 DV/DL  =      1131.3841
 ------------------------------------------------------------------------------


 NMR restraints on final step:

--------------------------------------------------------------------------------
   5.  TIMINGS
--------------------------------------------------------------------------------

|  NonSetup CPU Time in Major Routines:
|
|     Routine           Sec        %
|     ------------------------------
|     Nonbond          43.56   30.43
|     Bond              0.00    0.00
|     Angle             0.00    0.00
|     Dihedral          0.00    0.00
|     Shake             0.60    0.42
|     RunMD            98.64   68.93
|     Other             0.32    0.22
|     ------------------------------
|     Total           143.11

|  PME Nonbond Pairlist CPU Time:
|
|     Routine              Sec        %
|     ---------------------------------
|     Set Up Cit           0.00    0.00
|     Build List           0.00    0.00
|     ---------------------------------
|     Total                0.00    0.00

|  PME Direct Force CPU Time:
|
|     Routine              Sec        %
|     ---------------------------------
|     NonBonded Calc       0.00    0.00
|     Exclude Masked       0.00    0.00
|     Other                0.21    0.15
|     ---------------------------------
|     Total                0.21    0.15

|  PME Reciprocal Force CPU Time:
|
|     Routine              Sec        %
|     ---------------------------------
|     1D bspline           0.00    0.00
|     Grid Charges         0.00    0.00
|     Scalar Sum           0.00    0.00
|     Gradient Sum         0.00    0.00
|     FFT                  0.00    0.00
|     ---------------------------------
|     Total                0.00    0.00

|  Final Performance Info:
|     -----------------------------------------------------
|     Average timings for last   10000 steps:
|     Elapsed(s) =      14.78 Per Step(ms) =       1.48
|         ns/day =     116.93   seconds/ns =     738.90
|
|     Average timings for all steps:
|     Elapsed(s) =     143.24 Per Step(ms) =       1.43
|         ns/day =     120.64   seconds/ns =     716.19
|     -----------------------------------------------------

|  Setup CPU time:            0.39 seconds
|  NonSetup CPU time:       143.11 seconds
|  Total CPU time:          143.50 seconds     0.04 hours

|  Setup wall time:           0    seconds
|  NonSetup wall time:      144    seconds
|  Total wall time:         144    seconds     0.04 hours
