
          -------------------------------------------------------
          Amber 18 PMEMD                              2018
          -------------------------------------------------------

| PMEMD implementation of SANDER, Release 18

| Run on 09/12/2020 at 22:21:36

|   Executable path: /opt/software/Amber/18-foss-2018b-AmberTools-19/bin/pmemd.cuda
| Working directory: /mnt/gs18/scratch/users/songlin3/run/1264_optimization/PO4/step1_sol/0.00922
|          Hostname: lac-086

  [-O]verwriting output

File Assignments:
|   MDIN: heat.in                                                               
|  MDOUT: heat.out                                                              
| INPCRD: min.rst                                                               
|   PARM: step1.prmtop                                                          
| RESTRT: heat.rst                                                              
|   REFC: min.rst                                                               
|  MDVEL: mdvel                                                                 
|   MDEN: mden                                                                  
|  MDCRD: heat.netcdf                                                           
| MDINFO: heat.mdinfo                                                           
|  MDFRC: mdfrc                                                                 


 Here is the input file:

nvt for free MD                                                                
 &cntrl                                                                        
  imin=0,                                                                      
  irest=0,                                                                     
  ntx=1,                                                                       
  ig=-1,                                                                       
  nstlim=100000,                                                               
  dt=0.002,                                                                    
  cut=10.0,                                                                    
  ntc=2,                                                                       
  ntf=2,                                                                       
  ntb=1,                                                                       
  ntt=3,                                                                       
  gamma_ln=2.0,                                                                
  tempi=0.0,                                                                   
  temp0=300.0,                                                                 
  ntpr=5000,                                                                   
  ntwr=5000,                                                                   
  ntwx=10000,                                                                  
  ntwv=0,                                                                      
  ioutfm=1,                                                                    
  iwrap=0,                                                                     
  nmropt=1,                                                                    
  ifsc = 0, icfe=1,                                                            
  clambda=0.00922,                                                             
  timask1=':1',                                                                
  timask2=':2', crgmask = ':2',                                                
/                                                                              
&wt TYPE='TEMP0', istep1=0, istep2=90000, value1=0.0, value2=300.0 /           
&wt TYPE='TEMP0', istep1=90001, istep2=100000, value1=300.0, value2=300.0 /    
&wt TYPE='DUMPFREQ', istep1=10000, /                                           
&wt TYPE='END', /                                                              


Note: ig = -1. Setting random seed to    29426 based on wallclock time in 
      microseconds.
| irandom = 1, using AMBER's internal random number generator (default).
 
|--------------------- INFORMATION ----------------------
| GPU (CUDA) Version of PMEMD in use: NVIDIA GPU IN USE.
|                    Version 18.0.0
| 
|                      03/25/2018
| 
| Implementation by:
|                    Ross C. Walker     (SDSC)
|                    Scott Le Grand     (nVIDIA)
| 
| Version 18 performance extensions by:
|                    David Cerutti     (Rutgers)
| 
| Precision model in use:
|      [SPFP] - Single Precision Forces, 64-bit Fixed Point
|               Accumulation. (Default)
| 
|--------------------------------------------------------
 
|----------------- CITATION INFORMATION -----------------
|
|    When publishing work that utilized the CUDA version
|    of AMBER, please cite the following in addition to
|    the regular AMBER citations:
|
|  - Romelia Salomon-Ferrer; Andreas W. Goetz; Duncan
|    Poole; Scott Le Grand; Ross C. Walker "Routine
|    microsecond molecular dynamics simulations with
|    AMBER - Part II: Particle Mesh Ewald", J. Chem.
|    Theory Comput., 2013, 9 (9), pp3878-3888,
|    DOI: 10.1021/ct400314y.
|
|  - Andreas W. Goetz; Mark J. Williamson; Dong Xu;
|    Duncan Poole; Scott Le Grand; Ross C. Walker
|    "Routine microsecond molecular dynamics simulations
|    with AMBER - Part I: Generalized Born", J. Chem.
|    Theory Comput., 2012, 8 (5), pp1542-1555.
|
|  - Scott Le Grand; Andreas W. Goetz; Ross C. Walker
|    "SPFP: Speed without compromise - a mixed precision
|    model for GPU accelerated molecular dynamics
|    simulations.", Comp. Phys. Comm., 2013, 184
|    pp374-380, DOI: 10.1016/j.cpc.2012.09.022
|
|    When publishing work that utilized the CUDA version
|    of TI, BAR, MBAR or FEP please cite the following 
|    three publications in addition to the regular AMBER 
|    GPU citations:
|
|  - Daniel J. Mermelstein; Charles Lin; Gard Nelson; 
|    Rachael Kretsch; J. Andrew McCammon; Ross C. Walker
|    "Fast and Flexible GPU Accelerated Binding 
|    Free Energy Calculations within the AMBER Molecular
|    Dynamics Package" J. Comp. Chem., 2018,
|    DOI: 10.1002/jcc.25187
|
|  - Tai-Sung Lee; Yuan Hu; Brad Sherborne; Zhuyan Guo;
|    Darrin M. York
|    "Toward Fast and Accurate Binding Affinity Prediction with
|    pmemdGTI: An Efficient Implementation of GPU-Accelerated
|    Thermodynamic Integration"
|    J. Chem. Theory Comput., 2017, 13 (7), 3077
|
|
|--------------------------------------------------------
 
|------------------- GPU DEVICE INFO --------------------
|
|            CUDA_VISIBLE_DEVICES: 0
|   CUDA Capable Devices Detected:      1
|           CUDA Device ID in use:      0
|                CUDA Device Name: Tesla K80
|     CUDA Device Global Mem Size:  12206 MB
| CUDA Device Num Multiprocessors:     13
|           CUDA Device Core Freq:   0.82 GHz
|
|--------------------------------------------------------
 
 
| Conditional Compilation Defines Used:
| PUBFFT
| BINTRAJ
| CUDA
| EMIL

| Largest sphere to fit in unit cell has radius =    22.455

| New format PARM file being parsed.
| Version =    1.000 Date = 09/12/20 Time = 21:53:15

| Note: 1-4 EEL scale factors are being read from the topology file.

| Note: 1-4 VDW scale factors are being read from the topology file.
| Duplicated    0 dihedrals

| Duplicated    0 dihedrals

--------------------------------------------------------------------------------
   1.  RESOURCE   USE: 
--------------------------------------------------------------------------------

 getting box info from netcdf restart file
 NATOM  =   11419 NTYPES =       4 NBONH =   11409 MBONA  =       8
 NTHETH =       0 MTHETA =      12 NPHIH =       0 MPHIA  =       0
 NHPARM =       0 NPARM  =       0 NNB   =   15234 NRES   =    3805
 NBONA  =       8 NTHETA =      12 NPHIA =       0 NUMBND =       3
 NUMANG =       1 NPTRA  =       0 NATYP =       4 NPHB   =       1
 IFBOX  =       2 NMXRS  =       5 IFCAP =       0 NEXTRA =       0
 NCOPY  =       0

| Coordinate Index Table dimensions:     8    8    8
| Direct force subcell size =     6.8755    6.8755    6.8755

     BOX TYPE: TRUNCATED OCTAHEDRON

--------------------------------------------------------------------------------
   2.  CONTROL  DATA  FOR  THE  RUN
--------------------------------------------------------------------------------

default_name                                                                    

General flags:
     imin    =       0, nmropt  =       1

Nature and format of input:
     ntx     =       1, irest   =       0, ntrx    =       1

Nature and format of output:
     ntxo    =       2, ntpr    =    5000, ntrx    =       1, ntwr    =    5000
     iwrap   =       0, ntwx    =   10000, ntwv    =       0, ntwe    =       0
     ioutfm  =       1, ntwprt  =       0, idecomp =       0, rbornstat=      0

Potential function:
     ntf     =       2, ntb     =       1, igb     =       0, nsnb    =      25
     ipol    =       0, gbsa    =       0, iesp    =       0
     dielc   =   1.00000, cut     =  10.00000, intdiel =   1.00000

Frozen or restrained atoms:
     ibelly  =       0, ntr     =       0

Molecular dynamics:
     nstlim  =    100000, nscm    =      1000, nrespa  =         1
     t       =   0.00000, dt      =   0.00200, vlimit  =  -1.00000

Langevin dynamics temperature regulation:
     ig      =   29426
     temp0   = 300.00000, tempi   =   0.00000, gamma_ln=   2.00000

SHAKE:
     ntc     =       2, jfastw  =       0
     tol     =   0.00001

NMR refinement options:
     iscale  =       0, noeskp  =       1, ipnlty  =       1, mxsub   =       1
     scalm   = 100.00000, pencut  =   0.10000, tausw   =   0.10000

Free energy options:
     icfe    =       1, ifsc    =       0, klambda =       1
     clambda =  0.0092, scalpha =  0.5000, scbeta  = 12.0000
     sceeorder =       2
     dynlmb =  0.0000 logdvdl =       0

| Intermolecular bonds treatment:
|     no_intermolecular_bonds =       1

| Energy averages sample interval:
|     ene_avg_sampling =    5000

Ewald parameters:
     verbose =       0, ew_type =       0, nbflag  =       1, use_pme =       1
     vdwmeth =       1, eedmeth =       1, netfrc  =       1
     Box X =   55.004   Box Y =   55.004   Box Z =   55.004
     Alpha =  109.471   Beta  =  109.471   Gamma =  109.471
     NFFT1 =   56       NFFT2 =   56       NFFT3 =   56
     Cutoff=   10.000   Tol   =0.100E-04
     Ewald Coefficient =  0.27511
     Interpolation order =    4
     TI Mask 1 :1; matches      5 atoms
     TI Mask 2 :2; matches      5 atoms
     TI region 1:   11414 atoms
     TI region 2:   11414 atoms
Removing charge of       1.2430 from atom       6
Removing charge of      -1.0605 from atom       7
Removing charge of      -1.0605 from atom       8
Removing charge of      -1.0605 from atom       9
Removing charge of      -1.0605 from atom      10
Total charge of  -2.99900001 removed from       5 atoms
     Checking for mismatched coordinates.

--------------------------------------------------------------------------------
   3.  ATOMIC COORDINATES AND VELOCITIES
--------------------------------------------------------------------------------

default_name                                                                    
 begin time read from input coords =     0.000 ps



           Begin reading energy term weight changes/NMR restraints
 WEIGHT CHANGES:
 TEMP0         0  90000    0.000000  300.000000      0      0
 TEMP0     90001 100000  300.000000  300.000000      0      0
 DUMPFREQ  10000      0    0.000000    0.000000      0      0

 RESTRAINTS:
                          ** No restraint defined **

                  Done reading weight changes/NMR restraints


 
 Number of triangulated 3-point waters found:     3803

     Sum of charges for TI region  1 =  -2.99900001
     Assuming uniform neutralizing plasma


     Sum of charges for TI region  2 =   0.00000000
     Forcing neutrality...

| Dynamic Memory, Types Used:
| Reals              565971
| Integers           434073

| Nonbonded Pairs Initial Allocation:     3453962

| GPU memory information (estimate):
| KB of GPU memory in use:         0
| KB of CPU memory in use:         0

--------------------------------------------------------------------------------
   4.  RESULTS
--------------------------------------------------------------------------------


| TI region  1


 NSTEP =        0   TIME(PS) =       0.000  TEMP(K) =     0.00  PRESS =     0.0
 Etot   =    -34871.9405  EKtot   =         0.0000  EPtot      =    -34871.9405
 BOND   =         0.0544  ANGLE   =         6.5176  DIHED      =         0.0000
 1-4 NB =         0.0000  1-4 EEL =         0.0000  VDWAALS    =      2561.7894
 EELEC  =    -37440.3019  EHBOND  =         0.0000  RESTRAINT  =         0.0000
 DV/DL  =       279.0226
 ------------------------------------------------------------------------------


| TI region  2


 NSTEP =        0   TIME(PS) =       0.000  TEMP(K) =     0.00  PRESS =     0.0
 Etot   =    -34871.9405  EKtot   =         0.0000  EPtot      =    -34871.9405
 BOND   =         0.0544  ANGLE   =         6.5176  DIHED      =         0.0000
 1-4 NB =         0.0000  1-4 EEL =         0.0000  VDWAALS    =      2561.7894
 EELEC  =    -37440.3019  EHBOND  =         0.0000  RESTRAINT  =         0.0000
 DV/DL  =       279.0226
 ------------------------------------------------------------------------------

 NMR restraints: Bond =    0.000   Angle =     0.000   Torsion =     0.000
===============================================================================

| TI region  1


 NSTEP =     5000   TIME(PS) =      10.000  TEMP(K) =    16.22  PRESS =     0.0
 Etot   =    -45340.8165  EKtot   =       367.9752  EPtot      =    -45708.7917
 BOND   =         2.2686  ANGLE   =         6.3569  DIHED      =         0.0000
 1-4 NB =         0.0000  1-4 EEL =         0.0000  VDWAALS    =      8235.8012
 EELEC  =    -53953.2183  EHBOND  =         0.0000  RESTRAINT  =         0.0000
 DV/DL  =      1180.2989
 ------------------------------------------------------------------------------


| TI region  2


 NSTEP =     5000   TIME(PS) =      10.000  TEMP(K) =    16.22  PRESS =     0.0
 Etot   =    -45340.8165  EKtot   =       367.9752  EPtot      =    -45708.7917
 BOND   =         2.2686  ANGLE   =         6.3569  DIHED      =         0.0000
 1-4 NB =         0.0000  1-4 EEL =         0.0000  VDWAALS    =      8235.8012
 EELEC  =    -53953.2183  EHBOND  =         0.0000  RESTRAINT  =         0.0000
 DV/DL  =      1180.2989
 ------------------------------------------------------------------------------

 NMR restraints: Bond =    0.000   Angle =     0.000   Torsion =     0.000
===============================================================================

| TI region  1


 NSTEP =    10000   TIME(PS) =      20.000  TEMP(K) =    32.68  PRESS =     0.0
 Etot   =    -44718.6342  EKtot   =       741.4410  EPtot      =    -45460.0751
 BOND   =         2.3335  ANGLE   =         6.5425  DIHED      =         0.0000
 1-4 NB =         0.0000  1-4 EEL =         0.0000  VDWAALS    =      8276.2805
 EELEC  =    -53745.2316  EHBOND  =         0.0000  RESTRAINT  =         0.0000
 DV/DL  =      1170.7181
 ------------------------------------------------------------------------------


| TI region  2


 NSTEP =    10000   TIME(PS) =      20.000  TEMP(K) =    32.68  PRESS =     0.0
 Etot   =    -44718.6342  EKtot   =       741.4410  EPtot      =    -45460.0751
 BOND   =         2.3335  ANGLE   =         6.5425  DIHED      =         0.0000
 1-4 NB =         0.0000  1-4 EEL =         0.0000  VDWAALS    =      8276.2805
 EELEC  =    -53745.2316  EHBOND  =         0.0000  RESTRAINT  =         0.0000
 DV/DL  =      1170.7181
 ------------------------------------------------------------------------------

 NMR restraints: Bond =    0.000   Angle =     0.000   Torsion =     0.000
===============================================================================

| TI region  1


 NSTEP =    15000   TIME(PS) =      30.000  TEMP(K) =    48.80  PRESS =     0.0
 Etot   =    -44098.5336  EKtot   =      1107.1430  EPtot      =    -45205.6766
 BOND   =         1.7893  ANGLE   =         6.7305  DIHED      =         0.0000
 1-4 NB =         0.0000  1-4 EEL =         0.0000  VDWAALS    =      8236.8914
 EELEC  =    -53451.0878  EHBOND  =         0.0000  RESTRAINT  =         0.0000
 DV/DL  =      1183.4433
 ------------------------------------------------------------------------------


| TI region  2


 NSTEP =    15000   TIME(PS) =      30.000  TEMP(K) =    48.80  PRESS =     0.0
 Etot   =    -44098.5336  EKtot   =      1107.1430  EPtot      =    -45205.6766
 BOND   =         1.7893  ANGLE   =         6.7305  DIHED      =         0.0000
 1-4 NB =         0.0000  1-4 EEL =         0.0000  VDWAALS    =      8236.8914
 EELEC  =    -53451.0878  EHBOND  =         0.0000  RESTRAINT  =         0.0000
 DV/DL  =      1183.4433
 ------------------------------------------------------------------------------

 NMR restraints: Bond =    0.000   Angle =     0.000   Torsion =     0.000
===============================================================================

| TI region  1


 NSTEP =    20000   TIME(PS) =      40.000  TEMP(K) =    66.23  PRESS =     0.0
 Etot   =    -43456.9859  EKtot   =      1502.4394  EPtot      =    -44959.4253
 BOND   =         1.6150  ANGLE   =         7.0699  DIHED      =         0.0000
 1-4 NB =         0.0000  1-4 EEL =         0.0000  VDWAALS    =      8175.6875
 EELEC  =    -53143.7978  EHBOND  =         0.0000  RESTRAINT  =         0.0000
 DV/DL  =      1157.7647
 ------------------------------------------------------------------------------


| TI region  2


 NSTEP =    20000   TIME(PS) =      40.000  TEMP(K) =    66.23  PRESS =     0.0
 Etot   =    -43456.9859  EKtot   =      1502.4394  EPtot      =    -44959.4253
 BOND   =         1.6150  ANGLE   =         7.0699  DIHED      =         0.0000
 1-4 NB =         0.0000  1-4 EEL =         0.0000  VDWAALS    =      8175.6875
 EELEC  =    -53143.7978  EHBOND  =         0.0000  RESTRAINT  =         0.0000
 DV/DL  =      1157.7647
 ------------------------------------------------------------------------------

 NMR restraints: Bond =    0.000   Angle =     0.000   Torsion =     0.000
===============================================================================

| TI region  1


 NSTEP =    25000   TIME(PS) =      50.000  TEMP(K) =    82.43  PRESS =     0.0
 Etot   =    -42821.0944  EKtot   =      1870.1595  EPtot      =    -44691.2539
 BOND   =         3.1156  ANGLE   =         6.5430  DIHED      =         0.0000
 1-4 NB =         0.0000  1-4 EEL =         0.0000  VDWAALS    =      8148.6141
 EELEC  =    -52849.5266  EHBOND  =         0.0000  RESTRAINT  =         0.0000
 DV/DL  =      1181.5265
 ------------------------------------------------------------------------------


| TI region  2


 NSTEP =    25000   TIME(PS) =      50.000  TEMP(K) =    82.43  PRESS =     0.0
 Etot   =    -42821.0944  EKtot   =      1870.1595  EPtot      =    -44691.2539
 BOND   =         3.1156  ANGLE   =         6.5430  DIHED      =         0.0000
 1-4 NB =         0.0000  1-4 EEL =         0.0000  VDWAALS    =      8148.6141
 EELEC  =    -52849.5266  EHBOND  =         0.0000  RESTRAINT  =         0.0000
 DV/DL  =      1181.5265
 ------------------------------------------------------------------------------

 NMR restraints: Bond =    0.000   Angle =     0.000   Torsion =     0.000
===============================================================================

| TI region  1


 NSTEP =    30000   TIME(PS) =      60.000  TEMP(K) =    97.52  PRESS =     0.0
 Etot   =    -42235.1178  EKtot   =      2212.4091  EPtot      =    -44447.5269
 BOND   =         3.4350  ANGLE   =         7.2618  DIHED      =         0.0000
 1-4 NB =         0.0000  1-4 EEL =         0.0000  VDWAALS    =      8136.3796
 EELEC  =    -52594.6032  EHBOND  =         0.0000  RESTRAINT  =         0.0000
 DV/DL  =      1196.3337
 ------------------------------------------------------------------------------


| TI region  2


 NSTEP =    30000   TIME(PS) =      60.000  TEMP(K) =    97.52  PRESS =     0.0
 Etot   =    -42235.1178  EKtot   =      2212.4091  EPtot      =    -44447.5269
 BOND   =         3.4350  ANGLE   =         7.2618  DIHED      =         0.0000
 1-4 NB =         0.0000  1-4 EEL =         0.0000  VDWAALS    =      8136.3796
 EELEC  =    -52594.6032  EHBOND  =         0.0000  RESTRAINT  =         0.0000
 DV/DL  =      1196.3337
 ------------------------------------------------------------------------------

 NMR restraints: Bond =    0.000   Angle =     0.000   Torsion =     0.000
===============================================================================

| TI region  1


 NSTEP =    35000   TIME(PS) =      70.000  TEMP(K) =   115.47  PRESS =     0.0
 Etot   =    -41456.9791  EKtot   =      2619.6293  EPtot      =    -44076.6085
 BOND   =         2.4551  ANGLE   =         7.1714  DIHED      =         0.0000
 1-4 NB =         0.0000  1-4 EEL =         0.0000  VDWAALS    =      8081.7877
 EELEC  =    -52168.0226  EHBOND  =         0.0000  RESTRAINT  =         0.0000
 DV/DL  =      1206.9816
 ------------------------------------------------------------------------------


| TI region  2


 NSTEP =    35000   TIME(PS) =      70.000  TEMP(K) =   115.47  PRESS =     0.0
 Etot   =    -41456.9791  EKtot   =      2619.6293  EPtot      =    -44076.6085
 BOND   =         2.4551  ANGLE   =         7.1714  DIHED      =         0.0000
 1-4 NB =         0.0000  1-4 EEL =         0.0000  VDWAALS    =      8081.7877
 EELEC  =    -52168.0226  EHBOND  =         0.0000  RESTRAINT  =         0.0000
 DV/DL  =      1206.9816
 ------------------------------------------------------------------------------

 NMR restraints: Bond =    0.000   Angle =     0.000   Torsion =     0.000
===============================================================================

| TI region  1


 NSTEP =    40000   TIME(PS) =      80.000  TEMP(K) =   132.61  PRESS =     0.0
 Etot   =    -40657.2877  EKtot   =      3008.5367  EPtot      =    -43665.8244
 BOND   =         1.4870  ANGLE   =         8.1315  DIHED      =         0.0000
 1-4 NB =         0.0000  1-4 EEL =         0.0000  VDWAALS    =      7994.3983
 EELEC  =    -51669.8412  EHBOND  =         0.0000  RESTRAINT  =         0.0000
 DV/DL  =      1179.1480
 ------------------------------------------------------------------------------


| TI region  2


 NSTEP =    40000   TIME(PS) =      80.000  TEMP(K) =   132.61  PRESS =     0.0
 Etot   =    -40657.2877  EKtot   =      3008.5367  EPtot      =    -43665.8244
 BOND   =         1.4870  ANGLE   =         8.1315  DIHED      =         0.0000
 1-4 NB =         0.0000  1-4 EEL =         0.0000  VDWAALS    =      7994.3983
 EELEC  =    -51669.8412  EHBOND  =         0.0000  RESTRAINT  =         0.0000
 DV/DL  =      1179.1480
 ------------------------------------------------------------------------------

 NMR restraints: Bond =    0.000   Angle =     0.000   Torsion =     0.000
===============================================================================

| TI region  1


 NSTEP =    45000   TIME(PS) =      90.000  TEMP(K) =   149.36  PRESS =     0.0
 Etot   =    -39933.0660  EKtot   =      3388.4469  EPtot      =    -43321.5128
 BOND   =         2.6665  ANGLE   =         8.9362  DIHED      =         0.0000
 1-4 NB =         0.0000  1-4 EEL =         0.0000  VDWAALS    =      7872.9695
 EELEC  =    -51206.0849  EHBOND  =         0.0000  RESTRAINT  =         0.0000
 DV/DL  =      1172.9861
 ------------------------------------------------------------------------------


| TI region  2


 NSTEP =    45000   TIME(PS) =      90.000  TEMP(K) =   149.36  PRESS =     0.0
 Etot   =    -39933.0660  EKtot   =      3388.4469  EPtot      =    -43321.5128
 BOND   =         2.6665  ANGLE   =         8.9362  DIHED      =         0.0000
 1-4 NB =         0.0000  1-4 EEL =         0.0000  VDWAALS    =      7872.9695
 EELEC  =    -51206.0849  EHBOND  =         0.0000  RESTRAINT  =         0.0000
 DV/DL  =      1172.9861
 ------------------------------------------------------------------------------

 NMR restraints: Bond =    0.000   Angle =     0.000   Torsion =     0.000
===============================================================================

| TI region  1


 NSTEP =    50000   TIME(PS) =     100.000  TEMP(K) =   164.86  PRESS =     0.0
 Etot   =    -39204.7550  EKtot   =      3740.0916  EPtot      =    -42944.8466
 BOND   =         2.5849  ANGLE   =         7.2903  DIHED      =         0.0000
 1-4 NB =         0.0000  1-4 EEL =         0.0000  VDWAALS    =      7786.4825
 EELEC  =    -50741.2043  EHBOND  =         0.0000  RESTRAINT  =         0.0000
 DV/DL  =      1182.7365
 ------------------------------------------------------------------------------


| TI region  2


 NSTEP =    50000   TIME(PS) =     100.000  TEMP(K) =   164.86  PRESS =     0.0
 Etot   =    -39204.7550  EKtot   =      3740.0916  EPtot      =    -42944.8466
 BOND   =         2.5849  ANGLE   =         7.2903  DIHED      =         0.0000
 1-4 NB =         0.0000  1-4 EEL =         0.0000  VDWAALS    =      7786.4825
 EELEC  =    -50741.2043  EHBOND  =         0.0000  RESTRAINT  =         0.0000
 DV/DL  =      1182.7365
 ------------------------------------------------------------------------------

 NMR restraints: Bond =    0.000   Angle =     0.000   Torsion =     0.000
===============================================================================

| TI region  1


 NSTEP =    55000   TIME(PS) =     110.000  TEMP(K) =   184.55  PRESS =     0.0
 Etot   =    -38336.9693  EKtot   =      4186.8306  EPtot      =    -42523.7999
 BOND   =         0.8296  ANGLE   =         7.0332  DIHED      =         0.0000
 1-4 NB =         0.0000  1-4 EEL =         0.0000  VDWAALS    =      7611.0318
 EELEC  =    -50142.6945  EHBOND  =         0.0000  RESTRAINT  =         0.0000
 DV/DL  =      1183.7678
 ------------------------------------------------------------------------------


| TI region  2


 NSTEP =    55000   TIME(PS) =     110.000  TEMP(K) =   184.55  PRESS =     0.0
 Etot   =    -38336.9693  EKtot   =      4186.8306  EPtot      =    -42523.7999
 BOND   =         0.8296  ANGLE   =         7.0332  DIHED      =         0.0000
 1-4 NB =         0.0000  1-4 EEL =         0.0000  VDWAALS    =      7611.0318
 EELEC  =    -50142.6945  EHBOND  =         0.0000  RESTRAINT  =         0.0000
 DV/DL  =      1183.7678
 ------------------------------------------------------------------------------

 NMR restraints: Bond =    0.000   Angle =     0.000   Torsion =     0.000
===============================================================================

| TI region  1


 NSTEP =    60000   TIME(PS) =     120.000  TEMP(K) =   197.12  PRESS =     0.0
 Etot   =    -37345.0757  EKtot   =      4472.0262  EPtot      =    -41817.1019
 BOND   =         2.5649  ANGLE   =         7.8910  DIHED      =         0.0000
 1-4 NB =         0.0000  1-4 EEL =         0.0000  VDWAALS    =      7433.0387
 EELEC  =    -49260.5965  EHBOND  =         0.0000  RESTRAINT  =         0.0000
 DV/DL  =      1169.1193
 ------------------------------------------------------------------------------


| TI region  2


 NSTEP =    60000   TIME(PS) =     120.000  TEMP(K) =   197.12  PRESS =     0.0
 Etot   =    -37345.0757  EKtot   =      4472.0262  EPtot      =    -41817.1019
 BOND   =         2.5649  ANGLE   =         7.8910  DIHED      =         0.0000
 1-4 NB =         0.0000  1-4 EEL =         0.0000  VDWAALS    =      7433.0387
 EELEC  =    -49260.5965  EHBOND  =         0.0000  RESTRAINT  =         0.0000
 DV/DL  =      1169.1193
 ------------------------------------------------------------------------------

 NMR restraints: Bond =    0.000   Angle =     0.000   Torsion =     0.000
===============================================================================

| TI region  1


 NSTEP =    65000   TIME(PS) =     130.000  TEMP(K) =   216.27  PRESS =     0.0
 Etot   =    -36167.0773  EKtot   =      4906.3704  EPtot      =    -41073.4477
 BOND   =         3.3684  ANGLE   =         7.4194  DIHED      =         0.0000
 1-4 NB =         0.0000  1-4 EEL =         0.0000  VDWAALS    =      6925.6390
 EELEC  =    -48009.8745  EHBOND  =         0.0000  RESTRAINT  =         0.0000
 DV/DL  =      1166.7265
 ------------------------------------------------------------------------------


| TI region  2


 NSTEP =    65000   TIME(PS) =     130.000  TEMP(K) =   216.27  PRESS =     0.0
 Etot   =    -36167.0773  EKtot   =      4906.3704  EPtot      =    -41073.4477
 BOND   =         3.3684  ANGLE   =         7.4194  DIHED      =         0.0000
 1-4 NB =         0.0000  1-4 EEL =         0.0000  VDWAALS    =      6925.6390
 EELEC  =    -48009.8745  EHBOND  =         0.0000  RESTRAINT  =         0.0000
 DV/DL  =      1166.7265
 ------------------------------------------------------------------------------

 NMR restraints: Bond =    0.000   Angle =     0.000   Torsion =     0.000
===============================================================================

| TI region  1


 NSTEP =    70000   TIME(PS) =     140.000  TEMP(K) =   230.12  PRESS =     0.0
 Etot   =    -34782.1317  EKtot   =      5220.7631  EPtot      =    -40002.8948
 BOND   =         2.2509  ANGLE   =         7.6046  DIHED      =         0.0000
 1-4 NB =         0.0000  1-4 EEL =         0.0000  VDWAALS    =      6598.5157
 EELEC  =    -46611.2661  EHBOND  =         0.0000  RESTRAINT  =         0.0000
 DV/DL  =      1176.4158
 ------------------------------------------------------------------------------


| TI region  2


 NSTEP =    70000   TIME(PS) =     140.000  TEMP(K) =   230.12  PRESS =     0.0
 Etot   =    -34782.1317  EKtot   =      5220.7631  EPtot      =    -40002.8948
 BOND   =         2.2509  ANGLE   =         7.6046  DIHED      =         0.0000
 1-4 NB =         0.0000  1-4 EEL =         0.0000  VDWAALS    =      6598.5157
 EELEC  =    -46611.2661  EHBOND  =         0.0000  RESTRAINT  =         0.0000
 DV/DL  =      1176.4158
 ------------------------------------------------------------------------------

 NMR restraints: Bond =    0.000   Angle =     0.000   Torsion =     0.000
===============================================================================

| TI region  1


 NSTEP =    75000   TIME(PS) =     150.000  TEMP(K) =   252.43  PRESS =     0.0
 Etot   =    -33091.8387  EKtot   =      5726.7596  EPtot      =    -38818.5983
 BOND   =         2.8649  ANGLE   =         7.0650  DIHED      =         0.0000
 1-4 NB =         0.0000  1-4 EEL =         0.0000  VDWAALS    =      6067.2734
 EELEC  =    -44895.8016  EHBOND  =         0.0000  RESTRAINT  =         0.0000
 DV/DL  =      1230.8032
 ------------------------------------------------------------------------------


| TI region  2


 NSTEP =    75000   TIME(PS) =     150.000  TEMP(K) =   252.43  PRESS =     0.0
 Etot   =    -33091.8387  EKtot   =      5726.7596  EPtot      =    -38818.5983
 BOND   =         2.8649  ANGLE   =         7.0650  DIHED      =         0.0000
 1-4 NB =         0.0000  1-4 EEL =         0.0000  VDWAALS    =      6067.2734
 EELEC  =    -44895.8016  EHBOND  =         0.0000  RESTRAINT  =         0.0000
 DV/DL  =      1230.8032
 ------------------------------------------------------------------------------

 NMR restraints: Bond =    0.000   Angle =     0.000   Torsion =     0.000
===============================================================================

| TI region  1


 NSTEP =    80000   TIME(PS) =     160.000  TEMP(K) =   264.94  PRESS =     0.0
 Etot   =    -32033.7508  EKtot   =      6010.6102  EPtot      =    -38044.3610
 BOND   =         4.3117  ANGLE   =         6.7230  DIHED      =         0.0000
 1-4 NB =         0.0000  1-4 EEL =         0.0000  VDWAALS    =      5787.2144
 EELEC  =    -43842.6100  EHBOND  =         0.0000  RESTRAINT  =         0.0000
 DV/DL  =      1186.6638
 ------------------------------------------------------------------------------


| TI region  2


 NSTEP =    80000   TIME(PS) =     160.000  TEMP(K) =   264.94  PRESS =     0.0
 Etot   =    -32033.7508  EKtot   =      6010.6102  EPtot      =    -38044.3610
 BOND   =         4.3117  ANGLE   =         6.7230  DIHED      =         0.0000
 1-4 NB =         0.0000  1-4 EEL =         0.0000  VDWAALS    =      5787.2144
 EELEC  =    -43842.6100  EHBOND  =         0.0000  RESTRAINT  =         0.0000
 DV/DL  =      1186.6638
 ------------------------------------------------------------------------------

 NMR restraints: Bond =    0.000   Angle =     0.000   Torsion =     0.000
===============================================================================

| TI region  1


 NSTEP =    85000   TIME(PS) =     170.000  TEMP(K) =   280.59  PRESS =     0.0
 Etot   =    -30775.2543  EKtot   =      6365.7807  EPtot      =    -37141.0350
 BOND   =         1.8204  ANGLE   =         7.8303  DIHED      =         0.0000
 1-4 NB =         0.0000  1-4 EEL =         0.0000  VDWAALS    =      5501.1274
 EELEC  =    -42651.8131  EHBOND  =         0.0000  RESTRAINT  =         0.0000
 DV/DL  =      1135.2830
 ------------------------------------------------------------------------------


| TI region  2


 NSTEP =    85000   TIME(PS) =     170.000  TEMP(K) =   280.59  PRESS =     0.0
 Etot   =    -30775.2543  EKtot   =      6365.7807  EPtot      =    -37141.0350
 BOND   =         1.8204  ANGLE   =         7.8303  DIHED      =         0.0000
 1-4 NB =         0.0000  1-4 EEL =         0.0000  VDWAALS    =      5501.1274
 EELEC  =    -42651.8131  EHBOND  =         0.0000  RESTRAINT  =         0.0000
 DV/DL  =      1135.2830
 ------------------------------------------------------------------------------

 NMR restraints: Bond =    0.000   Angle =     0.000   Torsion =     0.000
===============================================================================

| TI region  1


 NSTEP =    90000   TIME(PS) =     180.000  TEMP(K) =   296.83  PRESS =     0.0
 Etot   =    -29561.9392  EKtot   =      6734.0533  EPtot      =    -36295.9925
 BOND   =         2.2995  ANGLE   =         8.4728  DIHED      =         0.0000
 1-4 NB =         0.0000  1-4 EEL =         0.0000  VDWAALS    =      5180.5269
 EELEC  =    -41487.2918  EHBOND  =         0.0000  RESTRAINT  =         0.0000
 DV/DL  =      1161.0865
 ------------------------------------------------------------------------------


| TI region  2


 NSTEP =    90000   TIME(PS) =     180.000  TEMP(K) =   296.83  PRESS =     0.0
 Etot   =    -29561.9392  EKtot   =      6734.0533  EPtot      =    -36295.9925
 BOND   =         2.2995  ANGLE   =         8.4728  DIHED      =         0.0000
 1-4 NB =         0.0000  1-4 EEL =         0.0000  VDWAALS    =      5180.5269
 EELEC  =    -41487.2918  EHBOND  =         0.0000  RESTRAINT  =         0.0000
 DV/DL  =      1161.0865
 ------------------------------------------------------------------------------

 NMR restraints: Bond =    0.000   Angle =     0.000   Torsion =     0.000
===============================================================================

| TI region  1


 NSTEP =    95000   TIME(PS) =     190.000  TEMP(K) =   302.16  PRESS =     0.0
 Etot   =    -29302.2205  EKtot   =      6855.0698  EPtot      =    -36157.2903
 BOND   =         3.9811  ANGLE   =         7.8561  DIHED      =         0.0000
 1-4 NB =         0.0000  1-4 EEL =         0.0000  VDWAALS    =      5139.3652
 EELEC  =    -41308.4927  EHBOND  =         0.0000  RESTRAINT  =         0.0000
 DV/DL  =      1168.8556
 ------------------------------------------------------------------------------


| TI region  2


 NSTEP =    95000   TIME(PS) =     190.000  TEMP(K) =   302.16  PRESS =     0.0
 Etot   =    -29302.2205  EKtot   =      6855.0698  EPtot      =    -36157.2903
 BOND   =         3.9811  ANGLE   =         7.8561  DIHED      =         0.0000
 1-4 NB =         0.0000  1-4 EEL =         0.0000  VDWAALS    =      5139.3652
 EELEC  =    -41308.4927  EHBOND  =         0.0000  RESTRAINT  =         0.0000
 DV/DL  =      1168.8556
 ------------------------------------------------------------------------------

 NMR restraints: Bond =    0.000   Angle =     0.000   Torsion =     0.000
===============================================================================

| TI region  1


 NSTEP =   100000   TIME(PS) =     200.000  TEMP(K) =   296.15  PRESS =     0.0
 Etot   =    -29369.3049  EKtot   =      6718.5998  EPtot      =    -36087.9048
 BOND   =         2.7843  ANGLE   =         7.6809  DIHED      =         0.0000
 1-4 NB =         0.0000  1-4 EEL =         0.0000  VDWAALS    =      4999.3202
 EELEC  =    -41097.6902  EHBOND  =         0.0000  RESTRAINT  =         0.0000
 DV/DL  =      1179.0448
 ------------------------------------------------------------------------------


| TI region  2


 NSTEP =   100000   TIME(PS) =     200.000  TEMP(K) =   296.15  PRESS =     0.0
 Etot   =    -29369.3049  EKtot   =      6718.5998  EPtot      =    -36087.9048
 BOND   =         2.7843  ANGLE   =         7.6809  DIHED      =         0.0000
 1-4 NB =         0.0000  1-4 EEL =         0.0000  VDWAALS    =      4999.3202
 EELEC  =    -41097.6902  EHBOND  =         0.0000  RESTRAINT  =         0.0000
 DV/DL  =      1179.0448
 ------------------------------------------------------------------------------

 NMR restraints: Bond =    0.000   Angle =     0.000   Torsion =     0.000
===============================================================================

| TI region  1


      A V E R A G E S   O V E R      20 S T E P S


 NSTEP =   100000   TIME(PS) =     200.000  TEMP(K) =   171.37  PRESS =     0.0
 Etot   =    -37734.4416  EKtot   =      3887.7568  EPtot      =    -41622.1984
 BOND   =         2.5413  ANGLE   =         7.3805  DIHED      =         0.0000
 1-4 NB =         0.0000  1-4 EEL =         0.0000  VDWAALS    =      7109.4173
 EELEC  =    -48741.5375  EHBOND  =         0.0000  RESTRAINT  =         0.0000
 DV/DL  =      1178.4852
 ------------------------------------------------------------------------------

 NMR restraints: Bond =    0.000   Angle =     0.000   Torsion =     0.000
===============================================================================

      R M S  F L U C T U A T I O N S


 NSTEP =   100000   TIME(PS) =     200.000  TEMP(K) =    92.16  PRESS =     0.0
 Etot   =      5373.3056  EKtot   =      2090.8593  EPtot      =      3324.3442
 BOND   =         0.8202  ANGLE   =         0.6594  DIHED      =         0.0000
 1-4 NB =         0.0000  1-4 EEL =         0.0000  VDWAALS    =      1184.6815
 EELEC  =      4501.9499  EHBOND  =         0.0000  RESTRAINT  =         0.0000
 DV/DL  =        18.7491
 ------------------------------------------------------------------------------


| TI region  2


      A V E R A G E S   O V E R      20 S T E P S


 NSTEP =   100000   TIME(PS) =     200.000  TEMP(K) =   171.37  PRESS =     0.0
 Etot   =    -37734.4416  EKtot   =      3887.7568  EPtot      =    -41622.1984
 BOND   =         2.5413  ANGLE   =         7.3805  DIHED      =         0.0000
 1-4 NB =         0.0000  1-4 EEL =         0.0000  VDWAALS    =      7109.4173
 EELEC  =    -48741.5375  EHBOND  =         0.0000  RESTRAINT  =         0.0000
 DV/DL  =      1178.4852
 ------------------------------------------------------------------------------

 NMR restraints: Bond =    0.000   Angle =     0.000   Torsion =     0.000
===============================================================================

      R M S  F L U C T U A T I O N S


 NSTEP =   100000   TIME(PS) =     200.000  TEMP(K) =    92.16  PRESS =     0.0
 Etot   =      5373.3056  EKtot   =      2090.8593  EPtot      =      3324.3442
 BOND   =         0.8202  ANGLE   =         0.6594  DIHED      =         0.0000
 1-4 NB =         0.0000  1-4 EEL =         0.0000  VDWAALS    =      1184.6815
 EELEC  =      4501.9499  EHBOND  =         0.0000  RESTRAINT  =         0.0000
 DV/DL  =        18.7491
 ------------------------------------------------------------------------------


      DV/DL, AVERAGES OVER      20 STEPS


 NSTEP =   100000   TIME(PS) =     200.000  TEMP(K) =    92.16  PRESS =     0.0
 Etot   =         0.0000  EKtot   =         0.0000  EPtot      =      1178.4852
 BOND   =         0.0000  ANGLE   =         0.0000  DIHED      =         0.0000
 1-4 NB =         0.0000  1-4 EEL =         0.0000  VDWAALS    =         0.0000
 EELEC  =      1178.4852  EHBOND  =         0.0000  RESTRAINT  =         0.0000
 DV/DL  =      1178.4852
 ------------------------------------------------------------------------------


 NMR restraints on final step:

--------------------------------------------------------------------------------
   5.  TIMINGS
--------------------------------------------------------------------------------

|  NonSetup CPU Time in Major Routines:
|
|     Routine           Sec        %
|     ------------------------------
|     Nonbond          44.73   31.66
|     Bond              0.00    0.00
|     Angle             0.00    0.00
|     Dihedral          0.00    0.00
|     Shake             0.63    0.45
|     RunMD            95.60   67.66
|     Other             0.33    0.24
|     ------------------------------
|     Total           141.30

|  PME Nonbond Pairlist CPU Time:
|
|     Routine              Sec        %
|     ---------------------------------
|     Set Up Cit           0.00    0.00
|     Build List           0.00    0.00
|     ---------------------------------
|     Total                0.00    0.00

|  PME Direct Force CPU Time:
|
|     Routine              Sec        %
|     ---------------------------------
|     NonBonded Calc       0.00    0.00
|     Exclude Masked       0.00    0.00
|     Other                0.23    0.16
|     ---------------------------------
|     Total                0.23    0.16

|  PME Reciprocal Force CPU Time:
|
|     Routine              Sec        %
|     ---------------------------------
|     1D bspline           0.00    0.00
|     Grid Charges         0.00    0.00
|     Scalar Sum           0.00    0.00
|     Gradient Sum         0.00    0.00
|     FFT                  0.00    0.00
|     ---------------------------------
|     Total                0.00    0.00

|  Final Performance Info:
|     -----------------------------------------------------
|     Average timings for last   10000 steps:
|     Elapsed(s) =      14.50 Per Step(ms) =       1.45
|         ns/day =     119.14   seconds/ns =     725.17
|
|     Average timings for all steps:
|     Elapsed(s) =     141.43 Per Step(ms) =       1.41
|         ns/day =     122.18   seconds/ns =     707.17
|     -----------------------------------------------------

|  Setup CPU time:            0.41 seconds
|  NonSetup CPU time:       141.30 seconds
|  Total CPU time:          141.71 seconds     0.04 hours

|  Setup wall time:           0    seconds
|  NonSetup wall time:      142    seconds
|  Total wall time:         142    seconds     0.04 hours
