
          -------------------------------------------------------
          Amber 18 PMEMD                              2018
          -------------------------------------------------------

| PMEMD implementation of SANDER, Release 18

| Run on 09/18/2020 at 18:21:54

|   Executable path: /opt/software/Amber/18-foss-2018b-AmberTools-19/bin/pmemd.cuda
| Working directory: /mnt/gs18/scratch/users/songlin3/run/1264_optimization/PO4/step2_sol/0.56262
|          Hostname: lac-345

  [-O]verwriting output

File Assignments:
|   MDIN: heat.in                                                               
|  MDOUT: heat.out                                                              
| INPCRD: min.rst                                                               
|   PARM: step2.prmtop                                                          
| RESTRT: heat.rst                                                              
|   REFC: min.rst                                                               
|  MDVEL: mdvel                                                                 
|   MDEN: mden                                                                  
|  MDCRD: heat.netcdf                                                           
| MDINFO: heat.mdinfo                                                           
|  MDFRC: mdfrc                                                                 


 Here is the input file:

nvt for free MD                                                                
 &cntrl                                                                        
  imin=0,                                                                      
  irest=0,                                                                     
  ntx=1,                                                                       
  ig=-1,                                                                       
  nstlim=200000,                                                               
  dt=0.001,                                                                    
  cut=10.0,                                                                    
  ntc=1,                                                                       
  ntf=1,                                                                       
  ntb=1,                                                                       
  ntt=3,                                                                       
  gamma_ln=2.0,                                                                
  tempi=0.0,                                                                   
  temp0=300.0,                                                                 
  ntpr=5000,                                                                   
  ntwr=5000,                                                                   
  ntwx=10000,                                                                  
  ntwv=0,                                                                      
  ioutfm=1,                                                                    
  iwrap=0,                                                                     
  nmropt=1,                                                                    
  ifsc = 1, icfe=1,                                                            
  clambda=0.56262,                                                             
  timask1=':1', scmask1=':1', scmask2='',                                      
  timask2='', crgmask = ':1',                                                  
/                                                                              
&wt TYPE='TEMP0', istep1=0, istep2=190000, value1=0.0, value2=300.0 /          
&wt TYPE='TEMP0', istep1=190001, istep2=200000, value1=300.0, value2=300.0 /   
&wt TYPE='DUMPFREQ', istep1=10000, /                                           
&wt TYPE='END', /                                                              


Note: ig = -1. Setting random seed to   531664 based on wallclock time in 
      microseconds.
| irandom = 1, using AMBER's internal random number generator (default).
 
|--------------------- INFORMATION ----------------------
| GPU (CUDA) Version of PMEMD in use: NVIDIA GPU IN USE.
|                    Version 18.0.0
| 
|                      03/25/2018
| 
| Implementation by:
|                    Ross C. Walker     (SDSC)
|                    Scott Le Grand     (nVIDIA)
| 
| Version 18 performance extensions by:
|                    David Cerutti     (Rutgers)
| 
| Precision model in use:
|      [SPFP] - Single Precision Forces, 64-bit Fixed Point
|               Accumulation. (Default)
| 
|--------------------------------------------------------
 
|----------------- CITATION INFORMATION -----------------
|
|    When publishing work that utilized the CUDA version
|    of AMBER, please cite the following in addition to
|    the regular AMBER citations:
|
|  - Romelia Salomon-Ferrer; Andreas W. Goetz; Duncan
|    Poole; Scott Le Grand; Ross C. Walker "Routine
|    microsecond molecular dynamics simulations with
|    AMBER - Part II: Particle Mesh Ewald", J. Chem.
|    Theory Comput., 2013, 9 (9), pp3878-3888,
|    DOI: 10.1021/ct400314y.
|
|  - Andreas W. Goetz; Mark J. Williamson; Dong Xu;
|    Duncan Poole; Scott Le Grand; Ross C. Walker
|    "Routine microsecond molecular dynamics simulations
|    with AMBER - Part I: Generalized Born", J. Chem.
|    Theory Comput., 2012, 8 (5), pp1542-1555.
|
|  - Scott Le Grand; Andreas W. Goetz; Ross C. Walker
|    "SPFP: Speed without compromise - a mixed precision
|    model for GPU accelerated molecular dynamics
|    simulations.", Comp. Phys. Comm., 2013, 184
|    pp374-380, DOI: 10.1016/j.cpc.2012.09.022
|
|    When publishing work that utilized the CUDA version
|    of TI, BAR, MBAR or FEP please cite the following 
|    three publications in addition to the regular AMBER 
|    GPU citations:
|
|  - Daniel J. Mermelstein; Charles Lin; Gard Nelson; 
|    Rachael Kretsch; J. Andrew McCammon; Ross C. Walker
|    "Fast and Flexible GPU Accelerated Binding 
|    Free Energy Calculations within the AMBER Molecular
|    Dynamics Package" J. Comp. Chem., 2018,
|    DOI: 10.1002/jcc.25187
|
|  - Tai-Sung Lee; Yuan Hu; Brad Sherborne; Zhuyan Guo;
|    Darrin M. York
|    "Toward Fast and Accurate Binding Affinity Prediction with
|    pmemdGTI: An Efficient Implementation of GPU-Accelerated
|    Thermodynamic Integration"
|    J. Chem. Theory Comput., 2017, 13 (7), 3077
|
|
|--------------------------------------------------------
 
|------------------- GPU DEVICE INFO --------------------
|
|            CUDA_VISIBLE_DEVICES: 0
|   CUDA Capable Devices Detected:      1
|           CUDA Device ID in use:      0
|                CUDA Device Name: Tesla K80
|     CUDA Device Global Mem Size:  12206 MB
| CUDA Device Num Multiprocessors:     13
|           CUDA Device Core Freq:   0.82 GHz
|
|--------------------------------------------------------
 
 
| Conditional Compilation Defines Used:
| PUBFFT
| BINTRAJ
| CUDA
| EMIL

| Largest sphere to fit in unit cell has radius =    22.455

| New format PARM file being parsed.
| Version =    1.000 Date = 09/18/20 Time = 18:19:31

| Note: 1-4 EEL scale factors are being read from the topology file.

| Note: 1-4 VDW scale factors are being read from the topology file.
| Duplicated    0 dihedrals

| Duplicated    0 dihedrals

--------------------------------------------------------------------------------
   1.  RESOURCE   USE: 
--------------------------------------------------------------------------------

 getting box info from netcdf restart file
 NATOM  =   11414 NTYPES =       4 NBONH =   11409 MBONA  =       4
 NTHETH =       0 MTHETA =       6 NPHIH =       0 MPHIA  =       0
 NHPARM =       0 NPARM  =       0 NNB   =   15223 NRES   =    3804
 NBONA  =       4 NTHETA =       6 NPHIA =       0 NUMBND =       3
 NUMANG =       1 NPTRA  =       0 NATYP =       4 NPHB   =       1
 IFBOX  =       2 NMXRS  =       5 IFCAP =       0 NEXTRA =       0
 NCOPY  =       0

| Coordinate Index Table dimensions:     8    8    8
| Direct force subcell size =     6.8755    6.8755    6.8755

     BOX TYPE: TRUNCATED OCTAHEDRON

--------------------------------------------------------------------------------
   2.  CONTROL  DATA  FOR  THE  RUN
--------------------------------------------------------------------------------

default_name                                                                    

General flags:
     imin    =       0, nmropt  =       1

Nature and format of input:
     ntx     =       1, irest   =       0, ntrx    =       1

Nature and format of output:
     ntxo    =       2, ntpr    =    5000, ntrx    =       1, ntwr    =    5000
     iwrap   =       0, ntwx    =   10000, ntwv    =       0, ntwe    =       0
     ioutfm  =       1, ntwprt  =       0, idecomp =       0, rbornstat=      0

Potential function:
     ntf     =       1, ntb     =       1, igb     =       0, nsnb    =      25
     ipol    =       0, gbsa    =       0, iesp    =       0
     dielc   =   1.00000, cut     =  10.00000, intdiel =   1.00000

Frozen or restrained atoms:
     ibelly  =       0, ntr     =       0

Molecular dynamics:
     nstlim  =    200000, nscm    =      1000, nrespa  =         1
     t       =   0.00000, dt      =   0.00100, vlimit  =  -1.00000

Langevin dynamics temperature regulation:
     ig      =  531664
     temp0   = 300.00000, tempi   =   0.00000, gamma_ln=   2.00000

NMR refinement options:
     iscale  =       0, noeskp  =       1, ipnlty  =       1, mxsub   =       1
     scalm   = 100.00000, pencut  =   0.10000, tausw   =   0.10000

Free energy options:
     icfe    =       1, ifsc    =       1, klambda =       1
     clambda =  0.5626, scalpha =  0.5000, scbeta  = 12.0000
     sceeorder =       2
     dynlmb =  0.0000 logdvdl =       0

| Intermolecular bonds treatment:
|     no_intermolecular_bonds =       1

| Energy averages sample interval:
|     ene_avg_sampling =    5000

Ewald parameters:
     verbose =       0, ew_type =       0, nbflag  =       1, use_pme =       1
     vdwmeth =       1, eedmeth =       1, netfrc  =       1
     Box X =   55.004   Box Y =   55.004   Box Z =   55.004
     Alpha =  109.471   Beta  =  109.471   Gamma =  109.471
     NFFT1 =   56       NFFT2 =   56       NFFT3 =   56
     Cutoff=   10.000   Tol   =0.100E-04
     Ewald Coefficient =  0.27511
     Interpolation order =    4
     TI Mask 1 :1; matches      5 atoms
     TI Mask 2  matches      0 atoms
     TI region 1:   11414 atoms
     TI region 2:   11409 atoms
     SC Mask 1 :1; matches      5 atoms
Removing charge of       1.2430 from atom       1
Removing charge of      -1.0605 from atom       2
Removing charge of      -1.0605 from atom       3
Removing charge of      -1.0605 from atom       4
Removing charge of      -1.0605 from atom       5
Total charge of  -2.99900001 removed from       5 atoms
    No charge on TI atoms. Skipping extra recip sum.

--------------------------------------------------------------------------------
   3.  ATOMIC COORDINATES AND VELOCITIES
--------------------------------------------------------------------------------

default_name                                                                    
 begin time read from input coords =     0.000 ps



           Begin reading energy term weight changes/NMR restraints
 WEIGHT CHANGES:
 TEMP0         0 190000    0.000000  300.000000      0      0
 TEMP0    190001 200000  300.000000  300.000000      0      0
 DUMPFREQ  10000      0    0.000000    0.000000      0      0

 RESTRAINTS:
                          ** No restraint defined **

                  Done reading weight changes/NMR restraints


 
 Number of triangulated 3-point waters found:     3803
 Number of shake restraints removed in TI region  1 :        0
 Number of shake restraints removed in TI region  2 :        0

     Sum of charges for TI region  1 =   0.00000000
     Forcing neutrality...


     Sum of charges for TI region  2 =   0.00000000
     Forcing neutrality...

| Dynamic Memory, Types Used:
| Reals              565786
| Integers           433832

| Nonbonded Pairs Initial Allocation:     3452449

| GPU memory information (estimate):
| KB of GPU memory in use:         0
| KB of CPU memory in use:         0

--------------------------------------------------------------------------------
   4.  RESULTS
--------------------------------------------------------------------------------

   DOF for the SC part  1 of the system:   15

| TI region  1


 NSTEP =        0   TIME(PS) =       0.000  TEMP(K) =     0.00  PRESS =     0.0
 Etot   =    -48284.2556  EKtot   =         0.0000  EPtot      =    -48284.2556
 BOND   =      3841.7042  ANGLE   =        -0.0000  DIHED      =         0.0000
 1-4 NB =         0.0000  1-4 EEL =         0.0000  VDWAALS    =     10084.8811
 EELEC  =    -62210.8410  EHBOND  =         0.0000  RESTRAINT  =         0.0000
 DV/DL  =         4.9377
 ------------------------------------------------------------------------------

  Softcore part of the system:       5 atoms,       TEMP(K)    =           0.00
 SC_Etot=         6.2592  SC_EKtot=         0.0000  SC_EPtot   =         6.2592
 SC_BOND=         0.0000  SC_ANGLE=         6.2592  SC_DIHED   =         0.0000
 SC_14NB=         0.0000  SC_14EEL=         0.0000  SC_VDW     =         0.0000
 SC_EEL =         0.0000
 SC_RES_DIST=     0.0000  SC_RES_ANG=       0.0000  SC_RES_TORS=         0.0000
 SC_EEL_DER=      0.0000  SC_VDW_DER=       0.0554  SC_DERIV   =         0.0554
 ------------------------------------------------------------------------------


| TI region  2


 NSTEP =        0   TIME(PS) =       0.000  TEMP(K) =     0.00  PRESS =     0.0
 Etot   =    -48284.2556  EKtot   =         0.0000  EPtot      =    -48284.2556
 BOND   =      3841.7042  ANGLE   =        -0.0000  DIHED      =         0.0000
 1-4 NB =         0.0000  1-4 EEL =         0.0000  VDWAALS    =     10084.8811
 EELEC  =    -62210.8410  EHBOND  =         0.0000  RESTRAINT  =         0.0000
 DV/DL  =         4.9377
 ------------------------------------------------------------------------------

 NMR restraints: Bond =    0.000   Angle =     0.000   Torsion =     0.000
===============================================================================

| TI region  1


 NSTEP =     5000   TIME(PS) =       5.000  TEMP(K) =     7.25  PRESS =     0.0
 Etot   =    -48306.3216  EKtot   =       246.6743  EPtot      =    -48552.9959
 BOND   =      4037.5550  ANGLE   =         0.0000  DIHED      =         0.0000
 1-4 NB =         0.0000  1-4 EEL =         0.0000  VDWAALS    =     10661.1670
 EELEC  =    -63251.7179  EHBOND  =         0.0000  RESTRAINT  =         0.0000
 DV/DL  =         8.0754
 ------------------------------------------------------------------------------

  Softcore part of the system:       5 atoms,       TEMP(K)    =          11.10
 SC_Etot=         6.4593  SC_EKtot=         0.1655  SC_EPtot   =         6.2938
 SC_BOND=         0.0220  SC_ANGLE=         6.2718  SC_DIHED   =         0.0000
 SC_14NB=         0.0000  SC_14EEL=         0.0000  SC_VDW     =         0.0000
 SC_EEL =         0.0000
 SC_RES_DIST=     0.0000  SC_RES_ANG=       0.0000  SC_RES_TORS=         0.0000
 SC_EEL_DER=      0.0000  SC_VDW_DER=      -0.2677  SC_DERIV   =        -0.2677
 ------------------------------------------------------------------------------


| TI region  2


 NSTEP =     5000   TIME(PS) =       5.000  TEMP(K) =     7.25  PRESS =     0.0
 Etot   =    -48306.4871  EKtot   =       246.5088  EPtot      =    -48552.9959
 BOND   =      4037.5550  ANGLE   =         0.0000  DIHED      =         0.0000
 1-4 NB =         0.0000  1-4 EEL =         0.0000  VDWAALS    =     10661.1670
 EELEC  =    -63251.7179  EHBOND  =         0.0000  RESTRAINT  =         0.0000
 DV/DL  =         8.0754
 ------------------------------------------------------------------------------

 NMR restraints: Bond =    0.000   Angle =     0.000   Torsion =     0.000
===============================================================================

| TI region  1


 NSTEP =    10000   TIME(PS) =      10.000  TEMP(K) =    14.96  PRESS =     0.0
 Etot   =    -47804.4723  EKtot   =       509.0691  EPtot      =    -48313.5414
 BOND   =      4127.9562  ANGLE   =        -0.0000  DIHED      =         0.0000
 1-4 NB =         0.0000  1-4 EEL =         0.0000  VDWAALS    =     10650.7988
 EELEC  =    -63092.2964  EHBOND  =         0.0000  RESTRAINT  =         0.0000
 DV/DL  =         8.4825
 ------------------------------------------------------------------------------

  Softcore part of the system:       5 atoms,       TEMP(K)    =           6.97
 SC_Etot=         6.4943  SC_EKtot=         0.1039  SC_EPtot   =         6.3904
 SC_BOND=         0.0432  SC_ANGLE=         6.3473  SC_DIHED   =         0.0000
 SC_14NB=         0.0000  SC_14EEL=         0.0000  SC_VDW     =         0.0000
 SC_EEL =         0.0000
 SC_RES_DIST=     0.0000  SC_RES_ANG=       0.0000  SC_RES_TORS=         0.0000
 SC_EEL_DER=      0.0000  SC_VDW_DER=      -0.2715  SC_DERIV   =        -0.2715
 ------------------------------------------------------------------------------


| TI region  2


 NSTEP =    10000   TIME(PS) =      10.000  TEMP(K) =    14.97  PRESS =     0.0
 Etot   =    -47804.5762  EKtot   =       508.9652  EPtot      =    -48313.5414
 BOND   =      4127.9562  ANGLE   =        -0.0000  DIHED      =         0.0000
 1-4 NB =         0.0000  1-4 EEL =         0.0000  VDWAALS    =     10650.7988
 EELEC  =    -63092.2964  EHBOND  =         0.0000  RESTRAINT  =         0.0000
 DV/DL  =         8.4825
 ------------------------------------------------------------------------------

 NMR restraints: Bond =    0.000   Angle =     0.000   Torsion =     0.000
===============================================================================

| TI region  1


 NSTEP =    15000   TIME(PS) =      15.000  TEMP(K) =    23.12  PRESS =     0.0
 Etot   =    -47329.8667  EKtot   =       786.4717  EPtot      =    -48116.3384
 BOND   =      4223.7213  ANGLE   =        -0.0000  DIHED      =         0.0000
 1-4 NB =         0.0000  1-4 EEL =         0.0000  VDWAALS    =     10621.9827
 EELEC  =    -62962.0423  EHBOND  =         0.0000  RESTRAINT  =         0.0000
 DV/DL  =         8.9575
 ------------------------------------------------------------------------------

  Softcore part of the system:       5 atoms,       TEMP(K)    =          15.47
 SC_Etot=         6.7609  SC_EKtot=         0.2306  SC_EPtot   =         6.5302
 SC_BOND=         0.1202  SC_ANGLE=         6.4100  SC_DIHED   =         0.0000
 SC_14NB=         0.0000  SC_14EEL=         0.0000  SC_VDW     =         0.0000
 SC_EEL =         0.0000
 SC_RES_DIST=     0.0000  SC_RES_ANG=       0.0000  SC_RES_TORS=         0.0000
 SC_EEL_DER=      0.0000  SC_VDW_DER=      -0.0736  SC_DERIV   =        -0.0736
 ------------------------------------------------------------------------------


| TI region  2


 NSTEP =    15000   TIME(PS) =      15.000  TEMP(K) =    23.12  PRESS =     0.0
 Etot   =    -47330.0973  EKtot   =       786.2411  EPtot      =    -48116.3384
 BOND   =      4223.7213  ANGLE   =        -0.0000  DIHED      =         0.0000
 1-4 NB =         0.0000  1-4 EEL =         0.0000  VDWAALS    =     10621.9827
 EELEC  =    -62962.0423  EHBOND  =         0.0000  RESTRAINT  =         0.0000
 DV/DL  =         8.9575
 ------------------------------------------------------------------------------

 NMR restraints: Bond =    0.000   Angle =     0.000   Torsion =     0.000
===============================================================================

| TI region  1


 NSTEP =    20000   TIME(PS) =      20.000  TEMP(K) =    31.45  PRESS =     0.0
 Etot   =    -46877.0951  EKtot   =      1070.1295  EPtot      =    -47947.2246
 BOND   =      4411.1747  ANGLE   =        -0.0000  DIHED      =         0.0000
 1-4 NB =         0.0000  1-4 EEL =         0.0000  VDWAALS    =     10632.0108
 EELEC  =    -62990.4100  EHBOND  =         0.0000  RESTRAINT  =         0.0000
 DV/DL  =         8.9759
 ------------------------------------------------------------------------------

  Softcore part of the system:       5 atoms,       TEMP(K)    =          30.19
 SC_Etot=         7.4206  SC_EKtot=         0.4499  SC_EPtot   =         6.9707
 SC_BOND=         0.4416  SC_ANGLE=         6.5292  SC_DIHED   =         0.0000
 SC_14NB=         0.0000  SC_14EEL=         0.0000  SC_VDW     =         0.0000
 SC_EEL =         0.0000
 SC_RES_DIST=     0.0000  SC_RES_ANG=       0.0000  SC_RES_TORS=         0.0000
 SC_EEL_DER=      0.0000  SC_VDW_DER=      -0.1114  SC_DERIV   =        -0.1114
 ------------------------------------------------------------------------------


| TI region  2


 NSTEP =    20000   TIME(PS) =      20.000  TEMP(K) =    31.45  PRESS =     0.0
 Etot   =    -46877.5450  EKtot   =      1069.6796  EPtot      =    -47947.2246
 BOND   =      4411.1747  ANGLE   =        -0.0000  DIHED      =         0.0000
 1-4 NB =         0.0000  1-4 EEL =         0.0000  VDWAALS    =     10632.0108
 EELEC  =    -62990.4100  EHBOND  =         0.0000  RESTRAINT  =         0.0000
 DV/DL  =         8.9759
 ------------------------------------------------------------------------------

 NMR restraints: Bond =    0.000   Angle =     0.000   Torsion =     0.000
===============================================================================

| TI region  1


 NSTEP =    25000   TIME(PS) =      25.000  TEMP(K) =    39.07  PRESS =     0.0
 Etot   =    -46446.9586  EKtot   =      1329.3016  EPtot      =    -47776.2603
 BOND   =      4527.1276  ANGLE   =         0.0000  DIHED      =         0.0000
 1-4 NB =         0.0000  1-4 EEL =         0.0000  VDWAALS    =     10695.5219
 EELEC  =    -62998.9097  EHBOND  =         0.0000  RESTRAINT  =         0.0000
 DV/DL  =         6.7712
 ------------------------------------------------------------------------------

  Softcore part of the system:       5 atoms,       TEMP(K)    =          24.13
 SC_Etot=         6.9301  SC_EKtot=         0.3596  SC_EPtot   =         6.5705
 SC_BOND=         0.0658  SC_ANGLE=         6.5047  SC_DIHED   =         0.0000
 SC_14NB=         0.0000  SC_14EEL=         0.0000  SC_VDW     =         0.0000
 SC_EEL =         0.0000
 SC_RES_DIST=     0.0000  SC_RES_ANG=       0.0000  SC_RES_TORS=         0.0000
 SC_EEL_DER=      0.0000  SC_VDW_DER=      -1.4068  SC_DERIV   =        -1.4068
 ------------------------------------------------------------------------------


| TI region  2


 NSTEP =    25000   TIME(PS) =      25.000  TEMP(K) =    39.08  PRESS =     0.0
 Etot   =    -46447.3182  EKtot   =      1328.9421  EPtot      =    -47776.2603
 BOND   =      4527.1276  ANGLE   =         0.0000  DIHED      =         0.0000
 1-4 NB =         0.0000  1-4 EEL =         0.0000  VDWAALS    =     10695.5219
 EELEC  =    -62998.9097  EHBOND  =         0.0000  RESTRAINT  =         0.0000
 DV/DL  =         6.7712
 ------------------------------------------------------------------------------

 NMR restraints: Bond =    0.000   Angle =     0.000   Torsion =     0.000
===============================================================================

| TI region  1


 NSTEP =    30000   TIME(PS) =      30.000  TEMP(K) =    46.66  PRESS =     0.0
 Etot   =    -45977.4002  EKtot   =      1587.6606  EPtot      =    -47565.0609
 BOND   =      4570.3612  ANGLE   =        -0.0000  DIHED      =         0.0000
 1-4 NB =         0.0000  1-4 EEL =         0.0000  VDWAALS    =     10766.6064
 EELEC  =    -62902.0285  EHBOND  =         0.0000  RESTRAINT  =         0.0000
 DV/DL  =         8.8673
 ------------------------------------------------------------------------------

  Softcore part of the system:       5 atoms,       TEMP(K)    =          40.71
 SC_Etot=         7.1838  SC_EKtot=         0.6068  SC_EPtot   =         6.5770
 SC_BOND=         0.0657  SC_ANGLE=         6.5114  SC_DIHED   =         0.0000
 SC_14NB=         0.0000  SC_14EEL=         0.0000  SC_VDW     =         0.0000
 SC_EEL =         0.0000
 SC_RES_DIST=     0.0000  SC_RES_ANG=       0.0000  SC_RES_TORS=         0.0000
 SC_EEL_DER=      0.0000  SC_VDW_DER=      -0.1456  SC_DERIV   =        -0.1456
 ------------------------------------------------------------------------------


| TI region  2


 NSTEP =    30000   TIME(PS) =      30.000  TEMP(K) =    46.67  PRESS =     0.0
 Etot   =    -45978.0070  EKtot   =      1587.0539  EPtot      =    -47565.0609
 BOND   =      4570.3612  ANGLE   =        -0.0000  DIHED      =         0.0000
 1-4 NB =         0.0000  1-4 EEL =         0.0000  VDWAALS    =     10766.6064
 EELEC  =    -62902.0285  EHBOND  =         0.0000  RESTRAINT  =         0.0000
 DV/DL  =         8.8673
 ------------------------------------------------------------------------------

 NMR restraints: Bond =    0.000   Angle =     0.000   Torsion =     0.000
===============================================================================

| TI region  1


 NSTEP =    35000   TIME(PS) =      35.000  TEMP(K) =    54.86  PRESS =     0.0
 Etot   =    -45499.5905  EKtot   =      1866.5986  EPtot      =    -47366.1891
 BOND   =      4659.2328  ANGLE   =         0.0000  DIHED      =         0.0000
 1-4 NB =         0.0000  1-4 EEL =         0.0000  VDWAALS    =     10796.8430
 EELEC  =    -62822.2649  EHBOND  =         0.0000  RESTRAINT  =         0.0000
 DV/DL  =         8.7426
 ------------------------------------------------------------------------------

  Softcore part of the system:       5 atoms,       TEMP(K)    =          34.23
 SC_Etot=         7.3955  SC_EKtot=         0.5101  SC_EPtot   =         6.8854
 SC_BOND=         0.2839  SC_ANGLE=         6.6015  SC_DIHED   =         0.0000
 SC_14NB=         0.0000  SC_14EEL=         0.0000  SC_VDW     =         0.0000
 SC_EEL =         0.0000
 SC_RES_DIST=     0.0000  SC_RES_ANG=       0.0000  SC_RES_TORS=         0.0000
 SC_EEL_DER=      0.0000  SC_VDW_DER=      -0.0229  SC_DERIV   =        -0.0229
 ------------------------------------------------------------------------------


| TI region  2


 NSTEP =    35000   TIME(PS) =      35.000  TEMP(K) =    54.87  PRESS =     0.0
 Etot   =    -45500.1005  EKtot   =      1866.0885  EPtot      =    -47366.1891
 BOND   =      4659.2328  ANGLE   =         0.0000  DIHED      =         0.0000
 1-4 NB =         0.0000  1-4 EEL =         0.0000  VDWAALS    =     10796.8430
 EELEC  =    -62822.2649  EHBOND  =         0.0000  RESTRAINT  =         0.0000
 DV/DL  =         8.7426
 ------------------------------------------------------------------------------

 NMR restraints: Bond =    0.000   Angle =     0.000   Torsion =     0.000
===============================================================================

| TI region  1


 NSTEP =    40000   TIME(PS) =      40.000  TEMP(K) =    63.11  PRESS =     0.0
 Etot   =    -45060.5207  EKtot   =      2147.1978  EPtot      =    -47207.7184
 BOND   =      4680.2468  ANGLE   =         0.0000  DIHED      =         0.0000
 1-4 NB =         0.0000  1-4 EEL =         0.0000  VDWAALS    =     10767.6732
 EELEC  =    -62655.6384  EHBOND  =         0.0000  RESTRAINT  =         0.0000
 DV/DL  =         7.6724
 ------------------------------------------------------------------------------

  Softcore part of the system:       5 atoms,       TEMP(K)    =          61.47
 SC_Etot=         7.4436  SC_EKtot=         0.9162  SC_EPtot   =         6.5274
 SC_BOND=         0.2621  SC_ANGLE=         6.2653  SC_DIHED   =         0.0000
 SC_14NB=         0.0000  SC_14EEL=         0.0000  SC_VDW     =         0.0000
 SC_EEL =         0.0000
 SC_RES_DIST=     0.0000  SC_RES_ANG=       0.0000  SC_RES_TORS=         0.0000
 SC_EEL_DER=      0.0000  SC_VDW_DER=      -0.7322  SC_DERIV   =        -0.7322
 ------------------------------------------------------------------------------


| TI region  2


 NSTEP =    40000   TIME(PS) =      40.000  TEMP(K) =    63.11  PRESS =     0.0
 Etot   =    -45061.4369  EKtot   =      2146.2816  EPtot      =    -47207.7184
 BOND   =      4680.2468  ANGLE   =         0.0000  DIHED      =         0.0000
 1-4 NB =         0.0000  1-4 EEL =         0.0000  VDWAALS    =     10767.6732
 EELEC  =    -62655.6384  EHBOND  =         0.0000  RESTRAINT  =         0.0000
 DV/DL  =         7.6724
 ------------------------------------------------------------------------------

 NMR restraints: Bond =    0.000   Angle =     0.000   Torsion =     0.000
===============================================================================

| TI region  1


 NSTEP =    45000   TIME(PS) =      45.000  TEMP(K) =    70.91  PRESS =     0.0
 Etot   =    -44580.1927  EKtot   =      2412.6997  EPtot      =    -46992.8924
 BOND   =      4932.8130  ANGLE   =        -0.0000  DIHED      =         0.0000
 1-4 NB =         0.0000  1-4 EEL =         0.0000  VDWAALS    =     10793.7219
 EELEC  =    -62719.4273  EHBOND  =         0.0000  RESTRAINT  =         0.0000
 DV/DL  =         8.7295
 ------------------------------------------------------------------------------

  Softcore part of the system:       5 atoms,       TEMP(K)    =          55.69
 SC_Etot=         7.6847  SC_EKtot=         0.8301  SC_EPtot   =         6.8546
 SC_BOND=         0.2649  SC_ANGLE=         6.5898  SC_DIHED   =         0.0000
 SC_14NB=         0.0000  SC_14EEL=         0.0000  SC_VDW     =         0.0000
 SC_EEL =         0.0000
 SC_RES_DIST=     0.0000  SC_RES_ANG=       0.0000  SC_RES_TORS=         0.0000
 SC_EEL_DER=      0.0000  SC_VDW_DER=      -0.5702  SC_DERIV   =        -0.5702
 ------------------------------------------------------------------------------


| TI region  2


 NSTEP =    45000   TIME(PS) =      45.000  TEMP(K) =    70.92  PRESS =     0.0
 Etot   =    -44581.0228  EKtot   =      2411.8696  EPtot      =    -46992.8924
 BOND   =      4932.8130  ANGLE   =        -0.0000  DIHED      =         0.0000
 1-4 NB =         0.0000  1-4 EEL =         0.0000  VDWAALS    =     10793.7219
 EELEC  =    -62719.4273  EHBOND  =         0.0000  RESTRAINT  =         0.0000
 DV/DL  =         8.7295
 ------------------------------------------------------------------------------

 NMR restraints: Bond =    0.000   Angle =     0.000   Torsion =     0.000
===============================================================================

| TI region  1


 NSTEP =    50000   TIME(PS) =      50.000  TEMP(K) =    77.94  PRESS =     0.0
 Etot   =    -44106.9363  EKtot   =      2651.7927  EPtot      =    -46758.7290
 BOND   =      4964.2033  ANGLE   =         0.0000  DIHED      =         0.0000
 1-4 NB =         0.0000  1-4 EEL =         0.0000  VDWAALS    =     10695.8208
 EELEC  =    -62418.7531  EHBOND  =         0.0000  RESTRAINT  =         0.0000
 DV/DL  =         8.7954
 ------------------------------------------------------------------------------

  Softcore part of the system:       5 atoms,       TEMP(K)    =          42.50
 SC_Etot=         7.7790  SC_EKtot=         0.6334  SC_EPtot   =         7.1456
 SC_BOND=         0.1165  SC_ANGLE=         7.0291  SC_DIHED   =         0.0000
 SC_14NB=         0.0000  SC_14EEL=         0.0000  SC_VDW     =         0.0000
 SC_EEL =         0.0000
 SC_RES_DIST=     0.0000  SC_RES_ANG=       0.0000  SC_RES_TORS=         0.0000
 SC_EEL_DER=      0.0000  SC_VDW_DER=       0.0005  SC_DERIV   =         0.0005
 ------------------------------------------------------------------------------


| TI region  2


 NSTEP =    50000   TIME(PS) =      50.000  TEMP(K) =    77.96  PRESS =     0.0
 Etot   =    -44107.5697  EKtot   =      2651.1593  EPtot      =    -46758.7290
 BOND   =      4964.2033  ANGLE   =         0.0000  DIHED      =         0.0000
 1-4 NB =         0.0000  1-4 EEL =         0.0000  VDWAALS    =     10695.8208
 EELEC  =    -62418.7531  EHBOND  =         0.0000  RESTRAINT  =         0.0000
 DV/DL  =         8.7954
 ------------------------------------------------------------------------------

 NMR restraints: Bond =    0.000   Angle =     0.000   Torsion =     0.000
===============================================================================

| TI region  1


 NSTEP =    55000   TIME(PS) =      55.000  TEMP(K) =    85.99  PRESS =     0.0
 Etot   =    -43632.8075  EKtot   =      2925.4978  EPtot      =    -46558.3053
 BOND   =      5102.8093  ANGLE   =         0.0000  DIHED      =         0.0000
 1-4 NB =         0.0000  1-4 EEL =         0.0000  VDWAALS    =     10750.1995
 EELEC  =    -62411.3141  EHBOND  =         0.0000  RESTRAINT  =         0.0000
 DV/DL  =         8.5618
 ------------------------------------------------------------------------------

  Softcore part of the system:       5 atoms,       TEMP(K)    =          75.85
 SC_Etot=         8.1837  SC_EKtot=         1.1305  SC_EPtot   =         7.0532
 SC_BOND=         0.4568  SC_ANGLE=         6.5964  SC_DIHED   =         0.0000
 SC_14NB=         0.0000  SC_14EEL=         0.0000  SC_VDW     =         0.0000
 SC_EEL =         0.0000
 SC_RES_DIST=     0.0000  SC_RES_ANG=       0.0000  SC_RES_TORS=         0.0000
 SC_EEL_DER=      0.0000  SC_VDW_DER=      -0.2561  SC_DERIV   =        -0.2561
 ------------------------------------------------------------------------------


| TI region  2


 NSTEP =    55000   TIME(PS) =      55.000  TEMP(K) =    85.99  PRESS =     0.0
 Etot   =    -43633.9380  EKtot   =      2924.3673  EPtot      =    -46558.3053
 BOND   =      5102.8093  ANGLE   =         0.0000  DIHED      =         0.0000
 1-4 NB =         0.0000  1-4 EEL =         0.0000  VDWAALS    =     10750.1995
 EELEC  =    -62411.3141  EHBOND  =         0.0000  RESTRAINT  =         0.0000
 DV/DL  =         8.5618
 ------------------------------------------------------------------------------

 NMR restraints: Bond =    0.000   Angle =     0.000   Torsion =     0.000
===============================================================================

| TI region  1


 NSTEP =    60000   TIME(PS) =      60.000  TEMP(K) =    94.17  PRESS =     0.0
 Etot   =    -43101.1827  EKtot   =      3203.8906  EPtot      =    -46305.0734
 BOND   =      5196.8098  ANGLE   =        -0.0000  DIHED      =         0.0000
 1-4 NB =         0.0000  1-4 EEL =         0.0000  VDWAALS    =     10562.0422
 EELEC  =    -62063.9254  EHBOND  =         0.0000  RESTRAINT  =         0.0000
 DV/DL  =         6.8333
 ------------------------------------------------------------------------------

  Softcore part of the system:       5 atoms,       TEMP(K)    =          54.22
 SC_Etot=         8.1881  SC_EKtot=         0.8081  SC_EPtot   =         7.3799
 SC_BOND=         0.9332  SC_ANGLE=         6.4468  SC_DIHED   =         0.0000
 SC_14NB=         0.0000  SC_14EEL=         0.0000  SC_VDW     =         0.0000
 SC_EEL =         0.0000
 SC_RES_DIST=     0.0000  SC_RES_ANG=       0.0000  SC_RES_TORS=         0.0000
 SC_EEL_DER=      0.0000  SC_VDW_DER=      -1.0101  SC_DERIV   =        -1.0101
 ------------------------------------------------------------------------------


| TI region  2


 NSTEP =    60000   TIME(PS) =      60.000  TEMP(K) =    94.19  PRESS =     0.0
 Etot   =    -43101.9909  EKtot   =      3203.0825  EPtot      =    -46305.0734
 BOND   =      5196.8098  ANGLE   =        -0.0000  DIHED      =         0.0000
 1-4 NB =         0.0000  1-4 EEL =         0.0000  VDWAALS    =     10562.0422
 EELEC  =    -62063.9254  EHBOND  =         0.0000  RESTRAINT  =         0.0000
 DV/DL  =         6.8333
 ------------------------------------------------------------------------------

 NMR restraints: Bond =    0.000   Angle =     0.000   Torsion =     0.000
===============================================================================

| TI region  1


 NSTEP =    65000   TIME(PS) =      65.000  TEMP(K) =   102.60  PRESS =     0.0
 Etot   =    -42603.4527  EKtot   =      3490.8210  EPtot      =    -46094.2737
 BOND   =      5271.4448  ANGLE   =        -0.0000  DIHED      =         0.0000
 1-4 NB =         0.0000  1-4 EEL =         0.0000  VDWAALS    =     10623.4405
 EELEC  =    -61989.1590  EHBOND  =         0.0000  RESTRAINT  =         0.0000
 DV/DL  =         7.7829
 ------------------------------------------------------------------------------

  Softcore part of the system:       5 atoms,       TEMP(K)    =         123.60
 SC_Etot=         9.7002  SC_EKtot=         1.8422  SC_EPtot   =         7.8580
 SC_BOND=         0.6152  SC_ANGLE=         7.2428  SC_DIHED   =         0.0000
 SC_14NB=         0.0000  SC_14EEL=         0.0000  SC_VDW     =         0.0000
 SC_EEL =         0.0000
 SC_RES_DIST=     0.0000  SC_RES_ANG=       0.0000  SC_RES_TORS=         0.0000
 SC_EEL_DER=      0.0000  SC_VDW_DER=       0.1269  SC_DERIV   =         0.1269
 ------------------------------------------------------------------------------


| TI region  2


 NSTEP =    65000   TIME(PS) =      65.000  TEMP(K) =   102.59  PRESS =     0.0
 Etot   =    -42605.2948  EKtot   =      3488.9789  EPtot      =    -46094.2737
 BOND   =      5271.4448  ANGLE   =        -0.0000  DIHED      =         0.0000
 1-4 NB =         0.0000  1-4 EEL =         0.0000  VDWAALS    =     10623.4405
 EELEC  =    -61989.1590  EHBOND  =         0.0000  RESTRAINT  =         0.0000
 DV/DL  =         7.7829
 ------------------------------------------------------------------------------

 NMR restraints: Bond =    0.000   Angle =     0.000   Torsion =     0.000
===============================================================================

| TI region  1


 NSTEP =    70000   TIME(PS) =      70.000  TEMP(K) =   110.49  PRESS =     0.0
 Etot   =    -42062.4730  EKtot   =      3759.0217  EPtot      =    -45821.4948
 BOND   =      5477.2998  ANGLE   =        -0.0000  DIHED      =         0.0000
 1-4 NB =         0.0000  1-4 EEL =         0.0000  VDWAALS    =     10596.7598
 EELEC  =    -61895.5544  EHBOND  =         0.0000  RESTRAINT  =         0.0000
 DV/DL  =         3.5783
 ------------------------------------------------------------------------------

  Softcore part of the system:       5 atoms,       TEMP(K)    =         121.57
 SC_Etot=         9.6112  SC_EKtot=         1.8119  SC_EPtot   =         7.7993
 SC_BOND=         1.3655  SC_ANGLE=         6.4338  SC_DIHED   =         0.0000
 SC_14NB=         0.0000  SC_14EEL=         0.0000  SC_VDW     =         0.0000
 SC_EEL =         0.0000
 SC_RES_DIST=     0.0000  SC_RES_ANG=       0.0000  SC_RES_TORS=         0.0000
 SC_EEL_DER=      0.0000  SC_VDW_DER=      -2.7624  SC_DERIV   =        -2.7624
 ------------------------------------------------------------------------------


| TI region  2


 NSTEP =    70000   TIME(PS) =      70.000  TEMP(K) =   110.48  PRESS =     0.0
 Etot   =    -42064.2849  EKtot   =      3757.2098  EPtot      =    -45821.4948
 BOND   =      5477.2998  ANGLE   =        -0.0000  DIHED      =         0.0000
 1-4 NB =         0.0000  1-4 EEL =         0.0000  VDWAALS    =     10596.7598
 EELEC  =    -61895.5544  EHBOND  =         0.0000  RESTRAINT  =         0.0000
 DV/DL  =         3.5783
 ------------------------------------------------------------------------------

 NMR restraints: Bond =    0.000   Angle =     0.000   Torsion =     0.000
===============================================================================

| TI region  1


 NSTEP =    75000   TIME(PS) =      75.000  TEMP(K) =   117.84  PRESS =     0.0
 Etot   =    -41488.9978  EKtot   =      4009.2278  EPtot      =    -45498.2256
 BOND   =      5492.9179  ANGLE   =        -0.0000  DIHED      =         0.0000
 1-4 NB =         0.0000  1-4 EEL =         0.0000  VDWAALS    =     10446.0913
 EELEC  =    -61437.2348  EHBOND  =         0.0000  RESTRAINT  =         0.0000
 DV/DL  =         6.7059
 ------------------------------------------------------------------------------

  Softcore part of the system:       5 atoms,       TEMP(K)    =         121.98
 SC_Etot=         9.5835  SC_EKtot=         1.8179  SC_EPtot   =         7.7656
 SC_BOND=         0.6174  SC_ANGLE=         7.1482  SC_DIHED   =         0.0000
 SC_14NB=         0.0000  SC_14EEL=         0.0000  SC_VDW     =         0.0000
 SC_EEL =         0.0000
 SC_RES_DIST=     0.0000  SC_RES_ANG=       0.0000  SC_RES_TORS=         0.0000
 SC_EEL_DER=      0.0000  SC_VDW_DER=      -0.4345  SC_DERIV   =        -0.4345
 ------------------------------------------------------------------------------


| TI region  2


 NSTEP =    75000   TIME(PS) =      75.000  TEMP(K) =   117.84  PRESS =     0.0
 Etot   =    -41490.8157  EKtot   =      4007.4099  EPtot      =    -45498.2256
 BOND   =      5492.9179  ANGLE   =        -0.0000  DIHED      =         0.0000
 1-4 NB =         0.0000  1-4 EEL =         0.0000  VDWAALS    =     10446.0913
 EELEC  =    -61437.2348  EHBOND  =         0.0000  RESTRAINT  =         0.0000
 DV/DL  =         6.7059
 ------------------------------------------------------------------------------

 NMR restraints: Bond =    0.000   Angle =     0.000   Torsion =     0.000
===============================================================================

| TI region  1


 NSTEP =    80000   TIME(PS) =      80.000  TEMP(K) =   124.48  PRESS =     0.0
 Etot   =    -41008.3435  EKtot   =      4235.1763  EPtot      =    -45243.5198
 BOND   =      5500.9398  ANGLE   =         0.0000  DIHED      =         0.0000
 1-4 NB =         0.0000  1-4 EEL =         0.0000  VDWAALS    =     10523.3524
 EELEC  =    -61267.8120  EHBOND  =         0.0000  RESTRAINT  =         0.0000
 DV/DL  =         7.6248
 ------------------------------------------------------------------------------

  Softcore part of the system:       5 atoms,       TEMP(K)    =         113.64
 SC_Etot=         9.8182  SC_EKtot=         1.6936  SC_EPtot   =         8.1246
 SC_BOND=         1.4290  SC_ANGLE=         6.6956  SC_DIHED   =         0.0000
 SC_14NB=         0.0000  SC_14EEL=         0.0000  SC_VDW     =         0.0000
 SC_EEL =         0.0000
 SC_RES_DIST=     0.0000  SC_RES_ANG=       0.0000  SC_RES_TORS=         0.0000
 SC_EEL_DER=      0.0000  SC_VDW_DER=      -0.6033  SC_DERIV   =        -0.6033
 ------------------------------------------------------------------------------


| TI region  2


 NSTEP =    80000   TIME(PS) =      80.000  TEMP(K) =   124.49  PRESS =     0.0
 Etot   =    -41010.0371  EKtot   =      4233.4826  EPtot      =    -45243.5198
 BOND   =      5500.9398  ANGLE   =         0.0000  DIHED      =         0.0000
 1-4 NB =         0.0000  1-4 EEL =         0.0000  VDWAALS    =     10523.3524
 EELEC  =    -61267.8120  EHBOND  =         0.0000  RESTRAINT  =         0.0000
 DV/DL  =         7.6248
 ------------------------------------------------------------------------------

 NMR restraints: Bond =    0.000   Angle =     0.000   Torsion =     0.000
===============================================================================

| TI region  1


 NSTEP =    85000   TIME(PS) =      85.000  TEMP(K) =   131.65  PRESS =     0.0
 Etot   =    -40550.5330  EKtot   =      4479.0000  EPtot      =    -45029.5330
 BOND   =      5634.9782  ANGLE   =        -0.0000  DIHED      =         0.0000
 1-4 NB =         0.0000  1-4 EEL =         0.0000  VDWAALS    =     10550.1247
 EELEC  =    -61214.6360  EHBOND  =         0.0000  RESTRAINT  =         0.0000
 DV/DL  =         6.4577
 ------------------------------------------------------------------------------

  Softcore part of the system:       5 atoms,       TEMP(K)    =         234.11
 SC_Etot=        11.0739  SC_EKtot=         3.4892  SC_EPtot   =         7.5847
 SC_BOND=         0.4753  SC_ANGLE=         7.1094  SC_DIHED   =         0.0000
 SC_14NB=         0.0000  SC_14EEL=         0.0000  SC_VDW     =         0.0000
 SC_EEL =         0.0000
 SC_RES_DIST=     0.0000  SC_RES_ANG=       0.0000  SC_RES_TORS=         0.0000
 SC_EEL_DER=      0.0000  SC_VDW_DER=      -0.1898  SC_DERIV   =        -0.1898
 ------------------------------------------------------------------------------


| TI region  2


 NSTEP =    85000   TIME(PS) =      85.000  TEMP(K) =   131.60  PRESS =     0.0
 Etot   =    -40554.0222  EKtot   =      4475.5108  EPtot      =    -45029.5330
 BOND   =      5634.9782  ANGLE   =        -0.0000  DIHED      =         0.0000
 1-4 NB =         0.0000  1-4 EEL =         0.0000  VDWAALS    =     10550.1247
 EELEC  =    -61214.6360  EHBOND  =         0.0000  RESTRAINT  =         0.0000
 DV/DL  =         6.4577
 ------------------------------------------------------------------------------

 NMR restraints: Bond =    0.000   Angle =     0.000   Torsion =     0.000
===============================================================================

| TI region  1


 NSTEP =    90000   TIME(PS) =      90.000  TEMP(K) =   139.84  PRESS =     0.0
 Etot   =    -40028.8453  EKtot   =      4757.8369  EPtot      =    -44786.6822
 BOND   =      5760.2006  ANGLE   =        -0.0000  DIHED      =         0.0000
 1-4 NB =         0.0000  1-4 EEL =         0.0000  VDWAALS    =     10420.0811
 EELEC  =    -60966.9639  EHBOND  =         0.0000  RESTRAINT  =         0.0000
 DV/DL  =         6.8238
 ------------------------------------------------------------------------------

  Softcore part of the system:       5 atoms,       TEMP(K)    =         176.66
 SC_Etot=         9.4315  SC_EKtot=         2.6329  SC_EPtot   =         6.7986
 SC_BOND=         0.2853  SC_ANGLE=         6.5133  SC_DIHED   =         0.0000
 SC_14NB=         0.0000  SC_14EEL=         0.0000  SC_VDW     =         0.0000
 SC_EEL =         0.0000
 SC_RES_DIST=     0.0000  SC_RES_ANG=       0.0000  SC_RES_TORS=         0.0000
 SC_EEL_DER=      0.0000  SC_VDW_DER=      -0.4492  SC_DERIV   =        -0.4492
 ------------------------------------------------------------------------------


| TI region  2


 NSTEP =    90000   TIME(PS) =      90.000  TEMP(K) =   139.83  PRESS =     0.0
 Etot   =    -40031.4782  EKtot   =      4755.2041  EPtot      =    -44786.6822
 BOND   =      5760.2006  ANGLE   =        -0.0000  DIHED      =         0.0000
 1-4 NB =         0.0000  1-4 EEL =         0.0000  VDWAALS    =     10420.0811
 EELEC  =    -60966.9639  EHBOND  =         0.0000  RESTRAINT  =         0.0000
 DV/DL  =         6.8238
 ------------------------------------------------------------------------------

 NMR restraints: Bond =    0.000   Angle =     0.000   Torsion =     0.000
===============================================================================

| TI region  1


 NSTEP =    95000   TIME(PS) =      95.000  TEMP(K) =   148.75  PRESS =     0.0
 Etot   =    -39454.3768  EKtot   =      5060.8579  EPtot      =    -44515.2347
 BOND   =      5729.0365  ANGLE   =        -0.0000  DIHED      =         0.0000
 1-4 NB =         0.0000  1-4 EEL =         0.0000  VDWAALS    =     10258.3328
 EELEC  =    -60502.6039  EHBOND  =         0.0000  RESTRAINT  =         0.0000
 DV/DL  =         7.7152
 ------------------------------------------------------------------------------

  Softcore part of the system:       5 atoms,       TEMP(K)    =         153.63
 SC_Etot=        10.3142  SC_EKtot=         2.2896  SC_EPtot   =         8.0245
 SC_BOND=         1.4066  SC_ANGLE=         6.6180  SC_DIHED   =         0.0000
 SC_14NB=         0.0000  SC_14EEL=         0.0000  SC_VDW     =         0.0000
 SC_EEL =         0.0000
 SC_RES_DIST=     0.0000  SC_RES_ANG=       0.0000  SC_RES_TORS=         0.0000
 SC_EEL_DER=      0.0000  SC_VDW_DER=      -0.3777  SC_DERIV   =        -0.3777
 ------------------------------------------------------------------------------


| TI region  2


 NSTEP =    95000   TIME(PS) =      95.000  TEMP(K) =   148.75  PRESS =     0.0
 Etot   =    -39456.6664  EKtot   =      5058.5683  EPtot      =    -44515.2347
 BOND   =      5729.0365  ANGLE   =        -0.0000  DIHED      =         0.0000
 1-4 NB =         0.0000  1-4 EEL =         0.0000  VDWAALS    =     10258.3328
 EELEC  =    -60502.6039  EHBOND  =         0.0000  RESTRAINT  =         0.0000
 DV/DL  =         7.7152
 ------------------------------------------------------------------------------

 NMR restraints: Bond =    0.000   Angle =     0.000   Torsion =     0.000
===============================================================================

| TI region  1


 NSTEP =   100000   TIME(PS) =     100.000  TEMP(K) =   157.60  PRESS =     0.0
 Etot   =    -38880.2773  EKtot   =      5362.1235  EPtot      =    -44242.4008
 BOND   =      5905.1573  ANGLE   =        -0.0000  DIHED      =         0.0000
 1-4 NB =         0.0000  1-4 EEL =         0.0000  VDWAALS    =     10259.0635
 EELEC  =    -60406.6216  EHBOND  =         0.0000  RESTRAINT  =         0.0000
 DV/DL  =         5.4107
 ------------------------------------------------------------------------------

  Softcore part of the system:       5 atoms,       TEMP(K)    =         131.38
 SC_Etot=         9.7996  SC_EKtot=         1.9581  SC_EPtot   =         7.8415
 SC_BOND=         0.6379  SC_ANGLE=         7.2037  SC_DIHED   =         0.0000
 SC_14NB=         0.0000  SC_14EEL=         0.0000  SC_VDW     =         0.0000
 SC_EEL =         0.0000
 SC_RES_DIST=     0.0000  SC_RES_ANG=       0.0000  SC_RES_TORS=         0.0000
 SC_EEL_DER=      0.0000  SC_VDW_DER=      -2.0652  SC_DERIV   =        -2.0652
 ------------------------------------------------------------------------------


| TI region  2


 NSTEP =   100000   TIME(PS) =     100.000  TEMP(K) =   157.62  PRESS =     0.0
 Etot   =    -38882.2353  EKtot   =      5360.1655  EPtot      =    -44242.4008
 BOND   =      5905.1573  ANGLE   =        -0.0000  DIHED      =         0.0000
 1-4 NB =         0.0000  1-4 EEL =         0.0000  VDWAALS    =     10259.0635
 EELEC  =    -60406.6216  EHBOND  =         0.0000  RESTRAINT  =         0.0000
 DV/DL  =         5.4107
 ------------------------------------------------------------------------------

 NMR restraints: Bond =    0.000   Angle =     0.000   Torsion =     0.000
===============================================================================

| TI region  1


 NSTEP =   105000   TIME(PS) =     105.000  TEMP(K) =   164.51  PRESS =     0.0
 Etot   =    -38335.5815  EKtot   =      5597.2363  EPtot      =    -43932.8178
 BOND   =      5997.2122  ANGLE   =         0.0000  DIHED      =         0.0000
 1-4 NB =         0.0000  1-4 EEL =         0.0000  VDWAALS    =     10142.9966
 EELEC  =    -60073.0266  EHBOND  =         0.0000  RESTRAINT  =         0.0000
 DV/DL  =         7.3594
 ------------------------------------------------------------------------------

  Softcore part of the system:       5 atoms,       TEMP(K)    =         198.86
 SC_Etot=         9.9866  SC_EKtot=         2.9637  SC_EPtot   =         7.0229
 SC_BOND=         0.0443  SC_ANGLE=         6.9786  SC_DIHED   =         0.0000
 SC_14NB=         0.0000  SC_14EEL=         0.0000  SC_VDW     =         0.0000
 SC_EEL =         0.0000
 SC_RES_DIST=     0.0000  SC_RES_ANG=       0.0000  SC_RES_TORS=         0.0000
 SC_EEL_DER=      0.0000  SC_VDW_DER=      -0.3135  SC_DERIV   =        -0.3135
 ------------------------------------------------------------------------------


| TI region  2


 NSTEP =   105000   TIME(PS) =     105.000  TEMP(K) =   164.50  PRESS =     0.0
 Etot   =    -38338.5452  EKtot   =      5594.2726  EPtot      =    -43932.8178
 BOND   =      5997.2122  ANGLE   =         0.0000  DIHED      =         0.0000
 1-4 NB =         0.0000  1-4 EEL =         0.0000  VDWAALS    =     10142.9966
 EELEC  =    -60073.0266  EHBOND  =         0.0000  RESTRAINT  =         0.0000
 DV/DL  =         7.3594
 ------------------------------------------------------------------------------

 NMR restraints: Bond =    0.000   Angle =     0.000   Torsion =     0.000
===============================================================================

| TI region  1


 NSTEP =   110000   TIME(PS) =     110.000  TEMP(K) =   172.94  PRESS =     0.0
 Etot   =    -37795.3483  EKtot   =      5883.8862  EPtot      =    -43679.2345
 BOND   =      6011.0677  ANGLE   =        -0.0000  DIHED      =         0.0000
 1-4 NB =         0.0000  1-4 EEL =         0.0000  VDWAALS    =     10263.4429
 EELEC  =    -59953.7452  EHBOND  =         0.0000  RESTRAINT  =         0.0000
 DV/DL  =         5.2424
 ------------------------------------------------------------------------------

  Softcore part of the system:       5 atoms,       TEMP(K)    =         205.50
 SC_Etot=        12.0949  SC_EKtot=         3.0627  SC_EPtot   =         9.0322
 SC_BOND=         1.0732  SC_ANGLE=         7.9590  SC_DIHED   =         0.0000
 SC_14NB=         0.0000  SC_14EEL=         0.0000  SC_VDW     =         0.0000
 SC_EEL =         0.0000
 SC_RES_DIST=     0.0000  SC_RES_ANG=       0.0000  SC_RES_TORS=         0.0000
 SC_EEL_DER=      0.0000  SC_VDW_DER=      -2.1948  SC_DERIV   =        -2.1948
 ------------------------------------------------------------------------------


| TI region  2


 NSTEP =   110000   TIME(PS) =     110.000  TEMP(K) =   172.93  PRESS =     0.0
 Etot   =    -37798.4110  EKtot   =      5880.8235  EPtot      =    -43679.2345
 BOND   =      6011.0677  ANGLE   =        -0.0000  DIHED      =         0.0000
 1-4 NB =         0.0000  1-4 EEL =         0.0000  VDWAALS    =     10263.4429
 EELEC  =    -59953.7452  EHBOND  =         0.0000  RESTRAINT  =         0.0000
 DV/DL  =         5.2424
 ------------------------------------------------------------------------------

 NMR restraints: Bond =    0.000   Angle =     0.000   Torsion =     0.000
===============================================================================

| TI region  1


 NSTEP =   115000   TIME(PS) =     115.000  TEMP(K) =   181.62  PRESS =     0.0
 Etot   =    -37200.0529  EKtot   =      6179.1123  EPtot      =    -43379.1653
 BOND   =      6095.8424  ANGLE   =         0.0000  DIHED      =         0.0000
 1-4 NB =         0.0000  1-4 EEL =         0.0000  VDWAALS    =     10056.3032
 EELEC  =    -59531.3109  EHBOND  =         0.0000  RESTRAINT  =         0.0000
 DV/DL  =         4.5581
 ------------------------------------------------------------------------------

  Softcore part of the system:       5 atoms,       TEMP(K)    =          74.57
 SC_Etot=        10.4757  SC_EKtot=         1.1114  SC_EPtot   =         9.3642
 SC_BOND=         2.8605  SC_ANGLE=         6.5037  SC_DIHED   =         0.0000
 SC_14NB=         0.0000  SC_14EEL=         0.0000  SC_VDW     =         0.0000
 SC_EEL =         0.0000
 SC_RES_DIST=     0.0000  SC_RES_ANG=       0.0000  SC_RES_TORS=         0.0000
 SC_EEL_DER=      0.0000  SC_VDW_DER=      -2.1231  SC_DERIV   =        -2.1231
 ------------------------------------------------------------------------------


| TI region  2


 NSTEP =   115000   TIME(PS) =     115.000  TEMP(K) =   181.66  PRESS =     0.0
 Etot   =    -37201.1644  EKtot   =      6178.0009  EPtot      =    -43379.1653
 BOND   =      6095.8424  ANGLE   =         0.0000  DIHED      =         0.0000
 1-4 NB =         0.0000  1-4 EEL =         0.0000  VDWAALS    =     10056.3032
 EELEC  =    -59531.3109  EHBOND  =         0.0000  RESTRAINT  =         0.0000
 DV/DL  =         4.5581
 ------------------------------------------------------------------------------

 NMR restraints: Bond =    0.000   Angle =     0.000   Torsion =     0.000
===============================================================================

| TI region  1


 NSTEP =   120000   TIME(PS) =     120.000  TEMP(K) =   189.06  PRESS =     0.0
 Etot   =    -36645.1992  EKtot   =      6432.2100  EPtot      =    -43077.4092
 BOND   =      6380.0938  ANGLE   =         0.0000  DIHED      =         0.0000
 1-4 NB =         0.0000  1-4 EEL =         0.0000  VDWAALS    =      9913.8818
 EELEC  =    -59371.3848  EHBOND  =         0.0000  RESTRAINT  =         0.0000
 DV/DL  =         7.5696
 ------------------------------------------------------------------------------

  Softcore part of the system:       5 atoms,       TEMP(K)    =         107.73
 SC_Etot=         8.8608  SC_EKtot=         1.6056  SC_EPtot   =         7.2552
 SC_BOND=         0.6476  SC_ANGLE=         6.6077  SC_DIHED   =         0.0000
 SC_14NB=         0.0000  SC_14EEL=         0.0000  SC_VDW     =         0.0000
 SC_EEL =         0.0000
 SC_RES_DIST=     0.0000  SC_RES_ANG=       0.0000  SC_RES_TORS=         0.0000
 SC_EEL_DER=      0.0000  SC_VDW_DER=      -1.3723  SC_DERIV   =        -1.3723
 ------------------------------------------------------------------------------


| TI region  2


 NSTEP =   120000   TIME(PS) =     120.000  TEMP(K) =   189.09  PRESS =     0.0
 Etot   =    -36646.8048  EKtot   =      6430.6044  EPtot      =    -43077.4092
 BOND   =      6380.0938  ANGLE   =         0.0000  DIHED      =         0.0000
 1-4 NB =         0.0000  1-4 EEL =         0.0000  VDWAALS    =      9913.8818
 EELEC  =    -59371.3848  EHBOND  =         0.0000  RESTRAINT  =         0.0000
 DV/DL  =         7.5696
 ------------------------------------------------------------------------------

 NMR restraints: Bond =    0.000   Angle =     0.000   Torsion =     0.000
===============================================================================

| TI region  1


 NSTEP =   125000   TIME(PS) =     125.000  TEMP(K) =   198.33  PRESS =     0.0
 Etot   =    -36023.5190  EKtot   =      6747.8613  EPtot      =    -42771.3803
 BOND   =      6381.4543  ANGLE   =         0.0000  DIHED      =         0.0000
 1-4 NB =         0.0000  1-4 EEL =         0.0000  VDWAALS    =      9878.3164
 EELEC  =    -59031.1511  EHBOND  =         0.0000  RESTRAINT  =         0.0000
 DV/DL  =         5.4931
 ------------------------------------------------------------------------------

  Softcore part of the system:       5 atoms,       TEMP(K)    =         179.61
 SC_Etot=        10.7995  SC_EKtot=         2.6769  SC_EPtot   =         8.1225
 SC_BOND=         0.5592  SC_ANGLE=         7.5634  SC_DIHED   =         0.0000
 SC_14NB=         0.0000  SC_14EEL=         0.0000  SC_VDW     =         0.0000
 SC_EEL =         0.0000
 SC_RES_DIST=     0.0000  SC_RES_ANG=       0.0000  SC_RES_TORS=         0.0000
 SC_EEL_DER=      0.0000  SC_VDW_DER=      -1.7329  SC_DERIV   =        -1.7329
 ------------------------------------------------------------------------------


| TI region  2


 NSTEP =   125000   TIME(PS) =     125.000  TEMP(K) =   198.34  PRESS =     0.0
 Etot   =    -36026.1959  EKtot   =      6745.1844  EPtot      =    -42771.3803
 BOND   =      6381.4543  ANGLE   =         0.0000  DIHED      =         0.0000
 1-4 NB =         0.0000  1-4 EEL =         0.0000  VDWAALS    =      9878.3164
 EELEC  =    -59031.1511  EHBOND  =         0.0000  RESTRAINT  =         0.0000
 DV/DL  =         5.4931
 ------------------------------------------------------------------------------

 NMR restraints: Bond =    0.000   Angle =     0.000   Torsion =     0.000
===============================================================================

| TI region  1


 NSTEP =   130000   TIME(PS) =     130.000  TEMP(K) =   204.73  PRESS =     0.0
 Etot   =    -35395.1004  EKtot   =      6965.3442  EPtot      =    -42360.4446
 BOND   =      6345.5348  ANGLE   =         0.0000  DIHED      =         0.0000
 1-4 NB =         0.0000  1-4 EEL =         0.0000  VDWAALS    =      9754.3426
 EELEC  =    -58460.3220  EHBOND  =         0.0000  RESTRAINT  =         0.0000
 DV/DL  =         8.7086
 ------------------------------------------------------------------------------

  Softcore part of the system:       5 atoms,       TEMP(K)    =         245.22
 SC_Etot=        13.0797  SC_EKtot=         3.6547  SC_EPtot   =         9.4250
 SC_BOND=         1.4817  SC_ANGLE=         7.9433  SC_DIHED   =         0.0000
 SC_14NB=         0.0000  SC_14EEL=         0.0000  SC_VDW     =         0.0000
 SC_EEL =         0.0000
 SC_RES_DIST=     0.0000  SC_RES_ANG=       0.0000  SC_RES_TORS=         0.0000
 SC_EEL_DER=      0.0000  SC_VDW_DER=      -0.1473  SC_DERIV   =        -0.1473
 ------------------------------------------------------------------------------


| TI region  2


 NSTEP =   130000   TIME(PS) =     130.000  TEMP(K) =   204.71  PRESS =     0.0
 Etot   =    -35398.7551  EKtot   =      6961.6895  EPtot      =    -42360.4446
 BOND   =      6345.5348  ANGLE   =         0.0000  DIHED      =         0.0000
 1-4 NB =         0.0000  1-4 EEL =         0.0000  VDWAALS    =      9754.3426
 EELEC  =    -58460.3220  EHBOND  =         0.0000  RESTRAINT  =         0.0000
 DV/DL  =         8.7086
 ------------------------------------------------------------------------------

 NMR restraints: Bond =    0.000   Angle =     0.000   Torsion =     0.000
===============================================================================

| TI region  1


 NSTEP =   135000   TIME(PS) =     135.000  TEMP(K) =   211.03  PRESS =     0.0
 Etot   =    -34774.6850  EKtot   =      7179.8120  EPtot      =    -41954.4970
 BOND   =      6385.6210  ANGLE   =         0.0000  DIHED      =         0.0000
 1-4 NB =         0.0000  1-4 EEL =         0.0000  VDWAALS    =      9641.0255
 EELEC  =    -57981.1435  EHBOND  =         0.0000  RESTRAINT  =         0.0000
 DV/DL  =         7.5749
 ------------------------------------------------------------------------------

  Softcore part of the system:       5 atoms,       TEMP(K)    =         134.42
 SC_Etot=         9.9040  SC_EKtot=         2.0033  SC_EPtot   =         7.9007
 SC_BOND=         1.0267  SC_ANGLE=         6.8739  SC_DIHED   =         0.0000
 SC_14NB=         0.0000  SC_14EEL=         0.0000  SC_VDW     =         0.0000
 SC_EEL =         0.0000
 SC_RES_DIST=     0.0000  SC_RES_ANG=       0.0000  SC_RES_TORS=         0.0000
 SC_EEL_DER=      0.0000  SC_VDW_DER=      -0.9520  SC_DERIV   =        -0.9520
 ------------------------------------------------------------------------------


| TI region  2


 NSTEP =   135000   TIME(PS) =     135.000  TEMP(K) =   211.06  PRESS =     0.0
 Etot   =    -34776.6883  EKtot   =      7177.8087  EPtot      =    -41954.4970
 BOND   =      6385.6210  ANGLE   =         0.0000  DIHED      =         0.0000
 1-4 NB =         0.0000  1-4 EEL =         0.0000  VDWAALS    =      9641.0255
 EELEC  =    -57981.1435  EHBOND  =         0.0000  RESTRAINT  =         0.0000
 DV/DL  =         7.5749
 ------------------------------------------------------------------------------

 NMR restraints: Bond =    0.000   Angle =     0.000   Torsion =     0.000
===============================================================================

| TI region  1


 NSTEP =   140000   TIME(PS) =     140.000  TEMP(K) =   221.97  PRESS =     0.0
 Etot   =    -34067.4953  EKtot   =      7551.8965  EPtot      =    -41619.3918
 BOND   =      6664.8838  ANGLE   =         0.0000  DIHED      =         0.0000
 1-4 NB =         0.0000  1-4 EEL =         0.0000  VDWAALS    =      9549.7856
 EELEC  =    -57834.0612  EHBOND  =         0.0000  RESTRAINT  =         0.0000
 DV/DL  =         5.8084
 ------------------------------------------------------------------------------

  Softcore part of the system:       5 atoms,       TEMP(K)    =         277.82
 SC_Etot=        12.7063  SC_EKtot=         4.1406  SC_EPtot   =         8.5657
 SC_BOND=         2.0912  SC_ANGLE=         6.4744  SC_DIHED   =         0.0000
 SC_14NB=         0.0000  SC_14EEL=         0.0000  SC_VDW     =         0.0000
 SC_EEL =         0.0000
 SC_RES_DIST=     0.0000  SC_RES_ANG=       0.0000  SC_RES_TORS=         0.0000
 SC_EEL_DER=      0.0000  SC_VDW_DER=      -2.1230  SC_DERIV   =        -2.1230
 ------------------------------------------------------------------------------


| TI region  2


 NSTEP =   140000   TIME(PS) =     140.000  TEMP(K) =   221.94  PRESS =     0.0
 Etot   =    -34071.6359  EKtot   =      7547.7559  EPtot      =    -41619.3918
 BOND   =      6664.8838  ANGLE   =         0.0000  DIHED      =         0.0000
 1-4 NB =         0.0000  1-4 EEL =         0.0000  VDWAALS    =      9549.7856
 EELEC  =    -57834.0612  EHBOND  =         0.0000  RESTRAINT  =         0.0000
 DV/DL  =         5.8084
 ------------------------------------------------------------------------------

 NMR restraints: Bond =    0.000   Angle =     0.000   Torsion =     0.000
===============================================================================

| TI region  1


 NSTEP =   145000   TIME(PS) =     145.000  TEMP(K) =   229.22  PRESS =     0.0
 Etot   =    -33262.7893  EKtot   =      7798.7500  EPtot      =    -41061.5393
 BOND   =      6455.2418  ANGLE   =        -0.0000  DIHED      =         0.0000
 1-4 NB =         0.0000  1-4 EEL =         0.0000  VDWAALS    =      9051.7387
 EELEC  =    -56568.5198  EHBOND  =         0.0000  RESTRAINT  =         0.0000
 DV/DL  =         5.4752
 ------------------------------------------------------------------------------

  Softcore part of the system:       5 atoms,       TEMP(K)    =         369.34
 SC_Etot=        13.5072  SC_EKtot=         5.5047  SC_EPtot   =         8.0025
 SC_BOND=         0.7529  SC_ANGLE=         7.2497  SC_DIHED   =         0.0000
 SC_14NB=         0.0000  SC_14EEL=         0.0000  SC_VDW     =         0.0000
 SC_EEL =         0.0000
 SC_RES_DIST=     0.0000  SC_RES_ANG=       0.0000  SC_RES_TORS=         0.0000
 SC_EEL_DER=      0.0000  SC_VDW_DER=      -2.5007  SC_DERIV   =        -2.5007
 ------------------------------------------------------------------------------


| TI region  2


 NSTEP =   145000   TIME(PS) =     145.000  TEMP(K) =   229.16  PRESS =     0.0
 Etot   =    -33268.2940  EKtot   =      7793.2453  EPtot      =    -41061.5393
 BOND   =      6455.2418  ANGLE   =        -0.0000  DIHED      =         0.0000
 1-4 NB =         0.0000  1-4 EEL =         0.0000  VDWAALS    =      9051.7387
 EELEC  =    -56568.5198  EHBOND  =         0.0000  RESTRAINT  =         0.0000
 DV/DL  =         5.4752
 ------------------------------------------------------------------------------

 NMR restraints: Bond =    0.000   Angle =     0.000   Torsion =     0.000
===============================================================================

| TI region  1


 NSTEP =   150000   TIME(PS) =     150.000  TEMP(K) =   235.30  PRESS =     0.0
 Etot   =    -32579.0680  EKtot   =      8005.3774  EPtot      =    -40584.4455
 BOND   =      6599.3271  ANGLE   =         0.0000  DIHED      =         0.0000
 1-4 NB =         0.0000  1-4 EEL =         0.0000  VDWAALS    =      9183.7422
 EELEC  =    -56367.5148  EHBOND  =         0.0000  RESTRAINT  =         0.0000
 DV/DL  =         8.9257
 ------------------------------------------------------------------------------

  Softcore part of the system:       5 atoms,       TEMP(K)    =         140.24
 SC_Etot=         9.7275  SC_EKtot=         2.0901  SC_EPtot   =         7.6374
 SC_BOND=         0.3669  SC_ANGLE=         7.2704  SC_DIHED   =         0.0000
 SC_14NB=         0.0000  SC_14EEL=         0.0000  SC_VDW     =         0.0000
 SC_EEL =         0.0000
 SC_RES_DIST=     0.0000  SC_RES_ANG=       0.0000  SC_RES_TORS=         0.0000
 SC_EEL_DER=      0.0000  SC_VDW_DER=      -0.3184  SC_DERIV   =        -0.3184
 ------------------------------------------------------------------------------


| TI region  2


 NSTEP =   150000   TIME(PS) =     150.000  TEMP(K) =   235.34  PRESS =     0.0
 Etot   =    -32581.1582  EKtot   =      8003.2873  EPtot      =    -40584.4455
 BOND   =      6599.3271  ANGLE   =         0.0000  DIHED      =         0.0000
 1-4 NB =         0.0000  1-4 EEL =         0.0000  VDWAALS    =      9183.7422
 EELEC  =    -56367.5148  EHBOND  =         0.0000  RESTRAINT  =         0.0000
 DV/DL  =         8.9257
 ------------------------------------------------------------------------------

 NMR restraints: Bond =    0.000   Angle =     0.000   Torsion =     0.000
===============================================================================

| TI region  1


 NSTEP =   155000   TIME(PS) =     155.000  TEMP(K) =   242.36  PRESS =     0.0
 Etot   =    -31807.5045  EKtot   =      8245.9062  EPtot      =    -40053.4107
 BOND   =      6686.1002  ANGLE   =        -0.0000  DIHED      =         0.0000
 1-4 NB =         0.0000  1-4 EEL =         0.0000  VDWAALS    =      8943.0744
 EELEC  =    -55682.5853  EHBOND  =         0.0000  RESTRAINT  =         0.0000
 DV/DL  =         4.2206
 ------------------------------------------------------------------------------

  Softcore part of the system:       5 atoms,       TEMP(K)    =         110.70
 SC_Etot=         8.7604  SC_EKtot=         1.6498  SC_EPtot   =         7.1106
 SC_BOND=         0.2013  SC_ANGLE=         6.9093  SC_DIHED   =         0.0000
 SC_14NB=         0.0000  SC_14EEL=         0.0000  SC_VDW     =         0.0000
 SC_EEL =         0.0000
 SC_RES_DIST=     0.0000  SC_RES_ANG=       0.0000  SC_RES_TORS=         0.0000
 SC_EEL_DER=      0.0000  SC_VDW_DER=      -3.4891  SC_DERIV   =        -3.4891
 ------------------------------------------------------------------------------


| TI region  2


 NSTEP =   155000   TIME(PS) =     155.000  TEMP(K) =   242.42  PRESS =     0.0
 Etot   =    -31809.1543  EKtot   =      8244.2564  EPtot      =    -40053.4107
 BOND   =      6686.1002  ANGLE   =        -0.0000  DIHED      =         0.0000
 1-4 NB =         0.0000  1-4 EEL =         0.0000  VDWAALS    =      8943.0744
 EELEC  =    -55682.5853  EHBOND  =         0.0000  RESTRAINT  =         0.0000
 DV/DL  =         4.2206
 ------------------------------------------------------------------------------

 NMR restraints: Bond =    0.000   Angle =     0.000   Torsion =     0.000
===============================================================================

| TI region  1


 NSTEP =   160000   TIME(PS) =     160.000  TEMP(K) =   249.99  PRESS =     0.0
 Etot   =    -31103.8707  EKtot   =      8505.1748  EPtot      =    -39609.0455
 BOND   =      6765.6523  ANGLE   =        -0.0000  DIHED      =         0.0000
 1-4 NB =         0.0000  1-4 EEL =         0.0000  VDWAALS    =      8831.3102
 EELEC  =    -55206.0079  EHBOND  =         0.0000  RESTRAINT  =         0.0000
 DV/DL  =         4.7619
 ------------------------------------------------------------------------------

  Softcore part of the system:       5 atoms,       TEMP(K)    =         395.66
 SC_Etot=        15.4384  SC_EKtot=         5.8969  SC_EPtot   =         9.5415
 SC_BOND=         1.8104  SC_ANGLE=         7.7311  SC_DIHED   =         0.0000
 SC_14NB=         0.0000  SC_14EEL=         0.0000  SC_VDW     =         0.0000
 SC_EEL =         0.0000
 SC_RES_DIST=     0.0000  SC_RES_ANG=       0.0000  SC_RES_TORS=         0.0000
 SC_EEL_DER=      0.0000  SC_VDW_DER=      -3.5840  SC_DERIV   =        -3.5840
 ------------------------------------------------------------------------------


| TI region  2


 NSTEP =   160000   TIME(PS) =     160.000  TEMP(K) =   249.92  PRESS =     0.0
 Etot   =    -31109.7676  EKtot   =      8499.2779  EPtot      =    -39609.0455
 BOND   =      6765.6523  ANGLE   =        -0.0000  DIHED      =         0.0000
 1-4 NB =         0.0000  1-4 EEL =         0.0000  VDWAALS    =      8831.3102
 EELEC  =    -55206.0079  EHBOND  =         0.0000  RESTRAINT  =         0.0000
 DV/DL  =         4.7619
 ------------------------------------------------------------------------------

 NMR restraints: Bond =    0.000   Angle =     0.000   Torsion =     0.000
===============================================================================

| TI region  1


 NSTEP =   165000   TIME(PS) =     165.000  TEMP(K) =   259.25  PRESS =     0.0
 Etot   =    -29931.0957  EKtot   =      8820.4727  EPtot      =    -38751.5683
 BOND   =      6714.4100  ANGLE   =         0.0000  DIHED      =         0.0000
 1-4 NB =         0.0000  1-4 EEL =         0.0000  VDWAALS    =      8269.7506
 EELEC  =    -53735.7290  EHBOND  =         0.0000  RESTRAINT  =         0.0000
 DV/DL  =         4.2185
 ------------------------------------------------------------------------------

  Softcore part of the system:       5 atoms,       TEMP(K)    =         240.89
 SC_Etot=        11.7700  SC_EKtot=         3.5902  SC_EPtot   =         8.1798
 SC_BOND=         1.0660  SC_ANGLE=         7.1138  SC_DIHED   =         0.0000
 SC_14NB=         0.0000  SC_14EEL=         0.0000  SC_VDW     =         0.0000
 SC_EEL =         0.0000
 SC_RES_DIST=     0.0000  SC_RES_ANG=       0.0000  SC_RES_TORS=         0.0000
 SC_EEL_DER=      0.0000  SC_VDW_DER=      -3.8810  SC_DERIV   =        -3.8810
 ------------------------------------------------------------------------------


| TI region  2


 NSTEP =   165000   TIME(PS) =     165.000  TEMP(K) =   259.26  PRESS =     0.0
 Etot   =    -29934.6859  EKtot   =      8816.8824  EPtot      =    -38751.5683
 BOND   =      6714.4100  ANGLE   =         0.0000  DIHED      =         0.0000
 1-4 NB =         0.0000  1-4 EEL =         0.0000  VDWAALS    =      8269.7506
 EELEC  =    -53735.7290  EHBOND  =         0.0000  RESTRAINT  =         0.0000
 DV/DL  =         4.2185
 ------------------------------------------------------------------------------

 NMR restraints: Bond =    0.000   Angle =     0.000   Torsion =     0.000
===============================================================================

| TI region  1


 NSTEP =   170000   TIME(PS) =     170.000  TEMP(K) =   265.72  PRESS =     0.0
 Etot   =    -29378.8196  EKtot   =      9040.3672  EPtot      =    -38419.1868
 BOND   =      6761.0606  ANGLE   =        -0.0000  DIHED      =         0.0000
 1-4 NB =         0.0000  1-4 EEL =         0.0000  VDWAALS    =      8237.0077
 EELEC  =    -53417.2550  EHBOND  =         0.0000  RESTRAINT  =         0.0000
 DV/DL  =         7.0545
 ------------------------------------------------------------------------------

  Softcore part of the system:       5 atoms,       TEMP(K)    =         133.56
 SC_Etot=        10.3299  SC_EKtot=         1.9906  SC_EPtot   =         8.3393
 SC_BOND=         0.8937  SC_ANGLE=         7.4456  SC_DIHED   =         0.0000
 SC_14NB=         0.0000  SC_14EEL=         0.0000  SC_VDW     =         0.0000
 SC_EEL =         0.0000
 SC_RES_DIST=     0.0000  SC_RES_ANG=       0.0000  SC_RES_TORS=         0.0000
 SC_EEL_DER=      0.0000  SC_VDW_DER=      -2.1840  SC_DERIV   =        -2.1840
 ------------------------------------------------------------------------------


| TI region  2


 NSTEP =   170000   TIME(PS) =     170.000  TEMP(K) =   265.77  PRESS =     0.0
 Etot   =    -29380.8102  EKtot   =      9038.3766  EPtot      =    -38419.1868
 BOND   =      6761.0606  ANGLE   =        -0.0000  DIHED      =         0.0000
 1-4 NB =         0.0000  1-4 EEL =         0.0000  VDWAALS    =      8237.0077
 EELEC  =    -53417.2550  EHBOND  =         0.0000  RESTRAINT  =         0.0000
 DV/DL  =         7.0545
 ------------------------------------------------------------------------------

 NMR restraints: Bond =    0.000   Angle =     0.000   Torsion =     0.000
===============================================================================

| TI region  1


 NSTEP =   175000   TIME(PS) =     175.000  TEMP(K) =   273.78  PRESS =     0.0
 Etot   =    -28507.0834  EKtot   =      9314.8350  EPtot      =    -37821.9183
 BOND   =      6951.6550  ANGLE   =         0.0000  DIHED      =         0.0000
 1-4 NB =         0.0000  1-4 EEL =         0.0000  VDWAALS    =      8347.3784
 EELEC  =    -53120.9517  EHBOND  =         0.0000  RESTRAINT  =         0.0000
 DV/DL  =         0.8117
 ------------------------------------------------------------------------------

  Softcore part of the system:       5 atoms,       TEMP(K)    =         189.46
 SC_Etot=        11.1798  SC_EKtot=         2.8237  SC_EPtot   =         8.3561
 SC_BOND=         1.1630  SC_ANGLE=         7.1931  SC_DIHED   =         0.0000
 SC_14NB=         0.0000  SC_14EEL=         0.0000  SC_VDW     =         0.0000
 SC_EEL =         0.0000
 SC_RES_DIST=     0.0000  SC_RES_ANG=       0.0000  SC_RES_TORS=         0.0000
 SC_EEL_DER=      0.0000  SC_VDW_DER=      -5.9842  SC_DERIV   =        -5.9842
 ------------------------------------------------------------------------------


| TI region  2


 NSTEP =   175000   TIME(PS) =     175.000  TEMP(K) =   273.82  PRESS =     0.0
 Etot   =    -28509.9071  EKtot   =      9312.0113  EPtot      =    -37821.9183
 BOND   =      6951.6550  ANGLE   =         0.0000  DIHED      =         0.0000
 1-4 NB =         0.0000  1-4 EEL =         0.0000  VDWAALS    =      8347.3784
 EELEC  =    -53120.9517  EHBOND  =         0.0000  RESTRAINT  =         0.0000
 DV/DL  =         0.8117
 ------------------------------------------------------------------------------

 NMR restraints: Bond =    0.000   Angle =     0.000   Torsion =     0.000
===============================================================================

| TI region  1


 NSTEP =   180000   TIME(PS) =     180.000  TEMP(K) =   282.84  PRESS =     0.0
 Etot   =    -27547.0730  EKtot   =      9622.9414  EPtot      =    -37170.0144
 BOND   =      6951.7522  ANGLE   =        -0.0000  DIHED      =         0.0000
 1-4 NB =         0.0000  1-4 EEL =         0.0000  VDWAALS    =      7844.6857
 EELEC  =    -51966.4523  EHBOND  =         0.0000  RESTRAINT  =         0.0000
 DV/DL  =        -1.7767
 ------------------------------------------------------------------------------

  Softcore part of the system:       5 atoms,       TEMP(K)    =         354.83
 SC_Etot=        14.0474  SC_EKtot=         5.2883  SC_EPtot   =         8.7591
 SC_BOND=         0.3616  SC_ANGLE=         8.3975  SC_DIHED   =         0.0000
 SC_14NB=         0.0000  SC_14EEL=         0.0000  SC_VDW     =         0.0000
 SC_EEL =         0.0000
 SC_RES_DIST=     0.0000  SC_RES_ANG=       0.0000  SC_RES_TORS=         0.0000
 SC_EEL_DER=      0.0000  SC_VDW_DER=      -7.0338  SC_DERIV   =        -7.0338
 ------------------------------------------------------------------------------


| TI region  2


 NSTEP =   180000   TIME(PS) =     180.000  TEMP(K) =   282.81  PRESS =     0.0
 Etot   =    -27552.3613  EKtot   =      9617.6531  EPtot      =    -37170.0144
 BOND   =      6951.7522  ANGLE   =        -0.0000  DIHED      =         0.0000
 1-4 NB =         0.0000  1-4 EEL =         0.0000  VDWAALS    =      7844.6857
 EELEC  =    -51966.4523  EHBOND  =         0.0000  RESTRAINT  =         0.0000
 DV/DL  =        -1.7767
 ------------------------------------------------------------------------------

 NMR restraints: Bond =    0.000   Angle =     0.000   Torsion =     0.000
===============================================================================

| TI region  1


 NSTEP =   185000   TIME(PS) =     185.000  TEMP(K) =   291.70  PRESS =     0.0
 Etot   =    -26815.7939  EKtot   =      9924.4219  EPtot      =    -36740.2158
 BOND   =      7167.8750  ANGLE   =         0.0000  DIHED      =         0.0000
 1-4 NB =         0.0000  1-4 EEL =         0.0000  VDWAALS    =      7855.8630
 EELEC  =    -51763.9538  EHBOND  =         0.0000  RESTRAINT  =         0.0000
 DV/DL  =         2.6650
 ------------------------------------------------------------------------------

  Softcore part of the system:       5 atoms,       TEMP(K)    =         259.75
 SC_Etot=        12.9069  SC_EKtot=         3.8713  SC_EPtot   =         9.0355
 SC_BOND=         0.2869  SC_ANGLE=         8.7486  SC_DIHED   =         0.0000
 SC_14NB=         0.0000  SC_14EEL=         0.0000  SC_VDW     =         0.0000
 SC_EEL =         0.0000
 SC_RES_DIST=     0.0000  SC_RES_ANG=       0.0000  SC_RES_TORS=         0.0000
 SC_EEL_DER=      0.0000  SC_VDW_DER=      -4.1874  SC_DERIV   =        -4.1874
 ------------------------------------------------------------------------------


| TI region  2


 NSTEP =   185000   TIME(PS) =     185.000  TEMP(K) =   291.71  PRESS =     0.0
 Etot   =    -26819.6652  EKtot   =      9920.5505  EPtot      =    -36740.2158
 BOND   =      7167.8750  ANGLE   =         0.0000  DIHED      =         0.0000
 1-4 NB =         0.0000  1-4 EEL =         0.0000  VDWAALS    =      7855.8630
 EELEC  =    -51763.9538  EHBOND  =         0.0000  RESTRAINT  =         0.0000
 DV/DL  =         2.6650
 ------------------------------------------------------------------------------

 NMR restraints: Bond =    0.000   Angle =     0.000   Torsion =     0.000
===============================================================================

| TI region  1


 NSTEP =   190000   TIME(PS) =     190.000  TEMP(K) =   296.79  PRESS =     0.0
 Etot   =    -25866.3143  EKtot   =     10097.4775  EPtot      =    -35963.7919
 BOND   =      7037.2548  ANGLE   =        -0.0000  DIHED      =         0.0000
 1-4 NB =         0.0000  1-4 EEL =         0.0000  VDWAALS    =      7355.9010
 EELEC  =    -50356.9477  EHBOND  =         0.0000  RESTRAINT  =         0.0000
 DV/DL  =         7.3999
 ------------------------------------------------------------------------------

  Softcore part of the system:       5 atoms,       TEMP(K)    =         426.88
 SC_Etot=        14.5179  SC_EKtot=         6.3621  SC_EPtot   =         8.1557
 SC_BOND=         1.3492  SC_ANGLE=         6.8065  SC_DIHED   =         0.0000
 SC_14NB=         0.0000  SC_14EEL=         0.0000  SC_VDW     =         0.0000
 SC_EEL =         0.0000
 SC_RES_DIST=     0.0000  SC_RES_ANG=       0.0000  SC_RES_TORS=         0.0000
 SC_EEL_DER=      0.0000  SC_VDW_DER=      -1.5799  SC_DERIV   =        -1.5799
 ------------------------------------------------------------------------------


| TI region  2


 NSTEP =   190000   TIME(PS) =     190.000  TEMP(K) =   296.73  PRESS =     0.0
 Etot   =    -25872.6765  EKtot   =     10091.1154  EPtot      =    -35963.7919
 BOND   =      7037.2548  ANGLE   =        -0.0000  DIHED      =         0.0000
 1-4 NB =         0.0000  1-4 EEL =         0.0000  VDWAALS    =      7355.9010
 EELEC  =    -50356.9477  EHBOND  =         0.0000  RESTRAINT  =         0.0000
 DV/DL  =         7.3999
 ------------------------------------------------------------------------------

 NMR restraints: Bond =    0.000   Angle =     0.000   Torsion =     0.000
===============================================================================

| TI region  1


 NSTEP =   195000   TIME(PS) =     195.000  TEMP(K) =   302.69  PRESS =     0.0
 Etot   =    -25696.5828  EKtot   =     10298.3799  EPtot      =    -35994.9626
 BOND   =      7060.3723  ANGLE   =        -0.0000  DIHED      =         0.0000
 1-4 NB =         0.0000  1-4 EEL =         0.0000  VDWAALS    =      7532.2891
 EELEC  =    -50587.6241  EHBOND  =         0.0000  RESTRAINT  =         0.0000
 DV/DL  =         2.3394
 ------------------------------------------------------------------------------

  Softcore part of the system:       5 atoms,       TEMP(K)    =         179.51
 SC_Etot=        12.2413  SC_EKtot=         2.6754  SC_EPtot   =         9.5658
 SC_BOND=         2.1617  SC_ANGLE=         7.4041  SC_DIHED   =         0.0000
 SC_14NB=         0.0000  SC_14EEL=         0.0000  SC_VDW     =         0.0000
 SC_EEL =         0.0000
 SC_RES_DIST=     0.0000  SC_RES_ANG=       0.0000  SC_RES_TORS=         0.0000
 SC_EEL_DER=      0.0000  SC_VDW_DER=      -4.2345  SC_DERIV   =        -4.2345
 ------------------------------------------------------------------------------


| TI region  2


 NSTEP =   195000   TIME(PS) =     195.000  TEMP(K) =   302.75  PRESS =     0.0
 Etot   =    -25699.2582  EKtot   =     10295.7044  EPtot      =    -35994.9626
 BOND   =      7060.3723  ANGLE   =        -0.0000  DIHED      =         0.0000
 1-4 NB =         0.0000  1-4 EEL =         0.0000  VDWAALS    =      7532.2891
 EELEC  =    -50587.6241  EHBOND  =         0.0000  RESTRAINT  =         0.0000
 DV/DL  =         2.3394
 ------------------------------------------------------------------------------

 NMR restraints: Bond =    0.000   Angle =     0.000   Torsion =     0.000
===============================================================================

| TI region  1


 NSTEP =   200000   TIME(PS) =     200.000  TEMP(K) =   300.08  PRESS =     0.0
 Etot   =    -25614.1727  EKtot   =     10209.5234  EPtot      =    -35823.6962
 BOND   =      7047.4256  ANGLE   =         0.0000  DIHED      =         0.0000
 1-4 NB =         0.0000  1-4 EEL =         0.0000  VDWAALS    =      7405.2580
 EELEC  =    -50276.3798  EHBOND  =         0.0000  RESTRAINT  =         0.0000
 DV/DL  =         9.9734
 ------------------------------------------------------------------------------

  Softcore part of the system:       5 atoms,       TEMP(K)    =         186.16
 SC_Etot=        11.0458  SC_EKtot=         2.7744  SC_EPtot   =         8.2714
 SC_BOND=         1.0227  SC_ANGLE=         7.2487  SC_DIHED   =         0.0000
 SC_14NB=         0.0000  SC_14EEL=         0.0000  SC_VDW     =         0.0000
 SC_EEL =         0.0000
 SC_RES_DIST=     0.0000  SC_RES_ANG=       0.0000  SC_RES_TORS=         0.0000
 SC_EEL_DER=      0.0000  SC_VDW_DER=      -0.0485  SC_DERIV   =        -0.0485
 ------------------------------------------------------------------------------


| TI region  2


 NSTEP =   200000   TIME(PS) =     200.000  TEMP(K) =   300.13  PRESS =     0.0
 Etot   =    -25616.9472  EKtot   =     10206.7490  EPtot      =    -35823.6962
 BOND   =      7047.4256  ANGLE   =         0.0000  DIHED      =         0.0000
 1-4 NB =         0.0000  1-4 EEL =         0.0000  VDWAALS    =      7405.2580
 EELEC  =    -50276.3798  EHBOND  =         0.0000  RESTRAINT  =         0.0000
 DV/DL  =         9.9734
 ------------------------------------------------------------------------------

 NMR restraints: Bond =    0.000   Angle =     0.000   Torsion =     0.000
===============================================================================

| TI region  1


      A V E R A G E S   O V E R      40 S T E P S


 NSTEP =   200000   TIME(PS) =     200.000  TEMP(K) =   160.42  PRESS =     0.0
 Etot   =    -37828.6948  EKtot   =      5457.8009  EPtot      =    -43286.4957
 BOND   =      5816.6456  ANGLE   =        -0.0000  DIHED      =         0.0000
 1-4 NB =         0.0000  1-4 EEL =         0.0000  VDWAALS    =      9753.2432
 EELEC  =    -58856.3845  EHBOND  =         0.0000  RESTRAINT  =         0.0000
 DV/DL  =         6.4987
 ------------------------------------------------------------------------------

 NMR restraints: Bond =    0.000   Angle =     0.000   Torsion =     0.000
===============================================================================
  Softcore part of the system:       5 atoms,       TEMP(K)    =         150.99
 SC_Etot=        10.0159  SC_EKtot=         2.2504  SC_EPtot   =         7.7655
 SC_BOND=         0.7782  SC_ANGLE=         6.9873  SC_DIHED   =         0.0000
 SC_14NB=         0.0000  SC_14EEL=         0.0000  SC_VDW     =         0.0000
 SC_EEL =         0.0000
 SC_RES_DIST=     0.0000  SC_RES_ANG=       0.0000  SC_RES_TORS=         0.0000
 SC_EEL_DER=      0.0000  SC_VDW_DER=      -1.5402  SC_DERIV   =        -1.5402
 ------------------------------------------------------------------------------


      R M S  F L U C T U A T I O N S


 NSTEP =   200000   TIME(PS) =     200.000  TEMP(K) =    90.00  PRESS =     0.0
 Etot   =      6913.2295  EKtot   =      3062.0382  EPtot      =      3886.8000
 BOND   =       933.8574  ANGLE   =         0.0000  DIHED      =         0.0000
 1-4 NB =         0.0000  1-4 EEL =         0.0000  VDWAALS    =      1092.8804
 EELEC  =      4101.9150  EHBOND  =         0.0000  RESTRAINT  =         0.0000
 DV/DL  =         2.4531
 ------------------------------------------------------------------------------

  Softcore part of the system:       5 atoms,       TEMP(K)    =         107.30
 SC_Etot=         2.3153  SC_EKtot=         1.5992  SC_EPtot   =         0.9176
 SC_BOND=         0.6599  SC_ANGLE=         0.5764  SC_DIHED   =         0.0000
 SC_14NB=         0.0000  SC_14EEL=         0.0000  SC_VDW     =         0.0000
 SC_EEL =         0.0000
 SC_RES_DIST=     0.0000  SC_RES_ANG=       0.0000  SC_RES_TORS=         0.0000
 SC_EEL_DER=      0.0000  SC_VDW_DER=       1.7049  SC_DERIV   =         1.7049
 ------------------------------------------------------------------------------


| TI region  2


      A V E R A G E S   O V E R      40 S T E P S


 NSTEP =   200000   TIME(PS) =     200.000  TEMP(K) =   160.42  PRESS =     0.0
 Etot   =    -37830.9453  EKtot   =      5455.5505  EPtot      =    -43286.4957
 BOND   =      5816.6456  ANGLE   =        -0.0000  DIHED      =         0.0000
 1-4 NB =         0.0000  1-4 EEL =         0.0000  VDWAALS    =      9753.2432
 EELEC  =    -58856.3845  EHBOND  =         0.0000  RESTRAINT  =         0.0000
 DV/DL  =         6.4987
 ------------------------------------------------------------------------------

 NMR restraints: Bond =    0.000   Angle =     0.000   Torsion =     0.000
===============================================================================

      R M S  F L U C T U A T I O N S


 NSTEP =   200000   TIME(PS) =     200.000  TEMP(K) =    90.00  PRESS =     0.0
 Etot   =      6912.0157  EKtot   =      3060.8044  EPtot      =      3886.8000
 BOND   =       933.8574  ANGLE   =         0.0000  DIHED      =         0.0000
 1-4 NB =         0.0000  1-4 EEL =         0.0000  VDWAALS    =      1092.8804
 EELEC  =      4101.9150  EHBOND  =         0.0000  RESTRAINT  =         0.0000
 DV/DL  =         2.4531
 ------------------------------------------------------------------------------


      DV/DL, AVERAGES OVER      40 STEPS


 NSTEP =   200000   TIME(PS) =     200.000  TEMP(K) =    90.00  PRESS =     0.0
 Etot   =         0.0000  EKtot   =         0.0000  EPtot      =         6.4987
 BOND   =         0.0000  ANGLE   =         0.0000  DIHED      =         0.0000
 1-4 NB =         0.0000  1-4 EEL =         0.0000  VDWAALS    =         8.0389
 EELEC  =         0.0000  EHBOND  =         0.0000  RESTRAINT  =         0.0000
 DV/DL  =         6.4987
 ------------------------------------------------------------------------------


 NMR restraints on final step:

--------------------------------------------------------------------------------
   5.  TIMINGS
--------------------------------------------------------------------------------

|  NonSetup CPU Time in Major Routines:
|
|     Routine           Sec        %
|     ------------------------------
|     Nonbond          76.48   28.43
|     Bond              0.00    0.00
|     Angle             0.00    0.00
|     Dihedral          0.00    0.00
|     Shake             0.00    0.00
|     RunMD           191.82   71.32
|     Other             0.65    0.24
|     ------------------------------
|     Total           268.95

|  PME Nonbond Pairlist CPU Time:
|
|     Routine              Sec        %
|     ---------------------------------
|     Set Up Cit           0.00    0.00
|     Build List           0.00    0.00
|     ---------------------------------
|     Total                0.00    0.00

|  PME Direct Force CPU Time:
|
|     Routine              Sec        %
|     ---------------------------------
|     NonBonded Calc       0.00    0.00
|     Exclude Masked       0.00    0.00
|     Other                0.46    0.17
|     ---------------------------------
|     Total                0.46    0.17

|  PME Reciprocal Force CPU Time:
|
|     Routine              Sec        %
|     ---------------------------------
|     1D bspline           0.00    0.00
|     Grid Charges         0.00    0.00
|     Scalar Sum           0.00    0.00
|     Gradient Sum         0.00    0.00
|     FFT                  0.00    0.00
|     ---------------------------------
|     Total                0.00    0.00

|  Final Performance Info:
|     -----------------------------------------------------
|     Average timings for last   15000 steps:
|     Elapsed(s) =      20.73 Per Step(ms) =       1.38
|         ns/day =      62.51   seconds/ns =    1382.20
|
|     Average timings for all steps:
|     Elapsed(s) =     269.13 Per Step(ms) =       1.35
|         ns/day =      64.21   seconds/ns =    1345.67
|     -----------------------------------------------------

|  Setup CPU time:            0.41 seconds
|  NonSetup CPU time:       268.95 seconds
|  Total CPU time:          269.36 seconds     0.07 hours

|  Setup wall time:           0    seconds
|  NonSetup wall time:      269    seconds
|  Total wall time:         269    seconds     0.07 hours
