
          -------------------------------------------------------
          Amber 18 PMEMD                              2018
          -------------------------------------------------------

| PMEMD implementation of SANDER, Release 18

| Run on 09/12/2020 at 22:28:36

|   Executable path: /opt/software/Amber/18-foss-2018b-AmberTools-19/bin/pmemd.cuda
| Working directory: /mnt/gs18/scratch/users/songlin3/run/1264_optimization/PO4/step1_sol/0.68392
|          Hostname: lac-193

  [-O]verwriting output

File Assignments:
|   MDIN: heat.in                                                               
|  MDOUT: heat.out                                                              
| INPCRD: min.rst                                                               
|   PARM: step1.prmtop                                                          
| RESTRT: heat.rst                                                              
|   REFC: min.rst                                                               
|  MDVEL: mdvel                                                                 
|   MDEN: mden                                                                  
|  MDCRD: heat.netcdf                                                           
| MDINFO: heat.mdinfo                                                           
|  MDFRC: mdfrc                                                                 


 Here is the input file:

nvt for free MD                                                                
 &cntrl                                                                        
  imin=0,                                                                      
  irest=0,                                                                     
  ntx=1,                                                                       
  ig=-1,                                                                       
  nstlim=100000,                                                               
  dt=0.002,                                                                    
  cut=10.0,                                                                    
  ntc=2,                                                                       
  ntf=2,                                                                       
  ntb=1,                                                                       
  ntt=3,                                                                       
  gamma_ln=2.0,                                                                
  tempi=0.0,                                                                   
  temp0=300.0,                                                                 
  ntpr=5000,                                                                   
  ntwr=5000,                                                                   
  ntwx=10000,                                                                  
  ntwv=0,                                                                      
  ioutfm=1,                                                                    
  iwrap=0,                                                                     
  nmropt=1,                                                                    
  ifsc = 0, icfe=1,                                                            
  clambda=0.68392,                                                             
  timask1=':1',                                                                
  timask2=':2', crgmask = ':2',                                                
/                                                                              
&wt TYPE='TEMP0', istep1=0, istep2=90000, value1=0.0, value2=300.0 /           
&wt TYPE='TEMP0', istep1=90001, istep2=100000, value1=300.0, value2=300.0 /    
&wt TYPE='DUMPFREQ', istep1=10000, /                                           
&wt TYPE='END', /                                                              


Note: ig = -1. Setting random seed to   430715 based on wallclock time in 
      microseconds.
| irandom = 1, using AMBER's internal random number generator (default).
 
|--------------------- INFORMATION ----------------------
| GPU (CUDA) Version of PMEMD in use: NVIDIA GPU IN USE.
|                    Version 18.0.0
| 
|                      03/25/2018
| 
| Implementation by:
|                    Ross C. Walker     (SDSC)
|                    Scott Le Grand     (nVIDIA)
| 
| Version 18 performance extensions by:
|                    David Cerutti     (Rutgers)
| 
| Precision model in use:
|      [SPFP] - Single Precision Forces, 64-bit Fixed Point
|               Accumulation. (Default)
| 
|--------------------------------------------------------
 
|----------------- CITATION INFORMATION -----------------
|
|    When publishing work that utilized the CUDA version
|    of AMBER, please cite the following in addition to
|    the regular AMBER citations:
|
|  - Romelia Salomon-Ferrer; Andreas W. Goetz; Duncan
|    Poole; Scott Le Grand; Ross C. Walker "Routine
|    microsecond molecular dynamics simulations with
|    AMBER - Part II: Particle Mesh Ewald", J. Chem.
|    Theory Comput., 2013, 9 (9), pp3878-3888,
|    DOI: 10.1021/ct400314y.
|
|  - Andreas W. Goetz; Mark J. Williamson; Dong Xu;
|    Duncan Poole; Scott Le Grand; Ross C. Walker
|    "Routine microsecond molecular dynamics simulations
|    with AMBER - Part I: Generalized Born", J. Chem.
|    Theory Comput., 2012, 8 (5), pp1542-1555.
|
|  - Scott Le Grand; Andreas W. Goetz; Ross C. Walker
|    "SPFP: Speed without compromise - a mixed precision
|    model for GPU accelerated molecular dynamics
|    simulations.", Comp. Phys. Comm., 2013, 184
|    pp374-380, DOI: 10.1016/j.cpc.2012.09.022
|
|    When publishing work that utilized the CUDA version
|    of TI, BAR, MBAR or FEP please cite the following 
|    three publications in addition to the regular AMBER 
|    GPU citations:
|
|  - Daniel J. Mermelstein; Charles Lin; Gard Nelson; 
|    Rachael Kretsch; J. Andrew McCammon; Ross C. Walker
|    "Fast and Flexible GPU Accelerated Binding 
|    Free Energy Calculations within the AMBER Molecular
|    Dynamics Package" J. Comp. Chem., 2018,
|    DOI: 10.1002/jcc.25187
|
|  - Tai-Sung Lee; Yuan Hu; Brad Sherborne; Zhuyan Guo;
|    Darrin M. York
|    "Toward Fast and Accurate Binding Affinity Prediction with
|    pmemdGTI: An Efficient Implementation of GPU-Accelerated
|    Thermodynamic Integration"
|    J. Chem. Theory Comput., 2017, 13 (7), 3077
|
|
|--------------------------------------------------------
 
|------------------- GPU DEVICE INFO --------------------
|
|            CUDA_VISIBLE_DEVICES: 0
|   CUDA Capable Devices Detected:      1
|           CUDA Device ID in use:      0
|                CUDA Device Name: Tesla K80
|     CUDA Device Global Mem Size:  11441 MB
| CUDA Device Num Multiprocessors:     13
|           CUDA Device Core Freq:   0.82 GHz
|
|--------------------------------------------------------
 
 
| Conditional Compilation Defines Used:
| PUBFFT
| BINTRAJ
| CUDA
| EMIL

| Largest sphere to fit in unit cell has radius =    22.455

| New format PARM file being parsed.
| Version =    1.000 Date = 09/12/20 Time = 21:53:15

| Note: 1-4 EEL scale factors are being read from the topology file.

| Note: 1-4 VDW scale factors are being read from the topology file.
| Duplicated    0 dihedrals

| Duplicated    0 dihedrals

--------------------------------------------------------------------------------
   1.  RESOURCE   USE: 
--------------------------------------------------------------------------------

 getting box info from netcdf restart file
 NATOM  =   11419 NTYPES =       4 NBONH =   11409 MBONA  =       8
 NTHETH =       0 MTHETA =      12 NPHIH =       0 MPHIA  =       0
 NHPARM =       0 NPARM  =       0 NNB   =   15234 NRES   =    3805
 NBONA  =       8 NTHETA =      12 NPHIA =       0 NUMBND =       3
 NUMANG =       1 NPTRA  =       0 NATYP =       4 NPHB   =       1
 IFBOX  =       2 NMXRS  =       5 IFCAP =       0 NEXTRA =       0
 NCOPY  =       0

| Coordinate Index Table dimensions:     8    8    8
| Direct force subcell size =     6.8755    6.8755    6.8755

     BOX TYPE: TRUNCATED OCTAHEDRON

--------------------------------------------------------------------------------
   2.  CONTROL  DATA  FOR  THE  RUN
--------------------------------------------------------------------------------

default_name                                                                    

General flags:
     imin    =       0, nmropt  =       1

Nature and format of input:
     ntx     =       1, irest   =       0, ntrx    =       1

Nature and format of output:
     ntxo    =       2, ntpr    =    5000, ntrx    =       1, ntwr    =    5000
     iwrap   =       0, ntwx    =   10000, ntwv    =       0, ntwe    =       0
     ioutfm  =       1, ntwprt  =       0, idecomp =       0, rbornstat=      0

Potential function:
     ntf     =       2, ntb     =       1, igb     =       0, nsnb    =      25
     ipol    =       0, gbsa    =       0, iesp    =       0
     dielc   =   1.00000, cut     =  10.00000, intdiel =   1.00000

Frozen or restrained atoms:
     ibelly  =       0, ntr     =       0

Molecular dynamics:
     nstlim  =    100000, nscm    =      1000, nrespa  =         1
     t       =   0.00000, dt      =   0.00200, vlimit  =  -1.00000

Langevin dynamics temperature regulation:
     ig      =  430715
     temp0   = 300.00000, tempi   =   0.00000, gamma_ln=   2.00000

SHAKE:
     ntc     =       2, jfastw  =       0
     tol     =   0.00001

NMR refinement options:
     iscale  =       0, noeskp  =       1, ipnlty  =       1, mxsub   =       1
     scalm   = 100.00000, pencut  =   0.10000, tausw   =   0.10000

Free energy options:
     icfe    =       1, ifsc    =       0, klambda =       1
     clambda =  0.6839, scalpha =  0.5000, scbeta  = 12.0000
     sceeorder =       2
     dynlmb =  0.0000 logdvdl =       0

| Intermolecular bonds treatment:
|     no_intermolecular_bonds =       1

| Energy averages sample interval:
|     ene_avg_sampling =    5000

Ewald parameters:
     verbose =       0, ew_type =       0, nbflag  =       1, use_pme =       1
     vdwmeth =       1, eedmeth =       1, netfrc  =       1
     Box X =   55.004   Box Y =   55.004   Box Z =   55.004
     Alpha =  109.471   Beta  =  109.471   Gamma =  109.471
     NFFT1 =   56       NFFT2 =   56       NFFT3 =   56
     Cutoff=   10.000   Tol   =0.100E-04
     Ewald Coefficient =  0.27511
     Interpolation order =    4
     TI Mask 1 :1; matches      5 atoms
     TI Mask 2 :2; matches      5 atoms
     TI region 1:   11414 atoms
     TI region 2:   11414 atoms
Removing charge of       1.2430 from atom       6
Removing charge of      -1.0605 from atom       7
Removing charge of      -1.0605 from atom       8
Removing charge of      -1.0605 from atom       9
Removing charge of      -1.0605 from atom      10
Total charge of  -2.99900001 removed from       5 atoms
     Checking for mismatched coordinates.

--------------------------------------------------------------------------------
   3.  ATOMIC COORDINATES AND VELOCITIES
--------------------------------------------------------------------------------

default_name                                                                    
 begin time read from input coords =     0.000 ps



           Begin reading energy term weight changes/NMR restraints
 WEIGHT CHANGES:
 TEMP0         0  90000    0.000000  300.000000      0      0
 TEMP0     90001 100000  300.000000  300.000000      0      0
 DUMPFREQ  10000      0    0.000000    0.000000      0      0

 RESTRAINTS:
                          ** No restraint defined **

                  Done reading weight changes/NMR restraints


 
 Number of triangulated 3-point waters found:     3803

     Sum of charges for TI region  1 =  -2.99900001
     Assuming uniform neutralizing plasma


     Sum of charges for TI region  2 =   0.00000000
     Forcing neutrality...

| Dynamic Memory, Types Used:
| Reals              565971
| Integers           434073

| Nonbonded Pairs Initial Allocation:     3453962

| GPU memory information (estimate):
| KB of GPU memory in use:         0
| KB of CPU memory in use:         0

--------------------------------------------------------------------------------
   4.  RESULTS
--------------------------------------------------------------------------------


| TI region  1


 NSTEP =        0   TIME(PS) =       0.000  TEMP(K) =     0.00  PRESS =     0.0
 Etot   =    -34697.3700  EKtot   =         0.0000  EPtot      =    -34697.3700
 BOND   =         0.0069  ANGLE   =         6.2936  DIHED      =         0.0000
 1-4 NB =         0.0000  1-4 EEL =         0.0000  VDWAALS    =      2544.8558
 EELEC  =    -37248.5264  EHBOND  =         0.0000  RESTRAINT  =         0.0000
 DV/DL  =       151.5608
 ------------------------------------------------------------------------------


| TI region  2


 NSTEP =        0   TIME(PS) =       0.000  TEMP(K) =     0.00  PRESS =     0.0
 Etot   =    -34697.3700  EKtot   =         0.0000  EPtot      =    -34697.3700
 BOND   =         0.0069  ANGLE   =         6.2936  DIHED      =         0.0000
 1-4 NB =         0.0000  1-4 EEL =         0.0000  VDWAALS    =      2544.8558
 EELEC  =    -37248.5264  EHBOND  =         0.0000  RESTRAINT  =         0.0000
 DV/DL  =       151.5608
 ------------------------------------------------------------------------------

 NMR restraints: Bond =    0.000   Angle =     0.000   Torsion =     0.000
===============================================================================

| TI region  1


 NSTEP =     5000   TIME(PS) =      10.000  TEMP(K) =    15.79  PRESS =     0.0
 Etot   =    -44671.5894  EKtot   =       358.1286  EPtot      =    -45029.7180
 BOND   =         0.0560  ANGLE   =         6.4012  DIHED      =         0.0000
 1-4 NB =         0.0000  1-4 EEL =         0.0000  VDWAALS    =      8154.8012
 EELEC  =    -53190.9764  EHBOND  =         0.0000  RESTRAINT  =         0.0000
 DV/DL  =       395.1343
 ------------------------------------------------------------------------------


| TI region  2


 NSTEP =     5000   TIME(PS) =      10.000  TEMP(K) =    15.79  PRESS =     0.0
 Etot   =    -44671.5894  EKtot   =       358.1286  EPtot      =    -45029.7180
 BOND   =         0.0560  ANGLE   =         6.4012  DIHED      =         0.0000
 1-4 NB =         0.0000  1-4 EEL =         0.0000  VDWAALS    =      8154.8012
 EELEC  =    -53190.9764  EHBOND  =         0.0000  RESTRAINT  =         0.0000
 DV/DL  =       395.1343
 ------------------------------------------------------------------------------

 NMR restraints: Bond =    0.000   Angle =     0.000   Torsion =     0.000
===============================================================================

| TI region  1


 NSTEP =    10000   TIME(PS) =      20.000  TEMP(K) =    32.48  PRESS =     0.0
 Etot   =    -44030.7827  EKtot   =       736.7941  EPtot      =    -44767.5768
 BOND   =         0.0819  ANGLE   =         6.5237  DIHED      =         0.0000
 1-4 NB =         0.0000  1-4 EEL =         0.0000  VDWAALS    =      8125.4014
 EELEC  =    -52899.5839  EHBOND  =         0.0000  RESTRAINT  =         0.0000
 DV/DL  =       401.9904
 ------------------------------------------------------------------------------


| TI region  2


 NSTEP =    10000   TIME(PS) =      20.000  TEMP(K) =    32.48  PRESS =     0.0
 Etot   =    -44030.7827  EKtot   =       736.7941  EPtot      =    -44767.5768
 BOND   =         0.0819  ANGLE   =         6.5237  DIHED      =         0.0000
 1-4 NB =         0.0000  1-4 EEL =         0.0000  VDWAALS    =      8125.4014
 EELEC  =    -52899.5839  EHBOND  =         0.0000  RESTRAINT  =         0.0000
 DV/DL  =       401.9904
 ------------------------------------------------------------------------------

 NMR restraints: Bond =    0.000   Angle =     0.000   Torsion =     0.000
===============================================================================

| TI region  1


 NSTEP =    15000   TIME(PS) =      30.000  TEMP(K) =    49.99  PRESS =     0.0
 Etot   =    -43463.9446  EKtot   =      1134.1352  EPtot      =    -44598.0798
 BOND   =         0.0497  ANGLE   =         6.7574  DIHED      =         0.0000
 1-4 NB =         0.0000  1-4 EEL =         0.0000  VDWAALS    =      8243.4135
 EELEC  =    -52848.3004  EHBOND  =         0.0000  RESTRAINT  =         0.0000
 DV/DL  =       388.1958
 ------------------------------------------------------------------------------


| TI region  2


 NSTEP =    15000   TIME(PS) =      30.000  TEMP(K) =    49.99  PRESS =     0.0
 Etot   =    -43463.9446  EKtot   =      1134.1352  EPtot      =    -44598.0798
 BOND   =         0.0497  ANGLE   =         6.7574  DIHED      =         0.0000
 1-4 NB =         0.0000  1-4 EEL =         0.0000  VDWAALS    =      8243.4135
 EELEC  =    -52848.3004  EHBOND  =         0.0000  RESTRAINT  =         0.0000
 DV/DL  =       388.1958
 ------------------------------------------------------------------------------

 NMR restraints: Bond =    0.000   Angle =     0.000   Torsion =     0.000
===============================================================================

| TI region  1


 NSTEP =    20000   TIME(PS) =      40.000  TEMP(K) =    65.39  PRESS =     0.0
 Etot   =    -42853.3992  EKtot   =      1483.5354  EPtot      =    -44336.9346
 BOND   =         0.6225  ANGLE   =         6.3361  DIHED      =         0.0000
 1-4 NB =         0.0000  1-4 EEL =         0.0000  VDWAALS    =      8167.5518
 EELEC  =    -52511.4449  EHBOND  =         0.0000  RESTRAINT  =         0.0000
 DV/DL  =       408.0554
 ------------------------------------------------------------------------------


| TI region  2


 NSTEP =    20000   TIME(PS) =      40.000  TEMP(K) =    65.39  PRESS =     0.0
 Etot   =    -42853.3992  EKtot   =      1483.5354  EPtot      =    -44336.9346
 BOND   =         0.6225  ANGLE   =         6.3361  DIHED      =         0.0000
 1-4 NB =         0.0000  1-4 EEL =         0.0000  VDWAALS    =      8167.5518
 EELEC  =    -52511.4449  EHBOND  =         0.0000  RESTRAINT  =         0.0000
 DV/DL  =       408.0554
 ------------------------------------------------------------------------------

 NMR restraints: Bond =    0.000   Angle =     0.000   Torsion =     0.000
===============================================================================

| TI region  1


 NSTEP =    25000   TIME(PS) =      50.000  TEMP(K) =    83.03  PRESS =     0.0
 Etot   =    -42145.5134  EKtot   =      1883.7460  EPtot      =    -44029.2594
 BOND   =         1.2488  ANGLE   =         6.7755  DIHED      =         0.0000
 1-4 NB =         0.0000  1-4 EEL =         0.0000  VDWAALS    =      8059.3301
 EELEC  =    -52096.6137  EHBOND  =         0.0000  RESTRAINT  =         0.0000
 DV/DL  =       405.7977
 ------------------------------------------------------------------------------


| TI region  2


 NSTEP =    25000   TIME(PS) =      50.000  TEMP(K) =    83.03  PRESS =     0.0
 Etot   =    -42145.5134  EKtot   =      1883.7460  EPtot      =    -44029.2594
 BOND   =         1.2488  ANGLE   =         6.7755  DIHED      =         0.0000
 1-4 NB =         0.0000  1-4 EEL =         0.0000  VDWAALS    =      8059.3301
 EELEC  =    -52096.6137  EHBOND  =         0.0000  RESTRAINT  =         0.0000
 DV/DL  =       405.7977
 ------------------------------------------------------------------------------

 NMR restraints: Bond =    0.000   Angle =     0.000   Torsion =     0.000
===============================================================================

| TI region  1


 NSTEP =    30000   TIME(PS) =      60.000  TEMP(K) =   100.39  PRESS =     0.0
 Etot   =    -41438.2954  EKtot   =      2277.6001  EPtot      =    -43715.8955
 BOND   =         1.4674  ANGLE   =         6.4718  DIHED      =         0.0000
 1-4 NB =         0.0000  1-4 EEL =         0.0000  VDWAALS    =      7937.7657
 EELEC  =    -51661.6004  EHBOND  =         0.0000  RESTRAINT  =         0.0000
 DV/DL  =       397.7292
 ------------------------------------------------------------------------------


| TI region  2


 NSTEP =    30000   TIME(PS) =      60.000  TEMP(K) =   100.39  PRESS =     0.0
 Etot   =    -41438.2954  EKtot   =      2277.6001  EPtot      =    -43715.8955
 BOND   =         1.4674  ANGLE   =         6.4718  DIHED      =         0.0000
 1-4 NB =         0.0000  1-4 EEL =         0.0000  VDWAALS    =      7937.7657
 EELEC  =    -51661.6004  EHBOND  =         0.0000  RESTRAINT  =         0.0000
 DV/DL  =       397.7292
 ------------------------------------------------------------------------------

 NMR restraints: Bond =    0.000   Angle =     0.000   Torsion =     0.000
===============================================================================

| TI region  1


 NSTEP =    35000   TIME(PS) =      70.000  TEMP(K) =   115.26  PRESS =     0.0
 Etot   =    -40826.0254  EKtot   =      2614.9052  EPtot      =    -43440.9305
 BOND   =         0.2404  ANGLE   =         6.3509  DIHED      =         0.0000
 1-4 NB =         0.0000  1-4 EEL =         0.0000  VDWAALS    =      7873.7361
 EELEC  =    -51321.2578  EHBOND  =         0.0000  RESTRAINT  =         0.0000
 DV/DL  =       418.0897
 ------------------------------------------------------------------------------


| TI region  2


 NSTEP =    35000   TIME(PS) =      70.000  TEMP(K) =   115.26  PRESS =     0.0
 Etot   =    -40826.0254  EKtot   =      2614.9052  EPtot      =    -43440.9305
 BOND   =         0.2404  ANGLE   =         6.3509  DIHED      =         0.0000
 1-4 NB =         0.0000  1-4 EEL =         0.0000  VDWAALS    =      7873.7361
 EELEC  =    -51321.2578  EHBOND  =         0.0000  RESTRAINT  =         0.0000
 DV/DL  =       418.0897
 ------------------------------------------------------------------------------

 NMR restraints: Bond =    0.000   Angle =     0.000   Torsion =     0.000
===============================================================================

| TI region  1


 NSTEP =    40000   TIME(PS) =      80.000  TEMP(K) =   130.54  PRESS =     0.0
 Etot   =    -40102.8279  EKtot   =      2961.5485  EPtot      =    -43064.3763
 BOND   =         0.3629  ANGLE   =         6.5206  DIHED      =         0.0000
 1-4 NB =         0.0000  1-4 EEL =         0.0000  VDWAALS    =      7674.2954
 EELEC  =    -50745.5553  EHBOND  =         0.0000  RESTRAINT  =         0.0000
 DV/DL  =       417.3175
 ------------------------------------------------------------------------------


| TI region  2


 NSTEP =    40000   TIME(PS) =      80.000  TEMP(K) =   130.54  PRESS =     0.0
 Etot   =    -40102.8279  EKtot   =      2961.5485  EPtot      =    -43064.3763
 BOND   =         0.3629  ANGLE   =         6.5206  DIHED      =         0.0000
 1-4 NB =         0.0000  1-4 EEL =         0.0000  VDWAALS    =      7674.2954
 EELEC  =    -50745.5553  EHBOND  =         0.0000  RESTRAINT  =         0.0000
 DV/DL  =       417.3175
 ------------------------------------------------------------------------------

 NMR restraints: Bond =    0.000   Angle =     0.000   Torsion =     0.000
===============================================================================

| TI region  1


 NSTEP =    45000   TIME(PS) =      90.000  TEMP(K) =   147.11  PRESS =     0.0
 Etot   =    -39386.1029  EKtot   =      3337.5553  EPtot      =    -42723.6583
 BOND   =         0.6593  ANGLE   =         6.7927  DIHED      =         0.0000
 1-4 NB =         0.0000  1-4 EEL =         0.0000  VDWAALS    =      7757.6368
 EELEC  =    -50488.7470  EHBOND  =         0.0000  RESTRAINT  =         0.0000
 DV/DL  =       438.2317
 ------------------------------------------------------------------------------


| TI region  2


 NSTEP =    45000   TIME(PS) =      90.000  TEMP(K) =   147.11  PRESS =     0.0
 Etot   =    -39386.1029  EKtot   =      3337.5553  EPtot      =    -42723.6583
 BOND   =         0.6593  ANGLE   =         6.7927  DIHED      =         0.0000
 1-4 NB =         0.0000  1-4 EEL =         0.0000  VDWAALS    =      7757.6368
 EELEC  =    -50488.7470  EHBOND  =         0.0000  RESTRAINT  =         0.0000
 DV/DL  =       438.2317
 ------------------------------------------------------------------------------

 NMR restraints: Bond =    0.000   Angle =     0.000   Torsion =     0.000
===============================================================================

| TI region  1


 NSTEP =    50000   TIME(PS) =     100.000  TEMP(K) =   164.02  PRESS =     0.0
 Etot   =    -38614.9585  EKtot   =      3721.1784  EPtot      =    -42336.1369
 BOND   =         0.1696  ANGLE   =         9.1041  DIHED      =         0.0000
 1-4 NB =         0.0000  1-4 EEL =         0.0000  VDWAALS    =      7754.8061
 EELEC  =    -50100.2167  EHBOND  =         0.0000  RESTRAINT  =         0.0000
 DV/DL  =       423.3760
 ------------------------------------------------------------------------------


| TI region  2


 NSTEP =    50000   TIME(PS) =     100.000  TEMP(K) =   164.02  PRESS =     0.0
 Etot   =    -38614.9585  EKtot   =      3721.1784  EPtot      =    -42336.1369
 BOND   =         0.1696  ANGLE   =         9.1041  DIHED      =         0.0000
 1-4 NB =         0.0000  1-4 EEL =         0.0000  VDWAALS    =      7754.8061
 EELEC  =    -50100.2167  EHBOND  =         0.0000  RESTRAINT  =         0.0000
 DV/DL  =       423.3760
 ------------------------------------------------------------------------------

 NMR restraints: Bond =    0.000   Angle =     0.000   Torsion =     0.000
===============================================================================

| TI region  1


 NSTEP =    55000   TIME(PS) =     110.000  TEMP(K) =   181.77  PRESS =     0.0
 Etot   =    -37712.2900  EKtot   =      4123.8464  EPtot      =    -41836.1364
 BOND   =         0.6407  ANGLE   =         6.5585  DIHED      =         0.0000
 1-4 NB =         0.0000  1-4 EEL =         0.0000  VDWAALS    =      7529.2683
 EELEC  =    -49372.6039  EHBOND  =         0.0000  RESTRAINT  =         0.0000
 DV/DL  =       439.7449
 ------------------------------------------------------------------------------


| TI region  2


 NSTEP =    55000   TIME(PS) =     110.000  TEMP(K) =   181.77  PRESS =     0.0
 Etot   =    -37712.2900  EKtot   =      4123.8464  EPtot      =    -41836.1364
 BOND   =         0.6407  ANGLE   =         6.5585  DIHED      =         0.0000
 1-4 NB =         0.0000  1-4 EEL =         0.0000  VDWAALS    =      7529.2683
 EELEC  =    -49372.6039  EHBOND  =         0.0000  RESTRAINT  =         0.0000
 DV/DL  =       439.7449
 ------------------------------------------------------------------------------

 NMR restraints: Bond =    0.000   Angle =     0.000   Torsion =     0.000
===============================================================================

| TI region  1


 NSTEP =    60000   TIME(PS) =     120.000  TEMP(K) =   195.72  PRESS =     0.0
 Etot   =    -36820.0491  EKtot   =      4440.1891  EPtot      =    -41260.2382
 BOND   =         0.6309  ANGLE   =         7.3120  DIHED      =         0.0000
 1-4 NB =         0.0000  1-4 EEL =         0.0000  VDWAALS    =      7303.4235
 EELEC  =    -48571.6045  EHBOND  =         0.0000  RESTRAINT  =         0.0000
 DV/DL  =       456.5459
 ------------------------------------------------------------------------------


| TI region  2


 NSTEP =    60000   TIME(PS) =     120.000  TEMP(K) =   195.72  PRESS =     0.0
 Etot   =    -36820.0491  EKtot   =      4440.1891  EPtot      =    -41260.2382
 BOND   =         0.6309  ANGLE   =         7.3120  DIHED      =         0.0000
 1-4 NB =         0.0000  1-4 EEL =         0.0000  VDWAALS    =      7303.4235
 EELEC  =    -48571.6045  EHBOND  =         0.0000  RESTRAINT  =         0.0000
 DV/DL  =       456.5459
 ------------------------------------------------------------------------------

 NMR restraints: Bond =    0.000   Angle =     0.000   Torsion =     0.000
===============================================================================

| TI region  1


 NSTEP =    65000   TIME(PS) =     130.000  TEMP(K) =   213.77  PRESS =     0.0
 Etot   =    -35655.5048  EKtot   =      4849.7899  EPtot      =    -40505.2947
 BOND   =         1.2708  ANGLE   =         6.6330  DIHED      =         0.0000
 1-4 NB =         0.0000  1-4 EEL =         0.0000  VDWAALS    =      6819.0884
 EELEC  =    -47332.2869  EHBOND  =         0.0000  RESTRAINT  =         0.0000
 DV/DL  =       446.8173
 ------------------------------------------------------------------------------


| TI region  2


 NSTEP =    65000   TIME(PS) =     130.000  TEMP(K) =   213.77  PRESS =     0.0
 Etot   =    -35655.5048  EKtot   =      4849.7899  EPtot      =    -40505.2947
 BOND   =         1.2708  ANGLE   =         6.6330  DIHED      =         0.0000
 1-4 NB =         0.0000  1-4 EEL =         0.0000  VDWAALS    =      6819.0884
 EELEC  =    -47332.2869  EHBOND  =         0.0000  RESTRAINT  =         0.0000
 DV/DL  =       446.8173
 ------------------------------------------------------------------------------

 NMR restraints: Bond =    0.000   Angle =     0.000   Torsion =     0.000
===============================================================================

| TI region  1


 NSTEP =    70000   TIME(PS) =     140.000  TEMP(K) =   230.08  PRESS =     0.0
 Etot   =    -34156.8047  EKtot   =      5219.7017  EPtot      =    -39376.5064
 BOND   =         1.1548  ANGLE   =         8.9886  DIHED      =         0.0000
 1-4 NB =         0.0000  1-4 EEL =         0.0000  VDWAALS    =      6519.8033
 EELEC  =    -45906.4531  EHBOND  =         0.0000  RESTRAINT  =         0.0000
 DV/DL  =       446.0754
 ------------------------------------------------------------------------------


| TI region  2


 NSTEP =    70000   TIME(PS) =     140.000  TEMP(K) =   230.08  PRESS =     0.0
 Etot   =    -34156.8047  EKtot   =      5219.7017  EPtot      =    -39376.5064
 BOND   =         1.1548  ANGLE   =         8.9886  DIHED      =         0.0000
 1-4 NB =         0.0000  1-4 EEL =         0.0000  VDWAALS    =      6519.8033
 EELEC  =    -45906.4531  EHBOND  =         0.0000  RESTRAINT  =         0.0000
 DV/DL  =       446.0754
 ------------------------------------------------------------------------------

 NMR restraints: Bond =    0.000   Angle =     0.000   Torsion =     0.000
===============================================================================

| TI region  1


 NSTEP =    75000   TIME(PS) =     150.000  TEMP(K) =   251.90  PRESS =     0.0
 Etot   =    -32530.0983  EKtot   =      5714.7719  EPtot      =    -38244.8702
 BOND   =         1.6935  ANGLE   =         8.5124  DIHED      =         0.0000
 1-4 NB =         0.0000  1-4 EEL =         0.0000  VDWAALS    =      5963.9899
 EELEC  =    -44219.0661  EHBOND  =         0.0000  RESTRAINT  =         0.0000
 DV/DL  =       419.1292
 ------------------------------------------------------------------------------


| TI region  2


 NSTEP =    75000   TIME(PS) =     150.000  TEMP(K) =   251.90  PRESS =     0.0
 Etot   =    -32530.0983  EKtot   =      5714.7719  EPtot      =    -38244.8702
 BOND   =         1.6935  ANGLE   =         8.5124  DIHED      =         0.0000
 1-4 NB =         0.0000  1-4 EEL =         0.0000  VDWAALS    =      5963.9899
 EELEC  =    -44219.0661  EHBOND  =         0.0000  RESTRAINT  =         0.0000
 DV/DL  =       419.1292
 ------------------------------------------------------------------------------

 NMR restraints: Bond =    0.000   Angle =     0.000   Torsion =     0.000
===============================================================================

| TI region  1


 NSTEP =    80000   TIME(PS) =     160.000  TEMP(K) =   262.71  PRESS =     0.0
 Etot   =    -31239.0644  EKtot   =      5960.0713  EPtot      =    -37199.1357
 BOND   =         2.5376  ANGLE   =         8.3603  DIHED      =         0.0000
 1-4 NB =         0.0000  1-4 EEL =         0.0000  VDWAALS    =      5608.7015
 EELEC  =    -42818.7351  EHBOND  =         0.0000  RESTRAINT  =         0.0000
 DV/DL  =       431.0753
 ------------------------------------------------------------------------------


| TI region  2


 NSTEP =    80000   TIME(PS) =     160.000  TEMP(K) =   262.71  PRESS =     0.0
 Etot   =    -31239.0644  EKtot   =      5960.0713  EPtot      =    -37199.1357
 BOND   =         2.5376  ANGLE   =         8.3603  DIHED      =         0.0000
 1-4 NB =         0.0000  1-4 EEL =         0.0000  VDWAALS    =      5608.7015
 EELEC  =    -42818.7351  EHBOND  =         0.0000  RESTRAINT  =         0.0000
 DV/DL  =       431.0753
 ------------------------------------------------------------------------------

 NMR restraints: Bond =    0.000   Angle =     0.000   Torsion =     0.000
===============================================================================

| TI region  1


 NSTEP =    85000   TIME(PS) =     170.000  TEMP(K) =   280.68  PRESS =     0.0
 Etot   =    -30244.6550  EKtot   =      6367.7327  EPtot      =    -36612.3877
 BOND   =         2.0243  ANGLE   =         9.4350  DIHED      =         0.0000
 1-4 NB =         0.0000  1-4 EEL =         0.0000  VDWAALS    =      5481.5333
 EELEC  =    -42105.3803  EHBOND  =         0.0000  RESTRAINT  =         0.0000
 DV/DL  =       432.8307
 ------------------------------------------------------------------------------


| TI region  2


 NSTEP =    85000   TIME(PS) =     170.000  TEMP(K) =   280.68  PRESS =     0.0
 Etot   =    -30244.6550  EKtot   =      6367.7327  EPtot      =    -36612.3877
 BOND   =         2.0243  ANGLE   =         9.4350  DIHED      =         0.0000
 1-4 NB =         0.0000  1-4 EEL =         0.0000  VDWAALS    =      5481.5333
 EELEC  =    -42105.3803  EHBOND  =         0.0000  RESTRAINT  =         0.0000
 DV/DL  =       432.8307
 ------------------------------------------------------------------------------

 NMR restraints: Bond =    0.000   Angle =     0.000   Torsion =     0.000
===============================================================================

| TI region  1


 NSTEP =    90000   TIME(PS) =     180.000  TEMP(K) =   297.84  PRESS =     0.0
 Etot   =    -28898.0999  EKtot   =      6757.0186  EPtot      =    -35655.1184
 BOND   =         0.5017  ANGLE   =         8.4400  DIHED      =         0.0000
 1-4 NB =         0.0000  1-4 EEL =         0.0000  VDWAALS    =      5225.0102
 EELEC  =    -40889.0704  EHBOND  =         0.0000  RESTRAINT  =         0.0000
 DV/DL  =       451.0167
 ------------------------------------------------------------------------------


| TI region  2


 NSTEP =    90000   TIME(PS) =     180.000  TEMP(K) =   297.84  PRESS =     0.0
 Etot   =    -28898.0999  EKtot   =      6757.0186  EPtot      =    -35655.1184
 BOND   =         0.5017  ANGLE   =         8.4400  DIHED      =         0.0000
 1-4 NB =         0.0000  1-4 EEL =         0.0000  VDWAALS    =      5225.0102
 EELEC  =    -40889.0704  EHBOND  =         0.0000  RESTRAINT  =         0.0000
 DV/DL  =       451.0167
 ------------------------------------------------------------------------------

 NMR restraints: Bond =    0.000   Angle =     0.000   Torsion =     0.000
===============================================================================

| TI region  1


 NSTEP =    95000   TIME(PS) =     190.000  TEMP(K) =   299.52  PRESS =     0.0
 Etot   =    -28855.7720  EKtot   =      6795.1456  EPtot      =    -35650.9176
 BOND   =         2.1617  ANGLE   =         7.2411  DIHED      =         0.0000
 1-4 NB =         0.0000  1-4 EEL =         0.0000  VDWAALS    =      5332.0695
 EELEC  =    -40992.3898  EHBOND  =         0.0000  RESTRAINT  =         0.0000
 DV/DL  =       473.2756
 ------------------------------------------------------------------------------


| TI region  2


 NSTEP =    95000   TIME(PS) =     190.000  TEMP(K) =   299.52  PRESS =     0.0
 Etot   =    -28855.7720  EKtot   =      6795.1456  EPtot      =    -35650.9176
 BOND   =         2.1617  ANGLE   =         7.2411  DIHED      =         0.0000
 1-4 NB =         0.0000  1-4 EEL =         0.0000  VDWAALS    =      5332.0695
 EELEC  =    -40992.3898  EHBOND  =         0.0000  RESTRAINT  =         0.0000
 DV/DL  =       473.2756
 ------------------------------------------------------------------------------

 NMR restraints: Bond =    0.000   Angle =     0.000   Torsion =     0.000
===============================================================================

| TI region  1


 NSTEP =   100000   TIME(PS) =     200.000  TEMP(K) =   298.60  PRESS =     0.0
 Etot   =    -29121.1122  EKtot   =      6774.2614  EPtot      =    -35895.3736
 BOND   =         1.1174  ANGLE   =         8.1407  DIHED      =         0.0000
 1-4 NB =         0.0000  1-4 EEL =         0.0000  VDWAALS    =      5085.0345
 EELEC  =    -40989.6663  EHBOND  =         0.0000  RESTRAINT  =         0.0000
 DV/DL  =       410.3934
 ------------------------------------------------------------------------------


| TI region  2


 NSTEP =   100000   TIME(PS) =     200.000  TEMP(K) =   298.60  PRESS =     0.0
 Etot   =    -29121.1122  EKtot   =      6774.2614  EPtot      =    -35895.3736
 BOND   =         1.1174  ANGLE   =         8.1407  DIHED      =         0.0000
 1-4 NB =         0.0000  1-4 EEL =         0.0000  VDWAALS    =      5085.0345
 EELEC  =    -40989.6663  EHBOND  =         0.0000  RESTRAINT  =         0.0000
 DV/DL  =       410.3934
 ------------------------------------------------------------------------------

 NMR restraints: Bond =    0.000   Angle =     0.000   Torsion =     0.000
===============================================================================

| TI region  1


      A V E R A G E S   O V E R      20 S T E P S


 NSTEP =   100000   TIME(PS) =     200.000  TEMP(K) =   170.83  PRESS =     0.0
 Etot   =    -37138.3445  EKtot   =      3875.5828  EPtot      =    -41013.9272
 BOND   =         0.9346  ANGLE   =         7.3828  DIHED      =         0.0000
 1-4 NB =         0.0000  1-4 EEL =         0.0000  VDWAALS    =      7030.8330
 EELEC  =    -48053.0776  EHBOND  =         0.0000  RESTRAINT  =         0.0000
 DV/DL  =       425.0411
 ------------------------------------------------------------------------------

 NMR restraints: Bond =    0.000   Angle =     0.000   Torsion =     0.000
===============================================================================

      R M S  F L U C T U A T I O N S


 NSTEP =   100000   TIME(PS) =     200.000  TEMP(K) =    91.95  PRESS =     0.0
 Etot   =      5319.6334  EKtot   =      2085.9587  EPtot      =      3272.7104
 BOND   =         0.7291  ANGLE   =         1.0365  DIHED      =         0.0000
 1-4 NB =         0.0000  1-4 EEL =         0.0000  VDWAALS    =      1127.0250
 EELEC  =      4392.3905  EHBOND  =         0.0000  RESTRAINT  =         0.0000
 DV/DL  =        22.3004
 ------------------------------------------------------------------------------


| TI region  2


      A V E R A G E S   O V E R      20 S T E P S


 NSTEP =   100000   TIME(PS) =     200.000  TEMP(K) =   170.83  PRESS =     0.0
 Etot   =    -37138.3445  EKtot   =      3875.5828  EPtot      =    -41013.9272
 BOND   =         0.9346  ANGLE   =         7.3828  DIHED      =         0.0000
 1-4 NB =         0.0000  1-4 EEL =         0.0000  VDWAALS    =      7030.8330
 EELEC  =    -48053.0776  EHBOND  =         0.0000  RESTRAINT  =         0.0000
 DV/DL  =       425.0411
 ------------------------------------------------------------------------------

 NMR restraints: Bond =    0.000   Angle =     0.000   Torsion =     0.000
===============================================================================

      R M S  F L U C T U A T I O N S


 NSTEP =   100000   TIME(PS) =     200.000  TEMP(K) =    91.95  PRESS =     0.0
 Etot   =      5319.6334  EKtot   =      2085.9587  EPtot      =      3272.7104
 BOND   =         0.7291  ANGLE   =         1.0365  DIHED      =         0.0000
 1-4 NB =         0.0000  1-4 EEL =         0.0000  VDWAALS    =      1127.0250
 EELEC  =      4392.3905  EHBOND  =         0.0000  RESTRAINT  =         0.0000
 DV/DL  =        22.3004
 ------------------------------------------------------------------------------


      DV/DL, AVERAGES OVER      20 STEPS


 NSTEP =   100000   TIME(PS) =     200.000  TEMP(K) =    91.95  PRESS =     0.0
 Etot   =         0.0000  EKtot   =         0.0000  EPtot      =       425.0411
 BOND   =         0.0000  ANGLE   =         0.0000  DIHED      =         0.0000
 1-4 NB =         0.0000  1-4 EEL =         0.0000  VDWAALS    =         0.0000
 EELEC  =       425.0411  EHBOND  =         0.0000  RESTRAINT  =         0.0000
 DV/DL  =       425.0411
 ------------------------------------------------------------------------------


 NMR restraints on final step:

--------------------------------------------------------------------------------
   5.  TIMINGS
--------------------------------------------------------------------------------

|  NonSetup CPU Time in Major Routines:
|
|     Routine           Sec        %
|     ------------------------------
|     Nonbond          43.07   30.04
|     Bond              0.00    0.00
|     Angle             0.00    0.00
|     Dihedral          0.00    0.00
|     Shake             0.60    0.42
|     RunMD            99.37   69.31
|     Other             0.33    0.23
|     ------------------------------
|     Total           143.36

|  PME Nonbond Pairlist CPU Time:
|
|     Routine              Sec        %
|     ---------------------------------
|     Set Up Cit           0.00    0.00
|     Build List           0.00    0.00
|     ---------------------------------
|     Total                0.00    0.00

|  PME Direct Force CPU Time:
|
|     Routine              Sec        %
|     ---------------------------------
|     NonBonded Calc       0.00    0.00
|     Exclude Masked       0.00    0.00
|     Other                0.22    0.15
|     ---------------------------------
|     Total                0.22    0.15

|  PME Reciprocal Force CPU Time:
|
|     Routine              Sec        %
|     ---------------------------------
|     1D bspline           0.00    0.00
|     Grid Charges         0.00    0.00
|     Scalar Sum           0.00    0.00
|     Gradient Sum         0.00    0.00
|     FFT                  0.00    0.00
|     ---------------------------------
|     Total                0.00    0.00

|  Final Performance Info:
|     -----------------------------------------------------
|     Average timings for last   10000 steps:
|     Elapsed(s) =      14.78 Per Step(ms) =       1.48
|         ns/day =     116.88   seconds/ns =     739.20
|
|     Average timings for all steps:
|     Elapsed(s) =     143.48 Per Step(ms) =       1.43
|         ns/day =     120.44   seconds/ns =     717.38
|     -----------------------------------------------------

|  Setup CPU time:            0.39 seconds
|  NonSetup CPU time:       143.36 seconds
|  Total CPU time:          143.75 seconds     0.04 hours

|  Setup wall time:           1    seconds
|  NonSetup wall time:      143    seconds
|  Total wall time:         144    seconds     0.04 hours
