
          -------------------------------------------------------
          Amber 18 PMEMD                              2018
          -------------------------------------------------------

| PMEMD implementation of SANDER, Release 18

| Run on 09/12/2020 at 22:25:00

|   Executable path: /opt/software/Amber/18-foss-2018b-AmberTools-19/bin/pmemd.cuda
| Working directory: /mnt/gs18/scratch/users/songlin3/run/1264_optimization/PO4/step1_sol/0.20634
|          Hostname: lac-086

  [-O]verwriting output

File Assignments:
|   MDIN: heat.in                                                               
|  MDOUT: heat.out                                                              
| INPCRD: min.rst                                                               
|   PARM: step1.prmtop                                                          
| RESTRT: heat.rst                                                              
|   REFC: min.rst                                                               
|  MDVEL: mdvel                                                                 
|   MDEN: mden                                                                  
|  MDCRD: heat.netcdf                                                           
| MDINFO: heat.mdinfo                                                           
|  MDFRC: mdfrc                                                                 


 Here is the input file:

nvt for free MD                                                                
 &cntrl                                                                        
  imin=0,                                                                      
  irest=0,                                                                     
  ntx=1,                                                                       
  ig=-1,                                                                       
  nstlim=100000,                                                               
  dt=0.002,                                                                    
  cut=10.0,                                                                    
  ntc=2,                                                                       
  ntf=2,                                                                       
  ntb=1,                                                                       
  ntt=3,                                                                       
  gamma_ln=2.0,                                                                
  tempi=0.0,                                                                   
  temp0=300.0,                                                                 
  ntpr=5000,                                                                   
  ntwr=5000,                                                                   
  ntwx=10000,                                                                  
  ntwv=0,                                                                      
  ioutfm=1,                                                                    
  iwrap=0,                                                                     
  nmropt=1,                                                                    
  ifsc = 0, icfe=1,                                                            
  clambda=0.20634,                                                             
  timask1=':1',                                                                
  timask2=':2', crgmask = ':2',                                                
/                                                                              
&wt TYPE='TEMP0', istep1=0, istep2=90000, value1=0.0, value2=300.0 /           
&wt TYPE='TEMP0', istep1=90001, istep2=100000, value1=300.0, value2=300.0 /    
&wt TYPE='DUMPFREQ', istep1=10000, /                                           
&wt TYPE='END', /                                                              


Note: ig = -1. Setting random seed to   142001 based on wallclock time in 
      microseconds.
| irandom = 1, using AMBER's internal random number generator (default).
 
|--------------------- INFORMATION ----------------------
| GPU (CUDA) Version of PMEMD in use: NVIDIA GPU IN USE.
|                    Version 18.0.0
| 
|                      03/25/2018
| 
| Implementation by:
|                    Ross C. Walker     (SDSC)
|                    Scott Le Grand     (nVIDIA)
| 
| Version 18 performance extensions by:
|                    David Cerutti     (Rutgers)
| 
| Precision model in use:
|      [SPFP] - Single Precision Forces, 64-bit Fixed Point
|               Accumulation. (Default)
| 
|--------------------------------------------------------
 
|----------------- CITATION INFORMATION -----------------
|
|    When publishing work that utilized the CUDA version
|    of AMBER, please cite the following in addition to
|    the regular AMBER citations:
|
|  - Romelia Salomon-Ferrer; Andreas W. Goetz; Duncan
|    Poole; Scott Le Grand; Ross C. Walker "Routine
|    microsecond molecular dynamics simulations with
|    AMBER - Part II: Particle Mesh Ewald", J. Chem.
|    Theory Comput., 2013, 9 (9), pp3878-3888,
|    DOI: 10.1021/ct400314y.
|
|  - Andreas W. Goetz; Mark J. Williamson; Dong Xu;
|    Duncan Poole; Scott Le Grand; Ross C. Walker
|    "Routine microsecond molecular dynamics simulations
|    with AMBER - Part I: Generalized Born", J. Chem.
|    Theory Comput., 2012, 8 (5), pp1542-1555.
|
|  - Scott Le Grand; Andreas W. Goetz; Ross C. Walker
|    "SPFP: Speed without compromise - a mixed precision
|    model for GPU accelerated molecular dynamics
|    simulations.", Comp. Phys. Comm., 2013, 184
|    pp374-380, DOI: 10.1016/j.cpc.2012.09.022
|
|    When publishing work that utilized the CUDA version
|    of TI, BAR, MBAR or FEP please cite the following 
|    three publications in addition to the regular AMBER 
|    GPU citations:
|
|  - Daniel J. Mermelstein; Charles Lin; Gard Nelson; 
|    Rachael Kretsch; J. Andrew McCammon; Ross C. Walker
|    "Fast and Flexible GPU Accelerated Binding 
|    Free Energy Calculations within the AMBER Molecular
|    Dynamics Package" J. Comp. Chem., 2018,
|    DOI: 10.1002/jcc.25187
|
|  - Tai-Sung Lee; Yuan Hu; Brad Sherborne; Zhuyan Guo;
|    Darrin M. York
|    "Toward Fast and Accurate Binding Affinity Prediction with
|    pmemdGTI: An Efficient Implementation of GPU-Accelerated
|    Thermodynamic Integration"
|    J. Chem. Theory Comput., 2017, 13 (7), 3077
|
|
|--------------------------------------------------------
 
|------------------- GPU DEVICE INFO --------------------
|
|            CUDA_VISIBLE_DEVICES: 0
|   CUDA Capable Devices Detected:      1
|           CUDA Device ID in use:      0
|                CUDA Device Name: Tesla K80
|     CUDA Device Global Mem Size:  12206 MB
| CUDA Device Num Multiprocessors:     13
|           CUDA Device Core Freq:   0.82 GHz
|
|--------------------------------------------------------
 
 
| Conditional Compilation Defines Used:
| PUBFFT
| BINTRAJ
| CUDA
| EMIL

| Largest sphere to fit in unit cell has radius =    22.455

| New format PARM file being parsed.
| Version =    1.000 Date = 09/12/20 Time = 21:53:15

| Note: 1-4 EEL scale factors are being read from the topology file.

| Note: 1-4 VDW scale factors are being read from the topology file.
| Duplicated    0 dihedrals

| Duplicated    0 dihedrals

--------------------------------------------------------------------------------
   1.  RESOURCE   USE: 
--------------------------------------------------------------------------------

 getting box info from netcdf restart file
 NATOM  =   11419 NTYPES =       4 NBONH =   11409 MBONA  =       8
 NTHETH =       0 MTHETA =      12 NPHIH =       0 MPHIA  =       0
 NHPARM =       0 NPARM  =       0 NNB   =   15234 NRES   =    3805
 NBONA  =       8 NTHETA =      12 NPHIA =       0 NUMBND =       3
 NUMANG =       1 NPTRA  =       0 NATYP =       4 NPHB   =       1
 IFBOX  =       2 NMXRS  =       5 IFCAP =       0 NEXTRA =       0
 NCOPY  =       0

| Coordinate Index Table dimensions:     8    8    8
| Direct force subcell size =     6.8755    6.8755    6.8755

     BOX TYPE: TRUNCATED OCTAHEDRON

--------------------------------------------------------------------------------
   2.  CONTROL  DATA  FOR  THE  RUN
--------------------------------------------------------------------------------

default_name                                                                    

General flags:
     imin    =       0, nmropt  =       1

Nature and format of input:
     ntx     =       1, irest   =       0, ntrx    =       1

Nature and format of output:
     ntxo    =       2, ntpr    =    5000, ntrx    =       1, ntwr    =    5000
     iwrap   =       0, ntwx    =   10000, ntwv    =       0, ntwe    =       0
     ioutfm  =       1, ntwprt  =       0, idecomp =       0, rbornstat=      0

Potential function:
     ntf     =       2, ntb     =       1, igb     =       0, nsnb    =      25
     ipol    =       0, gbsa    =       0, iesp    =       0
     dielc   =   1.00000, cut     =  10.00000, intdiel =   1.00000

Frozen or restrained atoms:
     ibelly  =       0, ntr     =       0

Molecular dynamics:
     nstlim  =    100000, nscm    =      1000, nrespa  =         1
     t       =   0.00000, dt      =   0.00200, vlimit  =  -1.00000

Langevin dynamics temperature regulation:
     ig      =  142001
     temp0   = 300.00000, tempi   =   0.00000, gamma_ln=   2.00000

SHAKE:
     ntc     =       2, jfastw  =       0
     tol     =   0.00001

NMR refinement options:
     iscale  =       0, noeskp  =       1, ipnlty  =       1, mxsub   =       1
     scalm   = 100.00000, pencut  =   0.10000, tausw   =   0.10000

Free energy options:
     icfe    =       1, ifsc    =       0, klambda =       1
     clambda =  0.2063, scalpha =  0.5000, scbeta  = 12.0000
     sceeorder =       2
     dynlmb =  0.0000 logdvdl =       0

| Intermolecular bonds treatment:
|     no_intermolecular_bonds =       1

| Energy averages sample interval:
|     ene_avg_sampling =    5000

Ewald parameters:
     verbose =       0, ew_type =       0, nbflag  =       1, use_pme =       1
     vdwmeth =       1, eedmeth =       1, netfrc  =       1
     Box X =   55.004   Box Y =   55.004   Box Z =   55.004
     Alpha =  109.471   Beta  =  109.471   Gamma =  109.471
     NFFT1 =   56       NFFT2 =   56       NFFT3 =   56
     Cutoff=   10.000   Tol   =0.100E-04
     Ewald Coefficient =  0.27511
     Interpolation order =    4
     TI Mask 1 :1; matches      5 atoms
     TI Mask 2 :2; matches      5 atoms
     TI region 1:   11414 atoms
     TI region 2:   11414 atoms
Removing charge of       1.2430 from atom       6
Removing charge of      -1.0605 from atom       7
Removing charge of      -1.0605 from atom       8
Removing charge of      -1.0605 from atom       9
Removing charge of      -1.0605 from atom      10
Total charge of  -2.99900001 removed from       5 atoms
     Checking for mismatched coordinates.

--------------------------------------------------------------------------------
   3.  ATOMIC COORDINATES AND VELOCITIES
--------------------------------------------------------------------------------

default_name                                                                    
 begin time read from input coords =     0.000 ps



           Begin reading energy term weight changes/NMR restraints
 WEIGHT CHANGES:
 TEMP0         0  90000    0.000000  300.000000      0      0
 TEMP0     90001 100000  300.000000  300.000000      0      0
 DUMPFREQ  10000      0    0.000000    0.000000      0      0

 RESTRAINTS:
                          ** No restraint defined **

                  Done reading weight changes/NMR restraints


 
 Number of triangulated 3-point waters found:     3803

     Sum of charges for TI region  1 =  -2.99900001
     Assuming uniform neutralizing plasma


     Sum of charges for TI region  2 =   0.00000000
     Forcing neutrality...

| Dynamic Memory, Types Used:
| Reals              565971
| Integers           434073

| Nonbonded Pairs Initial Allocation:     3453962

| GPU memory information (estimate):
| KB of GPU memory in use:         0
| KB of CPU memory in use:         0

--------------------------------------------------------------------------------
   4.  RESULTS
--------------------------------------------------------------------------------


| TI region  1


 NSTEP =        0   TIME(PS) =       0.000  TEMP(K) =     0.00  PRESS =     0.0
 Etot   =    -34809.8720  EKtot   =         0.0000  EPtot      =    -34809.8720
 BOND   =         0.0370  ANGLE   =         6.4403  DIHED      =         0.0000
 1-4 NB =         0.0000  1-4 EEL =         0.0000  VDWAALS    =      2556.5272
 EELEC  =    -37372.8765  EHBOND  =         0.0000  RESTRAINT  =         0.0000
 DV/DL  =       242.2916
 ------------------------------------------------------------------------------


| TI region  2


 NSTEP =        0   TIME(PS) =       0.000  TEMP(K) =     0.00  PRESS =     0.0
 Etot   =    -34809.8720  EKtot   =         0.0000  EPtot      =    -34809.8720
 BOND   =         0.0370  ANGLE   =         6.4403  DIHED      =         0.0000
 1-4 NB =         0.0000  1-4 EEL =         0.0000  VDWAALS    =      2556.5272
 EELEC  =    -37372.8765  EHBOND  =         0.0000  RESTRAINT  =         0.0000
 DV/DL  =       242.2916
 ------------------------------------------------------------------------------

 NMR restraints: Bond =    0.000   Angle =     0.000   Torsion =     0.000
===============================================================================

| TI region  1


 NSTEP =     5000   TIME(PS) =      10.000  TEMP(K) =    15.90  PRESS =     0.0
 Etot   =    -45098.5965  EKtot   =       360.7779  EPtot      =    -45459.3744
 BOND   =         0.6788  ANGLE   =         6.4163  DIHED      =         0.0000
 1-4 NB =         0.0000  1-4 EEL =         0.0000  VDWAALS    =      8268.0837
 EELEC  =    -53734.5532  EHBOND  =         0.0000  RESTRAINT  =         0.0000
 DV/DL  =       957.2826
 ------------------------------------------------------------------------------


| TI region  2


 NSTEP =     5000   TIME(PS) =      10.000  TEMP(K) =    15.90  PRESS =     0.0
 Etot   =    -45098.5965  EKtot   =       360.7779  EPtot      =    -45459.3744
 BOND   =         0.6788  ANGLE   =         6.4163  DIHED      =         0.0000
 1-4 NB =         0.0000  1-4 EEL =         0.0000  VDWAALS    =      8268.0837
 EELEC  =    -53734.5532  EHBOND  =         0.0000  RESTRAINT  =         0.0000
 DV/DL  =       957.2826
 ------------------------------------------------------------------------------

 NMR restraints: Bond =    0.000   Angle =     0.000   Torsion =     0.000
===============================================================================

| TI region  1


 NSTEP =    10000   TIME(PS) =      20.000  TEMP(K) =    32.59  PRESS =     0.0
 Etot   =    -44419.7952  EKtot   =       739.3502  EPtot      =    -45159.1455
 BOND   =         0.6993  ANGLE   =         6.7117  DIHED      =         0.0000
 1-4 NB =         0.0000  1-4 EEL =         0.0000  VDWAALS    =      8278.1953
 EELEC  =    -53444.7518  EHBOND  =         0.0000  RESTRAINT  =         0.0000
 DV/DL  =       946.0151
 ------------------------------------------------------------------------------


| TI region  2


 NSTEP =    10000   TIME(PS) =      20.000  TEMP(K) =    32.59  PRESS =     0.0
 Etot   =    -44419.7952  EKtot   =       739.3502  EPtot      =    -45159.1455
 BOND   =         0.6993  ANGLE   =         6.7117  DIHED      =         0.0000
 1-4 NB =         0.0000  1-4 EEL =         0.0000  VDWAALS    =      8278.1953
 EELEC  =    -53444.7518  EHBOND  =         0.0000  RESTRAINT  =         0.0000
 DV/DL  =       946.0151
 ------------------------------------------------------------------------------

 NMR restraints: Bond =    0.000   Angle =     0.000   Torsion =     0.000
===============================================================================

| TI region  1


 NSTEP =    15000   TIME(PS) =      30.000  TEMP(K) =    48.52  PRESS =     0.0
 Etot   =    -43781.2579  EKtot   =      1100.7828  EPtot      =    -44882.0407
 BOND   =         0.6506  ANGLE   =         6.4005  DIHED      =         0.0000
 1-4 NB =         0.0000  1-4 EEL =         0.0000  VDWAALS    =      8295.5653
 EELEC  =    -53184.6570  EHBOND  =         0.0000  RESTRAINT  =         0.0000
 DV/DL  =       965.0034
 ------------------------------------------------------------------------------


| TI region  2


 NSTEP =    15000   TIME(PS) =      30.000  TEMP(K) =    48.52  PRESS =     0.0
 Etot   =    -43781.2579  EKtot   =      1100.7828  EPtot      =    -44882.0407
 BOND   =         0.6506  ANGLE   =         6.4005  DIHED      =         0.0000
 1-4 NB =         0.0000  1-4 EEL =         0.0000  VDWAALS    =      8295.5653
 EELEC  =    -53184.6570  EHBOND  =         0.0000  RESTRAINT  =         0.0000
 DV/DL  =       965.0034
 ------------------------------------------------------------------------------

 NMR restraints: Bond =    0.000   Angle =     0.000   Torsion =     0.000
===============================================================================

| TI region  1


 NSTEP =    20000   TIME(PS) =      40.000  TEMP(K) =    65.79  PRESS =     0.0
 Etot   =    -43107.7923  EKtot   =      1492.4647  EPtot      =    -44600.2570
 BOND   =         1.0196  ANGLE   =         6.6259  DIHED      =         0.0000
 1-4 NB =         0.0000  1-4 EEL =         0.0000  VDWAALS    =      8156.1983
 EELEC  =    -52764.1007  EHBOND  =         0.0000  RESTRAINT  =         0.0000
 DV/DL  =       963.4572
 ------------------------------------------------------------------------------


| TI region  2


 NSTEP =    20000   TIME(PS) =      40.000  TEMP(K) =    65.79  PRESS =     0.0
 Etot   =    -43107.7923  EKtot   =      1492.4647  EPtot      =    -44600.2570
 BOND   =         1.0196  ANGLE   =         6.6259  DIHED      =         0.0000
 1-4 NB =         0.0000  1-4 EEL =         0.0000  VDWAALS    =      8156.1983
 EELEC  =    -52764.1007  EHBOND  =         0.0000  RESTRAINT  =         0.0000
 DV/DL  =       963.4572
 ------------------------------------------------------------------------------

 NMR restraints: Bond =    0.000   Angle =     0.000   Torsion =     0.000
===============================================================================

| TI region  1


 NSTEP =    25000   TIME(PS) =      50.000  TEMP(K) =    82.75  PRESS =     0.0
 Etot   =    -42481.7256  EKtot   =      1877.3954  EPtot      =    -44359.1210
 BOND   =         1.5992  ANGLE   =         6.7231  DIHED      =         0.0000
 1-4 NB =         0.0000  1-4 EEL =         0.0000  VDWAALS    =      8162.2947
 EELEC  =    -52529.7380  EHBOND  =         0.0000  RESTRAINT  =         0.0000
 DV/DL  =       991.7803
 ------------------------------------------------------------------------------


| TI region  2


 NSTEP =    25000   TIME(PS) =      50.000  TEMP(K) =    82.75  PRESS =     0.0
 Etot   =    -42481.7256  EKtot   =      1877.3954  EPtot      =    -44359.1210
 BOND   =         1.5992  ANGLE   =         6.7231  DIHED      =         0.0000
 1-4 NB =         0.0000  1-4 EEL =         0.0000  VDWAALS    =      8162.2947
 EELEC  =    -52529.7380  EHBOND  =         0.0000  RESTRAINT  =         0.0000
 DV/DL  =       991.7803
 ------------------------------------------------------------------------------

 NMR restraints: Bond =    0.000   Angle =     0.000   Torsion =     0.000
===============================================================================

| TI region  1


 NSTEP =    30000   TIME(PS) =      60.000  TEMP(K) =    99.50  PRESS =     0.0
 Etot   =    -41881.6672  EKtot   =      2257.3459  EPtot      =    -44139.0131
 BOND   =         1.2056  ANGLE   =         7.1331  DIHED      =         0.0000
 1-4 NB =         0.0000  1-4 EEL =         0.0000  VDWAALS    =      7945.0012
 EELEC  =    -52092.3530  EHBOND  =         0.0000  RESTRAINT  =         0.0000
 DV/DL  =       974.1971
 ------------------------------------------------------------------------------


| TI region  2


 NSTEP =    30000   TIME(PS) =      60.000  TEMP(K) =    99.50  PRESS =     0.0
 Etot   =    -41881.6672  EKtot   =      2257.3459  EPtot      =    -44139.0131
 BOND   =         1.2056  ANGLE   =         7.1331  DIHED      =         0.0000
 1-4 NB =         0.0000  1-4 EEL =         0.0000  VDWAALS    =      7945.0012
 EELEC  =    -52092.3530  EHBOND  =         0.0000  RESTRAINT  =         0.0000
 DV/DL  =       974.1971
 ------------------------------------------------------------------------------

 NMR restraints: Bond =    0.000   Angle =     0.000   Torsion =     0.000
===============================================================================

| TI region  1


 NSTEP =    35000   TIME(PS) =      70.000  TEMP(K) =   114.47  PRESS =     0.0
 Etot   =    -41226.0772  EKtot   =      2596.8575  EPtot      =    -43822.9347
 BOND   =         2.3958  ANGLE   =         8.2206  DIHED      =         0.0000
 1-4 NB =         0.0000  1-4 EEL =         0.0000  VDWAALS    =      8003.1995
 EELEC  =    -51836.7506  EHBOND  =         0.0000  RESTRAINT  =         0.0000
 DV/DL  =       957.7182
 ------------------------------------------------------------------------------


| TI region  2


 NSTEP =    35000   TIME(PS) =      70.000  TEMP(K) =   114.47  PRESS =     0.0
 Etot   =    -41226.0772  EKtot   =      2596.8575  EPtot      =    -43822.9347
 BOND   =         2.3958  ANGLE   =         8.2206  DIHED      =         0.0000
 1-4 NB =         0.0000  1-4 EEL =         0.0000  VDWAALS    =      8003.1995
 EELEC  =    -51836.7506  EHBOND  =         0.0000  RESTRAINT  =         0.0000
 DV/DL  =       957.7182
 ------------------------------------------------------------------------------

 NMR restraints: Bond =    0.000   Angle =     0.000   Torsion =     0.000
===============================================================================

| TI region  1


 NSTEP =    40000   TIME(PS) =      80.000  TEMP(K) =   132.87  PRESS =     0.0
 Etot   =    -40448.3544  EKtot   =      3014.3210  EPtot      =    -43462.6754
 BOND   =         3.1644  ANGLE   =         6.5433  DIHED      =         0.0000
 1-4 NB =         0.0000  1-4 EEL =         0.0000  VDWAALS    =      7765.6568
 EELEC  =    -51238.0399  EHBOND  =         0.0000  RESTRAINT  =         0.0000
 DV/DL  =       969.6432
 ------------------------------------------------------------------------------


| TI region  2


 NSTEP =    40000   TIME(PS) =      80.000  TEMP(K) =   132.87  PRESS =     0.0
 Etot   =    -40448.3544  EKtot   =      3014.3210  EPtot      =    -43462.6754
 BOND   =         3.1644  ANGLE   =         6.5433  DIHED      =         0.0000
 1-4 NB =         0.0000  1-4 EEL =         0.0000  VDWAALS    =      7765.6568
 EELEC  =    -51238.0399  EHBOND  =         0.0000  RESTRAINT  =         0.0000
 DV/DL  =       969.6432
 ------------------------------------------------------------------------------

 NMR restraints: Bond =    0.000   Angle =     0.000   Torsion =     0.000
===============================================================================

| TI region  1


 NSTEP =    45000   TIME(PS) =      90.000  TEMP(K) =   149.25  PRESS =     0.0
 Etot   =    -39706.4567  EKtot   =      3385.9111  EPtot      =    -43092.3678
 BOND   =         0.8904  ANGLE   =         6.7644  DIHED      =         0.0000
 1-4 NB =         0.0000  1-4 EEL =         0.0000  VDWAALS    =      7926.6064
 EELEC  =    -51026.6289  EHBOND  =         0.0000  RESTRAINT  =         0.0000
 DV/DL  =       962.3353
 ------------------------------------------------------------------------------


| TI region  2


 NSTEP =    45000   TIME(PS) =      90.000  TEMP(K) =   149.25  PRESS =     0.0
 Etot   =    -39706.4567  EKtot   =      3385.9111  EPtot      =    -43092.3678
 BOND   =         0.8904  ANGLE   =         6.7644  DIHED      =         0.0000
 1-4 NB =         0.0000  1-4 EEL =         0.0000  VDWAALS    =      7926.6064
 EELEC  =    -51026.6289  EHBOND  =         0.0000  RESTRAINT  =         0.0000
 DV/DL  =       962.3353
 ------------------------------------------------------------------------------

 NMR restraints: Bond =    0.000   Angle =     0.000   Torsion =     0.000
===============================================================================

| TI region  1


 NSTEP =    50000   TIME(PS) =     100.000  TEMP(K) =   164.07  PRESS =     0.0
 Etot   =    -39028.8175  EKtot   =      3722.3138  EPtot      =    -42751.1313
 BOND   =         2.4261  ANGLE   =         7.4272  DIHED      =         0.0000
 1-4 NB =         0.0000  1-4 EEL =         0.0000  VDWAALS    =      7717.2341
 EELEC  =    -50478.2188  EHBOND  =         0.0000  RESTRAINT  =         0.0000
 DV/DL  =       994.9029
 ------------------------------------------------------------------------------


| TI region  2


 NSTEP =    50000   TIME(PS) =     100.000  TEMP(K) =   164.07  PRESS =     0.0
 Etot   =    -39028.8175  EKtot   =      3722.3138  EPtot      =    -42751.1313
 BOND   =         2.4261  ANGLE   =         7.4272  DIHED      =         0.0000
 1-4 NB =         0.0000  1-4 EEL =         0.0000  VDWAALS    =      7717.2341
 EELEC  =    -50478.2188  EHBOND  =         0.0000  RESTRAINT  =         0.0000
 DV/DL  =       994.9029
 ------------------------------------------------------------------------------

 NMR restraints: Bond =    0.000   Angle =     0.000   Torsion =     0.000
===============================================================================

| TI region  1


 NSTEP =    55000   TIME(PS) =     110.000  TEMP(K) =   183.02  PRESS =     0.0
 Etot   =    -38162.3907  EKtot   =      4152.1072  EPtot      =    -42314.4979
 BOND   =         2.4129  ANGLE   =         7.7896  DIHED      =         0.0000
 1-4 NB =         0.0000  1-4 EEL =         0.0000  VDWAALS    =      7555.9312
 EELEC  =    -49880.6316  EHBOND  =         0.0000  RESTRAINT  =         0.0000
 DV/DL  =       951.0661
 ------------------------------------------------------------------------------


| TI region  2


 NSTEP =    55000   TIME(PS) =     110.000  TEMP(K) =   183.02  PRESS =     0.0
 Etot   =    -38162.3907  EKtot   =      4152.1072  EPtot      =    -42314.4979
 BOND   =         2.4129  ANGLE   =         7.7896  DIHED      =         0.0000
 1-4 NB =         0.0000  1-4 EEL =         0.0000  VDWAALS    =      7555.9312
 EELEC  =    -49880.6316  EHBOND  =         0.0000  RESTRAINT  =         0.0000
 DV/DL  =       951.0661
 ------------------------------------------------------------------------------

 NMR restraints: Bond =    0.000   Angle =     0.000   Torsion =     0.000
===============================================================================

| TI region  1


 NSTEP =    60000   TIME(PS) =     120.000  TEMP(K) =   197.56  PRESS =     0.0
 Etot   =    -37172.9348  EKtot   =      4481.9614  EPtot      =    -41654.8962
 BOND   =         1.5614  ANGLE   =         7.2552  DIHED      =         0.0000
 1-4 NB =         0.0000  1-4 EEL =         0.0000  VDWAALS    =      7281.4128
 EELEC  =    -48945.1256  EHBOND  =         0.0000  RESTRAINT  =         0.0000
 DV/DL  =       969.6613
 ------------------------------------------------------------------------------


| TI region  2


 NSTEP =    60000   TIME(PS) =     120.000  TEMP(K) =   197.56  PRESS =     0.0
 Etot   =    -37172.9348  EKtot   =      4481.9614  EPtot      =    -41654.8962
 BOND   =         1.5614  ANGLE   =         7.2552  DIHED      =         0.0000
 1-4 NB =         0.0000  1-4 EEL =         0.0000  VDWAALS    =      7281.4128
 EELEC  =    -48945.1256  EHBOND  =         0.0000  RESTRAINT  =         0.0000
 DV/DL  =       969.6613
 ------------------------------------------------------------------------------

 NMR restraints: Bond =    0.000   Angle =     0.000   Torsion =     0.000
===============================================================================

| TI region  1


 NSTEP =    65000   TIME(PS) =     130.000  TEMP(K) =   215.94  PRESS =     0.0
 Etot   =    -35980.8941  EKtot   =      4898.9048  EPtot      =    -40879.7989
 BOND   =         2.6112  ANGLE   =         7.0159  DIHED      =         0.0000
 1-4 NB =         0.0000  1-4 EEL =         0.0000  VDWAALS    =      6963.1230
 EELEC  =    -47852.5491  EHBOND  =         0.0000  RESTRAINT  =         0.0000
 DV/DL  =      1007.1968
 ------------------------------------------------------------------------------


| TI region  2


 NSTEP =    65000   TIME(PS) =     130.000  TEMP(K) =   215.94  PRESS =     0.0
 Etot   =    -35980.8941  EKtot   =      4898.9048  EPtot      =    -40879.7989
 BOND   =         2.6112  ANGLE   =         7.0159  DIHED      =         0.0000
 1-4 NB =         0.0000  1-4 EEL =         0.0000  VDWAALS    =      6963.1230
 EELEC  =    -47852.5491  EHBOND  =         0.0000  RESTRAINT  =         0.0000
 DV/DL  =      1007.1968
 ------------------------------------------------------------------------------

 NMR restraints: Bond =    0.000   Angle =     0.000   Torsion =     0.000
===============================================================================

| TI region  1


 NSTEP =    70000   TIME(PS) =     140.000  TEMP(K) =   230.00  PRESS =     0.0
 Etot   =    -34478.8705  EKtot   =      5218.0676  EPtot      =    -39696.9381
 BOND   =         2.1843  ANGLE   =         7.7021  DIHED      =         0.0000
 1-4 NB =         0.0000  1-4 EEL =         0.0000  VDWAALS    =      6479.4325
 EELEC  =    -46186.2570  EHBOND  =         0.0000  RESTRAINT  =         0.0000
 DV/DL  =       970.4289
 ------------------------------------------------------------------------------


| TI region  2


 NSTEP =    70000   TIME(PS) =     140.000  TEMP(K) =   230.00  PRESS =     0.0
 Etot   =    -34478.8705  EKtot   =      5218.0676  EPtot      =    -39696.9381
 BOND   =         2.1843  ANGLE   =         7.7021  DIHED      =         0.0000
 1-4 NB =         0.0000  1-4 EEL =         0.0000  VDWAALS    =      6479.4325
 EELEC  =    -46186.2570  EHBOND  =         0.0000  RESTRAINT  =         0.0000
 DV/DL  =       970.4289
 ------------------------------------------------------------------------------

 NMR restraints: Bond =    0.000   Angle =     0.000   Torsion =     0.000
===============================================================================

| TI region  1


 NSTEP =    75000   TIME(PS) =     150.000  TEMP(K) =   249.38  PRESS =     0.0
 Etot   =    -32997.4576  EKtot   =      5657.5555  EPtot      =    -38655.0131
 BOND   =         4.6925  ANGLE   =         7.3109  DIHED      =         0.0000
 1-4 NB =         0.0000  1-4 EEL =         0.0000  VDWAALS    =      5976.1903
 EELEC  =    -44643.2068  EHBOND  =         0.0000  RESTRAINT  =         0.0000
 DV/DL  =       998.6931
 ------------------------------------------------------------------------------


| TI region  2


 NSTEP =    75000   TIME(PS) =     150.000  TEMP(K) =   249.38  PRESS =     0.0
 Etot   =    -32997.4576  EKtot   =      5657.5555  EPtot      =    -38655.0131
 BOND   =         4.6925  ANGLE   =         7.3109  DIHED      =         0.0000
 1-4 NB =         0.0000  1-4 EEL =         0.0000  VDWAALS    =      5976.1903
 EELEC  =    -44643.2068  EHBOND  =         0.0000  RESTRAINT  =         0.0000
 DV/DL  =       998.6931
 ------------------------------------------------------------------------------

 NMR restraints: Bond =    0.000   Angle =     0.000   Torsion =     0.000
===============================================================================

| TI region  1


 NSTEP =    80000   TIME(PS) =     160.000  TEMP(K) =   267.75  PRESS =     0.0
 Etot   =    -31610.2971  EKtot   =      6074.4327  EPtot      =    -37684.7298
 BOND   =         1.6718  ANGLE   =         8.6169  DIHED      =         0.0000
 1-4 NB =         0.0000  1-4 EEL =         0.0000  VDWAALS    =      5794.1849
 EELEC  =    -43489.2033  EHBOND  =         0.0000  RESTRAINT  =         0.0000
 DV/DL  =       998.3719
 ------------------------------------------------------------------------------


| TI region  2


 NSTEP =    80000   TIME(PS) =     160.000  TEMP(K) =   267.75  PRESS =     0.0
 Etot   =    -31610.2971  EKtot   =      6074.4327  EPtot      =    -37684.7298
 BOND   =         1.6718  ANGLE   =         8.6169  DIHED      =         0.0000
 1-4 NB =         0.0000  1-4 EEL =         0.0000  VDWAALS    =      5794.1849
 EELEC  =    -43489.2033  EHBOND  =         0.0000  RESTRAINT  =         0.0000
 DV/DL  =       998.3719
 ------------------------------------------------------------------------------

 NMR restraints: Bond =    0.000   Angle =     0.000   Torsion =     0.000
===============================================================================

| TI region  1


 NSTEP =    85000   TIME(PS) =     170.000  TEMP(K) =   285.03  PRESS =     0.0
 Etot   =    -30610.6494  EKtot   =      6466.3981  EPtot      =    -37077.0475
 BOND   =         4.2819  ANGLE   =         6.5567  DIHED      =         0.0000
 1-4 NB =         0.0000  1-4 EEL =         0.0000  VDWAALS    =      5406.9639
 EELEC  =    -42494.8501  EHBOND  =         0.0000  RESTRAINT  =         0.0000
 DV/DL  =       969.8273
 ------------------------------------------------------------------------------


| TI region  2


 NSTEP =    85000   TIME(PS) =     170.000  TEMP(K) =   285.03  PRESS =     0.0
 Etot   =    -30610.6494  EKtot   =      6466.3981  EPtot      =    -37077.0475
 BOND   =         4.2819  ANGLE   =         6.5567  DIHED      =         0.0000
 1-4 NB =         0.0000  1-4 EEL =         0.0000  VDWAALS    =      5406.9639
 EELEC  =    -42494.8501  EHBOND  =         0.0000  RESTRAINT  =         0.0000
 DV/DL  =       969.8273
 ------------------------------------------------------------------------------

 NMR restraints: Bond =    0.000   Angle =     0.000   Torsion =     0.000
===============================================================================

| TI region  1


 NSTEP =    90000   TIME(PS) =     180.000  TEMP(K) =   298.02  PRESS =     0.0
 Etot   =    -29424.5486  EKtot   =      6761.1213  EPtot      =    -36185.6699
 BOND   =         1.3844  ANGLE   =         9.4634  DIHED      =         0.0000
 1-4 NB =         0.0000  1-4 EEL =         0.0000  VDWAALS    =      5185.4251
 EELEC  =    -41381.9428  EHBOND  =         0.0000  RESTRAINT  =         0.0000
 DV/DL  =       963.0144
 ------------------------------------------------------------------------------


| TI region  2


 NSTEP =    90000   TIME(PS) =     180.000  TEMP(K) =   298.02  PRESS =     0.0
 Etot   =    -29424.5486  EKtot   =      6761.1213  EPtot      =    -36185.6699
 BOND   =         1.3844  ANGLE   =         9.4634  DIHED      =         0.0000
 1-4 NB =         0.0000  1-4 EEL =         0.0000  VDWAALS    =      5185.4251
 EELEC  =    -41381.9428  EHBOND  =         0.0000  RESTRAINT  =         0.0000
 DV/DL  =       963.0144
 ------------------------------------------------------------------------------

 NMR restraints: Bond =    0.000   Angle =     0.000   Torsion =     0.000
===============================================================================

| TI region  1


 NSTEP =    95000   TIME(PS) =     190.000  TEMP(K) =   303.70  PRESS =     0.0
 Etot   =    -29289.0409  EKtot   =      6889.9225  EPtot      =    -36178.9634
 BOND   =         4.1145  ANGLE   =        10.1092  DIHED      =         0.0000
 1-4 NB =         0.0000  1-4 EEL =         0.0000  VDWAALS    =      5300.4635
 EELEC  =    -41493.6505  EHBOND  =         0.0000  RESTRAINT  =         0.0000
 DV/DL  =       913.1905
 ------------------------------------------------------------------------------


| TI region  2


 NSTEP =    95000   TIME(PS) =     190.000  TEMP(K) =   303.70  PRESS =     0.0
 Etot   =    -29289.0409  EKtot   =      6889.9225  EPtot      =    -36178.9634
 BOND   =         4.1145  ANGLE   =        10.1092  DIHED      =         0.0000
 1-4 NB =         0.0000  1-4 EEL =         0.0000  VDWAALS    =      5300.4635
 EELEC  =    -41493.6505  EHBOND  =         0.0000  RESTRAINT  =         0.0000
 DV/DL  =       913.1905
 ------------------------------------------------------------------------------

 NMR restraints: Bond =    0.000   Angle =     0.000   Torsion =     0.000
===============================================================================

| TI region  1


 NSTEP =   100000   TIME(PS) =     200.000  TEMP(K) =   304.40  PRESS =     0.0
 Etot   =    -29080.4333  EKtot   =      6905.9598  EPtot      =    -35986.3931
 BOND   =         2.2680  ANGLE   =         8.4609  DIHED      =         0.0000
 1-4 NB =         0.0000  1-4 EEL =         0.0000  VDWAALS    =      5074.1959
 EELEC  =    -41071.3179  EHBOND  =         0.0000  RESTRAINT  =         0.0000
 DV/DL  =       979.4550
 ------------------------------------------------------------------------------


| TI region  2


 NSTEP =   100000   TIME(PS) =     200.000  TEMP(K) =   304.40  PRESS =     0.0
 Etot   =    -29080.4333  EKtot   =      6905.9598  EPtot      =    -35986.3931
 BOND   =         2.2680  ANGLE   =         8.4609  DIHED      =         0.0000
 1-4 NB =         0.0000  1-4 EEL =         0.0000  VDWAALS    =      5074.1959
 EELEC  =    -41071.3179  EHBOND  =         0.0000  RESTRAINT  =         0.0000
 DV/DL  =       979.4550
 ------------------------------------------------------------------------------

 NMR restraints: Bond =    0.000   Angle =     0.000   Torsion =     0.000
===============================================================================

| TI region  1


      A V E R A G E S   O V E R      20 S T E P S


 NSTEP =   100000   TIME(PS) =     200.000  TEMP(K) =   172.03  PRESS =     0.0
 Etot   =    -37499.4029  EKtot   =      3902.6976  EPtot      =    -41402.1004
 BOND   =         2.0956  ANGLE   =         7.4623  DIHED      =         0.0000
 1-4 NB =         0.0000  1-4 EEL =         0.0000  VDWAALS    =      7076.7679
 EELEC  =    -48488.4263  EHBOND  =         0.0000  RESTRAINT  =         0.0000
 DV/DL  =       970.1620
 ------------------------------------------------------------------------------

 NMR restraints: Bond =    0.000   Angle =     0.000   Torsion =     0.000
===============================================================================

      R M S  F L U C T U A T I O N S


 NSTEP =   100000   TIME(PS) =     200.000  TEMP(K) =    93.20  PRESS =     0.0
 Etot   =      5330.3362  EKtot   =      2114.4451  EPtot      =      3255.0220
 BOND   =         1.1834  ANGLE   =         1.0158  DIHED      =         0.0000
 1-4 NB =         0.0000  1-4 EEL =         0.0000  VDWAALS    =      1160.5867
 EELEC  =      4409.7131  EHBOND  =         0.0000  RESTRAINT  =         0.0000
 DV/DL  =        21.0503
 ------------------------------------------------------------------------------


| TI region  2


      A V E R A G E S   O V E R      20 S T E P S


 NSTEP =   100000   TIME(PS) =     200.000  TEMP(K) =   172.03  PRESS =     0.0
 Etot   =    -37499.4029  EKtot   =      3902.6976  EPtot      =    -41402.1004
 BOND   =         2.0956  ANGLE   =         7.4623  DIHED      =         0.0000
 1-4 NB =         0.0000  1-4 EEL =         0.0000  VDWAALS    =      7076.7679
 EELEC  =    -48488.4263  EHBOND  =         0.0000  RESTRAINT  =         0.0000
 DV/DL  =       970.1620
 ------------------------------------------------------------------------------

 NMR restraints: Bond =    0.000   Angle =     0.000   Torsion =     0.000
===============================================================================

      R M S  F L U C T U A T I O N S


 NSTEP =   100000   TIME(PS) =     200.000  TEMP(K) =    93.20  PRESS =     0.0
 Etot   =      5330.3362  EKtot   =      2114.4451  EPtot      =      3255.0220
 BOND   =         1.1834  ANGLE   =         1.0158  DIHED      =         0.0000
 1-4 NB =         0.0000  1-4 EEL =         0.0000  VDWAALS    =      1160.5867
 EELEC  =      4409.7131  EHBOND  =         0.0000  RESTRAINT  =         0.0000
 DV/DL  =        21.0503
 ------------------------------------------------------------------------------


      DV/DL, AVERAGES OVER      20 STEPS


 NSTEP =   100000   TIME(PS) =     200.000  TEMP(K) =    93.20  PRESS =     0.0
 Etot   =         0.0000  EKtot   =         0.0000  EPtot      =       970.1620
 BOND   =         0.0000  ANGLE   =         0.0000  DIHED      =         0.0000
 1-4 NB =         0.0000  1-4 EEL =         0.0000  VDWAALS    =         0.0000
 EELEC  =       970.1620  EHBOND  =         0.0000  RESTRAINT  =         0.0000
 DV/DL  =       970.1620
 ------------------------------------------------------------------------------


 NMR restraints on final step:

--------------------------------------------------------------------------------
   5.  TIMINGS
--------------------------------------------------------------------------------

|  NonSetup CPU Time in Major Routines:
|
|     Routine           Sec        %
|     ------------------------------
|     Nonbond          44.56   31.47
|     Bond              0.00    0.00
|     Angle             0.00    0.00
|     Dihedral          0.00    0.00
|     Shake             0.63    0.44
|     RunMD            96.11   67.86
|     Other             0.33    0.23
|     ------------------------------
|     Total           141.63

|  PME Nonbond Pairlist CPU Time:
|
|     Routine              Sec        %
|     ---------------------------------
|     Set Up Cit           0.00    0.00
|     Build List           0.00    0.00
|     ---------------------------------
|     Total                0.00    0.00

|  PME Direct Force CPU Time:
|
|     Routine              Sec        %
|     ---------------------------------
|     NonBonded Calc       0.00    0.00
|     Exclude Masked       0.00    0.00
|     Other                0.22    0.15
|     ---------------------------------
|     Total                0.22    0.15

|  PME Reciprocal Force CPU Time:
|
|     Routine              Sec        %
|     ---------------------------------
|     1D bspline           0.00    0.00
|     Grid Charges         0.00    0.00
|     Scalar Sum           0.00    0.00
|     Gradient Sum         0.00    0.00
|     FFT                  0.00    0.00
|     ---------------------------------
|     Total                0.00    0.00

|  Final Performance Info:
|     -----------------------------------------------------
|     Average timings for last   10000 steps:
|     Elapsed(s) =      14.59 Per Step(ms) =       1.46
|         ns/day =     118.46   seconds/ns =     729.38
|
|     Average timings for all steps:
|     Elapsed(s) =     141.76 Per Step(ms) =       1.42
|         ns/day =     121.89   seconds/ns =     708.81
|     -----------------------------------------------------

|  Setup CPU time:            0.40 seconds
|  NonSetup CPU time:       141.63 seconds
|  Total CPU time:          142.03 seconds     0.04 hours

|  Setup wall time:           1    seconds
|  NonSetup wall time:      141    seconds
|  Total wall time:         142    seconds     0.04 hours
