            --------------------------------------------------------
                             AMBER SQM VERSION 19
 
                                     By
              Ross C. Walker, Michael F. Crowley, Scott Brozell,
                         Tim Giese, Andreas W. Goetz,
                        Tai-Sung Lee and David A. Case
 
            --------------------------------------------------------
 

--------------------------------------------------------------------------------
  QM CALCULATION INFO
--------------------------------------------------------------------------------

| QMMM: Citation for AMBER QMMM Run:
| QMMM: R.C. Walker, M.F. Crowley and D.A. Case, J. COMP. CHEM. 29:1019, 2008

QMMM: SINGLET STATE CALCULATION
QMMM: RHF CALCULATION, NO. OF DOUBLY OCCUPIED LEVELS = 16

| QMMM: *** Selected Hamiltonian *** 
| QMMM: AM1         

| QMMM: *** Parameter sets in use ***
| QMMM: P : M.J.S.DEWAR et al. THEOCHEM, 187,1, (1989)
| QMMM: O : M.J.S.DEWAR et al. JACS, 107, 3902, (1985)

| QMMM: *** SCF convergence criteria ***
| QMMM: Energy change                :  0.1D-09 kcal/mol
| QMMM: Error matrix |FP-PF|         :  0.1D+00 au
| QMMM: Density matrix change        :  0.5D-06
| QMMM: Maximum number of SCF cycles :     1000

| QMMM: *** Diagonalization Routine Information ***
| QMMM: Pseudo diagonalizations are allowed.
| QMMM: Auto diagonalization routine selection is in use.
| QMMM:
| QMMM: Timing diagonalization routines:
| QMMM:                              norbs =       20
| QMMM:    diag iterations used for timing =       20
| QMMM:
| QMMM:              Internal diag routine = 0.000710 seconds
| QMMM:                 Dspev diag routine = 0.001441 seconds
| QMMM:                Dspevd diag routine = 0.001453 seconds
| QMMM:                Dspevx diag routine = 0.003794 seconds
| QMMM:                 Dsyev diag routine = 0.001431 seconds
| QMMM:                Dsyevd diag routine = 0.001458 seconds
| QMMM:                Dsyevr diag routine = 0.001313 seconds
| QMMM:
| QMMM:                Pseudo diag routine = 0.000100 seconds
| QMMM:
| QMMM: Using internal diagonalization routine (diag_routine=1).

  QMMM: QM Region Cartesian Coordinates (*=link atom) 
  QMMM: QM_NO.   MM_NO.  ATOM         X         Y         Z
  QMMM:     1        1      P       16.4770   16.4310   15.9270
  QMMM:     2        2      O       16.6530   16.3870   14.3700
  QMMM:     3        3      O       16.4850   14.9700   16.4950
  QMMM:     4        4      O       15.1150   17.1210   16.2800
  QMMM:     5        5      O       17.6560   17.2450   16.5640

--------------------------------------------------------------------------------
  RESULTS
--------------------------------------------------------------------------------

  ... geometry converged !
 
 Final MO eigenvalues (eV):
 -15.8594  -14.7296  -14.7295  -14.7295    0.2646    3.0163    3.0163    3.0163
   6.3705    6.3705    6.6068    6.6068    6.6068    6.7569    6.7569    6.7569
  21.8595   25.2660   25.2660   25.2660

 Heat of formation   =         44.00220054 kcal/mol  (        1.90807860 eV)

 Total SCF energy    =     -32297.72578581 kcal/mol  (    -1400.53448618 eV)
 Electronic energy   =     -80399.96682807 kcal/mol  (    -3486.40418143 eV)
 Core-core repulsion =      48102.24104226 kcal/mol  (     2085.86969525 eV)
 
    Atomic Charges for Step       1 :
  Atom    Element       Mulliken Charge
     1      P                  2.521
     2      O                 -1.380
     3      O                 -1.380
     4      O                 -1.380
     5      O                 -1.380
 Total Mulliken Charge =      -3.000
 
                  X        Y        Z     TOTAL  
  QM DIPOLE  -237.430 -236.762 -229.505  406.327
 
 Final Structure

  QMMM: QM Region Cartesian Coordinates (*=link atom) 
  QMMM: QM_NO.   MM_NO.  ATOM         X         Y         Z
  QMMM:     1        1      P       16.4772   16.4308   15.9272
  QMMM:     2        2      O       16.6518   16.3876   14.3819
  QMMM:     3        3      O       16.4849   14.9808   16.4907
  QMMM:     4        4      O       15.1252   17.1160   16.2774
  QMMM:     5        5      O       17.6470   17.2388   16.5588

           --------- Calculation Completed ----------

