
          -------------------------------------------------------
          Amber 18 PMEMD                              2018
          -------------------------------------------------------

| PMEMD implementation of SANDER, Release 18

| Run on 09/12/2020 at 22:25:13

|   Executable path: /opt/software/Amber/18-foss-2018b-AmberTools-19/bin/pmemd.cuda
| Working directory: /mnt/gs18/scratch/users/songlin3/run/1264_optimization/PO4/step1_sol/0.43738
|          Hostname: lac-345

  [-O]verwriting output

File Assignments:
|   MDIN: heat.in                                                               
|  MDOUT: heat.out                                                              
| INPCRD: min.rst                                                               
|   PARM: step1.prmtop                                                          
| RESTRT: heat.rst                                                              
|   REFC: min.rst                                                               
|  MDVEL: mdvel                                                                 
|   MDEN: mden                                                                  
|  MDCRD: heat.netcdf                                                           
| MDINFO: heat.mdinfo                                                           
|  MDFRC: mdfrc                                                                 


 Here is the input file:

nvt for free MD                                                                
 &cntrl                                                                        
  imin=0,                                                                      
  irest=0,                                                                     
  ntx=1,                                                                       
  ig=-1,                                                                       
  nstlim=100000,                                                               
  dt=0.002,                                                                    
  cut=10.0,                                                                    
  ntc=2,                                                                       
  ntf=2,                                                                       
  ntb=1,                                                                       
  ntt=3,                                                                       
  gamma_ln=2.0,                                                                
  tempi=0.0,                                                                   
  temp0=300.0,                                                                 
  ntpr=5000,                                                                   
  ntwr=5000,                                                                   
  ntwx=10000,                                                                  
  ntwv=0,                                                                      
  ioutfm=1,                                                                    
  iwrap=0,                                                                     
  nmropt=1,                                                                    
  ifsc = 0, icfe=1,                                                            
  clambda=0.43738,                                                             
  timask1=':1',                                                                
  timask2=':2', crgmask = ':2',                                                
/                                                                              
&wt TYPE='TEMP0', istep1=0, istep2=90000, value1=0.0, value2=300.0 /           
&wt TYPE='TEMP0', istep1=90001, istep2=100000, value1=300.0, value2=300.0 /    
&wt TYPE='DUMPFREQ', istep1=10000, /                                           
&wt TYPE='END', /                                                              


Note: ig = -1. Setting random seed to   978947 based on wallclock time in 
      microseconds.
| irandom = 1, using AMBER's internal random number generator (default).
 
|--------------------- INFORMATION ----------------------
| GPU (CUDA) Version of PMEMD in use: NVIDIA GPU IN USE.
|                    Version 18.0.0
| 
|                      03/25/2018
| 
| Implementation by:
|                    Ross C. Walker     (SDSC)
|                    Scott Le Grand     (nVIDIA)
| 
| Version 18 performance extensions by:
|                    David Cerutti     (Rutgers)
| 
| Precision model in use:
|      [SPFP] - Single Precision Forces, 64-bit Fixed Point
|               Accumulation. (Default)
| 
|--------------------------------------------------------
 
|----------------- CITATION INFORMATION -----------------
|
|    When publishing work that utilized the CUDA version
|    of AMBER, please cite the following in addition to
|    the regular AMBER citations:
|
|  - Romelia Salomon-Ferrer; Andreas W. Goetz; Duncan
|    Poole; Scott Le Grand; Ross C. Walker "Routine
|    microsecond molecular dynamics simulations with
|    AMBER - Part II: Particle Mesh Ewald", J. Chem.
|    Theory Comput., 2013, 9 (9), pp3878-3888,
|    DOI: 10.1021/ct400314y.
|
|  - Andreas W. Goetz; Mark J. Williamson; Dong Xu;
|    Duncan Poole; Scott Le Grand; Ross C. Walker
|    "Routine microsecond molecular dynamics simulations
|    with AMBER - Part I: Generalized Born", J. Chem.
|    Theory Comput., 2012, 8 (5), pp1542-1555.
|
|  - Scott Le Grand; Andreas W. Goetz; Ross C. Walker
|    "SPFP: Speed without compromise - a mixed precision
|    model for GPU accelerated molecular dynamics
|    simulations.", Comp. Phys. Comm., 2013, 184
|    pp374-380, DOI: 10.1016/j.cpc.2012.09.022
|
|    When publishing work that utilized the CUDA version
|    of TI, BAR, MBAR or FEP please cite the following 
|    three publications in addition to the regular AMBER 
|    GPU citations:
|
|  - Daniel J. Mermelstein; Charles Lin; Gard Nelson; 
|    Rachael Kretsch; J. Andrew McCammon; Ross C. Walker
|    "Fast and Flexible GPU Accelerated Binding 
|    Free Energy Calculations within the AMBER Molecular
|    Dynamics Package" J. Comp. Chem., 2018,
|    DOI: 10.1002/jcc.25187
|
|  - Tai-Sung Lee; Yuan Hu; Brad Sherborne; Zhuyan Guo;
|    Darrin M. York
|    "Toward Fast and Accurate Binding Affinity Prediction with
|    pmemdGTI: An Efficient Implementation of GPU-Accelerated
|    Thermodynamic Integration"
|    J. Chem. Theory Comput., 2017, 13 (7), 3077
|
|
|--------------------------------------------------------
 
|------------------- GPU DEVICE INFO --------------------
|
|            CUDA_VISIBLE_DEVICES: 0
|   CUDA Capable Devices Detected:      1
|           CUDA Device ID in use:      0
|                CUDA Device Name: Tesla K80
|     CUDA Device Global Mem Size:  12206 MB
| CUDA Device Num Multiprocessors:     13
|           CUDA Device Core Freq:   0.82 GHz
|
|--------------------------------------------------------
 
 
| Conditional Compilation Defines Used:
| PUBFFT
| BINTRAJ
| CUDA
| EMIL

| Largest sphere to fit in unit cell has radius =    22.455

| New format PARM file being parsed.
| Version =    1.000 Date = 09/12/20 Time = 21:53:15

| Note: 1-4 EEL scale factors are being read from the topology file.

| Note: 1-4 VDW scale factors are being read from the topology file.
| Duplicated    0 dihedrals

| Duplicated    0 dihedrals

--------------------------------------------------------------------------------
   1.  RESOURCE   USE: 
--------------------------------------------------------------------------------

 getting box info from netcdf restart file
 NATOM  =   11419 NTYPES =       4 NBONH =   11409 MBONA  =       8
 NTHETH =       0 MTHETA =      12 NPHIH =       0 MPHIA  =       0
 NHPARM =       0 NPARM  =       0 NNB   =   15234 NRES   =    3805
 NBONA  =       8 NTHETA =      12 NPHIA =       0 NUMBND =       3
 NUMANG =       1 NPTRA  =       0 NATYP =       4 NPHB   =       1
 IFBOX  =       2 NMXRS  =       5 IFCAP =       0 NEXTRA =       0
 NCOPY  =       0

| Coordinate Index Table dimensions:     8    8    8
| Direct force subcell size =     6.8755    6.8755    6.8755

     BOX TYPE: TRUNCATED OCTAHEDRON

--------------------------------------------------------------------------------
   2.  CONTROL  DATA  FOR  THE  RUN
--------------------------------------------------------------------------------

default_name                                                                    

General flags:
     imin    =       0, nmropt  =       1

Nature and format of input:
     ntx     =       1, irest   =       0, ntrx    =       1

Nature and format of output:
     ntxo    =       2, ntpr    =    5000, ntrx    =       1, ntwr    =    5000
     iwrap   =       0, ntwx    =   10000, ntwv    =       0, ntwe    =       0
     ioutfm  =       1, ntwprt  =       0, idecomp =       0, rbornstat=      0

Potential function:
     ntf     =       2, ntb     =       1, igb     =       0, nsnb    =      25
     ipol    =       0, gbsa    =       0, iesp    =       0
     dielc   =   1.00000, cut     =  10.00000, intdiel =   1.00000

Frozen or restrained atoms:
     ibelly  =       0, ntr     =       0

Molecular dynamics:
     nstlim  =    100000, nscm    =      1000, nrespa  =         1
     t       =   0.00000, dt      =   0.00200, vlimit  =  -1.00000

Langevin dynamics temperature regulation:
     ig      =  978947
     temp0   = 300.00000, tempi   =   0.00000, gamma_ln=   2.00000

SHAKE:
     ntc     =       2, jfastw  =       0
     tol     =   0.00001

NMR refinement options:
     iscale  =       0, noeskp  =       1, ipnlty  =       1, mxsub   =       1
     scalm   = 100.00000, pencut  =   0.10000, tausw   =   0.10000

Free energy options:
     icfe    =       1, ifsc    =       0, klambda =       1
     clambda =  0.4374, scalpha =  0.5000, scbeta  = 12.0000
     sceeorder =       2
     dynlmb =  0.0000 logdvdl =       0

| Intermolecular bonds treatment:
|     no_intermolecular_bonds =       1

| Energy averages sample interval:
|     ene_avg_sampling =    5000

Ewald parameters:
     verbose =       0, ew_type =       0, nbflag  =       1, use_pme =       1
     vdwmeth =       1, eedmeth =       1, netfrc  =       1
     Box X =   55.004   Box Y =   55.004   Box Z =   55.004
     Alpha =  109.471   Beta  =  109.471   Gamma =  109.471
     NFFT1 =   56       NFFT2 =   56       NFFT3 =   56
     Cutoff=   10.000   Tol   =0.100E-04
     Ewald Coefficient =  0.27511
     Interpolation order =    4
     TI Mask 1 :1; matches      5 atoms
     TI Mask 2 :2; matches      5 atoms
     TI region 1:   11414 atoms
     TI region 2:   11414 atoms
Removing charge of       1.2430 from atom       6
Removing charge of      -1.0605 from atom       7
Removing charge of      -1.0605 from atom       8
Removing charge of      -1.0605 from atom       9
Removing charge of      -1.0605 from atom      10
Total charge of  -2.99900001 removed from       5 atoms
     Checking for mismatched coordinates.

--------------------------------------------------------------------------------
   3.  ATOMIC COORDINATES AND VELOCITIES
--------------------------------------------------------------------------------

default_name                                                                    
 begin time read from input coords =     0.000 ps



           Begin reading energy term weight changes/NMR restraints
 WEIGHT CHANGES:
 TEMP0         0  90000    0.000000  300.000000      0      0
 TEMP0     90001 100000  300.000000  300.000000      0      0
 DUMPFREQ  10000      0    0.000000    0.000000      0      0

 RESTRAINTS:
                          ** No restraint defined **

                  Done reading weight changes/NMR restraints


 
 Number of triangulated 3-point waters found:     3803

     Sum of charges for TI region  1 =  -2.99900001
     Assuming uniform neutralizing plasma


     Sum of charges for TI region  2 =   0.00000000
     Forcing neutrality...

| Dynamic Memory, Types Used:
| Reals              565971
| Integers           434073

| Nonbonded Pairs Initial Allocation:     3453962

| GPU memory information (estimate):
| KB of GPU memory in use:         0
| KB of CPU memory in use:         0

--------------------------------------------------------------------------------
   4.  RESULTS
--------------------------------------------------------------------------------


| TI region  1


 NSTEP =        0   TIME(PS) =       0.000  TEMP(K) =     0.00  PRESS =     0.0
 Etot   =    -34748.5650  EKtot   =         0.0000  EPtot      =    -34748.5650
 BOND   =         0.0200  ANGLE   =         6.3593  DIHED      =         0.0000
 1-4 NB =         0.0000  1-4 EEL =         0.0000  VDWAALS    =      2550.5638
 EELEC  =    -37305.5082  EHBOND  =         0.0000  RESTRAINT  =         0.0000
 DV/DL  =       198.7492
 ------------------------------------------------------------------------------


| TI region  2


 NSTEP =        0   TIME(PS) =       0.000  TEMP(K) =     0.00  PRESS =     0.0
 Etot   =    -34748.5650  EKtot   =         0.0000  EPtot      =    -34748.5650
 BOND   =         0.0200  ANGLE   =         6.3593  DIHED      =         0.0000
 1-4 NB =         0.0000  1-4 EEL =         0.0000  VDWAALS    =      2550.5638
 EELEC  =    -37305.5082  EHBOND  =         0.0000  RESTRAINT  =         0.0000
 DV/DL  =       198.7492
 ------------------------------------------------------------------------------

 NMR restraints: Bond =    0.000   Angle =     0.000   Torsion =     0.000
===============================================================================

| TI region  1


 NSTEP =     5000   TIME(PS) =      10.000  TEMP(K) =    16.00  PRESS =     0.0
 Etot   =    -44874.8358  EKtot   =       362.9333  EPtot      =    -45237.7691
 BOND   =         0.1351  ANGLE   =         6.3851  DIHED      =         0.0000
 1-4 NB =         0.0000  1-4 EEL =         0.0000  VDWAALS    =      8152.1221
 EELEC  =    -53396.4114  EHBOND  =         0.0000  RESTRAINT  =         0.0000
 DV/DL  =       673.0458
 ------------------------------------------------------------------------------


| TI region  2


 NSTEP =     5000   TIME(PS) =      10.000  TEMP(K) =    16.00  PRESS =     0.0
 Etot   =    -44874.8358  EKtot   =       362.9333  EPtot      =    -45237.7691
 BOND   =         0.1351  ANGLE   =         6.3851  DIHED      =         0.0000
 1-4 NB =         0.0000  1-4 EEL =         0.0000  VDWAALS    =      8152.1221
 EELEC  =    -53396.4114  EHBOND  =         0.0000  RESTRAINT  =         0.0000
 DV/DL  =       673.0458
 ------------------------------------------------------------------------------

 NMR restraints: Bond =    0.000   Angle =     0.000   Torsion =     0.000
===============================================================================

| TI region  1


 NSTEP =    10000   TIME(PS) =      20.000  TEMP(K) =    32.37  PRESS =     0.0
 Etot   =    -44286.4198  EKtot   =       734.4398  EPtot      =    -45020.8595
 BOND   =         0.4601  ANGLE   =         6.9050  DIHED      =         0.0000
 1-4 NB =         0.0000  1-4 EEL =         0.0000  VDWAALS    =      8163.8966
 EELEC  =    -53192.1212  EHBOND  =         0.0000  RESTRAINT  =         0.0000
 DV/DL  =       674.0527
 ------------------------------------------------------------------------------


| TI region  2


 NSTEP =    10000   TIME(PS) =      20.000  TEMP(K) =    32.37  PRESS =     0.0
 Etot   =    -44286.4198  EKtot   =       734.4398  EPtot      =    -45020.8595
 BOND   =         0.4601  ANGLE   =         6.9050  DIHED      =         0.0000
 1-4 NB =         0.0000  1-4 EEL =         0.0000  VDWAALS    =      8163.8966
 EELEC  =    -53192.1212  EHBOND  =         0.0000  RESTRAINT  =         0.0000
 DV/DL  =       674.0527
 ------------------------------------------------------------------------------

 NMR restraints: Bond =    0.000   Angle =     0.000   Torsion =     0.000
===============================================================================

| TI region  1


 NSTEP =    15000   TIME(PS) =      30.000  TEMP(K) =    49.47  PRESS =     0.0
 Etot   =    -43613.7090  EKtot   =      1122.3902  EPtot      =    -44736.0992
 BOND   =         0.4438  ANGLE   =         6.4333  DIHED      =         0.0000
 1-4 NB =         0.0000  1-4 EEL =         0.0000  VDWAALS    =      8205.0983
 EELEC  =    -52948.0745  EHBOND  =         0.0000  RESTRAINT  =         0.0000
 DV/DL  =       688.7729
 ------------------------------------------------------------------------------


| TI region  2


 NSTEP =    15000   TIME(PS) =      30.000  TEMP(K) =    49.47  PRESS =     0.0
 Etot   =    -43613.7090  EKtot   =      1122.3902  EPtot      =    -44736.0992
 BOND   =         0.4438  ANGLE   =         6.4333  DIHED      =         0.0000
 1-4 NB =         0.0000  1-4 EEL =         0.0000  VDWAALS    =      8205.0983
 EELEC  =    -52948.0745  EHBOND  =         0.0000  RESTRAINT  =         0.0000
 DV/DL  =       688.7729
 ------------------------------------------------------------------------------

 NMR restraints: Bond =    0.000   Angle =     0.000   Torsion =     0.000
===============================================================================

| TI region  1


 NSTEP =    20000   TIME(PS) =      40.000  TEMP(K) =    66.79  PRESS =     0.0
 Etot   =    -43005.4570  EKtot   =      1515.1909  EPtot      =    -44520.6479
 BOND   =         0.1976  ANGLE   =         6.4167  DIHED      =         0.0000
 1-4 NB =         0.0000  1-4 EEL =         0.0000  VDWAALS    =      8083.9142
 EELEC  =    -52611.1764  EHBOND  =         0.0000  RESTRAINT  =         0.0000
 DV/DL  =       693.9456
 ------------------------------------------------------------------------------


| TI region  2


 NSTEP =    20000   TIME(PS) =      40.000  TEMP(K) =    66.79  PRESS =     0.0
 Etot   =    -43005.4570  EKtot   =      1515.1909  EPtot      =    -44520.6479
 BOND   =         0.1976  ANGLE   =         6.4167  DIHED      =         0.0000
 1-4 NB =         0.0000  1-4 EEL =         0.0000  VDWAALS    =      8083.9142
 EELEC  =    -52611.1764  EHBOND  =         0.0000  RESTRAINT  =         0.0000
 DV/DL  =       693.9456
 ------------------------------------------------------------------------------

 NMR restraints: Bond =    0.000   Angle =     0.000   Torsion =     0.000
===============================================================================

| TI region  1


 NSTEP =    25000   TIME(PS) =      50.000  TEMP(K) =    81.91  PRESS =     0.0
 Etot   =    -42406.5940  EKtot   =      1858.3492  EPtot      =    -44264.9432
 BOND   =         0.5989  ANGLE   =         6.9549  DIHED      =         0.0000
 1-4 NB =         0.0000  1-4 EEL =         0.0000  VDWAALS    =      8176.3069
 EELEC  =    -52448.8038  EHBOND  =         0.0000  RESTRAINT  =         0.0000
 DV/DL  =       723.1111
 ------------------------------------------------------------------------------


| TI region  2


 NSTEP =    25000   TIME(PS) =      50.000  TEMP(K) =    81.91  PRESS =     0.0
 Etot   =    -42406.5940  EKtot   =      1858.3492  EPtot      =    -44264.9432
 BOND   =         0.5989  ANGLE   =         6.9549  DIHED      =         0.0000
 1-4 NB =         0.0000  1-4 EEL =         0.0000  VDWAALS    =      8176.3069
 EELEC  =    -52448.8038  EHBOND  =         0.0000  RESTRAINT  =         0.0000
 DV/DL  =       723.1111
 ------------------------------------------------------------------------------

 NMR restraints: Bond =    0.000   Angle =     0.000   Torsion =     0.000
===============================================================================

| TI region  1


 NSTEP =    30000   TIME(PS) =      60.000  TEMP(K) =    99.82  PRESS =     0.0
 Etot   =    -41660.7897  EKtot   =      2264.6143  EPtot      =    -43925.4040
 BOND   =         0.0146  ANGLE   =         6.8663  DIHED      =         0.0000
 1-4 NB =         0.0000  1-4 EEL =         0.0000  VDWAALS    =      7984.3703
 EELEC  =    -51916.6552  EHBOND  =         0.0000  RESTRAINT  =         0.0000
 DV/DL  =       711.6072
 ------------------------------------------------------------------------------


| TI region  2


 NSTEP =    30000   TIME(PS) =      60.000  TEMP(K) =    99.82  PRESS =     0.0
 Etot   =    -41660.7897  EKtot   =      2264.6143  EPtot      =    -43925.4040
 BOND   =         0.0146  ANGLE   =         6.8663  DIHED      =         0.0000
 1-4 NB =         0.0000  1-4 EEL =         0.0000  VDWAALS    =      7984.3703
 EELEC  =    -51916.6552  EHBOND  =         0.0000  RESTRAINT  =         0.0000
 DV/DL  =       711.6072
 ------------------------------------------------------------------------------

 NMR restraints: Bond =    0.000   Angle =     0.000   Torsion =     0.000
===============================================================================

| TI region  1


 NSTEP =    35000   TIME(PS) =      70.000  TEMP(K) =   114.74  PRESS =     0.0
 Etot   =    -41014.3681  EKtot   =      2603.1354  EPtot      =    -43617.5035
 BOND   =         0.4744  ANGLE   =         6.4639  DIHED      =         0.0000
 1-4 NB =         0.0000  1-4 EEL =         0.0000  VDWAALS    =      8058.6075
 EELEC  =    -51683.0492  EHBOND  =         0.0000  RESTRAINT  =         0.0000
 DV/DL  =       703.0410
 ------------------------------------------------------------------------------


| TI region  2


 NSTEP =    35000   TIME(PS) =      70.000  TEMP(K) =   114.74  PRESS =     0.0
 Etot   =    -41014.3681  EKtot   =      2603.1354  EPtot      =    -43617.5035
 BOND   =         0.4744  ANGLE   =         6.4639  DIHED      =         0.0000
 1-4 NB =         0.0000  1-4 EEL =         0.0000  VDWAALS    =      8058.6075
 EELEC  =    -51683.0492  EHBOND  =         0.0000  RESTRAINT  =         0.0000
 DV/DL  =       703.0410
 ------------------------------------------------------------------------------

 NMR restraints: Bond =    0.000   Angle =     0.000   Torsion =     0.000
===============================================================================

| TI region  1


 NSTEP =    40000   TIME(PS) =      80.000  TEMP(K) =   131.84  PRESS =     0.0
 Etot   =    -40324.4325  EKtot   =      2990.9443  EPtot      =    -43315.3769
 BOND   =         0.7793  ANGLE   =         7.7064  DIHED      =         0.0000
 1-4 NB =         0.0000  1-4 EEL =         0.0000  VDWAALS    =      7873.9513
 EELEC  =    -51197.8139  EHBOND  =         0.0000  RESTRAINT  =         0.0000
 DV/DL  =       695.3100
 ------------------------------------------------------------------------------


| TI region  2


 NSTEP =    40000   TIME(PS) =      80.000  TEMP(K) =   131.84  PRESS =     0.0
 Etot   =    -40324.4325  EKtot   =      2990.9443  EPtot      =    -43315.3769
 BOND   =         0.7793  ANGLE   =         7.7064  DIHED      =         0.0000
 1-4 NB =         0.0000  1-4 EEL =         0.0000  VDWAALS    =      7873.9513
 EELEC  =    -51197.8139  EHBOND  =         0.0000  RESTRAINT  =         0.0000
 DV/DL  =       695.3100
 ------------------------------------------------------------------------------

 NMR restraints: Bond =    0.000   Angle =     0.000   Torsion =     0.000
===============================================================================

| TI region  1


 NSTEP =    45000   TIME(PS) =      90.000  TEMP(K) =   149.24  PRESS =     0.0
 Etot   =    -39546.1486  EKtot   =      3385.6775  EPtot      =    -42931.8261
 BOND   =         0.1700  ANGLE   =         6.8220  DIHED      =         0.0000
 1-4 NB =         0.0000  1-4 EEL =         0.0000  VDWAALS    =      7794.7962
 EELEC  =    -50733.6143  EHBOND  =         0.0000  RESTRAINT  =         0.0000
 DV/DL  =       754.6245
 ------------------------------------------------------------------------------


| TI region  2


 NSTEP =    45000   TIME(PS) =      90.000  TEMP(K) =   149.24  PRESS =     0.0
 Etot   =    -39546.1486  EKtot   =      3385.6775  EPtot      =    -42931.8261
 BOND   =         0.1700  ANGLE   =         6.8220  DIHED      =         0.0000
 1-4 NB =         0.0000  1-4 EEL =         0.0000  VDWAALS    =      7794.7962
 EELEC  =    -50733.6143  EHBOND  =         0.0000  RESTRAINT  =         0.0000
 DV/DL  =       754.6245
 ------------------------------------------------------------------------------

 NMR restraints: Bond =    0.000   Angle =     0.000   Torsion =     0.000
===============================================================================

| TI region  1


 NSTEP =    50000   TIME(PS) =     100.000  TEMP(K) =   163.76  PRESS =     0.0
 Etot   =    -38888.7335  EKtot   =      3715.1611  EPtot      =    -42603.8946
 BOND   =         0.2438  ANGLE   =         6.9431  DIHED      =         0.0000
 1-4 NB =         0.0000  1-4 EEL =         0.0000  VDWAALS    =      7850.0336
 EELEC  =    -50461.1151  EHBOND  =         0.0000  RESTRAINT  =         0.0000
 DV/DL  =       710.4929
 ------------------------------------------------------------------------------


| TI region  2


 NSTEP =    50000   TIME(PS) =     100.000  TEMP(K) =   163.76  PRESS =     0.0
 Etot   =    -38888.7335  EKtot   =      3715.1611  EPtot      =    -42603.8946
 BOND   =         0.2438  ANGLE   =         6.9431  DIHED      =         0.0000
 1-4 NB =         0.0000  1-4 EEL =         0.0000  VDWAALS    =      7850.0336
 EELEC  =    -50461.1151  EHBOND  =         0.0000  RESTRAINT  =         0.0000
 DV/DL  =       710.4929
 ------------------------------------------------------------------------------

 NMR restraints: Bond =    0.000   Angle =     0.000   Torsion =     0.000
===============================================================================

| TI region  1


 NSTEP =    55000   TIME(PS) =     110.000  TEMP(K) =   181.20  PRESS =     0.0
 Etot   =    -37929.6539  EKtot   =      4110.8872  EPtot      =    -42040.5412
 BOND   =         1.5512  ANGLE   =         7.1473  DIHED      =         0.0000
 1-4 NB =         0.0000  1-4 EEL =         0.0000  VDWAALS    =      7526.3104
 EELEC  =    -49575.5500  EHBOND  =         0.0000  RESTRAINT  =         0.0000
 DV/DL  =       733.9067
 ------------------------------------------------------------------------------


| TI region  2


 NSTEP =    55000   TIME(PS) =     110.000  TEMP(K) =   181.20  PRESS =     0.0
 Etot   =    -37929.6539  EKtot   =      4110.8872  EPtot      =    -42040.5412
 BOND   =         1.5512  ANGLE   =         7.1473  DIHED      =         0.0000
 1-4 NB =         0.0000  1-4 EEL =         0.0000  VDWAALS    =      7526.3104
 EELEC  =    -49575.5500  EHBOND  =         0.0000  RESTRAINT  =         0.0000
 DV/DL  =       733.9067
 ------------------------------------------------------------------------------

 NMR restraints: Bond =    0.000   Angle =     0.000   Torsion =     0.000
===============================================================================

| TI region  1


 NSTEP =    60000   TIME(PS) =     120.000  TEMP(K) =   198.22  PRESS =     0.0
 Etot   =    -36857.0078  EKtot   =      4496.9121  EPtot      =    -41353.9199
 BOND   =         1.7045  ANGLE   =         8.0235  DIHED      =         0.0000
 1-4 NB =         0.0000  1-4 EEL =         0.0000  VDWAALS    =      7294.0074
 EELEC  =    -48657.6552  EHBOND  =         0.0000  RESTRAINT  =         0.0000
 DV/DL  =       714.0910
 ------------------------------------------------------------------------------


| TI region  2


 NSTEP =    60000   TIME(PS) =     120.000  TEMP(K) =   198.22  PRESS =     0.0
 Etot   =    -36857.0078  EKtot   =      4496.9121  EPtot      =    -41353.9199
 BOND   =         1.7045  ANGLE   =         8.0235  DIHED      =         0.0000
 1-4 NB =         0.0000  1-4 EEL =         0.0000  VDWAALS    =      7294.0074
 EELEC  =    -48657.6552  EHBOND  =         0.0000  RESTRAINT  =         0.0000
 DV/DL  =       714.0910
 ------------------------------------------------------------------------------

 NMR restraints: Bond =    0.000   Angle =     0.000   Torsion =     0.000
===============================================================================

| TI region  1


 NSTEP =    65000   TIME(PS) =     130.000  TEMP(K) =   217.36  PRESS =     0.0
 Etot   =    -35643.4379  EKtot   =      4931.2491  EPtot      =    -40574.6870
 BOND   =         1.5148  ANGLE   =         7.0867  DIHED      =         0.0000
 1-4 NB =         0.0000  1-4 EEL =         0.0000  VDWAALS    =      6848.8427
 EELEC  =    -47432.1311  EHBOND  =         0.0000  RESTRAINT  =         0.0000
 DV/DL  =       721.1375
 ------------------------------------------------------------------------------


| TI region  2


 NSTEP =    65000   TIME(PS) =     130.000  TEMP(K) =   217.36  PRESS =     0.0
 Etot   =    -35643.4379  EKtot   =      4931.2491  EPtot      =    -40574.6870
 BOND   =         1.5148  ANGLE   =         7.0867  DIHED      =         0.0000
 1-4 NB =         0.0000  1-4 EEL =         0.0000  VDWAALS    =      6848.8427
 EELEC  =    -47432.1311  EHBOND  =         0.0000  RESTRAINT  =         0.0000
 DV/DL  =       721.1375
 ------------------------------------------------------------------------------

 NMR restraints: Bond =    0.000   Angle =     0.000   Torsion =     0.000
===============================================================================

| TI region  1


 NSTEP =    70000   TIME(PS) =     140.000  TEMP(K) =   229.07  PRESS =     0.0
 Etot   =    -34335.5391  EKtot   =      5196.9486  EPtot      =    -39532.4877
 BOND   =         0.5086  ANGLE   =         9.5597  DIHED      =         0.0000
 1-4 NB =         0.0000  1-4 EEL =         0.0000  VDWAALS    =      6401.6861
 EELEC  =    -45944.2421  EHBOND  =         0.0000  RESTRAINT  =         0.0000
 DV/DL  =       739.1802
 ------------------------------------------------------------------------------


| TI region  2


 NSTEP =    70000   TIME(PS) =     140.000  TEMP(K) =   229.07  PRESS =     0.0
 Etot   =    -34335.5391  EKtot   =      5196.9486  EPtot      =    -39532.4877
 BOND   =         0.5086  ANGLE   =         9.5597  DIHED      =         0.0000
 1-4 NB =         0.0000  1-4 EEL =         0.0000  VDWAALS    =      6401.6861
 EELEC  =    -45944.2421  EHBOND  =         0.0000  RESTRAINT  =         0.0000
 DV/DL  =       739.1802
 ------------------------------------------------------------------------------

 NMR restraints: Bond =    0.000   Angle =     0.000   Torsion =     0.000
===============================================================================

| TI region  1


 NSTEP =    75000   TIME(PS) =     150.000  TEMP(K) =   246.04  PRESS =     0.0
 Etot   =    -32930.1292  EKtot   =      5581.7907  EPtot      =    -38511.9199
 BOND   =         0.6524  ANGLE   =         9.5671  DIHED      =         0.0000
 1-4 NB =         0.0000  1-4 EEL =         0.0000  VDWAALS    =      6085.9440
 EELEC  =    -44608.0835  EHBOND  =         0.0000  RESTRAINT  =         0.0000
 DV/DL  =       731.0613
 ------------------------------------------------------------------------------


| TI region  2


 NSTEP =    75000   TIME(PS) =     150.000  TEMP(K) =   246.04  PRESS =     0.0
 Etot   =    -32930.1292  EKtot   =      5581.7907  EPtot      =    -38511.9199
 BOND   =         0.6524  ANGLE   =         9.5671  DIHED      =         0.0000
 1-4 NB =         0.0000  1-4 EEL =         0.0000  VDWAALS    =      6085.9440
 EELEC  =    -44608.0835  EHBOND  =         0.0000  RESTRAINT  =         0.0000
 DV/DL  =       731.0613
 ------------------------------------------------------------------------------

 NMR restraints: Bond =    0.000   Angle =     0.000   Torsion =     0.000
===============================================================================

| TI region  1


 NSTEP =    80000   TIME(PS) =     160.000  TEMP(K) =   263.44  PRESS =     0.0
 Etot   =    -31599.5701  EKtot   =      5976.5483  EPtot      =    -37576.1184
 BOND   =         1.2642  ANGLE   =         8.5364  DIHED      =         0.0000
 1-4 NB =         0.0000  1-4 EEL =         0.0000  VDWAALS    =      5898.3301
 EELEC  =    -43484.2491  EHBOND  =         0.0000  RESTRAINT  =         0.0000
 DV/DL  =       737.4944
 ------------------------------------------------------------------------------


| TI region  2


 NSTEP =    80000   TIME(PS) =     160.000  TEMP(K) =   263.44  PRESS =     0.0
 Etot   =    -31599.5701  EKtot   =      5976.5483  EPtot      =    -37576.1184
 BOND   =         1.2642  ANGLE   =         8.5364  DIHED      =         0.0000
 1-4 NB =         0.0000  1-4 EEL =         0.0000  VDWAALS    =      5898.3301
 EELEC  =    -43484.2491  EHBOND  =         0.0000  RESTRAINT  =         0.0000
 DV/DL  =       737.4944
 ------------------------------------------------------------------------------

 NMR restraints: Bond =    0.000   Angle =     0.000   Torsion =     0.000
===============================================================================

| TI region  1


 NSTEP =    85000   TIME(PS) =     170.000  TEMP(K) =   284.64  PRESS =     0.0
 Etot   =    -30029.2397  EKtot   =      6457.5182  EPtot      =    -36486.7579
 BOND   =         1.0077  ANGLE   =         7.8257  DIHED      =         0.0000
 1-4 NB =         0.0000  1-4 EEL =         0.0000  VDWAALS    =      5610.6837
 EELEC  =    -42106.2751  EHBOND  =         0.0000  RESTRAINT  =         0.0000
 DV/DL  =       717.6357
 ------------------------------------------------------------------------------


| TI region  2


 NSTEP =    85000   TIME(PS) =     170.000  TEMP(K) =   284.64  PRESS =     0.0
 Etot   =    -30029.2397  EKtot   =      6457.5182  EPtot      =    -36486.7579
 BOND   =         1.0077  ANGLE   =         7.8257  DIHED      =         0.0000
 1-4 NB =         0.0000  1-4 EEL =         0.0000  VDWAALS    =      5610.6837
 EELEC  =    -42106.2751  EHBOND  =         0.0000  RESTRAINT  =         0.0000
 DV/DL  =       717.6357
 ------------------------------------------------------------------------------

 NMR restraints: Bond =    0.000   Angle =     0.000   Torsion =     0.000
===============================================================================

| TI region  1


 NSTEP =    90000   TIME(PS) =     180.000  TEMP(K) =   300.75  PRESS =     0.0
 Etot   =    -28950.8121  EKtot   =      6823.0547  EPtot      =    -35773.8668
 BOND   =         0.4738  ANGLE   =         7.5673  DIHED      =         0.0000
 1-4 NB =         0.0000  1-4 EEL =         0.0000  VDWAALS    =      5201.9224
 EELEC  =    -40983.8303  EHBOND  =         0.0000  RESTRAINT  =         0.0000
 DV/DL  =       710.0902
 ------------------------------------------------------------------------------


| TI region  2


 NSTEP =    90000   TIME(PS) =     180.000  TEMP(K) =   300.75  PRESS =     0.0
 Etot   =    -28950.8121  EKtot   =      6823.0547  EPtot      =    -35773.8668
 BOND   =         0.4738  ANGLE   =         7.5673  DIHED      =         0.0000
 1-4 NB =         0.0000  1-4 EEL =         0.0000  VDWAALS    =      5201.9224
 EELEC  =    -40983.8303  EHBOND  =         0.0000  RESTRAINT  =         0.0000
 DV/DL  =       710.0902
 ------------------------------------------------------------------------------

 NMR restraints: Bond =    0.000   Angle =     0.000   Torsion =     0.000
===============================================================================

| TI region  1


 NSTEP =    95000   TIME(PS) =     190.000  TEMP(K) =   297.86  PRESS =     0.0
 Etot   =    -29031.7317  EKtot   =      6757.4474  EPtot      =    -35789.1791
 BOND   =         1.0891  ANGLE   =         7.7187  DIHED      =         0.0000
 1-4 NB =         0.0000  1-4 EEL =         0.0000  VDWAALS    =      5100.8157
 EELEC  =    -40898.8026  EHBOND  =         0.0000  RESTRAINT  =         0.0000
 DV/DL  =       741.0100
 ------------------------------------------------------------------------------


| TI region  2


 NSTEP =    95000   TIME(PS) =     190.000  TEMP(K) =   297.86  PRESS =     0.0
 Etot   =    -29031.7317  EKtot   =      6757.4474  EPtot      =    -35789.1791
 BOND   =         1.0891  ANGLE   =         7.7187  DIHED      =         0.0000
 1-4 NB =         0.0000  1-4 EEL =         0.0000  VDWAALS    =      5100.8157
 EELEC  =    -40898.8026  EHBOND  =         0.0000  RESTRAINT  =         0.0000
 DV/DL  =       741.0100
 ------------------------------------------------------------------------------

 NMR restraints: Bond =    0.000   Angle =     0.000   Torsion =     0.000
===============================================================================

| TI region  1


 NSTEP =   100000   TIME(PS) =     200.000  TEMP(K) =   297.25  PRESS =     0.0
 Etot   =    -29085.8114  EKtot   =      6743.5612  EPtot      =    -35829.3726
 BOND   =         1.1405  ANGLE   =         8.5137  DIHED      =         0.0000
 1-4 NB =         0.0000  1-4 EEL =         0.0000  VDWAALS    =      5218.6324
 EELEC  =    -41057.6592  EHBOND  =         0.0000  RESTRAINT  =         0.0000
 DV/DL  =       691.5512
 ------------------------------------------------------------------------------


| TI region  2


 NSTEP =   100000   TIME(PS) =     200.000  TEMP(K) =   297.25  PRESS =     0.0
 Etot   =    -29085.8114  EKtot   =      6743.5612  EPtot      =    -35829.3726
 BOND   =         1.1405  ANGLE   =         8.5137  DIHED      =         0.0000
 1-4 NB =         0.0000  1-4 EEL =         0.0000  VDWAALS    =      5218.6324
 EELEC  =    -41057.6592  EHBOND  =         0.0000  RESTRAINT  =         0.0000
 DV/DL  =       691.5512
 ------------------------------------------------------------------------------

 NMR restraints: Bond =    0.000   Angle =     0.000   Torsion =     0.000
===============================================================================

| TI region  1


      A V E R A G E S   O V E R      20 S T E P S


 NSTEP =   100000   TIME(PS) =     200.000  TEMP(K) =   171.09  PRESS =     0.0
 Etot   =    -37300.7211  EKtot   =      3881.4377  EPtot      =    -41182.1587
 BOND   =         0.7212  ANGLE   =         7.4721  DIHED      =         0.0000
 1-4 NB =         0.0000  1-4 EEL =         0.0000  VDWAALS    =      7076.5136
 EELEC  =    -48266.8657  EHBOND  =         0.0000  RESTRAINT  =         0.0000
 DV/DL  =       713.2581
 ------------------------------------------------------------------------------

 NMR restraints: Bond =    0.000   Angle =     0.000   Torsion =     0.000
===============================================================================

      R M S  F L U C T U A T I O N S


 NSTEP =   100000   TIME(PS) =     200.000  TEMP(K) =    92.04  PRESS =     0.0
 Etot   =      5368.1271  EKtot   =      2088.0578  EPtot      =      3320.9650
 BOND   =         0.4979  ANGLE   =         0.9440  DIHED      =         0.0000
 1-4 NB =         0.0000  1-4 EEL =         0.0000  VDWAALS    =      1129.6098
 EELEC  =      4442.9741  EHBOND  =         0.0000  RESTRAINT  =         0.0000
 DV/DL  =        22.0315
 ------------------------------------------------------------------------------


| TI region  2


      A V E R A G E S   O V E R      20 S T E P S


 NSTEP =   100000   TIME(PS) =     200.000  TEMP(K) =   171.09  PRESS =     0.0
 Etot   =    -37300.7211  EKtot   =      3881.4377  EPtot      =    -41182.1587
 BOND   =         0.7212  ANGLE   =         7.4721  DIHED      =         0.0000
 1-4 NB =         0.0000  1-4 EEL =         0.0000  VDWAALS    =      7076.5136
 EELEC  =    -48266.8657  EHBOND  =         0.0000  RESTRAINT  =         0.0000
 DV/DL  =       713.2581
 ------------------------------------------------------------------------------

 NMR restraints: Bond =    0.000   Angle =     0.000   Torsion =     0.000
===============================================================================

      R M S  F L U C T U A T I O N S


 NSTEP =   100000   TIME(PS) =     200.000  TEMP(K) =    92.04  PRESS =     0.0
 Etot   =      5368.1271  EKtot   =      2088.0578  EPtot      =      3320.9650
 BOND   =         0.4979  ANGLE   =         0.9440  DIHED      =         0.0000
 1-4 NB =         0.0000  1-4 EEL =         0.0000  VDWAALS    =      1129.6098
 EELEC  =      4442.9741  EHBOND  =         0.0000  RESTRAINT  =         0.0000
 DV/DL  =        22.0315
 ------------------------------------------------------------------------------


      DV/DL, AVERAGES OVER      20 STEPS


 NSTEP =   100000   TIME(PS) =     200.000  TEMP(K) =    92.04  PRESS =     0.0
 Etot   =         0.0000  EKtot   =         0.0000  EPtot      =       713.2581
 BOND   =         0.0000  ANGLE   =         0.0000  DIHED      =         0.0000
 1-4 NB =         0.0000  1-4 EEL =         0.0000  VDWAALS    =         0.0000
 EELEC  =       713.2581  EHBOND  =         0.0000  RESTRAINT  =         0.0000
 DV/DL  =       713.2581
 ------------------------------------------------------------------------------


 NMR restraints on final step:

--------------------------------------------------------------------------------
   5.  TIMINGS
--------------------------------------------------------------------------------

|  NonSetup CPU Time in Major Routines:
|
|     Routine           Sec        %
|     ------------------------------
|     Nonbond          47.50   33.19
|     Bond              0.00    0.00
|     Angle             0.00    0.00
|     Dihedral          0.00    0.00
|     Shake             0.65    0.46
|     RunMD            94.60   66.10
|     Other             0.35    0.25
|     ------------------------------
|     Total           143.11

|  PME Nonbond Pairlist CPU Time:
|
|     Routine              Sec        %
|     ---------------------------------
|     Set Up Cit           0.00    0.00
|     Build List           0.00    0.00
|     ---------------------------------
|     Total                0.00    0.00

|  PME Direct Force CPU Time:
|
|     Routine              Sec        %
|     ---------------------------------
|     NonBonded Calc       0.00    0.00
|     Exclude Masked       0.00    0.00
|     Other                0.24    0.17
|     ---------------------------------
|     Total                0.24    0.17

|  PME Reciprocal Force CPU Time:
|
|     Routine              Sec        %
|     ---------------------------------
|     1D bspline           0.00    0.00
|     Grid Charges         0.00    0.00
|     Scalar Sum           0.00    0.00
|     Gradient Sum         0.00    0.00
|     FFT                  0.00    0.00
|     ---------------------------------
|     Total                0.00    0.00

|  Final Performance Info:
|     -----------------------------------------------------
|     Average timings for last   10000 steps:
|     Elapsed(s) =      14.73 Per Step(ms) =       1.47
|         ns/day =     117.34   seconds/ns =     736.34
|
|     Average timings for all steps:
|     Elapsed(s) =     143.20 Per Step(ms) =       1.43
|         ns/day =     120.67   seconds/ns =     716.00
|     -----------------------------------------------------

|  Setup CPU time:            0.43 seconds
|  NonSetup CPU time:       143.11 seconds
|  Total CPU time:          143.54 seconds     0.04 hours

|  Setup wall time:           0    seconds
|  NonSetup wall time:      144    seconds
|  Total wall time:         144    seconds     0.04 hours
