
          -------------------------------------------------------
          Amber 18 PMEMD                              2018
          -------------------------------------------------------

| PMEMD implementation of SANDER, Release 18

| Run on 09/12/2020 at 22:28:29

|   Executable path: /opt/software/Amber/18-foss-2018b-AmberTools-19/bin/pmemd.cuda
| Working directory: /mnt/gs18/scratch/users/songlin3/run/1264_optimization/PO4/step1_sol/0.56262
|          Hostname: lac-086

  [-O]verwriting output

File Assignments:
|   MDIN: heat.in                                                               
|  MDOUT: heat.out                                                              
| INPCRD: min.rst                                                               
|   PARM: step1.prmtop                                                          
| RESTRT: heat.rst                                                              
|   REFC: min.rst                                                               
|  MDVEL: mdvel                                                                 
|   MDEN: mden                                                                  
|  MDCRD: heat.netcdf                                                           
| MDINFO: heat.mdinfo                                                           
|  MDFRC: mdfrc                                                                 


 Here is the input file:

nvt for free MD                                                                
 &cntrl                                                                        
  imin=0,                                                                      
  irest=0,                                                                     
  ntx=1,                                                                       
  ig=-1,                                                                       
  nstlim=100000,                                                               
  dt=0.002,                                                                    
  cut=10.0,                                                                    
  ntc=2,                                                                       
  ntf=2,                                                                       
  ntb=1,                                                                       
  ntt=3,                                                                       
  gamma_ln=2.0,                                                                
  tempi=0.0,                                                                   
  temp0=300.0,                                                                 
  ntpr=5000,                                                                   
  ntwr=5000,                                                                   
  ntwx=10000,                                                                  
  ntwv=0,                                                                      
  ioutfm=1,                                                                    
  iwrap=0,                                                                     
  nmropt=1,                                                                    
  ifsc = 0, icfe=1,                                                            
  clambda=0.56262,                                                             
  timask1=':1',                                                                
  timask2=':2', crgmask = ':2',                                                
/                                                                              
&wt TYPE='TEMP0', istep1=0, istep2=90000, value1=0.0, value2=300.0 /           
&wt TYPE='TEMP0', istep1=90001, istep2=100000, value1=300.0, value2=300.0 /    
&wt TYPE='DUMPFREQ', istep1=10000, /                                           
&wt TYPE='END', /                                                              


Note: ig = -1. Setting random seed to   785587 based on wallclock time in 
      microseconds.
| irandom = 1, using AMBER's internal random number generator (default).
 
|--------------------- INFORMATION ----------------------
| GPU (CUDA) Version of PMEMD in use: NVIDIA GPU IN USE.
|                    Version 18.0.0
| 
|                      03/25/2018
| 
| Implementation by:
|                    Ross C. Walker     (SDSC)
|                    Scott Le Grand     (nVIDIA)
| 
| Version 18 performance extensions by:
|                    David Cerutti     (Rutgers)
| 
| Precision model in use:
|      [SPFP] - Single Precision Forces, 64-bit Fixed Point
|               Accumulation. (Default)
| 
|--------------------------------------------------------
 
|----------------- CITATION INFORMATION -----------------
|
|    When publishing work that utilized the CUDA version
|    of AMBER, please cite the following in addition to
|    the regular AMBER citations:
|
|  - Romelia Salomon-Ferrer; Andreas W. Goetz; Duncan
|    Poole; Scott Le Grand; Ross C. Walker "Routine
|    microsecond molecular dynamics simulations with
|    AMBER - Part II: Particle Mesh Ewald", J. Chem.
|    Theory Comput., 2013, 9 (9), pp3878-3888,
|    DOI: 10.1021/ct400314y.
|
|  - Andreas W. Goetz; Mark J. Williamson; Dong Xu;
|    Duncan Poole; Scott Le Grand; Ross C. Walker
|    "Routine microsecond molecular dynamics simulations
|    with AMBER - Part I: Generalized Born", J. Chem.
|    Theory Comput., 2012, 8 (5), pp1542-1555.
|
|  - Scott Le Grand; Andreas W. Goetz; Ross C. Walker
|    "SPFP: Speed without compromise - a mixed precision
|    model for GPU accelerated molecular dynamics
|    simulations.", Comp. Phys. Comm., 2013, 184
|    pp374-380, DOI: 10.1016/j.cpc.2012.09.022
|
|    When publishing work that utilized the CUDA version
|    of TI, BAR, MBAR or FEP please cite the following 
|    three publications in addition to the regular AMBER 
|    GPU citations:
|
|  - Daniel J. Mermelstein; Charles Lin; Gard Nelson; 
|    Rachael Kretsch; J. Andrew McCammon; Ross C. Walker
|    "Fast and Flexible GPU Accelerated Binding 
|    Free Energy Calculations within the AMBER Molecular
|    Dynamics Package" J. Comp. Chem., 2018,
|    DOI: 10.1002/jcc.25187
|
|  - Tai-Sung Lee; Yuan Hu; Brad Sherborne; Zhuyan Guo;
|    Darrin M. York
|    "Toward Fast and Accurate Binding Affinity Prediction with
|    pmemdGTI: An Efficient Implementation of GPU-Accelerated
|    Thermodynamic Integration"
|    J. Chem. Theory Comput., 2017, 13 (7), 3077
|
|
|--------------------------------------------------------
 
|------------------- GPU DEVICE INFO --------------------
|
|            CUDA_VISIBLE_DEVICES: 0
|   CUDA Capable Devices Detected:      1
|           CUDA Device ID in use:      0
|                CUDA Device Name: Tesla K80
|     CUDA Device Global Mem Size:  12206 MB
| CUDA Device Num Multiprocessors:     13
|           CUDA Device Core Freq:   0.82 GHz
|
|--------------------------------------------------------
 
 
| Conditional Compilation Defines Used:
| PUBFFT
| BINTRAJ
| CUDA
| EMIL

| Largest sphere to fit in unit cell has radius =    22.455

| New format PARM file being parsed.
| Version =    1.000 Date = 09/12/20 Time = 21:53:15

| Note: 1-4 EEL scale factors are being read from the topology file.

| Note: 1-4 VDW scale factors are being read from the topology file.
| Duplicated    0 dihedrals

| Duplicated    0 dihedrals

--------------------------------------------------------------------------------
   1.  RESOURCE   USE: 
--------------------------------------------------------------------------------

 getting box info from netcdf restart file
 NATOM  =   11419 NTYPES =       4 NBONH =   11409 MBONA  =       8
 NTHETH =       0 MTHETA =      12 NPHIH =       0 MPHIA  =       0
 NHPARM =       0 NPARM  =       0 NNB   =   15234 NRES   =    3805
 NBONA  =       8 NTHETA =      12 NPHIA =       0 NUMBND =       3
 NUMANG =       1 NPTRA  =       0 NATYP =       4 NPHB   =       1
 IFBOX  =       2 NMXRS  =       5 IFCAP =       0 NEXTRA =       0
 NCOPY  =       0

| Coordinate Index Table dimensions:     8    8    8
| Direct force subcell size =     6.8755    6.8755    6.8755

     BOX TYPE: TRUNCATED OCTAHEDRON

--------------------------------------------------------------------------------
   2.  CONTROL  DATA  FOR  THE  RUN
--------------------------------------------------------------------------------

default_name                                                                    

General flags:
     imin    =       0, nmropt  =       1

Nature and format of input:
     ntx     =       1, irest   =       0, ntrx    =       1

Nature and format of output:
     ntxo    =       2, ntpr    =    5000, ntrx    =       1, ntwr    =    5000
     iwrap   =       0, ntwx    =   10000, ntwv    =       0, ntwe    =       0
     ioutfm  =       1, ntwprt  =       0, idecomp =       0, rbornstat=      0

Potential function:
     ntf     =       2, ntb     =       1, igb     =       0, nsnb    =      25
     ipol    =       0, gbsa    =       0, iesp    =       0
     dielc   =   1.00000, cut     =  10.00000, intdiel =   1.00000

Frozen or restrained atoms:
     ibelly  =       0, ntr     =       0

Molecular dynamics:
     nstlim  =    100000, nscm    =      1000, nrespa  =         1
     t       =   0.00000, dt      =   0.00200, vlimit  =  -1.00000

Langevin dynamics temperature regulation:
     ig      =  785587
     temp0   = 300.00000, tempi   =   0.00000, gamma_ln=   2.00000

SHAKE:
     ntc     =       2, jfastw  =       0
     tol     =   0.00001

NMR refinement options:
     iscale  =       0, noeskp  =       1, ipnlty  =       1, mxsub   =       1
     scalm   = 100.00000, pencut  =   0.10000, tausw   =   0.10000

Free energy options:
     icfe    =       1, ifsc    =       0, klambda =       1
     clambda =  0.5626, scalpha =  0.5000, scbeta  = 12.0000
     sceeorder =       2
     dynlmb =  0.0000 logdvdl =       0

| Intermolecular bonds treatment:
|     no_intermolecular_bonds =       1

| Energy averages sample interval:
|     ene_avg_sampling =    5000

Ewald parameters:
     verbose =       0, ew_type =       0, nbflag  =       1, use_pme =       1
     vdwmeth =       1, eedmeth =       1, netfrc  =       1
     Box X =   55.004   Box Y =   55.004   Box Z =   55.004
     Alpha =  109.471   Beta  =  109.471   Gamma =  109.471
     NFFT1 =   56       NFFT2 =   56       NFFT3 =   56
     Cutoff=   10.000   Tol   =0.100E-04
     Ewald Coefficient =  0.27511
     Interpolation order =    4
     TI Mask 1 :1; matches      5 atoms
     TI Mask 2 :2; matches      5 atoms
     TI region 1:   11414 atoms
     TI region 2:   11414 atoms
Removing charge of       1.2430 from atom       6
Removing charge of      -1.0605 from atom       7
Removing charge of      -1.0605 from atom       8
Removing charge of      -1.0605 from atom       9
Removing charge of      -1.0605 from atom      10
Total charge of  -2.99900001 removed from       5 atoms
     Checking for mismatched coordinates.

--------------------------------------------------------------------------------
   3.  ATOMIC COORDINATES AND VELOCITIES
--------------------------------------------------------------------------------

default_name                                                                    
 begin time read from input coords =     0.000 ps



           Begin reading energy term weight changes/NMR restraints
 WEIGHT CHANGES:
 TEMP0         0  90000    0.000000  300.000000      0      0
 TEMP0     90001 100000  300.000000  300.000000      0      0
 DUMPFREQ  10000      0    0.000000    0.000000      0      0

 RESTRAINTS:
                          ** No restraint defined **

                  Done reading weight changes/NMR restraints


 
 Number of triangulated 3-point waters found:     3803

     Sum of charges for TI region  1 =  -2.99900001
     Assuming uniform neutralizing plasma


     Sum of charges for TI region  2 =   0.00000000
     Forcing neutrality...

| Dynamic Memory, Types Used:
| Reals              565971
| Integers           434073

| Nonbonded Pairs Initial Allocation:     3453962

| GPU memory information (estimate):
| KB of GPU memory in use:         0
| KB of CPU memory in use:         0

--------------------------------------------------------------------------------
   4.  RESULTS
--------------------------------------------------------------------------------


| TI region  1


 NSTEP =        0   TIME(PS) =       0.000  TEMP(K) =     0.00  PRESS =     0.0
 Etot   =    -34720.6892  EKtot   =         0.0000  EPtot      =    -34720.6892
 BOND   =         0.0126  ANGLE   =         6.3226  DIHED      =         0.0000
 1-4 NB =         0.0000  1-4 EEL =         0.0000  VDWAALS    =      2547.5750
 EELEC  =    -37274.5995  EHBOND  =         0.0000  RESTRAINT  =         0.0000
 DV/DL  =       174.8819
 ------------------------------------------------------------------------------


| TI region  2


 NSTEP =        0   TIME(PS) =       0.000  TEMP(K) =     0.00  PRESS =     0.0
 Etot   =    -34720.6892  EKtot   =         0.0000  EPtot      =    -34720.6892
 BOND   =         0.0126  ANGLE   =         6.3226  DIHED      =         0.0000
 1-4 NB =         0.0000  1-4 EEL =         0.0000  VDWAALS    =      2547.5750
 EELEC  =    -37274.5995  EHBOND  =         0.0000  RESTRAINT  =         0.0000
 DV/DL  =       174.8819
 ------------------------------------------------------------------------------

 NMR restraints: Bond =    0.000   Angle =     0.000   Torsion =     0.000
===============================================================================

| TI region  1


 NSTEP =     5000   TIME(PS) =      10.000  TEMP(K) =    15.95  PRESS =     0.0
 Etot   =    -44824.4444  EKtot   =       361.7778  EPtot      =    -45186.2222
 BOND   =         0.1694  ANGLE   =         6.4344  DIHED      =         0.0000
 1-4 NB =         0.0000  1-4 EEL =         0.0000  VDWAALS    =      8257.4794
 EELEC  =    -53450.3054  EHBOND  =         0.0000  RESTRAINT  =         0.0000
 DV/DL  =       531.4577
 ------------------------------------------------------------------------------


| TI region  2


 NSTEP =     5000   TIME(PS) =      10.000  TEMP(K) =    15.95  PRESS =     0.0
 Etot   =    -44824.4444  EKtot   =       361.7778  EPtot      =    -45186.2222
 BOND   =         0.1694  ANGLE   =         6.4344  DIHED      =         0.0000
 1-4 NB =         0.0000  1-4 EEL =         0.0000  VDWAALS    =      8257.4794
 EELEC  =    -53450.3054  EHBOND  =         0.0000  RESTRAINT  =         0.0000
 DV/DL  =       531.4577
 ------------------------------------------------------------------------------

 NMR restraints: Bond =    0.000   Angle =     0.000   Torsion =     0.000
===============================================================================

| TI region  1


 NSTEP =    10000   TIME(PS) =      20.000  TEMP(K) =    33.08  PRESS =     0.0
 Etot   =    -44174.7470  EKtot   =       750.4497  EPtot      =    -44925.1967
 BOND   =         0.1877  ANGLE   =         6.5044  DIHED      =         0.0000
 1-4 NB =         0.0000  1-4 EEL =         0.0000  VDWAALS    =      8208.9802
 EELEC  =    -53140.8689  EHBOND  =         0.0000  RESTRAINT  =         0.0000
 DV/DL  =       525.6021
 ------------------------------------------------------------------------------


| TI region  2


 NSTEP =    10000   TIME(PS) =      20.000  TEMP(K) =    33.08  PRESS =     0.0
 Etot   =    -44174.7470  EKtot   =       750.4497  EPtot      =    -44925.1967
 BOND   =         0.1877  ANGLE   =         6.5044  DIHED      =         0.0000
 1-4 NB =         0.0000  1-4 EEL =         0.0000  VDWAALS    =      8208.9802
 EELEC  =    -53140.8689  EHBOND  =         0.0000  RESTRAINT  =         0.0000
 DV/DL  =       525.6021
 ------------------------------------------------------------------------------

 NMR restraints: Bond =    0.000   Angle =     0.000   Torsion =     0.000
===============================================================================

| TI region  1


 NSTEP =    15000   TIME(PS) =      30.000  TEMP(K) =    49.21  PRESS =     0.0
 Etot   =    -43541.3606  EKtot   =      1116.5175  EPtot      =    -44657.8781
 BOND   =         0.9343  ANGLE   =         6.6541  DIHED      =         0.0000
 1-4 NB =         0.0000  1-4 EEL =         0.0000  VDWAALS    =      8217.3592
 EELEC  =    -52882.8257  EHBOND  =         0.0000  RESTRAINT  =         0.0000
 DV/DL  =       531.0021
 ------------------------------------------------------------------------------


| TI region  2


 NSTEP =    15000   TIME(PS) =      30.000  TEMP(K) =    49.21  PRESS =     0.0
 Etot   =    -43541.3606  EKtot   =      1116.5175  EPtot      =    -44657.8781
 BOND   =         0.9343  ANGLE   =         6.6541  DIHED      =         0.0000
 1-4 NB =         0.0000  1-4 EEL =         0.0000  VDWAALS    =      8217.3592
 EELEC  =    -52882.8257  EHBOND  =         0.0000  RESTRAINT  =         0.0000
 DV/DL  =       531.0021
 ------------------------------------------------------------------------------

 NMR restraints: Bond =    0.000   Angle =     0.000   Torsion =     0.000
===============================================================================

| TI region  1


 NSTEP =    20000   TIME(PS) =      40.000  TEMP(K) =    65.75  PRESS =     0.0
 Etot   =    -42922.7263  EKtot   =      1491.5587  EPtot      =    -44414.2850
 BOND   =         0.2091  ANGLE   =         6.5797  DIHED      =         0.0000
 1-4 NB =         0.0000  1-4 EEL =         0.0000  VDWAALS    =      8209.8047
 EELEC  =    -52630.8785  EHBOND  =         0.0000  RESTRAINT  =         0.0000
 DV/DL  =       525.7780
 ------------------------------------------------------------------------------


| TI region  2


 NSTEP =    20000   TIME(PS) =      40.000  TEMP(K) =    65.75  PRESS =     0.0
 Etot   =    -42922.7263  EKtot   =      1491.5587  EPtot      =    -44414.2850
 BOND   =         0.2091  ANGLE   =         6.5797  DIHED      =         0.0000
 1-4 NB =         0.0000  1-4 EEL =         0.0000  VDWAALS    =      8209.8047
 EELEC  =    -52630.8785  EHBOND  =         0.0000  RESTRAINT  =         0.0000
 DV/DL  =       525.7780
 ------------------------------------------------------------------------------

 NMR restraints: Bond =    0.000   Angle =     0.000   Torsion =     0.000
===============================================================================

| TI region  1


 NSTEP =    25000   TIME(PS) =      50.000  TEMP(K) =    83.10  PRESS =     0.0
 Etot   =    -42279.8634  EKtot   =      1885.1829  EPtot      =    -44165.0464
 BOND   =         0.5167  ANGLE   =         7.3828  DIHED      =         0.0000
 1-4 NB =         0.0000  1-4 EEL =         0.0000  VDWAALS    =      8153.0704
 EELEC  =    -52326.0163  EHBOND  =         0.0000  RESTRAINT  =         0.0000
 DV/DL  =       556.3543
 ------------------------------------------------------------------------------


| TI region  2


 NSTEP =    25000   TIME(PS) =      50.000  TEMP(K) =    83.10  PRESS =     0.0
 Etot   =    -42279.8634  EKtot   =      1885.1829  EPtot      =    -44165.0464
 BOND   =         0.5167  ANGLE   =         7.3828  DIHED      =         0.0000
 1-4 NB =         0.0000  1-4 EEL =         0.0000  VDWAALS    =      8153.0704
 EELEC  =    -52326.0163  EHBOND  =         0.0000  RESTRAINT  =         0.0000
 DV/DL  =       556.3543
 ------------------------------------------------------------------------------

 NMR restraints: Bond =    0.000   Angle =     0.000   Torsion =     0.000
===============================================================================

| TI region  1


 NSTEP =    30000   TIME(PS) =      60.000  TEMP(K) =    99.23  PRESS =     0.0
 Etot   =    -41627.2815  EKtot   =      2251.1813  EPtot      =    -43878.4628
 BOND   =         1.0407  ANGLE   =         6.7224  DIHED      =         0.0000
 1-4 NB =         0.0000  1-4 EEL =         0.0000  VDWAALS    =      8061.6150
 EELEC  =    -51947.8409  EHBOND  =         0.0000  RESTRAINT  =         0.0000
 DV/DL  =       571.9332
 ------------------------------------------------------------------------------


| TI region  2


 NSTEP =    30000   TIME(PS) =      60.000  TEMP(K) =    99.23  PRESS =     0.0
 Etot   =    -41627.2815  EKtot   =      2251.1813  EPtot      =    -43878.4628
 BOND   =         1.0407  ANGLE   =         6.7224  DIHED      =         0.0000
 1-4 NB =         0.0000  1-4 EEL =         0.0000  VDWAALS    =      8061.6150
 EELEC  =    -51947.8409  EHBOND  =         0.0000  RESTRAINT  =         0.0000
 DV/DL  =       571.9332
 ------------------------------------------------------------------------------

 NMR restraints: Bond =    0.000   Angle =     0.000   Torsion =     0.000
===============================================================================

| TI region  1


 NSTEP =    35000   TIME(PS) =      70.000  TEMP(K) =   116.25  PRESS =     0.0
 Etot   =    -40953.8061  EKtot   =      2637.3509  EPtot      =    -43591.1570
 BOND   =         1.0529  ANGLE   =         6.9882  DIHED      =         0.0000
 1-4 NB =         0.0000  1-4 EEL =         0.0000  VDWAALS    =      8103.8817
 EELEC  =    -51703.0798  EHBOND  =         0.0000  RESTRAINT  =         0.0000
 DV/DL  =       579.6339
 ------------------------------------------------------------------------------


| TI region  2


 NSTEP =    35000   TIME(PS) =      70.000  TEMP(K) =   116.25  PRESS =     0.0
 Etot   =    -40953.8061  EKtot   =      2637.3509  EPtot      =    -43591.1570
 BOND   =         1.0529  ANGLE   =         6.9882  DIHED      =         0.0000
 1-4 NB =         0.0000  1-4 EEL =         0.0000  VDWAALS    =      8103.8817
 EELEC  =    -51703.0798  EHBOND  =         0.0000  RESTRAINT  =         0.0000
 DV/DL  =       579.6339
 ------------------------------------------------------------------------------

 NMR restraints: Bond =    0.000   Angle =     0.000   Torsion =     0.000
===============================================================================

| TI region  1


 NSTEP =    40000   TIME(PS) =      80.000  TEMP(K) =   131.96  PRESS =     0.0
 Etot   =    -40234.0315  EKtot   =      2993.6799  EPtot      =    -43227.7114
 BOND   =         1.3476  ANGLE   =         7.7045  DIHED      =         0.0000
 1-4 NB =         0.0000  1-4 EEL =         0.0000  VDWAALS    =      7995.5330
 EELEC  =    -51232.2965  EHBOND  =         0.0000  RESTRAINT  =         0.0000
 DV/DL  =       578.0714
 ------------------------------------------------------------------------------


| TI region  2


 NSTEP =    40000   TIME(PS) =      80.000  TEMP(K) =   131.96  PRESS =     0.0
 Etot   =    -40234.0315  EKtot   =      2993.6799  EPtot      =    -43227.7114
 BOND   =         1.3476  ANGLE   =         7.7045  DIHED      =         0.0000
 1-4 NB =         0.0000  1-4 EEL =         0.0000  VDWAALS    =      7995.5330
 EELEC  =    -51232.2965  EHBOND  =         0.0000  RESTRAINT  =         0.0000
 DV/DL  =       578.0714
 ------------------------------------------------------------------------------

 NMR restraints: Bond =    0.000   Angle =     0.000   Torsion =     0.000
===============================================================================

| TI region  1


 NSTEP =    45000   TIME(PS) =      90.000  TEMP(K) =   148.81  PRESS =     0.0
 Etot   =    -39459.9309  EKtot   =      3376.0938  EPtot      =    -42836.0246
 BOND   =         0.8452  ANGLE   =         6.9102  DIHED      =         0.0000
 1-4 NB =         0.0000  1-4 EEL =         0.0000  VDWAALS    =      7856.7720
 EELEC  =    -50700.5520  EHBOND  =         0.0000  RESTRAINT  =         0.0000
 DV/DL  =       583.7374
 ------------------------------------------------------------------------------


| TI region  2


 NSTEP =    45000   TIME(PS) =      90.000  TEMP(K) =   148.81  PRESS =     0.0
 Etot   =    -39459.9309  EKtot   =      3376.0938  EPtot      =    -42836.0246
 BOND   =         0.8452  ANGLE   =         6.9102  DIHED      =         0.0000
 1-4 NB =         0.0000  1-4 EEL =         0.0000  VDWAALS    =      7856.7720
 EELEC  =    -50700.5520  EHBOND  =         0.0000  RESTRAINT  =         0.0000
 DV/DL  =       583.7374
 ------------------------------------------------------------------------------

 NMR restraints: Bond =    0.000   Angle =     0.000   Torsion =     0.000
===============================================================================

| TI region  1


 NSTEP =    50000   TIME(PS) =     100.000  TEMP(K) =   167.23  PRESS =     0.0
 Etot   =    -38699.7305  EKtot   =      3793.8553  EPtot      =    -42493.5858
 BOND   =         2.0326  ANGLE   =         6.9577  DIHED      =         0.0000
 1-4 NB =         0.0000  1-4 EEL =         0.0000  VDWAALS    =      7641.3899
 EELEC  =    -50143.9660  EHBOND  =         0.0000  RESTRAINT  =         0.0000
 DV/DL  =       540.0369
 ------------------------------------------------------------------------------


| TI region  2


 NSTEP =    50000   TIME(PS) =     100.000  TEMP(K) =   167.23  PRESS =     0.0
 Etot   =    -38699.7305  EKtot   =      3793.8553  EPtot      =    -42493.5858
 BOND   =         2.0326  ANGLE   =         6.9577  DIHED      =         0.0000
 1-4 NB =         0.0000  1-4 EEL =         0.0000  VDWAALS    =      7641.3899
 EELEC  =    -50143.9660  EHBOND  =         0.0000  RESTRAINT  =         0.0000
 DV/DL  =       540.0369
 ------------------------------------------------------------------------------

 NMR restraints: Bond =    0.000   Angle =     0.000   Torsion =     0.000
===============================================================================

| TI region  1


 NSTEP =    55000   TIME(PS) =     110.000  TEMP(K) =   180.30  PRESS =     0.0
 Etot   =    -37820.1632  EKtot   =      4090.4478  EPtot      =    -41910.6110
 BOND   =         0.1680  ANGLE   =         6.7534  DIHED      =         0.0000
 1-4 NB =         0.0000  1-4 EEL =         0.0000  VDWAALS    =      7587.1329
 EELEC  =    -49504.6653  EHBOND  =         0.0000  RESTRAINT  =         0.0000
 DV/DL  =       577.0692
 ------------------------------------------------------------------------------


| TI region  2


 NSTEP =    55000   TIME(PS) =     110.000  TEMP(K) =   180.30  PRESS =     0.0
 Etot   =    -37820.1632  EKtot   =      4090.4478  EPtot      =    -41910.6110
 BOND   =         0.1680  ANGLE   =         6.7534  DIHED      =         0.0000
 1-4 NB =         0.0000  1-4 EEL =         0.0000  VDWAALS    =      7587.1329
 EELEC  =    -49504.6653  EHBOND  =         0.0000  RESTRAINT  =         0.0000
 DV/DL  =       577.0692
 ------------------------------------------------------------------------------

 NMR restraints: Bond =    0.000   Angle =     0.000   Torsion =     0.000
===============================================================================

| TI region  1


 NSTEP =    60000   TIME(PS) =     120.000  TEMP(K) =   198.43  PRESS =     0.0
 Etot   =    -36803.2594  EKtot   =      4501.7809  EPtot      =    -41305.0402
 BOND   =         1.0589  ANGLE   =         6.6176  DIHED      =         0.0000
 1-4 NB =         0.0000  1-4 EEL =         0.0000  VDWAALS    =      7243.2730
 EELEC  =    -48555.9898  EHBOND  =         0.0000  RESTRAINT  =         0.0000
 DV/DL  =       598.5641
 ------------------------------------------------------------------------------


| TI region  2


 NSTEP =    60000   TIME(PS) =     120.000  TEMP(K) =   198.43  PRESS =     0.0
 Etot   =    -36803.2594  EKtot   =      4501.7809  EPtot      =    -41305.0402
 BOND   =         1.0589  ANGLE   =         6.6176  DIHED      =         0.0000
 1-4 NB =         0.0000  1-4 EEL =         0.0000  VDWAALS    =      7243.2730
 EELEC  =    -48555.9898  EHBOND  =         0.0000  RESTRAINT  =         0.0000
 DV/DL  =       598.5641
 ------------------------------------------------------------------------------

 NMR restraints: Bond =    0.000   Angle =     0.000   Torsion =     0.000
===============================================================================

| TI region  1


 NSTEP =    65000   TIME(PS) =     130.000  TEMP(K) =   213.65  PRESS =     0.0
 Etot   =    -35689.8376  EKtot   =      4847.0426  EPtot      =    -40536.8802
 BOND   =         0.4074  ANGLE   =         6.6841  DIHED      =         0.0000
 1-4 NB =         0.0000  1-4 EEL =         0.0000  VDWAALS    =      6905.0627
 EELEC  =    -47449.0345  EHBOND  =         0.0000  RESTRAINT  =         0.0000
 DV/DL  =       608.7423
 ------------------------------------------------------------------------------


| TI region  2


 NSTEP =    65000   TIME(PS) =     130.000  TEMP(K) =   213.65  PRESS =     0.0
 Etot   =    -35689.8376  EKtot   =      4847.0426  EPtot      =    -40536.8802
 BOND   =         0.4074  ANGLE   =         6.6841  DIHED      =         0.0000
 1-4 NB =         0.0000  1-4 EEL =         0.0000  VDWAALS    =      6905.0627
 EELEC  =    -47449.0345  EHBOND  =         0.0000  RESTRAINT  =         0.0000
 DV/DL  =       608.7423
 ------------------------------------------------------------------------------

 NMR restraints: Bond =    0.000   Angle =     0.000   Torsion =     0.000
===============================================================================

| TI region  1


 NSTEP =    70000   TIME(PS) =     140.000  TEMP(K) =   230.46  PRESS =     0.0
 Etot   =    -34109.2857  EKtot   =      5228.3761  EPtot      =    -39337.6618
 BOND   =         0.8723  ANGLE   =         8.4528  DIHED      =         0.0000
 1-4 NB =         0.0000  1-4 EEL =         0.0000  VDWAALS    =      6307.7151
 EELEC  =    -45654.7019  EHBOND  =         0.0000  RESTRAINT  =         0.0000
 DV/DL  =       568.4697
 ------------------------------------------------------------------------------


| TI region  2


 NSTEP =    70000   TIME(PS) =     140.000  TEMP(K) =   230.46  PRESS =     0.0
 Etot   =    -34109.2857  EKtot   =      5228.3761  EPtot      =    -39337.6618
 BOND   =         0.8723  ANGLE   =         8.4528  DIHED      =         0.0000
 1-4 NB =         0.0000  1-4 EEL =         0.0000  VDWAALS    =      6307.7151
 EELEC  =    -45654.7019  EHBOND  =         0.0000  RESTRAINT  =         0.0000
 DV/DL  =       568.4697
 ------------------------------------------------------------------------------

 NMR restraints: Bond =    0.000   Angle =     0.000   Torsion =     0.000
===============================================================================

| TI region  1


 NSTEP =    75000   TIME(PS) =     150.000  TEMP(K) =   245.35  PRESS =     0.0
 Etot   =    -32680.3993  EKtot   =      5566.1828  EPtot      =    -38246.5821
 BOND   =         0.4445  ANGLE   =         6.4752  DIHED      =         0.0000
 1-4 NB =         0.0000  1-4 EEL =         0.0000  VDWAALS    =      5934.2447
 EELEC  =    -44187.7465  EHBOND  =         0.0000  RESTRAINT  =         0.0000
 DV/DL  =       586.4453
 ------------------------------------------------------------------------------


| TI region  2


 NSTEP =    75000   TIME(PS) =     150.000  TEMP(K) =   245.35  PRESS =     0.0
 Etot   =    -32680.3993  EKtot   =      5566.1828  EPtot      =    -38246.5821
 BOND   =         0.4445  ANGLE   =         6.4752  DIHED      =         0.0000
 1-4 NB =         0.0000  1-4 EEL =         0.0000  VDWAALS    =      5934.2447
 EELEC  =    -44187.7465  EHBOND  =         0.0000  RESTRAINT  =         0.0000
 DV/DL  =       586.4453
 ------------------------------------------------------------------------------

 NMR restraints: Bond =    0.000   Angle =     0.000   Torsion =     0.000
===============================================================================

| TI region  1


 NSTEP =    80000   TIME(PS) =     160.000  TEMP(K) =   265.11  PRESS =     0.0
 Etot   =    -31361.6873  EKtot   =      6014.4581  EPtot      =    -37376.1453
 BOND   =         0.8710  ANGLE   =         6.8285  DIHED      =         0.0000
 1-4 NB =         0.0000  1-4 EEL =         0.0000  VDWAALS    =      5738.8564
 EELEC  =    -43122.7012  EHBOND  =         0.0000  RESTRAINT  =         0.0000
 DV/DL  =       573.7952
 ------------------------------------------------------------------------------


| TI region  2


 NSTEP =    80000   TIME(PS) =     160.000  TEMP(K) =   265.11  PRESS =     0.0
 Etot   =    -31361.6873  EKtot   =      6014.4581  EPtot      =    -37376.1453
 BOND   =         0.8710  ANGLE   =         6.8285  DIHED      =         0.0000
 1-4 NB =         0.0000  1-4 EEL =         0.0000  VDWAALS    =      5738.8564
 EELEC  =    -43122.7012  EHBOND  =         0.0000  RESTRAINT  =         0.0000
 DV/DL  =       573.7952
 ------------------------------------------------------------------------------

 NMR restraints: Bond =    0.000   Angle =     0.000   Torsion =     0.000
===============================================================================

| TI region  1


 NSTEP =    85000   TIME(PS) =     170.000  TEMP(K) =   279.40  PRESS =     0.0
 Etot   =    -30169.0430  EKtot   =      6338.6061  EPtot      =    -36507.6490
 BOND   =         1.4183  ANGLE   =         8.4405  DIHED      =         0.0000
 1-4 NB =         0.0000  1-4 EEL =         0.0000  VDWAALS    =      5428.6602
 EELEC  =    -41946.1681  EHBOND  =         0.0000  RESTRAINT  =         0.0000
 DV/DL  =       564.6332
 ------------------------------------------------------------------------------


| TI region  2


 NSTEP =    85000   TIME(PS) =     170.000  TEMP(K) =   279.40  PRESS =     0.0
 Etot   =    -30169.0430  EKtot   =      6338.6061  EPtot      =    -36507.6490
 BOND   =         1.4183  ANGLE   =         8.4405  DIHED      =         0.0000
 1-4 NB =         0.0000  1-4 EEL =         0.0000  VDWAALS    =      5428.6602
 EELEC  =    -41946.1681  EHBOND  =         0.0000  RESTRAINT  =         0.0000
 DV/DL  =       564.6332
 ------------------------------------------------------------------------------

 NMR restraints: Bond =    0.000   Angle =     0.000   Torsion =     0.000
===============================================================================

| TI region  1


 NSTEP =    90000   TIME(PS) =     180.000  TEMP(K) =   300.79  PRESS =     0.0
 Etot   =    -28830.3088  EKtot   =      6823.9416  EPtot      =    -35654.2504
 BOND   =         0.7721  ANGLE   =         9.3539  DIHED      =         0.0000
 1-4 NB =         0.0000  1-4 EEL =         0.0000  VDWAALS    =      5362.6635
 EELEC  =    -41027.0399  EHBOND  =         0.0000  RESTRAINT  =         0.0000
 DV/DL  =       537.1352
 ------------------------------------------------------------------------------


| TI region  2


 NSTEP =    90000   TIME(PS) =     180.000  TEMP(K) =   300.79  PRESS =     0.0
 Etot   =    -28830.3088  EKtot   =      6823.9416  EPtot      =    -35654.2504
 BOND   =         0.7721  ANGLE   =         9.3539  DIHED      =         0.0000
 1-4 NB =         0.0000  1-4 EEL =         0.0000  VDWAALS    =      5362.6635
 EELEC  =    -41027.0399  EHBOND  =         0.0000  RESTRAINT  =         0.0000
 DV/DL  =       537.1352
 ------------------------------------------------------------------------------

 NMR restraints: Bond =    0.000   Angle =     0.000   Torsion =     0.000
===============================================================================

| TI region  1


 NSTEP =    95000   TIME(PS) =     190.000  TEMP(K) =   297.07  PRESS =     0.0
 Etot   =    -28861.7321  EKtot   =      6739.5661  EPtot      =    -35601.2982
 BOND   =         2.0351  ANGLE   =         8.2101  DIHED      =         0.0000
 1-4 NB =         0.0000  1-4 EEL =         0.0000  VDWAALS    =      5107.4344
 EELEC  =    -40718.9778  EHBOND  =         0.0000  RESTRAINT  =         0.0000
 DV/DL  =       579.8179
 ------------------------------------------------------------------------------


| TI region  2


 NSTEP =    95000   TIME(PS) =     190.000  TEMP(K) =   297.07  PRESS =     0.0
 Etot   =    -28861.7321  EKtot   =      6739.5661  EPtot      =    -35601.2982
 BOND   =         2.0351  ANGLE   =         8.2101  DIHED      =         0.0000
 1-4 NB =         0.0000  1-4 EEL =         0.0000  VDWAALS    =      5107.4344
 EELEC  =    -40718.9778  EHBOND  =         0.0000  RESTRAINT  =         0.0000
 DV/DL  =       579.8179
 ------------------------------------------------------------------------------

 NMR restraints: Bond =    0.000   Angle =     0.000   Torsion =     0.000
===============================================================================

| TI region  1


 NSTEP =   100000   TIME(PS) =     200.000  TEMP(K) =   299.91  PRESS =     0.0
 Etot   =    -28784.2574  EKtot   =      6803.9291  EPtot      =    -35588.1865
 BOND   =         2.6297  ANGLE   =         7.6586  DIHED      =         0.0000
 1-4 NB =         0.0000  1-4 EEL =         0.0000  VDWAALS    =      5173.2288
 EELEC  =    -40771.7037  EHBOND  =         0.0000  RESTRAINT  =         0.0000
 DV/DL  =       537.0419
 ------------------------------------------------------------------------------


| TI region  2


 NSTEP =   100000   TIME(PS) =     200.000  TEMP(K) =   299.91  PRESS =     0.0
 Etot   =    -28784.2574  EKtot   =      6803.9291  EPtot      =    -35588.1865
 BOND   =         2.6297  ANGLE   =         7.6586  DIHED      =         0.0000
 1-4 NB =         0.0000  1-4 EEL =         0.0000  VDWAALS    =      5173.2288
 EELEC  =    -40771.7037  EHBOND  =         0.0000  RESTRAINT  =         0.0000
 DV/DL  =       537.0419
 ------------------------------------------------------------------------------

 NMR restraints: Bond =    0.000   Angle =     0.000   Torsion =     0.000
===============================================================================

| TI region  1


      A V E R A G E S   O V E R      20 S T E P S


 NSTEP =   100000   TIME(PS) =     200.000  TEMP(K) =   171.05  PRESS =     0.0
 Etot   =    -37191.3948  EKtot   =      3880.5989  EPtot      =    -41071.9937
 BOND   =         0.9507  ANGLE   =         7.2157  DIHED      =         0.0000
 1-4 NB =         0.0000  1-4 EEL =         0.0000  VDWAALS    =      7074.7079
 EELEC  =    -48154.8679  EHBOND  =         0.0000  RESTRAINT  =         0.0000
 DV/DL  =       562.7661
 ------------------------------------------------------------------------------

 NMR restraints: Bond =    0.000   Angle =     0.000   Torsion =     0.000
===============================================================================

      R M S  F L U C T U A T I O N S


 NSTEP =   100000   TIME(PS) =     200.000  TEMP(K) =    91.81  PRESS =     0.0
 Etot   =      5396.8707  EKtot   =      2082.7651  EPtot      =      3355.9852
 BOND   =         0.6604  ANGLE   =         0.8031  DIHED      =         0.0000
 1-4 NB =         0.0000  1-4 EEL =         0.0000  VDWAALS    =      1169.9552
 EELEC  =      4519.5284  EHBOND  =         0.0000  RESTRAINT  =         0.0000
 DV/DL  =        24.7654
 ------------------------------------------------------------------------------


| TI region  2


      A V E R A G E S   O V E R      20 S T E P S


 NSTEP =   100000   TIME(PS) =     200.000  TEMP(K) =   171.05  PRESS =     0.0
 Etot   =    -37191.3948  EKtot   =      3880.5989  EPtot      =    -41071.9937
 BOND   =         0.9507  ANGLE   =         7.2157  DIHED      =         0.0000
 1-4 NB =         0.0000  1-4 EEL =         0.0000  VDWAALS    =      7074.7079
 EELEC  =    -48154.8679  EHBOND  =         0.0000  RESTRAINT  =         0.0000
 DV/DL  =       562.7661
 ------------------------------------------------------------------------------

 NMR restraints: Bond =    0.000   Angle =     0.000   Torsion =     0.000
===============================================================================

      R M S  F L U C T U A T I O N S


 NSTEP =   100000   TIME(PS) =     200.000  TEMP(K) =    91.81  PRESS =     0.0
 Etot   =      5396.8707  EKtot   =      2082.7651  EPtot      =      3355.9852
 BOND   =         0.6604  ANGLE   =         0.8031  DIHED      =         0.0000
 1-4 NB =         0.0000  1-4 EEL =         0.0000  VDWAALS    =      1169.9552
 EELEC  =      4519.5284  EHBOND  =         0.0000  RESTRAINT  =         0.0000
 DV/DL  =        24.7654
 ------------------------------------------------------------------------------


      DV/DL, AVERAGES OVER      20 STEPS


 NSTEP =   100000   TIME(PS) =     200.000  TEMP(K) =    91.81  PRESS =     0.0
 Etot   =         0.0000  EKtot   =         0.0000  EPtot      =       562.7661
 BOND   =         0.0000  ANGLE   =         0.0000  DIHED      =         0.0000
 1-4 NB =         0.0000  1-4 EEL =         0.0000  VDWAALS    =         0.0000
 EELEC  =       562.7661  EHBOND  =         0.0000  RESTRAINT  =         0.0000
 DV/DL  =       562.7661
 ------------------------------------------------------------------------------


 NMR restraints on final step:

--------------------------------------------------------------------------------
   5.  TIMINGS
--------------------------------------------------------------------------------

|  NonSetup CPU Time in Major Routines:
|
|     Routine           Sec        %
|     ------------------------------
|     Nonbond          42.36   30.02
|     Bond              0.00    0.00
|     Angle             0.00    0.00
|     Dihedral          0.00    0.00
|     Shake             0.61    0.43
|     RunMD            97.83   69.32
|     Other             0.33    0.23
|     ------------------------------
|     Total           141.13

|  PME Nonbond Pairlist CPU Time:
|
|     Routine              Sec        %
|     ---------------------------------
|     Set Up Cit           0.00    0.00
|     Build List           0.00    0.00
|     ---------------------------------
|     Total                0.00    0.00

|  PME Direct Force CPU Time:
|
|     Routine              Sec        %
|     ---------------------------------
|     NonBonded Calc       0.00    0.00
|     Exclude Masked       0.00    0.00
|     Other                0.22    0.15
|     ---------------------------------
|     Total                0.22    0.15

|  PME Reciprocal Force CPU Time:
|
|     Routine              Sec        %
|     ---------------------------------
|     1D bspline           0.00    0.00
|     Grid Charges         0.00    0.00
|     Scalar Sum           0.00    0.00
|     Gradient Sum         0.00    0.00
|     FFT                  0.00    0.00
|     ---------------------------------
|     Total                0.00    0.00

|  Final Performance Info:
|     -----------------------------------------------------
|     Average timings for last   10000 steps:
|     Elapsed(s) =      14.55 Per Step(ms) =       1.45
|         ns/day =     118.80   seconds/ns =     727.29
|
|     Average timings for all steps:
|     Elapsed(s) =     141.26 Per Step(ms) =       1.41
|         ns/day =     122.33   seconds/ns =     706.30
|     -----------------------------------------------------

|  Setup CPU time:            0.40 seconds
|  NonSetup CPU time:       141.13 seconds
|  Total CPU time:          141.53 seconds     0.04 hours

|  Setup wall time:           0    seconds
|  NonSetup wall time:      141    seconds
|  Total wall time:         141    seconds     0.04 hours
