
          -------------------------------------------------------
          Amber 18 PMEMD                              2018
          -------------------------------------------------------

| PMEMD implementation of SANDER, Release 18

| Run on 09/18/2020 at 18:21:42

|   Executable path: /opt/software/Amber/18-foss-2018b-AmberTools-19/bin/pmemd.cuda
| Working directory: /mnt/gs18/scratch/users/songlin3/run/1264_optimization/PO4/step2_sol/0.04794
|          Hostname: lac-142

  [-O]verwriting output

File Assignments:
|   MDIN: heat.in                                                               
|  MDOUT: heat.out                                                              
| INPCRD: min.rst                                                               
|   PARM: step2.prmtop                                                          
| RESTRT: heat.rst                                                              
|   REFC: min.rst                                                               
|  MDVEL: mdvel                                                                 
|   MDEN: mden                                                                  
|  MDCRD: heat.netcdf                                                           
| MDINFO: heat.mdinfo                                                           
|  MDFRC: mdfrc                                                                 


 Here is the input file:

nvt for free MD                                                                
 &cntrl                                                                        
  imin=0,                                                                      
  irest=0,                                                                     
  ntx=1,                                                                       
  ig=-1,                                                                       
  nstlim=200000,                                                               
  dt=0.001,                                                                    
  cut=10.0,                                                                    
  ntc=1,                                                                       
  ntf=1,                                                                       
  ntb=1,                                                                       
  ntt=3,                                                                       
  gamma_ln=2.0,                                                                
  tempi=0.0,                                                                   
  temp0=300.0,                                                                 
  ntpr=5000,                                                                   
  ntwr=5000,                                                                   
  ntwx=10000,                                                                  
  ntwv=0,                                                                      
  ioutfm=1,                                                                    
  iwrap=0,                                                                     
  nmropt=1,                                                                    
  ifsc = 1, icfe=1,                                                            
  clambda=0.04794,                                                             
  timask1=':1', scmask1=':1', scmask2='',                                      
  timask2='', crgmask = ':1',                                                  
/                                                                              
&wt TYPE='TEMP0', istep1=0, istep2=190000, value1=0.0, value2=300.0 /          
&wt TYPE='TEMP0', istep1=190001, istep2=200000, value1=300.0, value2=300.0 /   
&wt TYPE='DUMPFREQ', istep1=10000, /                                           
&wt TYPE='END', /                                                              


Note: ig = -1. Setting random seed to   412215 based on wallclock time in 
      microseconds.
| irandom = 1, using AMBER's internal random number generator (default).
 
|--------------------- INFORMATION ----------------------
| GPU (CUDA) Version of PMEMD in use: NVIDIA GPU IN USE.
|                    Version 18.0.0
| 
|                      03/25/2018
| 
| Implementation by:
|                    Ross C. Walker     (SDSC)
|                    Scott Le Grand     (nVIDIA)
| 
| Version 18 performance extensions by:
|                    David Cerutti     (Rutgers)
| 
| Precision model in use:
|      [SPFP] - Single Precision Forces, 64-bit Fixed Point
|               Accumulation. (Default)
| 
|--------------------------------------------------------
 
|----------------- CITATION INFORMATION -----------------
|
|    When publishing work that utilized the CUDA version
|    of AMBER, please cite the following in addition to
|    the regular AMBER citations:
|
|  - Romelia Salomon-Ferrer; Andreas W. Goetz; Duncan
|    Poole; Scott Le Grand; Ross C. Walker "Routine
|    microsecond molecular dynamics simulations with
|    AMBER - Part II: Particle Mesh Ewald", J. Chem.
|    Theory Comput., 2013, 9 (9), pp3878-3888,
|    DOI: 10.1021/ct400314y.
|
|  - Andreas W. Goetz; Mark J. Williamson; Dong Xu;
|    Duncan Poole; Scott Le Grand; Ross C. Walker
|    "Routine microsecond molecular dynamics simulations
|    with AMBER - Part I: Generalized Born", J. Chem.
|    Theory Comput., 2012, 8 (5), pp1542-1555.
|
|  - Scott Le Grand; Andreas W. Goetz; Ross C. Walker
|    "SPFP: Speed without compromise - a mixed precision
|    model for GPU accelerated molecular dynamics
|    simulations.", Comp. Phys. Comm., 2013, 184
|    pp374-380, DOI: 10.1016/j.cpc.2012.09.022
|
|    When publishing work that utilized the CUDA version
|    of TI, BAR, MBAR or FEP please cite the following 
|    three publications in addition to the regular AMBER 
|    GPU citations:
|
|  - Daniel J. Mermelstein; Charles Lin; Gard Nelson; 
|    Rachael Kretsch; J. Andrew McCammon; Ross C. Walker
|    "Fast and Flexible GPU Accelerated Binding 
|    Free Energy Calculations within the AMBER Molecular
|    Dynamics Package" J. Comp. Chem., 2018,
|    DOI: 10.1002/jcc.25187
|
|  - Tai-Sung Lee; Yuan Hu; Brad Sherborne; Zhuyan Guo;
|    Darrin M. York
|    "Toward Fast and Accurate Binding Affinity Prediction with
|    pmemdGTI: An Efficient Implementation of GPU-Accelerated
|    Thermodynamic Integration"
|    J. Chem. Theory Comput., 2017, 13 (7), 3077
|
|
|--------------------------------------------------------
 
|------------------- GPU DEVICE INFO --------------------
|
|            CUDA_VISIBLE_DEVICES: 0
|   CUDA Capable Devices Detected:      1
|           CUDA Device ID in use:      0
|                CUDA Device Name: Tesla K80
|     CUDA Device Global Mem Size:  11441 MB
| CUDA Device Num Multiprocessors:     13
|           CUDA Device Core Freq:   0.82 GHz
|
|--------------------------------------------------------
 
 
| Conditional Compilation Defines Used:
| PUBFFT
| BINTRAJ
| CUDA
| EMIL

| Largest sphere to fit in unit cell has radius =    22.455

| New format PARM file being parsed.
| Version =    1.000 Date = 09/18/20 Time = 18:19:31

| Note: 1-4 EEL scale factors are being read from the topology file.

| Note: 1-4 VDW scale factors are being read from the topology file.
| Duplicated    0 dihedrals

| Duplicated    0 dihedrals

--------------------------------------------------------------------------------
   1.  RESOURCE   USE: 
--------------------------------------------------------------------------------

 getting box info from netcdf restart file
 NATOM  =   11414 NTYPES =       4 NBONH =   11409 MBONA  =       4
 NTHETH =       0 MTHETA =       6 NPHIH =       0 MPHIA  =       0
 NHPARM =       0 NPARM  =       0 NNB   =   15223 NRES   =    3804
 NBONA  =       4 NTHETA =       6 NPHIA =       0 NUMBND =       3
 NUMANG =       1 NPTRA  =       0 NATYP =       4 NPHB   =       1
 IFBOX  =       2 NMXRS  =       5 IFCAP =       0 NEXTRA =       0
 NCOPY  =       0

| Coordinate Index Table dimensions:     8    8    8
| Direct force subcell size =     6.8755    6.8755    6.8755

     BOX TYPE: TRUNCATED OCTAHEDRON

--------------------------------------------------------------------------------
   2.  CONTROL  DATA  FOR  THE  RUN
--------------------------------------------------------------------------------

default_name                                                                    

General flags:
     imin    =       0, nmropt  =       1

Nature and format of input:
     ntx     =       1, irest   =       0, ntrx    =       1

Nature and format of output:
     ntxo    =       2, ntpr    =    5000, ntrx    =       1, ntwr    =    5000
     iwrap   =       0, ntwx    =   10000, ntwv    =       0, ntwe    =       0
     ioutfm  =       1, ntwprt  =       0, idecomp =       0, rbornstat=      0

Potential function:
     ntf     =       1, ntb     =       1, igb     =       0, nsnb    =      25
     ipol    =       0, gbsa    =       0, iesp    =       0
     dielc   =   1.00000, cut     =  10.00000, intdiel =   1.00000

Frozen or restrained atoms:
     ibelly  =       0, ntr     =       0

Molecular dynamics:
     nstlim  =    200000, nscm    =      1000, nrespa  =         1
     t       =   0.00000, dt      =   0.00100, vlimit  =  -1.00000

Langevin dynamics temperature regulation:
     ig      =  412215
     temp0   = 300.00000, tempi   =   0.00000, gamma_ln=   2.00000

NMR refinement options:
     iscale  =       0, noeskp  =       1, ipnlty  =       1, mxsub   =       1
     scalm   = 100.00000, pencut  =   0.10000, tausw   =   0.10000

Free energy options:
     icfe    =       1, ifsc    =       1, klambda =       1
     clambda =  0.0479, scalpha =  0.5000, scbeta  = 12.0000
     sceeorder =       2
     dynlmb =  0.0000 logdvdl =       0

| Intermolecular bonds treatment:
|     no_intermolecular_bonds =       1

| Energy averages sample interval:
|     ene_avg_sampling =    5000

Ewald parameters:
     verbose =       0, ew_type =       0, nbflag  =       1, use_pme =       1
     vdwmeth =       1, eedmeth =       1, netfrc  =       1
     Box X =   55.004   Box Y =   55.004   Box Z =   55.004
     Alpha =  109.471   Beta  =  109.471   Gamma =  109.471
     NFFT1 =   56       NFFT2 =   56       NFFT3 =   56
     Cutoff=   10.000   Tol   =0.100E-04
     Ewald Coefficient =  0.27511
     Interpolation order =    4
     TI Mask 1 :1; matches      5 atoms
     TI Mask 2  matches      0 atoms
     TI region 1:   11414 atoms
     TI region 2:   11409 atoms
     SC Mask 1 :1; matches      5 atoms
Removing charge of       1.2430 from atom       1
Removing charge of      -1.0605 from atom       2
Removing charge of      -1.0605 from atom       3
Removing charge of      -1.0605 from atom       4
Removing charge of      -1.0605 from atom       5
Total charge of  -2.99900001 removed from       5 atoms
    No charge on TI atoms. Skipping extra recip sum.

--------------------------------------------------------------------------------
   3.  ATOMIC COORDINATES AND VELOCITIES
--------------------------------------------------------------------------------

default_name                                                                    
 begin time read from input coords =     0.000 ps



           Begin reading energy term weight changes/NMR restraints
 WEIGHT CHANGES:
 TEMP0         0 190000    0.000000  300.000000      0      0
 TEMP0    190001 200000  300.000000  300.000000      0      0
 DUMPFREQ  10000      0    0.000000    0.000000      0      0

 RESTRAINTS:
                          ** No restraint defined **

                  Done reading weight changes/NMR restraints


 
 Number of triangulated 3-point waters found:     3803
 Number of shake restraints removed in TI region  1 :        0
 Number of shake restraints removed in TI region  2 :        0

     Sum of charges for TI region  1 =   0.00000000
     Forcing neutrality...


     Sum of charges for TI region  2 =   0.00000000
     Forcing neutrality...

| Dynamic Memory, Types Used:
| Reals              565786
| Integers           433832

| Nonbonded Pairs Initial Allocation:     3452449

| GPU memory information (estimate):
| KB of GPU memory in use:         0
| KB of CPU memory in use:         0

--------------------------------------------------------------------------------
   4.  RESULTS
--------------------------------------------------------------------------------

   DOF for the SC part  1 of the system:   15

| TI region  1


 NSTEP =        0   TIME(PS) =       0.000  TEMP(K) =     0.00  PRESS =     0.0
 Etot   =    -48287.6426  EKtot   =         0.0000  EPtot      =    -48287.6426
 BOND   =      3843.9219  ANGLE   =         0.0000  DIHED      =         0.0000
 1-4 NB =         0.0000  1-4 EEL =         0.0000  VDWAALS    =     10090.5039
 EELEC  =    -62222.0684  EHBOND  =         0.0000  RESTRAINT  =         0.0000
 DV/DL  =         5.9122
 ------------------------------------------------------------------------------

  Softcore part of the system:       5 atoms,       TEMP(K)    =           0.00
 SC_Etot=         6.2594  SC_EKtot=         0.0000  SC_EPtot   =         6.2594
 SC_BOND=         0.0000  SC_ANGLE=         6.2594  SC_DIHED   =         0.0000
 SC_14NB=         0.0000  SC_14EEL=         0.0000  SC_VDW     =         0.0000
 SC_EEL =         0.0000
 SC_RES_DIST=     0.0000  SC_RES_ANG=       0.0000  SC_RES_TORS=         0.0000
 SC_EEL_DER=      0.0000  SC_VDW_DER=       0.0453  SC_DERIV   =         0.0453
 ------------------------------------------------------------------------------


| TI region  2


 NSTEP =        0   TIME(PS) =       0.000  TEMP(K) =     0.00  PRESS =     0.0
 Etot   =    -48287.6426  EKtot   =         0.0000  EPtot      =    -48287.6426
 BOND   =      3843.9219  ANGLE   =         0.0000  DIHED      =         0.0000
 1-4 NB =         0.0000  1-4 EEL =         0.0000  VDWAALS    =     10090.5039
 EELEC  =    -62222.0684  EHBOND  =         0.0000  RESTRAINT  =         0.0000
 DV/DL  =         5.9122
 ------------------------------------------------------------------------------

 NMR restraints: Bond =    0.000   Angle =     0.000   Torsion =     0.000
===============================================================================

| TI region  1


 NSTEP =     5000   TIME(PS) =       5.000  TEMP(K) =     7.37  PRESS =     0.0
 Etot   =    -48296.6854  EKtot   =       250.5990  EPtot      =    -48547.2845
 BOND   =      4052.9142  ANGLE   =         0.0000  DIHED      =         0.0000
 1-4 NB =         0.0000  1-4 EEL =         0.0000  VDWAALS    =     10650.7624
 EELEC  =    -63250.9611  EHBOND  =         0.0000  RESTRAINT  =         0.0000
 DV/DL  =         8.9389
 ------------------------------------------------------------------------------

  Softcore part of the system:       5 atoms,       TEMP(K)    =           6.89
 SC_Etot=         6.4378  SC_EKtot=         0.1027  SC_EPtot   =         6.3351
 SC_BOND=         0.0118  SC_ANGLE=         6.3233  SC_DIHED   =         0.0000
 SC_14NB=         0.0000  SC_14EEL=         0.0000  SC_VDW     =         0.0000
 SC_EEL =         0.0000
 SC_RES_DIST=     0.0000  SC_RES_ANG=       0.0000  SC_RES_TORS=         0.0000
 SC_EEL_DER=      0.0000  SC_VDW_DER=      -0.0932  SC_DERIV   =        -0.0932
 ------------------------------------------------------------------------------


| TI region  2


 NSTEP =     5000   TIME(PS) =       5.000  TEMP(K) =     7.37  PRESS =     0.0
 Etot   =    -48296.7881  EKtot   =       250.4963  EPtot      =    -48547.2845
 BOND   =      4052.9142  ANGLE   =         0.0000  DIHED      =         0.0000
 1-4 NB =         0.0000  1-4 EEL =         0.0000  VDWAALS    =     10650.7624
 EELEC  =    -63250.9611  EHBOND  =         0.0000  RESTRAINT  =         0.0000
 DV/DL  =         8.9389
 ------------------------------------------------------------------------------

 NMR restraints: Bond =    0.000   Angle =     0.000   Torsion =     0.000
===============================================================================

| TI region  1


 NSTEP =    10000   TIME(PS) =      10.000  TEMP(K) =    15.28  PRESS =     0.0
 Etot   =    -47824.6746  EKtot   =       520.0029  EPtot      =    -48344.6776
 BOND   =      4158.2659  ANGLE   =         0.0000  DIHED      =         0.0000
 1-4 NB =         0.0000  1-4 EEL =         0.0000  VDWAALS    =     10652.7629
 EELEC  =    -63155.7063  EHBOND  =         0.0000  RESTRAINT  =         0.0000
 DV/DL  =         8.8789
 ------------------------------------------------------------------------------

  Softcore part of the system:       5 atoms,       TEMP(K)    =          13.71
 SC_Etot=         6.6660  SC_EKtot=         0.2043  SC_EPtot   =         6.4617
 SC_BOND=         0.1516  SC_ANGLE=         6.3101  SC_DIHED   =         0.0000
 SC_14NB=         0.0000  SC_14EEL=         0.0000  SC_VDW     =         0.0000
 SC_EEL =         0.0000
 SC_RES_DIST=     0.0000  SC_RES_ANG=       0.0000  SC_RES_TORS=         0.0000
 SC_EEL_DER=      0.0000  SC_VDW_DER=      -0.2395  SC_DERIV   =        -0.2395
 ------------------------------------------------------------------------------


| TI region  2


 NSTEP =    10000   TIME(PS) =      10.000  TEMP(K) =    15.28  PRESS =     0.0
 Etot   =    -47824.8789  EKtot   =       519.7986  EPtot      =    -48344.6776
 BOND   =      4158.2659  ANGLE   =         0.0000  DIHED      =         0.0000
 1-4 NB =         0.0000  1-4 EEL =         0.0000  VDWAALS    =     10652.7629
 EELEC  =    -63155.7063  EHBOND  =         0.0000  RESTRAINT  =         0.0000
 DV/DL  =         8.8789
 ------------------------------------------------------------------------------

 NMR restraints: Bond =    0.000   Angle =     0.000   Torsion =     0.000
===============================================================================

| TI region  1


 NSTEP =    15000   TIME(PS) =      15.000  TEMP(K) =    23.26  PRESS =     0.0
 Etot   =    -47305.3328  EKtot   =       791.2344  EPtot      =    -48096.5672
 BOND   =      4245.2303  ANGLE   =        -0.0000  DIHED      =         0.0000
 1-4 NB =         0.0000  1-4 EEL =         0.0000  VDWAALS    =     10636.3316
 EELEC  =    -62978.1291  EHBOND  =         0.0000  RESTRAINT  =         0.0000
 DV/DL  =         9.1640
 ------------------------------------------------------------------------------

  Softcore part of the system:       5 atoms,       TEMP(K)    =          14.50
 SC_Etot=         6.6411  SC_EKtot=         0.2160  SC_EPtot   =         6.4250
 SC_BOND=         0.1098  SC_ANGLE=         6.3152  SC_DIHED   =         0.0000
 SC_14NB=         0.0000  SC_14EEL=         0.0000  SC_VDW     =         0.0000
 SC_EEL =         0.0000
 SC_RES_DIST=     0.0000  SC_RES_ANG=       0.0000  SC_RES_TORS=         0.0000
 SC_EEL_DER=      0.0000  SC_VDW_DER=      -0.1039  SC_DERIV   =        -0.1039
 ------------------------------------------------------------------------------


| TI region  2


 NSTEP =    15000   TIME(PS) =      15.000  TEMP(K) =    23.26  PRESS =     0.0
 Etot   =    -47305.5488  EKtot   =       791.0183  EPtot      =    -48096.5672
 BOND   =      4245.2303  ANGLE   =        -0.0000  DIHED      =         0.0000
 1-4 NB =         0.0000  1-4 EEL =         0.0000  VDWAALS    =     10636.3316
 EELEC  =    -62978.1291  EHBOND  =         0.0000  RESTRAINT  =         0.0000
 DV/DL  =         9.1640
 ------------------------------------------------------------------------------

 NMR restraints: Bond =    0.000   Angle =     0.000   Torsion =     0.000
===============================================================================

| TI region  1


 NSTEP =    20000   TIME(PS) =      20.000  TEMP(K) =    31.07  PRESS =     0.0
 Etot   =    -46826.1386  EKtot   =      1057.1140  EPtot      =    -47883.2526
 BOND   =      4348.2963  ANGLE   =        -0.0000  DIHED      =         0.0000
 1-4 NB =         0.0000  1-4 EEL =         0.0000  VDWAALS    =     10640.0379
 EELEC  =    -62871.5867  EHBOND  =         0.0000  RESTRAINT  =         0.0000
 DV/DL  =         8.5828
 ------------------------------------------------------------------------------

  Softcore part of the system:       5 atoms,       TEMP(K)    =          34.80
 SC_Etot=         6.9461  SC_EKtot=         0.5187  SC_EPtot   =         6.4274
 SC_BOND=         0.1002  SC_ANGLE=         6.3272  SC_DIHED   =         0.0000
 SC_14NB=         0.0000  SC_14EEL=         0.0000  SC_VDW     =         0.0000
 SC_EEL =         0.0000
 SC_RES_DIST=     0.0000  SC_RES_ANG=       0.0000  SC_RES_TORS=         0.0000
 SC_EEL_DER=      0.0000  SC_VDW_DER=      -0.6682  SC_DERIV   =        -0.6682
 ------------------------------------------------------------------------------


| TI region  2


 NSTEP =    20000   TIME(PS) =      20.000  TEMP(K) =    31.07  PRESS =     0.0
 Etot   =    -46826.6572  EKtot   =      1056.5953  EPtot      =    -47883.2526
 BOND   =      4348.2963  ANGLE   =        -0.0000  DIHED      =         0.0000
 1-4 NB =         0.0000  1-4 EEL =         0.0000  VDWAALS    =     10640.0379
 EELEC  =    -62871.5867  EHBOND  =         0.0000  RESTRAINT  =         0.0000
 DV/DL  =         8.5828
 ------------------------------------------------------------------------------

 NMR restraints: Bond =    0.000   Angle =     0.000   Torsion =     0.000
===============================================================================

| TI region  1


 NSTEP =    25000   TIME(PS) =      25.000  TEMP(K) =    38.73  PRESS =     0.0
 Etot   =    -46361.1065  EKtot   =      1317.8591  EPtot      =    -47678.9656
 BOND   =      4472.6061  ANGLE   =        -0.0000  DIHED      =         0.0000
 1-4 NB =         0.0000  1-4 EEL =         0.0000  VDWAALS    =     10762.0923
 EELEC  =    -62913.6640  EHBOND  =         0.0000  RESTRAINT  =         0.0000
 DV/DL  =         8.8161
 ------------------------------------------------------------------------------

  Softcore part of the system:       5 atoms,       TEMP(K)    =          30.27
 SC_Etot=         7.1395  SC_EKtot=         0.4511  SC_EPtot   =         6.6884
 SC_BOND=         0.1581  SC_ANGLE=         6.5303  SC_DIHED   =         0.0000
 SC_14NB=         0.0000  SC_14EEL=         0.0000  SC_VDW     =         0.0000
 SC_EEL =         0.0000
 SC_RES_DIST=     0.0000  SC_RES_ANG=       0.0000  SC_RES_TORS=         0.0000
 SC_EEL_DER=      0.0000  SC_VDW_DER=      -0.4586  SC_DERIV   =        -0.4586
 ------------------------------------------------------------------------------


| TI region  2


 NSTEP =    25000   TIME(PS) =      25.000  TEMP(K) =    38.74  PRESS =     0.0
 Etot   =    -46361.5576  EKtot   =      1317.4080  EPtot      =    -47678.9656
 BOND   =      4472.6061  ANGLE   =        -0.0000  DIHED      =         0.0000
 1-4 NB =         0.0000  1-4 EEL =         0.0000  VDWAALS    =     10762.0923
 EELEC  =    -62913.6640  EHBOND  =         0.0000  RESTRAINT  =         0.0000
 DV/DL  =         8.8161
 ------------------------------------------------------------------------------

 NMR restraints: Bond =    0.000   Angle =     0.000   Torsion =     0.000
===============================================================================

| TI region  1


 NSTEP =    30000   TIME(PS) =      30.000  TEMP(K) =    46.77  PRESS =     0.0
 Etot   =    -45911.3611  EKtot   =      1591.3177  EPtot      =    -47502.6789
 BOND   =      4501.0807  ANGLE   =        -0.0000  DIHED      =         0.0000
 1-4 NB =         0.0000  1-4 EEL =         0.0000  VDWAALS    =     10704.0484
 EELEC  =    -62707.8079  EHBOND  =         0.0000  RESTRAINT  =         0.0000
 DV/DL  =         9.0346
 ------------------------------------------------------------------------------

  Softcore part of the system:       5 atoms,       TEMP(K)    =          30.37
 SC_Etot=         7.0288  SC_EKtot=         0.4526  SC_EPtot   =         6.5763
 SC_BOND=         0.1963  SC_ANGLE=         6.3799  SC_DIHED   =         0.0000
 SC_14NB=         0.0000  SC_14EEL=         0.0000  SC_VDW     =         0.0000
 SC_EEL =         0.0000
 SC_RES_DIST=     0.0000  SC_RES_ANG=       0.0000  SC_RES_TORS=         0.0000
 SC_EEL_DER=      0.0000  SC_VDW_DER=      -0.3912  SC_DERIV   =        -0.3912
 ------------------------------------------------------------------------------


| TI region  2


 NSTEP =    30000   TIME(PS) =      30.000  TEMP(K) =    46.78  PRESS =     0.0
 Etot   =    -45911.8137  EKtot   =      1590.8652  EPtot      =    -47502.6789
 BOND   =      4501.0807  ANGLE   =        -0.0000  DIHED      =         0.0000
 1-4 NB =         0.0000  1-4 EEL =         0.0000  VDWAALS    =     10704.0484
 EELEC  =    -62707.8079  EHBOND  =         0.0000  RESTRAINT  =         0.0000
 DV/DL  =         9.0346
 ------------------------------------------------------------------------------

 NMR restraints: Bond =    0.000   Angle =     0.000   Torsion =     0.000
===============================================================================

| TI region  1


 NSTEP =    35000   TIME(PS) =      35.000  TEMP(K) =    55.52  PRESS =     0.0
 Etot   =    -45403.9432  EKtot   =      1888.8983  EPtot      =    -47292.8415
 BOND   =      4661.8149  ANGLE   =        -0.0000  DIHED      =         0.0000
 1-4 NB =         0.0000  1-4 EEL =         0.0000  VDWAALS    =     10714.6976
 EELEC  =    -62669.3539  EHBOND  =         0.0000  RESTRAINT  =         0.0000
 DV/DL  =         7.8924
 ------------------------------------------------------------------------------

  Softcore part of the system:       5 atoms,       TEMP(K)    =          50.83
 SC_Etot=         7.3959  SC_EKtot=         0.7576  SC_EPtot   =         6.6383
 SC_BOND=         0.0991  SC_ANGLE=         6.5392  SC_DIHED   =         0.0000
 SC_14NB=         0.0000  SC_14EEL=         0.0000  SC_VDW     =         0.0000
 SC_EEL =         0.0000
 SC_RES_DIST=     0.0000  SC_RES_ANG=       0.0000  SC_RES_TORS=         0.0000
 SC_EEL_DER=      0.0000  SC_VDW_DER=      -1.0129  SC_DERIV   =        -1.0129
 ------------------------------------------------------------------------------


| TI region  2


 NSTEP =    35000   TIME(PS) =      35.000  TEMP(K) =    55.52  PRESS =     0.0
 Etot   =    -45404.7008  EKtot   =      1888.1407  EPtot      =    -47292.8415
 BOND   =      4661.8149  ANGLE   =        -0.0000  DIHED      =         0.0000
 1-4 NB =         0.0000  1-4 EEL =         0.0000  VDWAALS    =     10714.6976
 EELEC  =    -62669.3539  EHBOND  =         0.0000  RESTRAINT  =         0.0000
 DV/DL  =         7.8924
 ------------------------------------------------------------------------------

 NMR restraints: Bond =    0.000   Angle =     0.000   Torsion =     0.000
===============================================================================

| TI region  1


 NSTEP =    40000   TIME(PS) =      40.000  TEMP(K) =    62.76  PRESS =     0.0
 Etot   =    -45033.8226  EKtot   =      2135.2544  EPtot      =    -47169.0770
 BOND   =      4699.0753  ANGLE   =        -0.0000  DIHED      =         0.0000
 1-4 NB =         0.0000  1-4 EEL =         0.0000  VDWAALS    =     10674.1675
 EELEC  =    -62542.3199  EHBOND  =         0.0000  RESTRAINT  =         0.0000
 DV/DL  =         8.5097
 ------------------------------------------------------------------------------

  Softcore part of the system:       5 atoms,       TEMP(K)    =          64.11
 SC_Etot=         7.7550  SC_EKtot=         0.9555  SC_EPtot   =         6.7995
 SC_BOND=         0.1851  SC_ANGLE=         6.6144  SC_DIHED   =         0.0000
 SC_14NB=         0.0000  SC_14EEL=         0.0000  SC_VDW     =         0.0000
 SC_EEL =         0.0000
 SC_RES_DIST=     0.0000  SC_RES_ANG=       0.0000  SC_RES_TORS=         0.0000
 SC_EEL_DER=      0.0000  SC_VDW_DER=      -0.9057  SC_DERIV   =        -0.9057
 ------------------------------------------------------------------------------


| TI region  2


 NSTEP =    40000   TIME(PS) =      40.000  TEMP(K) =    62.76  PRESS =     0.0
 Etot   =    -45034.7781  EKtot   =      2134.2989  EPtot      =    -47169.0770
 BOND   =      4699.0753  ANGLE   =        -0.0000  DIHED      =         0.0000
 1-4 NB =         0.0000  1-4 EEL =         0.0000  VDWAALS    =     10674.1675
 EELEC  =    -62542.3199  EHBOND  =         0.0000  RESTRAINT  =         0.0000
 DV/DL  =         8.5097
 ------------------------------------------------------------------------------

 NMR restraints: Bond =    0.000   Angle =     0.000   Torsion =     0.000
===============================================================================

| TI region  1


 NSTEP =    45000   TIME(PS) =      45.000  TEMP(K) =    70.88  PRESS =     0.0
 Etot   =    -44520.6853  EKtot   =      2411.4241  EPtot      =    -46932.1094
 BOND   =      4873.4739  ANGLE   =         0.0000  DIHED      =         0.0000
 1-4 NB =         0.0000  1-4 EEL =         0.0000  VDWAALS    =     10610.8641
 EELEC  =    -62416.4474  EHBOND  =         0.0000  RESTRAINT  =         0.0000
 DV/DL  =         9.2084
 ------------------------------------------------------------------------------

  Softcore part of the system:       5 atoms,       TEMP(K)    =          59.59
 SC_Etot=         7.7825  SC_EKtot=         0.8881  SC_EPtot   =         6.8944
 SC_BOND=         0.1952  SC_ANGLE=         6.6992  SC_DIHED   =         0.0000
 SC_14NB=         0.0000  SC_14EEL=         0.0000  SC_VDW     =         0.0000
 SC_EEL =         0.0000
 SC_RES_DIST=     0.0000  SC_RES_ANG=       0.0000  SC_RES_TORS=         0.0000
 SC_EEL_DER=      0.0000  SC_VDW_DER=       0.0545  SC_DERIV   =         0.0545
 ------------------------------------------------------------------------------


| TI region  2


 NSTEP =    45000   TIME(PS) =      45.000  TEMP(K) =    70.88  PRESS =     0.0
 Etot   =    -44521.5734  EKtot   =      2410.5360  EPtot      =    -46932.1094
 BOND   =      4873.4739  ANGLE   =         0.0000  DIHED      =         0.0000
 1-4 NB =         0.0000  1-4 EEL =         0.0000  VDWAALS    =     10610.8641
 EELEC  =    -62416.4474  EHBOND  =         0.0000  RESTRAINT  =         0.0000
 DV/DL  =         9.2084
 ------------------------------------------------------------------------------

 NMR restraints: Bond =    0.000   Angle =     0.000   Torsion =     0.000
===============================================================================

| TI region  1


 NSTEP =    50000   TIME(PS) =      50.000  TEMP(K) =    77.84  PRESS =     0.0
 Etot   =    -44017.3772  EKtot   =      2648.2129  EPtot      =    -46665.5901
 BOND   =      5020.0172  ANGLE   =        -0.0000  DIHED      =         0.0000
 1-4 NB =         0.0000  1-4 EEL =         0.0000  VDWAALS    =     10576.5645
 EELEC  =    -62262.1717  EHBOND  =         0.0000  RESTRAINT  =         0.0000
 DV/DL  =         8.9526
 ------------------------------------------------------------------------------

  Softcore part of the system:       5 atoms,       TEMP(K)    =         145.24
 SC_Etot=         8.7979  SC_EKtot=         2.1646  SC_EPtot   =         6.6333
 SC_BOND=         0.2934  SC_ANGLE=         6.3399  SC_DIHED   =         0.0000
 SC_14NB=         0.0000  SC_14EEL=         0.0000  SC_VDW     =         0.0000
 SC_EEL =         0.0000
 SC_RES_DIST=     0.0000  SC_RES_ANG=       0.0000  SC_RES_TORS=         0.0000
 SC_EEL_DER=      0.0000  SC_VDW_DER=      -0.1921  SC_DERIV   =        -0.1921
 ------------------------------------------------------------------------------


| TI region  2


 NSTEP =    50000   TIME(PS) =      50.000  TEMP(K) =    77.81  PRESS =     0.0
 Etot   =    -44019.5418  EKtot   =      2646.0483  EPtot      =    -46665.5901
 BOND   =      5020.0172  ANGLE   =        -0.0000  DIHED      =         0.0000
 1-4 NB =         0.0000  1-4 EEL =         0.0000  VDWAALS    =     10576.5645
 EELEC  =    -62262.1717  EHBOND  =         0.0000  RESTRAINT  =         0.0000
 DV/DL  =         8.9526
 ------------------------------------------------------------------------------

 NMR restraints: Bond =    0.000   Angle =     0.000   Torsion =     0.000
===============================================================================

| TI region  1


 NSTEP =    55000   TIME(PS) =      55.000  TEMP(K) =    85.68  PRESS =     0.0
 Etot   =    -43656.9546  EKtot   =      2914.9341  EPtot      =    -46571.8887
 BOND   =      5039.8132  ANGLE   =         0.0000  DIHED      =         0.0000
 1-4 NB =         0.0000  1-4 EEL =         0.0000  VDWAALS    =     10599.0178
 EELEC  =    -62210.7197  EHBOND  =         0.0000  RESTRAINT  =         0.0000
 DV/DL  =         7.4417
 ------------------------------------------------------------------------------

  Softcore part of the system:       5 atoms,       TEMP(K)    =         102.84
 SC_Etot=         8.4126  SC_EKtot=         1.5327  SC_EPtot   =         6.8799
 SC_BOND=         0.0339  SC_ANGLE=         6.8460  SC_DIHED   =         0.0000
 SC_14NB=         0.0000  SC_14EEL=         0.0000  SC_VDW     =         0.0000
 SC_EEL =         0.0000
 SC_RES_DIST=     0.0000  SC_RES_ANG=       0.0000  SC_RES_TORS=         0.0000
 SC_EEL_DER=      0.0000  SC_VDW_DER=      -0.5312  SC_DERIV   =        -0.5312
 ------------------------------------------------------------------------------


| TI region  2


 NSTEP =    55000   TIME(PS) =      55.000  TEMP(K) =    85.67  PRESS =     0.0
 Etot   =    -43658.4873  EKtot   =      2913.4014  EPtot      =    -46571.8887
 BOND   =      5039.8132  ANGLE   =         0.0000  DIHED      =         0.0000
 1-4 NB =         0.0000  1-4 EEL =         0.0000  VDWAALS    =     10599.0178
 EELEC  =    -62210.7197  EHBOND  =         0.0000  RESTRAINT  =         0.0000
 DV/DL  =         7.4417
 ------------------------------------------------------------------------------

 NMR restraints: Bond =    0.000   Angle =     0.000   Torsion =     0.000
===============================================================================

| TI region  1


 NSTEP =    60000   TIME(PS) =      60.000  TEMP(K) =    93.10  PRESS =     0.0
 Etot   =    -43134.5020  EKtot   =      3167.4419  EPtot      =    -46301.9439
 BOND   =      5136.1093  ANGLE   =         0.0000  DIHED      =         0.0000
 1-4 NB =         0.0000  1-4 EEL =         0.0000  VDWAALS    =     10620.4858
 EELEC  =    -62058.5390  EHBOND  =         0.0000  RESTRAINT  =         0.0000
 DV/DL  =         8.0294
 ------------------------------------------------------------------------------

  Softcore part of the system:       5 atoms,       TEMP(K)    =          50.73
 SC_Etot=         8.0427  SC_EKtot=         0.7561  SC_EPtot   =         7.2866
 SC_BOND=         0.2698  SC_ANGLE=         7.0168  SC_DIHED   =         0.0000
 SC_14NB=         0.0000  SC_14EEL=         0.0000  SC_VDW     =         0.0000
 SC_EEL =         0.0000
 SC_RES_DIST=     0.0000  SC_RES_ANG=       0.0000  SC_RES_TORS=         0.0000
 SC_EEL_DER=      0.0000  SC_VDW_DER=      -0.8548  SC_DERIV   =        -0.8548
 ------------------------------------------------------------------------------


| TI region  2


 NSTEP =    60000   TIME(PS) =      60.000  TEMP(K) =    93.12  PRESS =     0.0
 Etot   =    -43135.2582  EKtot   =      3166.6858  EPtot      =    -46301.9439
 BOND   =      5136.1093  ANGLE   =         0.0000  DIHED      =         0.0000
 1-4 NB =         0.0000  1-4 EEL =         0.0000  VDWAALS    =     10620.4858
 EELEC  =    -62058.5390  EHBOND  =         0.0000  RESTRAINT  =         0.0000
 DV/DL  =         8.0294
 ------------------------------------------------------------------------------

 NMR restraints: Bond =    0.000   Angle =     0.000   Torsion =     0.000
===============================================================================

| TI region  1


 NSTEP =    65000   TIME(PS) =      65.000  TEMP(K) =   102.72  PRESS =     0.0
 Etot   =    -42587.9579  EKtot   =      3494.9529  EPtot      =    -46082.9108
 BOND   =      5315.0017  ANGLE   =        -0.0000  DIHED      =         0.0000
 1-4 NB =         0.0000  1-4 EEL =         0.0000  VDWAALS    =     10536.2516
 EELEC  =    -61934.1641  EHBOND  =         0.0000  RESTRAINT  =         0.0000
 DV/DL  =         6.7365
 ------------------------------------------------------------------------------

  Softcore part of the system:       5 atoms,       TEMP(K)    =          81.67
 SC_Etot=         8.1644  SC_EKtot=         1.2172  SC_EPtot   =         6.9472
 SC_BOND=         0.2499  SC_ANGLE=         6.6973  SC_DIHED   =         0.0000
 SC_14NB=         0.0000  SC_14EEL=         0.0000  SC_VDW     =         0.0000
 SC_EEL =         0.0000
 SC_RES_DIST=     0.0000  SC_RES_ANG=       0.0000  SC_RES_TORS=         0.0000
 SC_EEL_DER=      0.0000  SC_VDW_DER=      -0.7791  SC_DERIV   =        -0.7791
 ------------------------------------------------------------------------------


| TI region  2


 NSTEP =    65000   TIME(PS) =      65.000  TEMP(K) =   102.73  PRESS =     0.0
 Etot   =    -42589.1751  EKtot   =      3493.7357  EPtot      =    -46082.9108
 BOND   =      5315.0017  ANGLE   =        -0.0000  DIHED      =         0.0000
 1-4 NB =         0.0000  1-4 EEL =         0.0000  VDWAALS    =     10536.2516
 EELEC  =    -61934.1641  EHBOND  =         0.0000  RESTRAINT  =         0.0000
 DV/DL  =         6.7365
 ------------------------------------------------------------------------------

 NMR restraints: Bond =    0.000   Angle =     0.000   Torsion =     0.000
===============================================================================

| TI region  1


 NSTEP =    70000   TIME(PS) =      70.000  TEMP(K) =   109.79  PRESS =     0.0
 Etot   =    -42080.9686  EKtot   =      3735.3176  EPtot      =    -45816.2862
 BOND   =      5399.4796  ANGLE   =        -0.0000  DIHED      =         0.0000
 1-4 NB =         0.0000  1-4 EEL =         0.0000  VDWAALS    =     10513.6118
 EELEC  =    -61729.3776  EHBOND  =         0.0000  RESTRAINT  =         0.0000
 DV/DL  =         7.3010
 ------------------------------------------------------------------------------

  Softcore part of the system:       5 atoms,       TEMP(K)    =          75.97
 SC_Etot=         9.2350  SC_EKtot=         1.1322  SC_EPtot   =         8.1028
 SC_BOND=         1.4080  SC_ANGLE=         6.6948  SC_DIHED   =         0.0000
 SC_14NB=         0.0000  SC_14EEL=         0.0000  SC_VDW     =         0.0000
 SC_EEL =         0.0000
 SC_RES_DIST=     0.0000  SC_RES_ANG=       0.0000  SC_RES_TORS=         0.0000
 SC_EEL_DER=      0.0000  SC_VDW_DER=      -1.0281  SC_DERIV   =        -1.0281
 ------------------------------------------------------------------------------


| TI region  2


 NSTEP =    70000   TIME(PS) =      70.000  TEMP(K) =   109.80  PRESS =     0.0
 Etot   =    -42082.1008  EKtot   =      3734.1854  EPtot      =    -45816.2862
 BOND   =      5399.4796  ANGLE   =        -0.0000  DIHED      =         0.0000
 1-4 NB =         0.0000  1-4 EEL =         0.0000  VDWAALS    =     10513.6118
 EELEC  =    -61729.3776  EHBOND  =         0.0000  RESTRAINT  =         0.0000
 DV/DL  =         7.3010
 ------------------------------------------------------------------------------

 NMR restraints: Bond =    0.000   Angle =     0.000   Torsion =     0.000
===============================================================================

| TI region  1


 NSTEP =    75000   TIME(PS) =      75.000  TEMP(K) =   118.11  PRESS =     0.0
 Etot   =    -41608.8984  EKtot   =      4018.3538  EPtot      =    -45627.2521
 BOND   =      5425.3618  ANGLE   =        -0.0000  DIHED      =         0.0000
 1-4 NB =         0.0000  1-4 EEL =         0.0000  VDWAALS    =     10412.4065
 EELEC  =    -61465.0205  EHBOND  =         0.0000  RESTRAINT  =         0.0000
 DV/DL  =         5.9980
 ------------------------------------------------------------------------------

  Softcore part of the system:       5 atoms,       TEMP(K)    =         183.45
 SC_Etot=         9.7421  SC_EKtot=         2.7341  SC_EPtot   =         7.0080
 SC_BOND=         0.4717  SC_ANGLE=         6.5363  SC_DIHED   =         0.0000
 SC_14NB=         0.0000  SC_14EEL=         0.0000  SC_VDW     =         0.0000
 SC_EEL =         0.0000
 SC_RES_DIST=     0.0000  SC_RES_ANG=       0.0000  SC_RES_TORS=         0.0000
 SC_EEL_DER=      0.0000  SC_VDW_DER=      -1.5869  SC_DERIV   =        -1.5869
 ------------------------------------------------------------------------------


| TI region  2


 NSTEP =    75000   TIME(PS) =      75.000  TEMP(K) =   118.08  PRESS =     0.0
 Etot   =    -41611.6325  EKtot   =      4015.6196  EPtot      =    -45627.2521
 BOND   =      5425.3618  ANGLE   =        -0.0000  DIHED      =         0.0000
 1-4 NB =         0.0000  1-4 EEL =         0.0000  VDWAALS    =     10412.4065
 EELEC  =    -61465.0205  EHBOND  =         0.0000  RESTRAINT  =         0.0000
 DV/DL  =         5.9980
 ------------------------------------------------------------------------------

 NMR restraints: Bond =    0.000   Angle =     0.000   Torsion =     0.000
===============================================================================

| TI region  1


 NSTEP =    80000   TIME(PS) =      80.000  TEMP(K) =   126.23  PRESS =     0.0
 Etot   =    -41032.1845  EKtot   =      4294.8022  EPtot      =    -45326.9868
 BOND   =      5467.8068  ANGLE   =        -0.0000  DIHED      =         0.0000
 1-4 NB =         0.0000  1-4 EEL =         0.0000  VDWAALS    =     10382.1840
 EELEC  =    -61176.9776  EHBOND  =         0.0000  RESTRAINT  =         0.0000
 DV/DL  =         7.5863
 ------------------------------------------------------------------------------

  Softcore part of the system:       5 atoms,       TEMP(K)    =          89.68
 SC_Etot=         9.1821  SC_EKtot=         1.3366  SC_EPtot   =         7.8455
 SC_BOND=         0.3294  SC_ANGLE=         7.5161  SC_DIHED   =         0.0000
 SC_14NB=         0.0000  SC_14EEL=         0.0000  SC_VDW     =         0.0000
 SC_EEL =         0.0000
 SC_RES_DIST=     0.0000  SC_RES_ANG=       0.0000  SC_RES_TORS=         0.0000
 SC_EEL_DER=      0.0000  SC_VDW_DER=      -0.0559  SC_DERIV   =        -0.0559
 ------------------------------------------------------------------------------


| TI region  2


 NSTEP =    80000   TIME(PS) =      80.000  TEMP(K) =   126.25  PRESS =     0.0
 Etot   =    -41033.5211  EKtot   =      4293.4657  EPtot      =    -45326.9868
 BOND   =      5467.8068  ANGLE   =        -0.0000  DIHED      =         0.0000
 1-4 NB =         0.0000  1-4 EEL =         0.0000  VDWAALS    =     10382.1840
 EELEC  =    -61176.9776  EHBOND  =         0.0000  RESTRAINT  =         0.0000
 DV/DL  =         7.5863
 ------------------------------------------------------------------------------

 NMR restraints: Bond =    0.000   Angle =     0.000   Torsion =     0.000
===============================================================================

| TI region  1


 NSTEP =    85000   TIME(PS) =      85.000  TEMP(K) =   134.18  PRESS =     0.0
 Etot   =    -40508.6405  EKtot   =      4565.1968  EPtot      =    -45073.8373
 BOND   =      5626.3077  ANGLE   =         0.0000  DIHED      =         0.0000
 1-4 NB =         0.0000  1-4 EEL =         0.0000  VDWAALS    =     10280.7912
 EELEC  =    -60980.9361  EHBOND  =         0.0000  RESTRAINT  =         0.0000
 DV/DL  =         7.4213
 ------------------------------------------------------------------------------

  Softcore part of the system:       5 atoms,       TEMP(K)    =         105.48
 SC_Etot=        10.1143  SC_EKtot=         1.5721  SC_EPtot   =         8.5422
 SC_BOND=         0.7817  SC_ANGLE=         7.7605  SC_DIHED   =         0.0000
 SC_14NB=         0.0000  SC_14EEL=         0.0000  SC_VDW     =         0.0000
 SC_EEL =         0.0000
 SC_RES_DIST=     0.0000  SC_RES_ANG=       0.0000  SC_RES_TORS=         0.0000
 SC_EEL_DER=      0.0000  SC_VDW_DER=       0.1169  SC_DERIV   =         0.1169
 ------------------------------------------------------------------------------


| TI region  2


 NSTEP =    85000   TIME(PS) =      85.000  TEMP(K) =   134.19  PRESS =     0.0
 Etot   =    -40510.2126  EKtot   =      4563.6247  EPtot      =    -45073.8373
 BOND   =      5626.3077  ANGLE   =         0.0000  DIHED      =         0.0000
 1-4 NB =         0.0000  1-4 EEL =         0.0000  VDWAALS    =     10280.7912
 EELEC  =    -60980.9361  EHBOND  =         0.0000  RESTRAINT  =         0.0000
 DV/DL  =         7.4213
 ------------------------------------------------------------------------------

 NMR restraints: Bond =    0.000   Angle =     0.000   Torsion =     0.000
===============================================================================

| TI region  1


 NSTEP =    90000   TIME(PS) =      90.000  TEMP(K) =   141.93  PRESS =     0.0
 Etot   =    -39997.8433  EKtot   =      4828.9785  EPtot      =    -44826.8218
 BOND   =      5681.7565  ANGLE   =        -0.0000  DIHED      =         0.0000
 1-4 NB =         0.0000  1-4 EEL =         0.0000  VDWAALS    =     10374.5158
 EELEC  =    -60883.0942  EHBOND  =         0.0000  RESTRAINT  =         0.0000
 DV/DL  =         7.4259
 ------------------------------------------------------------------------------

  Softcore part of the system:       5 atoms,       TEMP(K)    =         175.22
 SC_Etot=         9.5547  SC_EKtot=         2.6114  SC_EPtot   =         6.9432
 SC_BOND=         0.2410  SC_ANGLE=         6.7022  SC_DIHED   =         0.0000
 SC_14NB=         0.0000  SC_14EEL=         0.0000  SC_VDW     =         0.0000
 SC_EEL =         0.0000
 SC_RES_DIST=     0.0000  SC_RES_ANG=       0.0000  SC_RES_TORS=         0.0000
 SC_EEL_DER=      0.0000  SC_VDW_DER=      -0.8586  SC_DERIV   =        -0.8586
 ------------------------------------------------------------------------------


| TI region  2


 NSTEP =    90000   TIME(PS) =      90.000  TEMP(K) =   141.92  PRESS =     0.0
 Etot   =    -40000.4547  EKtot   =      4826.3671  EPtot      =    -44826.8218
 BOND   =      5681.7565  ANGLE   =        -0.0000  DIHED      =         0.0000
 1-4 NB =         0.0000  1-4 EEL =         0.0000  VDWAALS    =     10374.5158
 EELEC  =    -60883.0942  EHBOND  =         0.0000  RESTRAINT  =         0.0000
 DV/DL  =         7.4259
 ------------------------------------------------------------------------------

 NMR restraints: Bond =    0.000   Angle =     0.000   Torsion =     0.000
===============================================================================

| TI region  1


 NSTEP =    95000   TIME(PS) =      95.000  TEMP(K) =   149.20  PRESS =     0.0
 Etot   =    -39473.4599  EKtot   =      5076.2671  EPtot      =    -44549.7270
 BOND   =      5766.4370  ANGLE   =        -0.0000  DIHED      =         0.0000
 1-4 NB =         0.0000  1-4 EEL =         0.0000  VDWAALS    =     10241.2997
 EELEC  =    -60557.4638  EHBOND  =         0.0000  RESTRAINT  =         0.0000
 DV/DL  =         6.4610
 ------------------------------------------------------------------------------

  Softcore part of the system:       5 atoms,       TEMP(K)    =         173.32
 SC_Etot=         9.9878  SC_EKtot=         2.5832  SC_EPtot   =         7.4046
 SC_BOND=         0.6340  SC_ANGLE=         6.7706  SC_DIHED   =         0.0000
 SC_14NB=         0.0000  SC_14EEL=         0.0000  SC_VDW     =         0.0000
 SC_EEL =         0.0000
 SC_RES_DIST=     0.0000  SC_RES_ANG=       0.0000  SC_RES_TORS=         0.0000
 SC_EEL_DER=      0.0000  SC_VDW_DER=      -1.3648  SC_DERIV   =        -1.3648
 ------------------------------------------------------------------------------


| TI region  2


 NSTEP =    95000   TIME(PS) =      95.000  TEMP(K) =   149.19  PRESS =     0.0
 Etot   =    -39476.0431  EKtot   =      5073.6839  EPtot      =    -44549.7270
 BOND   =      5766.4370  ANGLE   =        -0.0000  DIHED      =         0.0000
 1-4 NB =         0.0000  1-4 EEL =         0.0000  VDWAALS    =     10241.2997
 EELEC  =    -60557.4638  EHBOND  =         0.0000  RESTRAINT  =         0.0000
 DV/DL  =         6.4610
 ------------------------------------------------------------------------------

 NMR restraints: Bond =    0.000   Angle =     0.000   Torsion =     0.000
===============================================================================

| TI region  1


 NSTEP =   100000   TIME(PS) =     100.000  TEMP(K) =   155.12  PRESS =     0.0
 Etot   =    -39020.8013  EKtot   =      5277.5039  EPtot      =    -44298.3052
 BOND   =      5907.0449  ANGLE   =        -0.0000  DIHED      =         0.0000
 1-4 NB =         0.0000  1-4 EEL =         0.0000  VDWAALS    =     10167.0382
 EELEC  =    -60372.3883  EHBOND  =         0.0000  RESTRAINT  =         0.0000
 DV/DL  =         8.4459
 ------------------------------------------------------------------------------

  Softcore part of the system:       5 atoms,       TEMP(K)    =         113.61
 SC_Etot=        11.6570  SC_EKtot=         1.6932  SC_EPtot   =         9.9638
 SC_BOND=         1.5988  SC_ANGLE=         8.3650  SC_DIHED   =         0.0000
 SC_14NB=         0.0000  SC_14EEL=         0.0000  SC_VDW     =         0.0000
 SC_EEL =         0.0000
 SC_RES_DIST=     0.0000  SC_RES_ANG=       0.0000  SC_RES_TORS=         0.0000
 SC_EEL_DER=      0.0000  SC_VDW_DER=       0.0122  SC_DERIV   =         0.0122
 ------------------------------------------------------------------------------


| TI region  2


 NSTEP =   100000   TIME(PS) =     100.000  TEMP(K) =   155.14  PRESS =     0.0
 Etot   =    -39022.4946  EKtot   =      5275.8107  EPtot      =    -44298.3052
 BOND   =      5907.0449  ANGLE   =        -0.0000  DIHED      =         0.0000
 1-4 NB =         0.0000  1-4 EEL =         0.0000  VDWAALS    =     10167.0382
 EELEC  =    -60372.3883  EHBOND  =         0.0000  RESTRAINT  =         0.0000
 DV/DL  =         8.4459
 ------------------------------------------------------------------------------

 NMR restraints: Bond =    0.000   Angle =     0.000   Torsion =     0.000
===============================================================================

| TI region  1


 NSTEP =   105000   TIME(PS) =     105.000  TEMP(K) =   164.12  PRESS =     0.0
 Etot   =    -38435.6205  EKtot   =      5583.8950  EPtot      =    -44019.5155
 BOND   =      5964.3407  ANGLE   =        -0.0000  DIHED      =         0.0000
 1-4 NB =         0.0000  1-4 EEL =         0.0000  VDWAALS    =      9920.9257
 EELEC  =    -59904.7820  EHBOND  =         0.0000  RESTRAINT  =         0.0000
 DV/DL  =         8.8113
 ------------------------------------------------------------------------------

  Softcore part of the system:       5 atoms,       TEMP(K)    =         164.43
 SC_Etot=         9.5389  SC_EKtot=         2.4506  SC_EPtot   =         7.0883
 SC_BOND=         0.6831  SC_ANGLE=         6.4052  SC_DIHED   =         0.0000
 SC_14NB=         0.0000  SC_14EEL=         0.0000  SC_VDW     =         0.0000
 SC_EEL =         0.0000
 SC_RES_DIST=     0.0000  SC_RES_ANG=       0.0000  SC_RES_TORS=         0.0000
 SC_EEL_DER=      0.0000  SC_VDW_DER=      -0.5544  SC_DERIV   =        -0.5544
 ------------------------------------------------------------------------------


| TI region  2


 NSTEP =   105000   TIME(PS) =     105.000  TEMP(K) =   164.12  PRESS =     0.0
 Etot   =    -38438.0711  EKtot   =      5581.4444  EPtot      =    -44019.5155
 BOND   =      5964.3407  ANGLE   =        -0.0000  DIHED      =         0.0000
 1-4 NB =         0.0000  1-4 EEL =         0.0000  VDWAALS    =      9920.9257
 EELEC  =    -59904.7820  EHBOND  =         0.0000  RESTRAINT  =         0.0000
 DV/DL  =         8.8113
 ------------------------------------------------------------------------------

 NMR restraints: Bond =    0.000   Angle =     0.000   Torsion =     0.000
===============================================================================

| TI region  1


 NSTEP =   110000   TIME(PS) =     110.000  TEMP(K) =   173.09  PRESS =     0.0
 Etot   =    -37799.5771  EKtot   =      5889.0669  EPtot      =    -43688.6440
 BOND   =      6064.2617  ANGLE   =         0.0000  DIHED      =         0.0000
 1-4 NB =         0.0000  1-4 EEL =         0.0000  VDWAALS    =      9995.7847
 EELEC  =    -59748.6905  EHBOND  =         0.0000  RESTRAINT  =         0.0000
 DV/DL  =         6.5207
 ------------------------------------------------------------------------------

  Softcore part of the system:       5 atoms,       TEMP(K)    =         151.60
 SC_Etot=        11.4292  SC_EKtot=         2.2595  SC_EPtot   =         9.1697
 SC_BOND=         1.9735  SC_ANGLE=         7.1962  SC_DIHED   =         0.0000
 SC_14NB=         0.0000  SC_14EEL=         0.0000  SC_VDW     =         0.0000
 SC_EEL =         0.0000
 SC_RES_DIST=     0.0000  SC_RES_ANG=       0.0000  SC_RES_TORS=         0.0000
 SC_EEL_DER=      0.0000  SC_VDW_DER=      -1.1743  SC_DERIV   =        -1.1743
 ------------------------------------------------------------------------------


| TI region  2


 NSTEP =   110000   TIME(PS) =     110.000  TEMP(K) =   173.10  PRESS =     0.0
 Etot   =    -37801.8366  EKtot   =      5886.8074  EPtot      =    -43688.6440
 BOND   =      6064.2617  ANGLE   =         0.0000  DIHED      =         0.0000
 1-4 NB =         0.0000  1-4 EEL =         0.0000  VDWAALS    =      9995.7847
 EELEC  =    -59748.6905  EHBOND  =         0.0000  RESTRAINT  =         0.0000
 DV/DL  =         6.5207
 ------------------------------------------------------------------------------

 NMR restraints: Bond =    0.000   Angle =     0.000   Torsion =     0.000
===============================================================================

| TI region  1


 NSTEP =   115000   TIME(PS) =     115.000  TEMP(K) =   180.20  PRESS =     0.0
 Etot   =    -37113.1935  EKtot   =      6130.8750  EPtot      =    -43244.0685
 BOND   =      6231.0752  ANGLE   =         0.0000  DIHED      =         0.0000
 1-4 NB =         0.0000  1-4 EEL =         0.0000  VDWAALS    =      9892.1298
 EELEC  =    -59367.2735  EHBOND  =         0.0000  RESTRAINT  =         0.0000
 DV/DL  =         8.1533
 ------------------------------------------------------------------------------

  Softcore part of the system:       5 atoms,       TEMP(K)    =         109.61
 SC_Etot=         8.5301  SC_EKtot=         1.6336  SC_EPtot   =         6.8966
 SC_BOND=         0.1842  SC_ANGLE=         6.7123  SC_DIHED   =         0.0000
 SC_14NB=         0.0000  SC_14EEL=         0.0000  SC_VDW     =         0.0000
 SC_EEL =         0.0000
 SC_RES_DIST=     0.0000  SC_RES_ANG=       0.0000  SC_RES_TORS=         0.0000
 SC_EEL_DER=      0.0000  SC_VDW_DER=      -0.9235  SC_DERIV   =        -0.9235
 ------------------------------------------------------------------------------


| TI region  2


 NSTEP =   115000   TIME(PS) =     115.000  TEMP(K) =   180.23  PRESS =     0.0
 Etot   =    -37114.8270  EKtot   =      6129.2414  EPtot      =    -43244.0685
 BOND   =      6231.0752  ANGLE   =         0.0000  DIHED      =         0.0000
 1-4 NB =         0.0000  1-4 EEL =         0.0000  VDWAALS    =      9892.1298
 EELEC  =    -59367.2735  EHBOND  =         0.0000  RESTRAINT  =         0.0000
 DV/DL  =         8.1533
 ------------------------------------------------------------------------------

 NMR restraints: Bond =    0.000   Angle =     0.000   Torsion =     0.000
===============================================================================

| TI region  1


 NSTEP =   120000   TIME(PS) =     120.000  TEMP(K) =   185.45  PRESS =     0.0
 Etot   =    -36632.9808  EKtot   =      6309.6445  EPtot      =    -42942.6253
 BOND   =      6146.8581  ANGLE   =         0.0000  DIHED      =         0.0000
 1-4 NB =         0.0000  1-4 EEL =         0.0000  VDWAALS    =      9857.0809
 EELEC  =    -58946.5643  EHBOND  =         0.0000  RESTRAINT  =         0.0000
 DV/DL  =         7.9265
 ------------------------------------------------------------------------------

  Softcore part of the system:       5 atoms,       TEMP(K)    =         108.07
 SC_Etot=         9.1458  SC_EKtot=         1.6107  SC_EPtot   =         7.5351
 SC_BOND=         0.5902  SC_ANGLE=         6.9449  SC_DIHED   =         0.0000
 SC_14NB=         0.0000  SC_14EEL=         0.0000  SC_VDW     =         0.0000
 SC_EEL =         0.0000
 SC_RES_DIST=     0.0000  SC_RES_ANG=       0.0000  SC_RES_TORS=         0.0000
 SC_EEL_DER=      0.0000  SC_VDW_DER=      -0.4108  SC_DERIV   =        -0.4108
 ------------------------------------------------------------------------------


| TI region  2


 NSTEP =   120000   TIME(PS) =     120.000  TEMP(K) =   185.49  PRESS =     0.0
 Etot   =    -36634.5915  EKtot   =      6308.0338  EPtot      =    -42942.6253
 BOND   =      6146.8581  ANGLE   =         0.0000  DIHED      =         0.0000
 1-4 NB =         0.0000  1-4 EEL =         0.0000  VDWAALS    =      9857.0809
 EELEC  =    -58946.5643  EHBOND  =         0.0000  RESTRAINT  =         0.0000
 DV/DL  =         7.9265
 ------------------------------------------------------------------------------

 NMR restraints: Bond =    0.000   Angle =     0.000   Torsion =     0.000
===============================================================================

| TI region  1


 NSTEP =   125000   TIME(PS) =     125.000  TEMP(K) =   196.72  PRESS =     0.0
 Etot   =    -36011.9407  EKtot   =      6692.9492  EPtot      =    -42704.8899
 BOND   =      6312.7338  ANGLE   =        -0.0000  DIHED      =         0.0000
 1-4 NB =         0.0000  1-4 EEL =         0.0000  VDWAALS    =      9701.7109
 EELEC  =    -58719.3346  EHBOND  =         0.0000  RESTRAINT  =         0.0000
 DV/DL  =         7.1041
 ------------------------------------------------------------------------------

  Softcore part of the system:       5 atoms,       TEMP(K)    =         164.43
 SC_Etot=         9.8331  SC_EKtot=         2.4507  SC_EPtot   =         7.3824
 SC_BOND=         0.8113  SC_ANGLE=         6.5710  SC_DIHED   =         0.0000
 SC_14NB=         0.0000  SC_14EEL=         0.0000  SC_VDW     =         0.0000
 SC_EEL =         0.0000
 SC_RES_DIST=     0.0000  SC_RES_ANG=       0.0000  SC_RES_TORS=         0.0000
 SC_EEL_DER=      0.0000  SC_VDW_DER=       0.0764  SC_DERIV   =         0.0764
 ------------------------------------------------------------------------------


| TI region  2


 NSTEP =   125000   TIME(PS) =     125.000  TEMP(K) =   196.73  PRESS =     0.0
 Etot   =    -36014.3914  EKtot   =      6690.4985  EPtot      =    -42704.8899
 BOND   =      6312.7338  ANGLE   =        -0.0000  DIHED      =         0.0000
 1-4 NB =         0.0000  1-4 EEL =         0.0000  VDWAALS    =      9701.7109
 EELEC  =    -58719.3346  EHBOND  =         0.0000  RESTRAINT  =         0.0000
 DV/DL  =         7.1041
 ------------------------------------------------------------------------------

 NMR restraints: Bond =    0.000   Angle =     0.000   Torsion =     0.000
===============================================================================

| TI region  1


 NSTEP =   130000   TIME(PS) =     130.000  TEMP(K) =   204.38  PRESS =     0.0
 Etot   =    -35413.6529  EKtot   =      6953.6865  EPtot      =    -42367.3395
 BOND   =      6345.2240  ANGLE   =        -0.0000  DIHED      =         0.0000
 1-4 NB =         0.0000  1-4 EEL =         0.0000  VDWAALS    =      9649.1493
 EELEC  =    -58361.7127  EHBOND  =         0.0000  RESTRAINT  =         0.0000
 DV/DL  =         6.6972
 ------------------------------------------------------------------------------

  Softcore part of the system:       5 atoms,       TEMP(K)    =         144.88
 SC_Etot=        11.3293  SC_EKtot=         2.1592  SC_EPtot   =         9.1700
 SC_BOND=         1.5338  SC_ANGLE=         7.6362  SC_DIHED   =         0.0000
 SC_14NB=         0.0000  SC_14EEL=         0.0000  SC_VDW     =         0.0000
 SC_EEL =         0.0000
 SC_RES_DIST=     0.0000  SC_RES_ANG=       0.0000  SC_RES_TORS=         0.0000
 SC_EEL_DER=      0.0000  SC_VDW_DER=      -1.1059  SC_DERIV   =        -1.1059
 ------------------------------------------------------------------------------


| TI region  2


 NSTEP =   130000   TIME(PS) =     130.000  TEMP(K) =   204.41  PRESS =     0.0
 Etot   =    -35415.8122  EKtot   =      6951.5273  EPtot      =    -42367.3395
 BOND   =      6345.2240  ANGLE   =        -0.0000  DIHED      =         0.0000
 1-4 NB =         0.0000  1-4 EEL =         0.0000  VDWAALS    =      9649.1493
 EELEC  =    -58361.7127  EHBOND  =         0.0000  RESTRAINT  =         0.0000
 DV/DL  =         6.6972
 ------------------------------------------------------------------------------

 NMR restraints: Bond =    0.000   Angle =     0.000   Torsion =     0.000
===============================================================================

| TI region  1


 NSTEP =   135000   TIME(PS) =     135.000  TEMP(K) =   211.06  PRESS =     0.0
 Etot   =    -34760.4672  EKtot   =      7180.6758  EPtot      =    -41941.1429
 BOND   =      6515.9563  ANGLE   =        -0.0000  DIHED      =         0.0000
 1-4 NB =         0.0000  1-4 EEL =         0.0000  VDWAALS    =      9485.9458
 EELEC  =    -57943.0451  EHBOND  =         0.0000  RESTRAINT  =         0.0000
 DV/DL  =         8.1229
 ------------------------------------------------------------------------------

  Softcore part of the system:       5 atoms,       TEMP(K)    =         210.86
 SC_Etot=        12.3261  SC_EKtot=         3.1426  SC_EPtot   =         9.1835
 SC_BOND=         0.0310  SC_ANGLE=         9.1525  SC_DIHED   =         0.0000
 SC_14NB=         0.0000  SC_14EEL=         0.0000  SC_VDW     =         0.0000
 SC_EEL =         0.0000
 SC_RES_DIST=     0.0000  SC_RES_ANG=       0.0000  SC_RES_TORS=         0.0000
 SC_EEL_DER=      0.0000  SC_VDW_DER=      -0.1869  SC_DERIV   =        -0.1869
 ------------------------------------------------------------------------------


| TI region  2


 NSTEP =   135000   TIME(PS) =     135.000  TEMP(K) =   211.06  PRESS =     0.0
 Etot   =    -34763.6098  EKtot   =      7177.5332  EPtot      =    -41941.1429
 BOND   =      6515.9563  ANGLE   =        -0.0000  DIHED      =         0.0000
 1-4 NB =         0.0000  1-4 EEL =         0.0000  VDWAALS    =      9485.9458
 EELEC  =    -57943.0451  EHBOND  =         0.0000  RESTRAINT  =         0.0000
 DV/DL  =         8.1229
 ------------------------------------------------------------------------------

 NMR restraints: Bond =    0.000   Angle =     0.000   Torsion =     0.000
===============================================================================

| TI region  1


 NSTEP =   140000   TIME(PS) =     140.000  TEMP(K) =   219.27  PRESS =     0.0
 Etot   =    -34126.0031  EKtot   =      7460.1675  EPtot      =    -41586.1705
 BOND   =      6433.8495  ANGLE   =         0.0000  DIHED      =         0.0000
 1-4 NB =         0.0000  1-4 EEL =         0.0000  VDWAALS    =      9268.5126
 EELEC  =    -57288.5327  EHBOND  =         0.0000  RESTRAINT  =         0.0000
 DV/DL  =         7.8197
 ------------------------------------------------------------------------------

  Softcore part of the system:       5 atoms,       TEMP(K)    =         212.21
 SC_Etot=        10.2275  SC_EKtot=         3.1627  SC_EPtot   =         7.0648
 SC_BOND=         0.2583  SC_ANGLE=         6.8065  SC_DIHED   =         0.0000
 SC_14NB=         0.0000  SC_14EEL=         0.0000  SC_VDW     =         0.0000
 SC_EEL =         0.0000
 SC_RES_DIST=     0.0000  SC_RES_ANG=       0.0000  SC_RES_TORS=         0.0000
 SC_EEL_DER=      0.0000  SC_VDW_DER=      -0.4732  SC_DERIV   =        -0.4732
 ------------------------------------------------------------------------------


| TI region  2


 NSTEP =   140000   TIME(PS) =     140.000  TEMP(K) =   219.27  PRESS =     0.0
 Etot   =    -34129.1658  EKtot   =      7457.0048  EPtot      =    -41586.1705
 BOND   =      6433.8495  ANGLE   =         0.0000  DIHED      =         0.0000
 1-4 NB =         0.0000  1-4 EEL =         0.0000  VDWAALS    =      9268.5126
 EELEC  =    -57288.5327  EHBOND  =         0.0000  RESTRAINT  =         0.0000
 DV/DL  =         7.8197
 ------------------------------------------------------------------------------

 NMR restraints: Bond =    0.000   Angle =     0.000   Torsion =     0.000
===============================================================================

| TI region  1


 NSTEP =   145000   TIME(PS) =     145.000  TEMP(K) =   230.60  PRESS =     0.0
 Etot   =    -33253.2049  EKtot   =      7845.6289  EPtot      =    -41098.8338
 BOND   =      6648.6664  ANGLE   =        -0.0000  DIHED      =         0.0000
 1-4 NB =         0.0000  1-4 EEL =         0.0000  VDWAALS    =      9032.3388
 EELEC  =    -56779.8390  EHBOND  =         0.0000  RESTRAINT  =         0.0000
 DV/DL  =         7.4306
 ------------------------------------------------------------------------------

  Softcore part of the system:       5 atoms,       TEMP(K)    =         213.64
 SC_Etot=        11.1372  SC_EKtot=         3.1841  SC_EPtot   =         7.9531
 SC_BOND=         0.2872  SC_ANGLE=         7.6659  SC_DIHED   =         0.0000
 SC_14NB=         0.0000  SC_14EEL=         0.0000  SC_VDW     =         0.0000
 SC_EEL =         0.0000
 SC_RES_DIST=     0.0000  SC_RES_ANG=       0.0000  SC_RES_TORS=         0.0000
 SC_EEL_DER=      0.0000  SC_VDW_DER=      -0.5372  SC_DERIV   =        -0.5372
 ------------------------------------------------------------------------------


| TI region  2


 NSTEP =   145000   TIME(PS) =     145.000  TEMP(K) =   230.61  PRESS =     0.0
 Etot   =    -33256.3890  EKtot   =      7842.4448  EPtot      =    -41098.8338
 BOND   =      6648.6664  ANGLE   =        -0.0000  DIHED      =         0.0000
 1-4 NB =         0.0000  1-4 EEL =         0.0000  VDWAALS    =      9032.3388
 EELEC  =    -56779.8390  EHBOND  =         0.0000  RESTRAINT  =         0.0000
 DV/DL  =         7.4306
 ------------------------------------------------------------------------------

 NMR restraints: Bond =    0.000   Angle =     0.000   Torsion =     0.000
===============================================================================

| TI region  1


 NSTEP =   150000   TIME(PS) =     150.000  TEMP(K) =   234.30  PRESS =     0.0
 Etot   =    -32696.7530  EKtot   =      7971.4551  EPtot      =    -40668.2081
 BOND   =      6738.3204  ANGLE   =         0.0000  DIHED      =         0.0000
 1-4 NB =         0.0000  1-4 EEL =         0.0000  VDWAALS    =      9102.4630
 EELEC  =    -56508.9915  EHBOND  =         0.0000  RESTRAINT  =         0.0000
 DV/DL  =         0.9585
 ------------------------------------------------------------------------------

  Softcore part of the system:       5 atoms,       TEMP(K)    =         224.69
 SC_Etot=        12.3057  SC_EKtot=         3.3488  SC_EPtot   =         8.9569
 SC_BOND=         0.9143  SC_ANGLE=         8.0426  SC_DIHED   =         0.0000
 SC_14NB=         0.0000  SC_14EEL=         0.0000  SC_VDW     =         0.0000
 SC_EEL =         0.0000
 SC_RES_DIST=     0.0000  SC_RES_ANG=       0.0000  SC_RES_TORS=         0.0000
 SC_EEL_DER=      0.0000  SC_VDW_DER=      -6.3355  SC_DERIV   =        -6.3355
 ------------------------------------------------------------------------------


| TI region  2


 NSTEP =   150000   TIME(PS) =     150.000  TEMP(K) =   234.30  PRESS =     0.0
 Etot   =    -32700.1018  EKtot   =      7968.1063  EPtot      =    -40668.2081
 BOND   =      6738.3204  ANGLE   =         0.0000  DIHED      =         0.0000
 1-4 NB =         0.0000  1-4 EEL =         0.0000  VDWAALS    =      9102.4630
 EELEC  =    -56508.9915  EHBOND  =         0.0000  RESTRAINT  =         0.0000
 DV/DL  =         0.9585
 ------------------------------------------------------------------------------

 NMR restraints: Bond =    0.000   Angle =     0.000   Torsion =     0.000
===============================================================================

| TI region  1


 NSTEP =   155000   TIME(PS) =     155.000  TEMP(K) =   242.46  PRESS =     0.0
 Etot   =    -31662.2666  EKtot   =      8249.0166  EPtot      =    -39911.2832
 BOND   =      6768.0891  ANGLE   =        -0.0000  DIHED      =         0.0000
 1-4 NB =         0.0000  1-4 EEL =         0.0000  VDWAALS    =      8890.4648
 EELEC  =    -55569.8371  EHBOND  =         0.0000  RESTRAINT  =         0.0000
 DV/DL  =         5.7391
 ------------------------------------------------------------------------------

  Softcore part of the system:       5 atoms,       TEMP(K)    =         240.79
 SC_Etot=        11.1783  SC_EKtot=         3.5887  SC_EPtot   =         7.5897
 SC_BOND=         0.9773  SC_ANGLE=         6.6123  SC_DIHED   =         0.0000
 SC_14NB=         0.0000  SC_14EEL=         0.0000  SC_VDW     =         0.0000
 SC_EEL =         0.0000
 SC_RES_DIST=     0.0000  SC_RES_ANG=       0.0000  SC_RES_TORS=         0.0000
 SC_EEL_DER=      0.0000  SC_VDW_DER=      -2.8006  SC_DERIV   =        -2.8006
 ------------------------------------------------------------------------------


| TI region  2


 NSTEP =   155000   TIME(PS) =     155.000  TEMP(K) =   242.46  PRESS =     0.0
 Etot   =    -31665.8553  EKtot   =      8245.4279  EPtot      =    -39911.2832
 BOND   =      6768.0891  ANGLE   =        -0.0000  DIHED      =         0.0000
 1-4 NB =         0.0000  1-4 EEL =         0.0000  VDWAALS    =      8890.4648
 EELEC  =    -55569.8371  EHBOND  =         0.0000  RESTRAINT  =         0.0000
 DV/DL  =         5.7391
 ------------------------------------------------------------------------------

 NMR restraints: Bond =    0.000   Angle =     0.000   Torsion =     0.000
===============================================================================

| TI region  1


 NSTEP =   160000   TIME(PS) =     160.000  TEMP(K) =   254.37  PRESS =     0.0
 Etot   =    -30795.7455  EKtot   =      8654.3350  EPtot      =    -39450.0805
 BOND   =      6751.3623  ANGLE   =        -0.0000  DIHED      =         0.0000
 1-4 NB =         0.0000  1-4 EEL =         0.0000  VDWAALS    =      8541.5123
 EELEC  =    -54742.9551  EHBOND  =         0.0000  RESTRAINT  =         0.0000
 DV/DL  =         9.7808
 ------------------------------------------------------------------------------

  Softcore part of the system:       5 atoms,       TEMP(K)    =         295.14
 SC_Etot=        15.1655  SC_EKtot=         4.3987  SC_EPtot   =        10.7667
 SC_BOND=         1.5950  SC_ANGLE=         9.1718  SC_DIHED   =         0.0000
 SC_14NB=         0.0000  SC_14EEL=         0.0000  SC_VDW     =         0.0000
 SC_EEL =         0.0000
 SC_RES_DIST=     0.0000  SC_RES_ANG=       0.0000  SC_RES_TORS=         0.0000
 SC_EEL_DER=      0.0000  SC_VDW_DER=      -0.5116  SC_DERIV   =        -0.5116
 ------------------------------------------------------------------------------


| TI region  2


 NSTEP =   160000   TIME(PS) =     160.000  TEMP(K) =   254.35  PRESS =     0.0
 Etot   =    -30800.1443  EKtot   =      8649.9362  EPtot      =    -39450.0805
 BOND   =      6751.3623  ANGLE   =        -0.0000  DIHED      =         0.0000
 1-4 NB =         0.0000  1-4 EEL =         0.0000  VDWAALS    =      8541.5123
 EELEC  =    -54742.9551  EHBOND  =         0.0000  RESTRAINT  =         0.0000
 DV/DL  =         9.7808
 ------------------------------------------------------------------------------

 NMR restraints: Bond =    0.000   Angle =     0.000   Torsion =     0.000
===============================================================================

| TI region  1


 NSTEP =   165000   TIME(PS) =     165.000  TEMP(K) =   258.36  PRESS =     0.0
 Etot   =    -30129.3627  EKtot   =      8790.2061  EPtot      =    -38919.5688
 BOND   =      6774.2040  ANGLE   =         0.0000  DIHED      =         0.0000
 1-4 NB =         0.0000  1-4 EEL =         0.0000  VDWAALS    =      8547.8860
 EELEC  =    -54241.6587  EHBOND  =         0.0000  RESTRAINT  =         0.0000
 DV/DL  =        10.1029
 ------------------------------------------------------------------------------

  Softcore part of the system:       5 atoms,       TEMP(K)    =         180.94
 SC_Etot=        11.2185  SC_EKtot=         2.6968  SC_EPtot   =         8.5217
 SC_BOND=         0.6444  SC_ANGLE=         7.8773  SC_DIHED   =         0.0000
 SC_14NB=         0.0000  SC_14EEL=         0.0000  SC_VDW     =         0.0000
 SC_EEL =         0.0000
 SC_RES_DIST=     0.0000  SC_RES_ANG=       0.0000  SC_RES_TORS=         0.0000
 SC_EEL_DER=      0.0000  SC_VDW_DER=       0.2853  SC_DERIV   =         0.2853
 ------------------------------------------------------------------------------


| TI region  2


 NSTEP =   165000   TIME(PS) =     165.000  TEMP(K) =   258.40  PRESS =     0.0
 Etot   =    -30132.0595  EKtot   =      8787.5093  EPtot      =    -38919.5688
 BOND   =      6774.2040  ANGLE   =         0.0000  DIHED      =         0.0000
 1-4 NB =         0.0000  1-4 EEL =         0.0000  VDWAALS    =      8547.8860
 EELEC  =    -54241.6587  EHBOND  =         0.0000  RESTRAINT  =         0.0000
 DV/DL  =        10.1029
 ------------------------------------------------------------------------------

 NMR restraints: Bond =    0.000   Angle =     0.000   Torsion =     0.000
===============================================================================

| TI region  1


 NSTEP =   170000   TIME(PS) =     170.000  TEMP(K) =   266.55  PRESS =     0.0
 Etot   =    -29321.1416  EKtot   =      9068.5869  EPtot      =    -38389.7285
 BOND   =      6794.6408  ANGLE   =         0.0000  DIHED      =         0.0000
 1-4 NB =         0.0000  1-4 EEL =         0.0000  VDWAALS    =      8309.3841
 EELEC  =    -53493.7534  EHBOND  =         0.0000  RESTRAINT  =         0.0000
 DV/DL  =         9.3401
 ------------------------------------------------------------------------------

  Softcore part of the system:       5 atoms,       TEMP(K)    =         160.55
 SC_Etot=        10.8153  SC_EKtot=         2.3928  SC_EPtot   =         8.4225
 SC_BOND=         1.3599  SC_ANGLE=         7.0626  SC_DIHED   =         0.0000
 SC_14NB=         0.0000  SC_14EEL=         0.0000  SC_VDW     =         0.0000
 SC_EEL =         0.0000
 SC_RES_DIST=     0.0000  SC_RES_ANG=       0.0000  SC_RES_TORS=         0.0000
 SC_EEL_DER=      0.0000  SC_VDW_DER=      -0.4324  SC_DERIV   =        -0.4324
 ------------------------------------------------------------------------------


| TI region  2


 NSTEP =   170000   TIME(PS) =     170.000  TEMP(K) =   266.59  PRESS =     0.0
 Etot   =    -29323.5344  EKtot   =      9066.1941  EPtot      =    -38389.7285
 BOND   =      6794.6408  ANGLE   =         0.0000  DIHED      =         0.0000
 1-4 NB =         0.0000  1-4 EEL =         0.0000  VDWAALS    =      8309.3841
 EELEC  =    -53493.7534  EHBOND  =         0.0000  RESTRAINT  =         0.0000
 DV/DL  =         9.3401
 ------------------------------------------------------------------------------

 NMR restraints: Bond =    0.000   Angle =     0.000   Torsion =     0.000
===============================================================================

| TI region  1


 NSTEP =   175000   TIME(PS) =     175.000  TEMP(K) =   274.71  PRESS =     0.0
 Etot   =    -28404.1515  EKtot   =      9346.5439  EPtot      =    -37750.6955
 BOND   =      6946.3279  ANGLE   =        -0.0000  DIHED      =         0.0000
 1-4 NB =         0.0000  1-4 EEL =         0.0000  VDWAALS    =      7987.1639
 EELEC  =    -52684.1873  EHBOND  =         0.0000  RESTRAINT  =         0.0000
 DV/DL  =        -1.0831
 ------------------------------------------------------------------------------

  Softcore part of the system:       5 atoms,       TEMP(K)    =         230.21
 SC_Etot=        11.7530  SC_EKtot=         3.4310  SC_EPtot   =         8.3219
 SC_BOND=         1.2714  SC_ANGLE=         7.0505  SC_DIHED   =         0.0000
 SC_14NB=         0.0000  SC_14EEL=         0.0000  SC_VDW     =         0.0000
 SC_EEL =         0.0000
 SC_RES_DIST=     0.0000  SC_RES_ANG=       0.0000  SC_RES_TORS=         0.0000
 SC_EEL_DER=      0.0000  SC_VDW_DER=      -8.5056  SC_DERIV   =        -8.5056
 ------------------------------------------------------------------------------


| TI region  2


 NSTEP =   175000   TIME(PS) =     175.000  TEMP(K) =   274.73  PRESS =     0.0
 Etot   =    -28407.5826  EKtot   =      9343.1129  EPtot      =    -37750.6955
 BOND   =      6946.3279  ANGLE   =        -0.0000  DIHED      =         0.0000
 1-4 NB =         0.0000  1-4 EEL =         0.0000  VDWAALS    =      7987.1639
 EELEC  =    -52684.1873  EHBOND  =         0.0000  RESTRAINT  =         0.0000
 DV/DL  =        -1.0831
 ------------------------------------------------------------------------------

 NMR restraints: Bond =    0.000   Angle =     0.000   Torsion =     0.000
===============================================================================

| TI region  1


 NSTEP =   180000   TIME(PS) =     180.000  TEMP(K) =   285.04  PRESS =     0.0
 Etot   =    -27528.0099  EKtot   =      9697.8320  EPtot      =    -37225.8419
 BOND   =      6926.4330  ANGLE   =         0.0000  DIHED      =         0.0000
 1-4 NB =         0.0000  1-4 EEL =         0.0000  VDWAALS    =      7845.4917
 EELEC  =    -51997.7666  EHBOND  =         0.0000  RESTRAINT  =         0.0000
 DV/DL  =         8.7381
 ------------------------------------------------------------------------------

  Softcore part of the system:       5 atoms,       TEMP(K)    =         160.70
 SC_Etot=        10.2669  SC_EKtot=         2.3950  SC_EPtot   =         7.8719
 SC_BOND=         1.1254  SC_ANGLE=         6.7465  SC_DIHED   =         0.0000
 SC_14NB=         0.0000  SC_14EEL=         0.0000  SC_VDW     =         0.0000
 SC_EEL =         0.0000
 SC_RES_DIST=     0.0000  SC_RES_ANG=       0.0000  SC_RES_TORS=         0.0000
 SC_EEL_DER=      0.0000  SC_VDW_DER=      -0.6872  SC_DERIV   =        -0.6872
 ------------------------------------------------------------------------------


| TI region  2


 NSTEP =   180000   TIME(PS) =     180.000  TEMP(K) =   285.09  PRESS =     0.0
 Etot   =    -27530.4049  EKtot   =      9695.4370  EPtot      =    -37225.8419
 BOND   =      6926.4330  ANGLE   =         0.0000  DIHED      =         0.0000
 1-4 NB =         0.0000  1-4 EEL =         0.0000  VDWAALS    =      7845.4917
 EELEC  =    -51997.7666  EHBOND  =         0.0000  RESTRAINT  =         0.0000
 DV/DL  =         8.7381
 ------------------------------------------------------------------------------

 NMR restraints: Bond =    0.000   Angle =     0.000   Torsion =     0.000
===============================================================================

| TI region  1


 NSTEP =   185000   TIME(PS) =     185.000  TEMP(K) =   288.74  PRESS =     0.0
 Etot   =    -26635.6014  EKtot   =      9823.6426  EPtot      =    -36459.2440
 BOND   =      7235.1822  ANGLE   =         0.0000  DIHED      =         0.0000
 1-4 NB =         0.0000  1-4 EEL =         0.0000  VDWAALS    =      7744.2799
 EELEC  =    -51438.7061  EHBOND  =         0.0000  RESTRAINT  =         0.0000
 DV/DL  =         8.8973
 ------------------------------------------------------------------------------

  Softcore part of the system:       5 atoms,       TEMP(K)    =         186.07
 SC_Etot=        12.8226  SC_EKtot=         2.7731  SC_EPtot   =        10.0495
 SC_BOND=         0.4883  SC_ANGLE=         9.5612  SC_DIHED   =         0.0000
 SC_14NB=         0.0000  SC_14EEL=         0.0000  SC_VDW     =         0.0000
 SC_EEL =         0.0000
 SC_RES_DIST=     0.0000  SC_RES_ANG=       0.0000  SC_RES_TORS=         0.0000
 SC_EEL_DER=      0.0000  SC_VDW_DER=      -0.9420  SC_DERIV   =        -0.9420
 ------------------------------------------------------------------------------


| TI region  2


 NSTEP =   185000   TIME(PS) =     185.000  TEMP(K) =   288.78  PRESS =     0.0
 Etot   =    -26638.3745  EKtot   =      9820.8695  EPtot      =    -36459.2440
 BOND   =      7235.1822  ANGLE   =         0.0000  DIHED      =         0.0000
 1-4 NB =         0.0000  1-4 EEL =         0.0000  VDWAALS    =      7744.2799
 EELEC  =    -51438.7061  EHBOND  =         0.0000  RESTRAINT  =         0.0000
 DV/DL  =         8.8973
 ------------------------------------------------------------------------------

 NMR restraints: Bond =    0.000   Angle =     0.000   Torsion =     0.000
===============================================================================

| TI region  1


 NSTEP =   190000   TIME(PS) =     190.000  TEMP(K) =   299.67  PRESS =     0.0
 Etot   =    -25897.2964  EKtot   =     10195.6328  EPtot      =    -36092.9292
 BOND   =      7182.8598  ANGLE   =         0.0000  DIHED      =         0.0000
 1-4 NB =         0.0000  1-4 EEL =         0.0000  VDWAALS    =      7668.6858
 EELEC  =    -50944.4748  EHBOND  =         0.0000  RESTRAINT  =         0.0000
 DV/DL  =         7.9000
 ------------------------------------------------------------------------------

  Softcore part of the system:       5 atoms,       TEMP(K)    =         347.85
 SC_Etot=        13.9208  SC_EKtot=         5.1843  SC_EPtot   =         8.7365
 SC_BOND=         1.3204  SC_ANGLE=         7.4161  SC_DIHED   =         0.0000
 SC_14NB=         0.0000  SC_14EEL=         0.0000  SC_VDW     =         0.0000
 SC_EEL =         0.0000
 SC_RES_DIST=     0.0000  SC_RES_ANG=       0.0000  SC_RES_TORS=         0.0000
 SC_EEL_DER=      0.0000  SC_VDW_DER=      -0.6536  SC_DERIV   =        -0.6536
 ------------------------------------------------------------------------------


| TI region  2


 NSTEP =   190000   TIME(PS) =     190.000  TEMP(K) =   299.65  PRESS =     0.0
 Etot   =    -25902.4807  EKtot   =     10190.4485  EPtot      =    -36092.9292
 BOND   =      7182.8598  ANGLE   =         0.0000  DIHED      =         0.0000
 1-4 NB =         0.0000  1-4 EEL =         0.0000  VDWAALS    =      7668.6858
 EELEC  =    -50944.4748  EHBOND  =         0.0000  RESTRAINT  =         0.0000
 DV/DL  =         7.9000
 ------------------------------------------------------------------------------

 NMR restraints: Bond =    0.000   Angle =     0.000   Torsion =     0.000
===============================================================================

| TI region  1


 NSTEP =   195000   TIME(PS) =     195.000  TEMP(K) =   298.94  PRESS =     0.0
 Etot   =    -25862.6165  EKtot   =     10170.5986  EPtot      =    -36033.2152
 BOND   =      7117.7215  ANGLE   =         0.0000  DIHED      =         0.0000
 1-4 NB =         0.0000  1-4 EEL =         0.0000  VDWAALS    =      7681.5216
 EELEC  =    -50832.4582  EHBOND  =         0.0000  RESTRAINT  =         0.0000
 DV/DL  =         5.6330
 ------------------------------------------------------------------------------

  Softcore part of the system:       5 atoms,       TEMP(K)    =         178.56
 SC_Etot=         9.9398  SC_EKtot=         2.6612  SC_EPtot   =         7.2786
 SC_BOND=         0.7168  SC_ANGLE=         6.5618  SC_DIHED   =         0.0000
 SC_14NB=         0.0000  SC_14EEL=         0.0000  SC_VDW     =         0.0000
 SC_EEL =         0.0000
 SC_RES_DIST=     0.0000  SC_RES_ANG=       0.0000  SC_RES_TORS=         0.0000
 SC_EEL_DER=      0.0000  SC_VDW_DER=      -3.4170  SC_DERIV   =        -3.4170
 ------------------------------------------------------------------------------


| TI region  2


 NSTEP =   195000   TIME(PS) =     195.000  TEMP(K) =   298.99  PRESS =     0.0
 Etot   =    -25865.2778  EKtot   =     10167.9374  EPtot      =    -36033.2152
 BOND   =      7117.7215  ANGLE   =         0.0000  DIHED      =         0.0000
 1-4 NB =         0.0000  1-4 EEL =         0.0000  VDWAALS    =      7681.5216
 EELEC  =    -50832.4582  EHBOND  =         0.0000  RESTRAINT  =         0.0000
 DV/DL  =         5.6330
 ------------------------------------------------------------------------------

 NMR restraints: Bond =    0.000   Angle =     0.000   Torsion =     0.000
===============================================================================

| TI region  1


 NSTEP =   200000   TIME(PS) =     200.000  TEMP(K) =   299.49  PRESS =     0.0
 Etot   =    -25732.4904  EKtot   =     10189.4531  EPtot      =    -35921.9435
 BOND   =      6964.2078  ANGLE   =        -0.0000  DIHED      =         0.0000
 1-4 NB =         0.0000  1-4 EEL =         0.0000  VDWAALS    =      7359.6892
 EELEC  =    -50245.8405  EHBOND  =         0.0000  RESTRAINT  =         0.0000
 DV/DL  =         7.1416
 ------------------------------------------------------------------------------

  Softcore part of the system:       5 atoms,       TEMP(K)    =         158.37
 SC_Etot=        10.3338  SC_EKtot=         2.3604  SC_EPtot   =         7.9734
 SC_BOND=         0.6636  SC_ANGLE=         7.3099  SC_DIHED   =         0.0000
 SC_14NB=         0.0000  SC_14EEL=         0.0000  SC_VDW     =         0.0000
 SC_EEL =         0.0000
 SC_RES_DIST=     0.0000  SC_RES_ANG=       0.0000  SC_RES_TORS=         0.0000
 SC_EEL_DER=      0.0000  SC_VDW_DER=      -1.5539  SC_DERIV   =        -1.5539
 ------------------------------------------------------------------------------


| TI region  2


 NSTEP =   200000   TIME(PS) =     200.000  TEMP(K) =   299.55  PRESS =     0.0
 Etot   =    -25734.8508  EKtot   =     10187.0927  EPtot      =    -35921.9435
 BOND   =      6964.2078  ANGLE   =        -0.0000  DIHED      =         0.0000
 1-4 NB =         0.0000  1-4 EEL =         0.0000  VDWAALS    =      7359.6892
 EELEC  =    -50245.8405  EHBOND  =         0.0000  RESTRAINT  =         0.0000
 DV/DL  =         7.1416
 ------------------------------------------------------------------------------

 NMR restraints: Bond =    0.000   Angle =     0.000   Torsion =     0.000
===============================================================================

| TI region  1


      A V E R A G E S   O V E R      40 S T E P S


 NSTEP =   200000   TIME(PS) =     200.000  TEMP(K) =   160.33  PRESS =     0.0
 Etot   =    -37820.3854  EKtot   =      5454.7389  EPtot      =    -43275.1243
 BOND   =      5816.5052  ANGLE   =        -0.0000  DIHED      =         0.0000
 1-4 NB =         0.0000  1-4 EEL =         0.0000  VDWAALS    =      9680.8013
 EELEC  =    -58772.4308  EHBOND  =         0.0000  RESTRAINT  =         0.0000
 DV/DL  =         7.5640
 ------------------------------------------------------------------------------

 NMR restraints: Bond =    0.000   Angle =     0.000   Torsion =     0.000
===============================================================================
  Softcore part of the system:       5 atoms,       TEMP(K)    =         136.15
 SC_Etot=         9.7475  SC_EKtot=         2.0291  SC_EPtot   =         7.7184
 SC_BOND=         0.6237  SC_ANGLE=         7.0947  SC_DIHED   =         0.0000
 SC_14NB=         0.0000  SC_14EEL=         0.0000  SC_VDW     =         0.0000
 SC_EEL =         0.0000
 SC_RES_DIST=     0.0000  SC_RES_ANG=       0.0000  SC_RES_TORS=         0.0000
 SC_EEL_DER=      0.0000  SC_VDW_DER=      -1.0446  SC_DERIV   =        -1.0446
 ------------------------------------------------------------------------------


      R M S  F L U C T U A T I O N S


 NSTEP =   200000   TIME(PS) =     200.000  TEMP(K) =    89.94  PRESS =     0.0
 Etot   =      6905.1563  EKtot   =      3059.8413  EPtot      =      3880.8763
 BOND   =       952.7887  ANGLE   =         0.0000  DIHED      =         0.0000
 1-4 NB =         0.0000  1-4 EEL =         0.0000  VDWAALS    =      1059.8655
 EELEC  =      4043.9880  EHBOND  =         0.0000  RESTRAINT  =         0.0000
 DV/DL  =         2.0613
 ------------------------------------------------------------------------------

  Softcore part of the system:       5 atoms,       TEMP(K)    =          78.71
 SC_Etot=         2.0426  SC_EKtot=         1.1731  SC_EPtot   =         1.1045
 SC_BOND=         0.5272  SC_ANGLE=         0.8102  SC_DIHED   =         0.0000
 SC_14NB=         0.0000  SC_14EEL=         0.0000  SC_VDW     =         0.0000
 SC_EEL =         0.0000
 SC_RES_DIST=     0.0000  SC_RES_ANG=       0.0000  SC_RES_TORS=         0.0000
 SC_EEL_DER=      0.0000  SC_VDW_DER=       1.6443  SC_DERIV   =         1.6443
 ------------------------------------------------------------------------------


| TI region  2


      A V E R A G E S   O V E R      40 S T E P S


 NSTEP =   200000   TIME(PS) =     200.000  TEMP(K) =   160.34  PRESS =     0.0
 Etot   =    -37822.4145  EKtot   =      5452.7098  EPtot      =    -43275.1243
 BOND   =      5816.5052  ANGLE   =        -0.0000  DIHED      =         0.0000
 1-4 NB =         0.0000  1-4 EEL =         0.0000  VDWAALS    =      9680.8013
 EELEC  =    -58772.4308  EHBOND  =         0.0000  RESTRAINT  =         0.0000
 DV/DL  =         7.5640
 ------------------------------------------------------------------------------

 NMR restraints: Bond =    0.000   Angle =     0.000   Torsion =     0.000
===============================================================================

      R M S  F L U C T U A T I O N S


 NSTEP =   200000   TIME(PS) =     200.000  TEMP(K) =    89.95  PRESS =     0.0
 Etot   =      6904.1982  EKtot   =      3058.8552  EPtot      =      3880.8763
 BOND   =       952.7887  ANGLE   =         0.0000  DIHED      =         0.0000
 1-4 NB =         0.0000  1-4 EEL =         0.0000  VDWAALS    =      1059.8655
 EELEC  =      4043.9880  EHBOND  =         0.0000  RESTRAINT  =         0.0000
 DV/DL  =         2.0613
 ------------------------------------------------------------------------------


      DV/DL, AVERAGES OVER      40 STEPS


 NSTEP =   200000   TIME(PS) =     200.000  TEMP(K) =    89.95  PRESS =     0.0
 Etot   =         0.0000  EKtot   =         0.0000  EPtot      =         7.5640
 BOND   =         0.0000  ANGLE   =         0.0000  DIHED      =         0.0000
 1-4 NB =         0.0000  1-4 EEL =         0.0000  VDWAALS    =         8.6086
 EELEC  =         0.0000  EHBOND  =         0.0000  RESTRAINT  =         0.0000
 DV/DL  =         7.5640
 ------------------------------------------------------------------------------


 NMR restraints on final step:

--------------------------------------------------------------------------------
   5.  TIMINGS
--------------------------------------------------------------------------------

|  NonSetup CPU Time in Major Routines:
|
|     Routine           Sec        %
|     ------------------------------
|     Nonbond          81.72   29.59
|     Bond              0.00    0.00
|     Angle             0.00    0.00
|     Dihedral          0.00    0.00
|     Shake             0.00    0.00
|     RunMD           193.83   70.17
|     Other             0.68    0.25
|     ------------------------------
|     Total           276.23

|  PME Nonbond Pairlist CPU Time:
|
|     Routine              Sec        %
|     ---------------------------------
|     Set Up Cit           0.00    0.00
|     Build List           0.00    0.00
|     ---------------------------------
|     Total                0.00    0.00

|  PME Direct Force CPU Time:
|
|     Routine              Sec        %
|     ---------------------------------
|     NonBonded Calc       0.00    0.00
|     Exclude Masked       0.00    0.00
|     Other                0.47    0.17
|     ---------------------------------
|     Total                0.47    0.17

|  PME Reciprocal Force CPU Time:
|
|     Routine              Sec        %
|     ---------------------------------
|     1D bspline           0.00    0.00
|     Grid Charges         0.00    0.00
|     Scalar Sum           0.00    0.00
|     Gradient Sum         0.00    0.00
|     FFT                  0.00    0.00
|     ---------------------------------
|     Total                0.00    0.00

|  Final Performance Info:
|     -----------------------------------------------------
|     Average timings for last   20000 steps:
|     Elapsed(s) =      28.36 Per Step(ms) =       1.42
|         ns/day =      60.93   seconds/ns =    1418.02
|
|     Average timings for all steps:
|     Elapsed(s) =     276.29 Per Step(ms) =       1.38
|         ns/day =      62.54   seconds/ns =    1381.44
|     -----------------------------------------------------

|  Setup CPU time:            0.42 seconds
|  NonSetup CPU time:       276.23 seconds
|  Total CPU time:          276.65 seconds     0.08 hours

|  Setup wall time:           1    seconds
|  NonSetup wall time:      276    seconds
|  Total wall time:         277    seconds     0.08 hours
